-- Found ament_cmake: 1.3.12 (/opt/ros/humble/share/ament_cmake/cmake)
-- Configuring done
-- Generating done
-- Build files have been written to: /scara_ws/build/scara_hardware_interface
-- Install configuration: ""
-- Installing: /scara_ws/install/scara_hardware_interface/share/ament_index/resource_index/package_run_dependencies/scara_hardware_interface
-- Installing: /scara_ws/install/scara_hardware_interface/share/ament_index/resource_index/parent_prefix_path/scara_hardware_interface
-- Installing: /scara_ws/install/scara_hardware_interface/share/scara_hardware_interface/environment/ament_prefix_path.sh
-- Installing: /scara_ws/install/scara_hardware_interface/share/scara_hardware_interface/environment/ament_prefix_path.dsv
-- Installing: /scara_ws/install/scara_hardware_interface/share/scara_hardware_interface/environment/path.sh
-- Installing: /scara_ws/install/scara_hardware_interface/share/scara_hardware_interface/environment/path.dsv
-- Installing: /scara_ws/install/scara_hardware_interface/share/scara_hardware_interface/local_setup.bash
-- Installing: /scara_ws/install/scara_hardware_interface/share/scara_hardware_interface/local_setup.sh
-- Installing: /scara_ws/install/scara_hardware_interface/share/scara_hardware_interface/local_setup.zsh
-- Installing: /scara_ws/install/scara_hardware_interface/share/scara_hardware_interface/local_setup.dsv
-- Installing: /scara_ws/install/scara_hardware_interface/share/scara_hardware_interface/package.dsv
-- Installing: /scara_ws/install/scara_hardware_interface/share/ament_index/resource_index/packages/scara_hardware_interface
-- Installing: /scara_ws/install/scara_hardware_interface/share/scara_hardware_interface/cmake/scara_hardware_interfaceConfig.cmake
-- Installing: /scara_ws/install/scara_hardware_interface/share/scara_hardware_interface/cmake/scara_hardware_interfaceConfig-version.cmake
-- Installing: /scara_ws/install/scara_hardware_interface/share/scara_hardware_interface/package.xml
