[0.039s] Invoking command in '/scara_ws/build/scara_hardware_interface': CMAKE_PREFIX_PATH=/opt/ros/humble /usr/bin/cmake /scara_ws/src/scara_hardware_interface -DCMAKE_INSTALL_PREFIX=/scara_ws/install/scara_hardware_interface
[0.462s] -- Found ament_cmake: 1.3.12 (/opt/ros/humble/share/ament_cmake/cmake)
[0.462s] -- Configuring done
[0.462s] -- Generating done
[0.462s] -- Build files have been written to: /scara_ws/build/scara_hardware_interface
[0.474s] Invoked command in '/scara_ws/build/scara_hardware_interface' returned '0': CMAKE_PREFIX_PATH=/opt/ros/humble /usr/bin/cmake /scara_ws/src/scara_hardware_interface -DCMAKE_INSTALL_PREFIX=/scara_ws/install/scara_hardware_interface
[0.475s] Invoking command in '/scara_ws/build/scara_hardware_interface': CMAKE_PREFIX_PATH=/opt/ros/humble /usr/bin/cmake --build /scara_ws/build/scara_hardware_interface -- -j12 -l12
[0.528s] Invoked command in '/scara_ws/build/scara_hardware_interface' returned '0': CMAKE_PREFIX_PATH=/opt/ros/humble /usr/bin/cmake --build /scara_ws/build/scara_hardware_interface -- -j12 -l12
[0.530s] Invoking command in '/scara_ws/build/scara_hardware_interface': CMAKE_PREFIX_PATH=/opt/ros/humble /usr/bin/cmake --install /scara_ws/build/scara_hardware_interface
[0.540s] -- Install configuration: ""
[0.540s] -- Installing: /scara_ws/install/scara_hardware_interface/share/ament_index/resource_index/package_run_dependencies/scara_hardware_interface
[0.540s] -- Installing: /scara_ws/install/scara_hardware_interface/share/ament_index/resource_index/parent_prefix_path/scara_hardware_interface
[0.540s] -- Installing: /scara_ws/install/scara_hardware_interface/share/scara_hardware_interface/environment/ament_prefix_path.sh
[0.541s] -- Installing: /scara_ws/install/scara_hardware_interface/share/scara_hardware_interface/environment/ament_prefix_path.dsv
[0.541s] -- Installing: /scara_ws/install/scara_hardware_interface/share/scara_hardware_interface/environment/path.sh
[0.541s] -- Installing: /scara_ws/install/scara_hardware_interface/share/scara_hardware_interface/environment/path.dsv
[0.541s] -- Installing: /scara_ws/install/scara_hardware_interface/share/scara_hardware_interface/local_setup.bash
[0.541s] -- Installing: /scara_ws/install/scara_hardware_interface/share/scara_hardware_interface/local_setup.sh
[0.541s] -- Installing: /scara_ws/install/scara_hardware_interface/share/scara_hardware_interface/local_setup.zsh
[0.541s] -- Installing: /scara_ws/install/scara_hardware_interface/share/scara_hardware_interface/local_setup.dsv
[0.542s] -- Installing: /scara_ws/install/scara_hardware_interface/share/scara_hardware_interface/package.dsv
[0.542s] -- Installing: /scara_ws/install/scara_hardware_interface/share/ament_index/resource_index/packages/scara_hardware_interface
[0.542s] -- Installing: /scara_ws/install/scara_hardware_interface/share/scara_hardware_interface/cmake/scara_hardware_interfaceConfig.cmake
[0.543s] -- Installing: /scara_ws/install/scara_hardware_interface/share/scara_hardware_interface/cmake/scara_hardware_interfaceConfig-version.cmake
[0.543s] -- Installing: /scara_ws/install/scara_hardware_interface/share/scara_hardware_interface/package.xml
[0.567s] Invoked command in '/scara_ws/build/scara_hardware_interface' returned '0': CMAKE_PREFIX_PATH=/opt/ros/humble /usr/bin/cmake --install /scara_ws/build/scara_hardware_interface
