[0.011s] Invoking command in '/home/eia/repo/rbi_2025_2/rov_ws/build/rov_sim': CMAKE_PREFIX_PATH=${CMAKE_PREFIX_PATH}:/opt/ros/humble /usr/bin/cmake --build /home/eia/repo/rbi_2025_2/rov_ws/build/rov_sim -- -j12 -l12
[0.030s] -- Found ament_cmake: 1.3.11 (/opt/ros/humble/share/ament_cmake/cmake)
[0.143s] -- Found rclcpp: 16.0.12 (/opt/ros/humble/share/rclcpp/cmake)
[0.170s] -- Found rosidl_generator_c: 3.1.6 (/opt/ros/humble/share/rosidl_generator_c/cmake)
[0.172s] -- Found rosidl_adapter: 3.1.6 (/opt/ros/humble/share/rosidl_adapter/cmake)
[0.177s] -- Found rosidl_generator_cpp: 3.1.6 (/opt/ros/humble/share/rosidl_generator_cpp/cmake)
[0.186s] -- Using all available rosidl_typesupport_c: rosidl_typesupport_fastrtps_c;rosidl_typesupport_introspection_c
[0.198s] -- Using all available rosidl_typesupport_cpp: rosidl_typesupport_fastrtps_cpp;rosidl_typesupport_introspection_cpp
[0.229s] -- Found rmw_implementation_cmake: 6.1.2 (/opt/ros/humble/share/rmw_implementation_cmake/cmake)
[0.231s] -- Found rmw_fastrtps_cpp: 6.2.7 (/opt/ros/humble/share/rmw_fastrtps_cpp/cmake)
[0.373s] -- Using RMW implementation 'rmw_fastrtps_cpp' as default
[0.423s] -- Found geometry_msgs: 4.9.0 (/opt/ros/humble/share/geometry_msgs/cmake)
[0.518s] -- Configuring done
[0.526s] -- Generating done
[0.530s] -- Build files have been written to: /home/eia/repo/rbi_2025_2/rov_ws/build/rov_sim
[0.552s] [35m[1mConsolidate compiler generated dependencies of target rov_mujoco_sim[0m
[0.566s] [100%] Built target rov_mujoco_sim
[0.575s] Invoked command in '/home/eia/repo/rbi_2025_2/rov_ws/build/rov_sim' returned '0': CMAKE_PREFIX_PATH=${CMAKE_PREFIX_PATH}:/opt/ros/humble /usr/bin/cmake --build /home/eia/repo/rbi_2025_2/rov_ws/build/rov_sim -- -j12 -l12
[0.583s] Invoking command in '/home/eia/repo/rbi_2025_2/rov_ws/build/rov_sim': CMAKE_PREFIX_PATH=${CMAKE_PREFIX_PATH}:/opt/ros/humble /usr/bin/cmake --install /home/eia/repo/rbi_2025_2/rov_ws/build/rov_sim
[0.588s] -- Install configuration: ""
[0.589s] -- Installing: /home/eia/repo/rbi_2025_2/rov_ws/install/rov_sim/lib/rov_sim/rov_mujoco_sim
[0.591s] -- Set runtime path of "/home/eia/repo/rbi_2025_2/rov_ws/install/rov_sim/lib/rov_sim/rov_mujoco_sim" to "/home/eia/repo/rbi_2025_2/rov_ws/src/rov_sim/../../mujoco/lib"
[0.591s] -- Up-to-date: /home/eia/repo/rbi_2025_2/rov_ws/install/rov_sim/share/ament_index/resource_index/package_run_dependencies/rov_sim
[0.591s] -- Up-to-date: /home/eia/repo/rbi_2025_2/rov_ws/install/rov_sim/share/ament_index/resource_index/parent_prefix_path/rov_sim
[0.591s] -- Up-to-date: /home/eia/repo/rbi_2025_2/rov_ws/install/rov_sim/share/rov_sim/environment/ament_prefix_path.sh
[0.591s] -- Installing: /home/eia/repo/rbi_2025_2/rov_ws/install/rov_sim/share/rov_sim/environment/ament_prefix_path.dsv
[0.591s] -- Up-to-date: /home/eia/repo/rbi_2025_2/rov_ws/install/rov_sim/share/rov_sim/environment/path.sh
[0.591s] -- Installing: /home/eia/repo/rbi_2025_2/rov_ws/install/rov_sim/share/rov_sim/environment/path.dsv
[0.591s] -- Up-to-date: /home/eia/repo/rbi_2025_2/rov_ws/install/rov_sim/share/rov_sim/local_setup.bash
[0.591s] -- Up-to-date: /home/eia/repo/rbi_2025_2/rov_ws/install/rov_sim/share/rov_sim/local_setup.sh
[0.592s] -- Up-to-date: /home/eia/repo/rbi_2025_2/rov_ws/install/rov_sim/share/rov_sim/local_setup.zsh
[0.592s] -- Installing: /home/eia/repo/rbi_2025_2/rov_ws/install/rov_sim/share/rov_sim/local_setup.dsv
[0.592s] -- Installing: /home/eia/repo/rbi_2025_2/rov_ws/install/rov_sim/share/rov_sim/package.dsv
[0.592s] -- Up-to-date: /home/eia/repo/rbi_2025_2/rov_ws/install/rov_sim/share/ament_index/resource_index/packages/rov_sim
[0.592s] -- Up-to-date: /home/eia/repo/rbi_2025_2/rov_ws/install/rov_sim/share/rov_sim/cmake/rov_simConfig.cmake
[0.592s] -- Up-to-date: /home/eia/repo/rbi_2025_2/rov_ws/install/rov_sim/share/rov_sim/cmake/rov_simConfig-version.cmake
[0.592s] -- Up-to-date: /home/eia/repo/rbi_2025_2/rov_ws/install/rov_sim/share/rov_sim/package.xml
[0.593s] Invoked command in '/home/eia/repo/rbi_2025_2/rov_ws/build/rov_sim' returned '0': CMAKE_PREFIX_PATH=${CMAKE_PREFIX_PATH}:/opt/ros/humble /usr/bin/cmake --install /home/eia/repo/rbi_2025_2/rov_ws/build/rov_sim
