running develop
running egg_info
creating rbi_ABB_simulation.egg-info
writing rbi_ABB_simulation.egg-info/PKG-INFO
writing dependency_links to rbi_ABB_simulation.egg-info/dependency_links.txt
writing entry points to rbi_ABB_simulation.egg-info/entry_points.txt
writing requirements to rbi_ABB_simulation.egg-info/requires.txt
writing top-level names to rbi_ABB_simulation.egg-info/top_level.txt
writing manifest file 'rbi_ABB_simulation.egg-info/SOURCES.txt'
reading manifest file 'rbi_ABB_simulation.egg-info/SOURCES.txt'
writing manifest file 'rbi_ABB_simulation.egg-info/SOURCES.txt'
running build_ext
Creating /home/eia/repo/rbi_2025_2/abb/abb_ws/install/rbi_ABB_simulation/lib/python3.10/site-packages/rbi-ABB-simulation.egg-link (link to .)
Installing abb_sim_mujoco script to /home/eia/repo/rbi_2025_2/abb/abb_ws/install/rbi_ABB_simulation/lib/rbi_ABB_simulation

Installed /home/eia/repo/rbi_2025_2/abb/abb_ws/build/rbi_ABB_simulation
running symlink_data
creating /home/eia/repo/rbi_2025_2/abb/abb_ws/install/rbi_ABB_simulation/share/ament_index
creating /home/eia/repo/rbi_2025_2/abb/abb_ws/install/rbi_ABB_simulation/share/ament_index/resource_index
creating /home/eia/repo/rbi_2025_2/abb/abb_ws/install/rbi_ABB_simulation/share/ament_index/resource_index/packages
symbolically linking /home/eia/repo/rbi_2025_2/abb/abb_ws/build/rbi_ABB_simulation/resource/rbi_ABB_simulation -> /home/eia/repo/rbi_2025_2/abb/abb_ws/install/rbi_ABB_simulation/share/ament_index/resource_index/packages
symbolically linking /home/eia/repo/rbi_2025_2/abb/abb_ws/build/rbi_ABB_simulation/package.xml -> /home/eia/repo/rbi_2025_2/abb/abb_ws/install/rbi_ABB_simulation/share/rbi_ABB_simulation
creating /home/eia/repo/rbi_2025_2/abb/abb_ws/install/rbi_ABB_simulation/share/rbi_ABB_simulation/launch
creating /home/eia/repo/rbi_2025_2/abb/abb_ws/install/rbi_ABB_simulation/share/rbi_ABB_simulation/descriptions
symbolically linking /home/eia/repo/rbi_2025_2/abb/abb_ws/build/rbi_ABB_simulation/descriptions/irb140.xacro -> /home/eia/repo/rbi_2025_2/abb/abb_ws/install/rbi_ABB_simulation/share/rbi_ABB_simulation/descriptions
symbolically linking /home/eia/repo/rbi_2025_2/abb/abb_ws/build/rbi_ABB_simulation/descriptions/basic_scenario.xml -> /home/eia/repo/rbi_2025_2/abb/abb_ws/install/rbi_ABB_simulation/share/rbi_ABB_simulation/descriptions
creating /home/eia/repo/rbi_2025_2/abb/abb_ws/install/rbi_ABB_simulation/share/rbi_ABB_simulation/config
