[0.424s] Invoking command in '/rov_ws/build/rov_controllers': CMAKE_PREFIX_PATH=${CMAKE_PREFIX_PATH}:/rov_ws/install/rov_position_controller:/rov_ws/install/rov_path_generator:/rov_ws/install/rov_path_follower:/rov_ws/install/rov_attitude_controller:/opt/ros/humble /usr/bin/cmake /rov_ws/src/rov_controllers -DCMAKE_INSTALL_PREFIX=/rov_ws/install/rov_controllers
[1.272s] -- Found ament_cmake: 1.3.12 (/opt/ros/humble/share/ament_cmake/cmake)
[1.272s] -- Override CMake install command with custom implementation using symlinks instead of copying resources
[1.273s] -- Found rclcpp: 16.0.14 (/opt/ros/humble/share/rclcpp/cmake)
[1.273s] -- Found rosidl_generator_c: 3.1.7 (/opt/ros/humble/share/rosidl_generator_c/cmake)
[1.274s] -- Found rosidl_adapter: 3.1.7 (/opt/ros/humble/share/rosidl_adapter/cmake)
[1.274s] -- Found rosidl_generator_cpp: 3.1.7 (/opt/ros/humble/share/rosidl_generator_cpp/cmake)
[1.275s] -- Using all available rosidl_typesupport_c: rosidl_typesupport_fastrtps_c;rosidl_typesupport_introspection_c
[1.275s] -- Using all available rosidl_typesupport_cpp: rosidl_typesupport_fastrtps_cpp;rosidl_typesupport_introspection_cpp
[1.275s] -- Found rmw_implementation_cmake: 6.1.2 (/opt/ros/humble/share/rmw_implementation_cmake/cmake)
[1.275s] -- Found rmw_fastrtps_cpp: 6.2.8 (/opt/ros/humble/share/rmw_fastrtps_cpp/cmake)
[1.275s] -- Using RMW implementation 'rmw_fastrtps_cpp' as default
[1.275s] -- Found rclcpp_lifecycle: 16.0.14 (/opt/ros/humble/share/rclcpp_lifecycle/cmake)
[1.275s] -- Found pluginlib: 5.1.0 (/opt/ros/humble/share/pluginlib/cmake)
[1.275s] -- Found geometry_msgs: 4.9.0 (/opt/ros/humble/share/geometry_msgs/cmake)
[1.276s] -- Found controller_interface: 2.51.0 (/opt/ros/humble/share/controller_interface/cmake)
[1.276s] -- Found tf2_ros: 0.25.16 (/opt/ros/humble/share/tf2_ros/cmake)
[1.366s] -- Configuring done
[1.405s] -- Generating done
[1.413s] -- Build files have been written to: /rov_ws/build/rov_controllers
[1.642s] Invoked command in '/rov_ws/build/rov_controllers' returned '0': CMAKE_PREFIX_PATH=${CMAKE_PREFIX_PATH}:/rov_ws/install/rov_position_controller:/rov_ws/install/rov_path_generator:/rov_ws/install/rov_path_follower:/rov_ws/install/rov_attitude_controller:/opt/ros/humble /usr/bin/cmake /rov_ws/src/rov_controllers -DCMAKE_INSTALL_PREFIX=/rov_ws/install/rov_controllers
[1.643s] Invoking command in '/rov_ws/build/rov_controllers': CMAKE_PREFIX_PATH=${CMAKE_PREFIX_PATH}:/rov_ws/install/rov_position_controller:/rov_ws/install/rov_path_generator:/rov_ws/install/rov_path_follower:/rov_ws/install/rov_attitude_controller:/opt/ros/humble /usr/bin/cmake --build /rov_ws/build/rov_controllers -- -j12 -l12
[1.703s] [35m[1mConsolidate compiler generated dependencies of target rov_controllers[0m
[1.738s] [100%] Built target rov_controllers
[1.793s] Invoked command in '/rov_ws/build/rov_controllers' returned '0': CMAKE_PREFIX_PATH=${CMAKE_PREFIX_PATH}:/rov_ws/install/rov_position_controller:/rov_ws/install/rov_path_generator:/rov_ws/install/rov_path_follower:/rov_ws/install/rov_attitude_controller:/opt/ros/humble /usr/bin/cmake --build /rov_ws/build/rov_controllers -- -j12 -l12
[1.795s] Invoking command in '/rov_ws/build/rov_controllers': CMAKE_PREFIX_PATH=${CMAKE_PREFIX_PATH}:/rov_ws/install/rov_position_controller:/rov_ws/install/rov_path_generator:/rov_ws/install/rov_path_follower:/rov_ws/install/rov_attitude_controller:/opt/ros/humble /usr/bin/cmake --install /rov_ws/build/rov_controllers
[1.806s] -- Install configuration: ""
[1.806s] -- Execute custom install script
[1.806s] -- Up-to-date symlink: /rov_ws/install/rov_controllers/share/rov_controllers//rov_controller.xml
[1.807s] -- Up-to-date symlink: /rov_ws/install/rov_controllers/lib/librov_controllers.so
[1.807s] -- Up-to-date symlink: /rov_ws/install/rov_controllers/include/include/rov_controllers/rov_forward_controller.hpp
[1.808s] -- Up-to-date symlink: /rov_ws/install/rov_controllers/share/rov_controllers/environment/library_path.sh
[1.808s] -- Up-to-date symlink: /rov_ws/install/rov_controllers/share/rov_controllers/environment/library_path.dsv
[1.808s] -- Up-to-date symlink: /rov_ws/install/rov_controllers/share/ament_index/resource_index/package_run_dependencies/rov_controllers
[1.809s] -- Up-to-date symlink: /rov_ws/install/rov_controllers/share/ament_index/resource_index/parent_prefix_path/rov_controllers
[1.809s] -- Up-to-date symlink: /rov_ws/install/rov_controllers/share/rov_controllers/environment/ament_prefix_path.sh
[1.809s] -- Up-to-date symlink: /rov_ws/install/rov_controllers/share/rov_controllers/environment/ament_prefix_path.dsv
[1.809s] -- Up-to-date symlink: /rov_ws/install/rov_controllers/share/rov_controllers/environment/path.sh
[1.810s] -- Up-to-date symlink: /rov_ws/install/rov_controllers/share/rov_controllers/environment/path.dsv
[1.810s] -- Up-to-date symlink: /rov_ws/install/rov_controllers/share/rov_controllers/local_setup.bash
[1.810s] -- Up-to-date symlink: /rov_ws/install/rov_controllers/share/rov_controllers/local_setup.sh
[1.810s] -- Up-to-date symlink: /rov_ws/install/rov_controllers/share/rov_controllers/local_setup.zsh
[1.811s] -- Up-to-date symlink: /rov_ws/install/rov_controllers/share/rov_controllers/local_setup.dsv
[1.811s] -- Symlinking: /rov_ws/install/rov_controllers/share/rov_controllers/package.dsv
[1.826s] -- Up-to-date symlink: /rov_ws/install/rov_controllers/share/ament_index/resource_index/packages/rov_controllers
[1.827s] -- Up-to-date symlink: /rov_ws/install/rov_controllers/share/ament_index/resource_index/controller_interface__pluginlib__plugin/rov_controllers
[1.827s] -- Up-to-date symlink: /rov_ws/install/rov_controllers/share/rov_controllers/cmake/ament_cmake_export_libraries-extras.cmake
[1.827s] -- Up-to-date symlink: /rov_ws/install/rov_controllers/share/rov_controllers/cmake/ament_cmake_export_dependencies-extras.cmake
[1.827s] -- Up-to-date symlink: /rov_ws/install/rov_controllers/share/rov_controllers/cmake/rov_controllersConfig.cmake
[1.828s] -- Up-to-date symlink: /rov_ws/install/rov_controllers/share/rov_controllers/cmake/rov_controllersConfig-version.cmake
[1.828s] -- Up-to-date symlink: /rov_ws/install/rov_controllers/share/rov_controllers/package.xml
[1.831s] Invoked command in '/rov_ws/build/rov_controllers' returned '0': CMAKE_PREFIX_PATH=${CMAKE_PREFIX_PATH}:/rov_ws/install/rov_position_controller:/rov_ws/install/rov_path_generator:/rov_ws/install/rov_path_follower:/rov_ws/install/rov_attitude_controller:/opt/ros/humble /usr/bin/cmake --install /rov_ws/build/rov_controllers
