[0.015s] Invoking command in '/home/eia/repo/rbi_2025_2/rov/rov_ws/build/rov_description': CMAKE_PREFIX_PATH=${CMAKE_PREFIX_PATH}:/opt/ros/humble /usr/bin/cmake /home/eia/repo/rbi_2025_2/rov/rov_ws/src/rov_description -DCMAKE_INSTALL_PREFIX=/home/eia/repo/rbi_2025_2/rov/rov_ws/install/rov_description
[0.066s] -- The C compiler identification is GNU 11.4.0
[0.121s] -- The CXX compiler identification is GNU 11.4.0
[0.129s] -- Detecting C compiler ABI info
[0.195s] -- Detecting C compiler ABI info - done
[0.210s] -- Check for working C compiler: /usr/bin/cc - skipped
[0.210s] -- Detecting C compile features
[0.211s] -- Detecting C compile features - done
[0.216s] -- Detecting CXX compiler ABI info
[0.300s] -- Detecting CXX compiler ABI info - done
[0.311s] -- Check for working CXX compiler: /usr/bin/c++ - skipped
[0.311s] -- Detecting CXX compile features
[0.312s] -- Detecting CXX compile features - done
[0.315s] -- Found ament_cmake: 1.3.11 (/opt/ros/humble/share/ament_cmake/cmake)
[0.720s] -- Found Python3: /usr/bin/python3 (found version "3.10.12") found components: Interpreter 
[0.892s] -- Configuring done
[0.896s] -- Generating done
[0.898s] -- Build files have been written to: /home/eia/repo/rbi_2025_2/rov/rov_ws/build/rov_description
[0.903s] Invoked command in '/home/eia/repo/rbi_2025_2/rov/rov_ws/build/rov_description' returned '0': CMAKE_PREFIX_PATH=${CMAKE_PREFIX_PATH}:/opt/ros/humble /usr/bin/cmake /home/eia/repo/rbi_2025_2/rov/rov_ws/src/rov_description -DCMAKE_INSTALL_PREFIX=/home/eia/repo/rbi_2025_2/rov/rov_ws/install/rov_description
[0.905s] Invoking command in '/home/eia/repo/rbi_2025_2/rov/rov_ws/build/rov_description': CMAKE_PREFIX_PATH=${CMAKE_PREFIX_PATH}:/opt/ros/humble /usr/bin/cmake --build /home/eia/repo/rbi_2025_2/rov/rov_ws/build/rov_description -- -j12 -l12
[0.940s] Invoked command in '/home/eia/repo/rbi_2025_2/rov/rov_ws/build/rov_description' returned '0': CMAKE_PREFIX_PATH=${CMAKE_PREFIX_PATH}:/opt/ros/humble /usr/bin/cmake --build /home/eia/repo/rbi_2025_2/rov/rov_ws/build/rov_description -- -j12 -l12
[0.950s] Invoking command in '/home/eia/repo/rbi_2025_2/rov/rov_ws/build/rov_description': CMAKE_PREFIX_PATH=${CMAKE_PREFIX_PATH}:/opt/ros/humble /usr/bin/cmake --install /home/eia/repo/rbi_2025_2/rov/rov_ws/build/rov_description
[0.957s] -- Install configuration: ""
[0.957s] -- Installing: /home/eia/repo/rbi_2025_2/rov/rov_ws/install/rov_description/share/rov_description//urdf
[0.957s] -- Installing: /home/eia/repo/rbi_2025_2/rov/rov_ws/install/rov_description/share/rov_description//urdf/common_properties.xacro
[0.957s] -- Installing: /home/eia/repo/rbi_2025_2/rov/rov_ws/install/rov_description/share/rov_description//urdf/rov_description.urdf.xacro
[0.957s] -- Installing: /home/eia/repo/rbi_2025_2/rov/rov_ws/install/rov_description/share/rov_description//launch
[0.957s] -- Installing: /home/eia/repo/rbi_2025_2/rov/rov_ws/install/rov_description/share/rov_description//launch/display.launch.xml
[0.957s] -- Installing: /home/eia/repo/rbi_2025_2/rov/rov_ws/install/rov_description/share/rov_description//rviz
[0.957s] -- Installing: /home/eia/repo/rbi_2025_2/rov/rov_ws/install/rov_description/share/ament_index/resource_index/package_run_dependencies/rov_description
[0.958s] -- Installing: /home/eia/repo/rbi_2025_2/rov/rov_ws/install/rov_description/share/ament_index/resource_index/parent_prefix_path/rov_description
[0.958s] -- Installing: /home/eia/repo/rbi_2025_2/rov/rov_ws/install/rov_description/share/rov_description/environment/ament_prefix_path.sh
[0.958s] -- Installing: /home/eia/repo/rbi_2025_2/rov/rov_ws/install/rov_description/share/rov_description/environment/ament_prefix_path.dsv
[0.958s] -- Installing: /home/eia/repo/rbi_2025_2/rov/rov_ws/install/rov_description/share/rov_description/environment/path.sh
[0.958s] -- Installing: /home/eia/repo/rbi_2025_2/rov/rov_ws/install/rov_description/share/rov_description/environment/path.dsv
[0.958s] -- Installing: /home/eia/repo/rbi_2025_2/rov/rov_ws/install/rov_description/share/rov_description/local_setup.bash
[0.958s] -- Installing: /home/eia/repo/rbi_2025_2/rov/rov_ws/install/rov_description/share/rov_description/local_setup.sh
[0.958s] -- Installing: /home/eia/repo/rbi_2025_2/rov/rov_ws/install/rov_description/share/rov_description/local_setup.zsh
[0.959s] -- Installing: /home/eia/repo/rbi_2025_2/rov/rov_ws/install/rov_description/share/rov_description/local_setup.dsv
[0.959s] -- Installing: /home/eia/repo/rbi_2025_2/rov/rov_ws/install/rov_description/share/rov_description/package.dsv
[0.959s] -- Installing: /home/eia/repo/rbi_2025_2/rov/rov_ws/install/rov_description/share/ament_index/resource_index/packages/rov_description
[0.959s] -- Installing: /home/eia/repo/rbi_2025_2/rov/rov_ws/install/rov_description/share/rov_description/cmake/rov_descriptionConfig.cmake
[0.959s] -- Installing: /home/eia/repo/rbi_2025_2/rov/rov_ws/install/rov_description/share/rov_description/cmake/rov_descriptionConfig-version.cmake
[0.959s] -- Installing: /home/eia/repo/rbi_2025_2/rov/rov_ws/install/rov_description/share/rov_description/package.xml
[0.961s] Invoked command in '/home/eia/repo/rbi_2025_2/rov/rov_ws/build/rov_description' returned '0': CMAKE_PREFIX_PATH=${CMAKE_PREFIX_PATH}:/opt/ros/humble /usr/bin/cmake --install /home/eia/repo/rbi_2025_2/rov/rov_ws/build/rov_description
