running egg_info
creating ../../build/scara_mujoco/scara_mujoco.egg-info
writing ../../build/scara_mujoco/scara_mujoco.egg-info/PKG-INFO
writing dependency_links to ../../build/scara_mujoco/scara_mujoco.egg-info/dependency_links.txt
writing entry points to ../../build/scara_mujoco/scara_mujoco.egg-info/entry_points.txt
writing requirements to ../../build/scara_mujoco/scara_mujoco.egg-info/requires.txt
writing top-level names to ../../build/scara_mujoco/scara_mujoco.egg-info/top_level.txt
writing manifest file '../../build/scara_mujoco/scara_mujoco.egg-info/SOURCES.txt'
reading manifest file '../../build/scara_mujoco/scara_mujoco.egg-info/SOURCES.txt'
writing manifest file '../../build/scara_mujoco/scara_mujoco.egg-info/SOURCES.txt'
running build
running build_py
creating /scara_ws/build/scara_mujoco/build
creating /scara_ws/build/scara_mujoco/build/lib
creating /scara_ws/build/scara_mujoco/build/lib/scara_mujoco
copying scara_mujoco/simulation_init.py -> /scara_ws/build/scara_mujoco/build/lib/scara_mujoco
copying scara_mujoco/__init__.py -> /scara_ws/build/scara_mujoco/build/lib/scara_mujoco
running install
running install_lib
creating /scara_ws/install/scara_mujoco/lib/python3.10/site-packages/scara_mujoco
copying /scara_ws/build/scara_mujoco/build/lib/scara_mujoco/simulation_init.py -> /scara_ws/install/scara_mujoco/lib/python3.10/site-packages/scara_mujoco
copying /scara_ws/build/scara_mujoco/build/lib/scara_mujoco/__init__.py -> /scara_ws/install/scara_mujoco/lib/python3.10/site-packages/scara_mujoco
byte-compiling /scara_ws/install/scara_mujoco/lib/python3.10/site-packages/scara_mujoco/simulation_init.py to simulation_init.cpython-310.pyc
byte-compiling /scara_ws/install/scara_mujoco/lib/python3.10/site-packages/scara_mujoco/__init__.py to __init__.cpython-310.pyc
running install_data
creating /scara_ws/install/scara_mujoco/share/ament_index
creating /scara_ws/install/scara_mujoco/share/ament_index/resource_index
creating /scara_ws/install/scara_mujoco/share/ament_index/resource_index/packages
copying resource/scara_mujoco -> /scara_ws/install/scara_mujoco/share/ament_index/resource_index/packages
copying package.xml -> /scara_ws/install/scara_mujoco/share/scara_mujoco
creating /scara_ws/install/scara_mujoco/share/scara_mujoco/launch
creating /scara_ws/install/scara_mujoco/share/scara_mujoco/descriptions
copying descriptions/basic_scenario.xml -> /scara_ws/install/scara_mujoco/share/scara_mujoco/descriptions
creating /scara_ws/install/scara_mujoco/share/scara_mujoco/config
running install_egg_info
Copying ../../build/scara_mujoco/scara_mujoco.egg-info to /scara_ws/install/scara_mujoco/lib/python3.10/site-packages/scara_mujoco-0.0.0-py3.10.egg-info
running install_scripts
Installing scara_sim_mujoco script to /scara_ws/install/scara_mujoco/lib/scara_mujoco
writing list of installed files to '/scara_ws/build/scara_mujoco/install.log'
