[0.817s] Invoking command in '/scara_ws/src/scara_mujoco': PYTHONPATH=/scara_ws/build/scara_mujoco/prefix_override:/usr/lib/python3/dist-packages/colcon_core/task/python/colcon_distutils_commands:/scara_ws/install/scara_mujoco/lib/python3.10/site-packages:${PYTHONPATH} /usr/bin/python3 -W ignore:setup.py install is deprecated -W ignore:easy_install command is deprecated setup.py egg_info --egg-base ../../build/scara_mujoco build --build-base /scara_ws/build/scara_mujoco/build install --record /scara_ws/build/scara_mujoco/install.log --single-version-externally-managed install_data
[1.031s] running egg_info
[1.032s] creating ../../build/scara_mujoco/scara_mujoco.egg-info
[1.032s] writing ../../build/scara_mujoco/scara_mujoco.egg-info/PKG-INFO
[1.032s] writing dependency_links to ../../build/scara_mujoco/scara_mujoco.egg-info/dependency_links.txt
[1.032s] writing entry points to ../../build/scara_mujoco/scara_mujoco.egg-info/entry_points.txt
[1.033s] writing requirements to ../../build/scara_mujoco/scara_mujoco.egg-info/requires.txt
[1.033s] writing top-level names to ../../build/scara_mujoco/scara_mujoco.egg-info/top_level.txt
[1.033s] writing manifest file '../../build/scara_mujoco/scara_mujoco.egg-info/SOURCES.txt'
[1.034s] reading manifest file '../../build/scara_mujoco/scara_mujoco.egg-info/SOURCES.txt'
[1.035s] writing manifest file '../../build/scara_mujoco/scara_mujoco.egg-info/SOURCES.txt'
[1.035s] running build
[1.035s] running build_py
[1.035s] creating /scara_ws/build/scara_mujoco/build
[1.035s] creating /scara_ws/build/scara_mujoco/build/lib
[1.035s] creating /scara_ws/build/scara_mujoco/build/lib/scara_mujoco
[1.035s] copying scara_mujoco/simulation_init.py -> /scara_ws/build/scara_mujoco/build/lib/scara_mujoco
[1.035s] copying scara_mujoco/__init__.py -> /scara_ws/build/scara_mujoco/build/lib/scara_mujoco
[1.036s] running install
[1.036s] running install_lib
[1.037s] creating /scara_ws/install/scara_mujoco/lib/python3.10/site-packages/scara_mujoco
[1.037s] copying /scara_ws/build/scara_mujoco/build/lib/scara_mujoco/simulation_init.py -> /scara_ws/install/scara_mujoco/lib/python3.10/site-packages/scara_mujoco
[1.037s] copying /scara_ws/build/scara_mujoco/build/lib/scara_mujoco/__init__.py -> /scara_ws/install/scara_mujoco/lib/python3.10/site-packages/scara_mujoco
[1.037s] byte-compiling /scara_ws/install/scara_mujoco/lib/python3.10/site-packages/scara_mujoco/simulation_init.py to simulation_init.cpython-310.pyc
[1.038s] byte-compiling /scara_ws/install/scara_mujoco/lib/python3.10/site-packages/scara_mujoco/__init__.py to __init__.cpython-310.pyc
[1.038s] running install_data
[1.039s] creating /scara_ws/install/scara_mujoco/share/ament_index
[1.039s] creating /scara_ws/install/scara_mujoco/share/ament_index/resource_index
[1.039s] creating /scara_ws/install/scara_mujoco/share/ament_index/resource_index/packages
[1.039s] copying resource/scara_mujoco -> /scara_ws/install/scara_mujoco/share/ament_index/resource_index/packages
[1.039s] copying package.xml -> /scara_ws/install/scara_mujoco/share/scara_mujoco
[1.039s] creating /scara_ws/install/scara_mujoco/share/scara_mujoco/launch
[1.039s] creating /scara_ws/install/scara_mujoco/share/scara_mujoco/descriptions
[1.039s] copying descriptions/basic_scenario.xml -> /scara_ws/install/scara_mujoco/share/scara_mujoco/descriptions
[1.039s] creating /scara_ws/install/scara_mujoco/share/scara_mujoco/config
[1.039s] running install_egg_info
[1.041s] Copying ../../build/scara_mujoco/scara_mujoco.egg-info to /scara_ws/install/scara_mujoco/lib/python3.10/site-packages/scara_mujoco-0.0.0-py3.10.egg-info
[1.042s] running install_scripts
[1.062s] Installing scara_sim_mujoco script to /scara_ws/install/scara_mujoco/lib/scara_mujoco
[1.062s] writing list of installed files to '/scara_ws/build/scara_mujoco/install.log'
[1.083s] Invoked command in '/scara_ws/src/scara_mujoco' returned '0': PYTHONPATH=/scara_ws/build/scara_mujoco/prefix_override:/usr/lib/python3/dist-packages/colcon_core/task/python/colcon_distutils_commands:/scara_ws/install/scara_mujoco/lib/python3.10/site-packages:${PYTHONPATH} /usr/bin/python3 -W ignore:setup.py install is deprecated -W ignore:easy_install command is deprecated setup.py egg_info --egg-base ../../build/scara_mujoco build --build-base /scara_ws/build/scara_mujoco/build install --record /scara_ws/build/scara_mujoco/install.log --single-version-externally-managed install_data
