[35m[1mConsolidate compiler generated dependencies of target scara_mujoco_sim[0m
[100%] Built target scara_mujoco_sim
-- Install configuration: ""
-- Execute custom install script
-- Symlinking: /home/eia/repo/rbi_2025_2/scara/scara_ws/install/scara_mujoco_sim/lib/libscara_mujoco_sim.so
-- Symlinking: /home/eia/repo/rbi_2025_2/scara/scara_ws/install/scara_mujoco_sim/include/include/scara_mujoco_sim/mujoco_sim_interface.hpp
-- Symlinking: /home/eia/repo/rbi_2025_2/scara/scara_ws/install/scara_mujoco_sim/share/scara_mujoco_sim/environment/library_path.sh
-- Symlinking: /home/eia/repo/rbi_2025_2/scara/scara_ws/install/scara_mujoco_sim/share/scara_mujoco_sim/environment/library_path.dsv
-- Symlinking: /home/eia/repo/rbi_2025_2/scara/scara_ws/install/scara_mujoco_sim/share/scara_mujoco_sim//scara_hardware_interface.xml
-- Symlinking: /home/eia/repo/rbi_2025_2/scara/scara_ws/install/scara_mujoco_sim/share/ament_index/resource_index/package_run_dependencies/scara_mujoco_sim
-- Symlinking: /home/eia/repo/rbi_2025_2/scara/scara_ws/install/scara_mujoco_sim/share/ament_index/resource_index/parent_prefix_path/scara_mujoco_sim
-- Symlinking: /home/eia/repo/rbi_2025_2/scara/scara_ws/install/scara_mujoco_sim/share/scara_mujoco_sim/environment/ament_prefix_path.sh
-- Symlinking: /home/eia/repo/rbi_2025_2/scara/scara_ws/install/scara_mujoco_sim/share/scara_mujoco_sim/environment/ament_prefix_path.dsv
-- Symlinking: /home/eia/repo/rbi_2025_2/scara/scara_ws/install/scara_mujoco_sim/share/scara_mujoco_sim/environment/path.sh
-- Symlinking: /home/eia/repo/rbi_2025_2/scara/scara_ws/install/scara_mujoco_sim/share/scara_mujoco_sim/environment/path.dsv
-- Symlinking: /home/eia/repo/rbi_2025_2/scara/scara_ws/install/scara_mujoco_sim/share/scara_mujoco_sim/local_setup.bash
-- Symlinking: /home/eia/repo/rbi_2025_2/scara/scara_ws/install/scara_mujoco_sim/share/scara_mujoco_sim/local_setup.sh
-- Symlinking: /home/eia/repo/rbi_2025_2/scara/scara_ws/install/scara_mujoco_sim/share/scara_mujoco_sim/local_setup.zsh
-- Symlinking: /home/eia/repo/rbi_2025_2/scara/scara_ws/install/scara_mujoco_sim/share/scara_mujoco_sim/local_setup.dsv
-- Symlinking: /home/eia/repo/rbi_2025_2/scara/scara_ws/install/scara_mujoco_sim/share/scara_mujoco_sim/package.dsv
-- Symlinking: /home/eia/repo/rbi_2025_2/scara/scara_ws/install/scara_mujoco_sim/share/ament_index/resource_index/packages/scara_mujoco_sim
-- Symlinking: /home/eia/repo/rbi_2025_2/scara/scara_ws/install/scara_mujoco_sim/share/ament_index/resource_index/hardware_interface__pluginlib__plugin/scara_mujoco_sim
-- Symlinking: /home/eia/repo/rbi_2025_2/scara/scara_ws/install/scara_mujoco_sim/share/scara_mujoco_sim/cmake/ament_cmake_export_libraries-extras.cmake
-- Symlinking: /home/eia/repo/rbi_2025_2/scara/scara_ws/install/scara_mujoco_sim/share/scara_mujoco_sim/cmake/ament_cmake_export_dependencies-extras.cmake
-- Symlinking: /home/eia/repo/rbi_2025_2/scara/scara_ws/install/scara_mujoco_sim/share/scara_mujoco_sim/cmake/scara_mujoco_simConfig.cmake
-- Symlinking: /home/eia/repo/rbi_2025_2/scara/scara_ws/install/scara_mujoco_sim/share/scara_mujoco_sim/cmake/scara_mujoco_simConfig-version.cmake
-- Symlinking: /home/eia/repo/rbi_2025_2/scara/scara_ws/install/scara_mujoco_sim/share/scara_mujoco_sim/package.xml
