[0.260s] Invoking command in '/abb_ws/build/abb_mujoco_description': CMAKE_PREFIX_PATH=/opt/ros/humble /usr/bin/cmake --build /abb_ws/build/abb_mujoco_description -- -j12 -l12
[0.717s] Invoked command in '/abb_ws/build/abb_mujoco_description' returned '0': CMAKE_PREFIX_PATH=/opt/ros/humble /usr/bin/cmake --build /abb_ws/build/abb_mujoco_description -- -j12 -l12
[0.718s] Invoking command in '/abb_ws/build/abb_mujoco_description': CMAKE_PREFIX_PATH=/opt/ros/humble /usr/bin/cmake --install /abb_ws/build/abb_mujoco_description
[0.731s] -- Install configuration: ""
[0.732s] -- Up-to-date: /abb_ws/install/abb_mujoco_description/share/abb_mujoco_description//urdf
[0.732s] -- Up-to-date: /abb_ws/install/abb_mujoco_description/share/abb_mujoco_description//urdf/MUJOCO_LOG.TXT
[0.732s] -- Up-to-date: /abb_ws/install/abb_mujoco_description/share/abb_mujoco_description//urdf/common_properties.xacro
[0.732s] -- Up-to-date: /abb_ws/install/abb_mujoco_description/share/abb_mujoco_description//urdf/abb_description.urdf.xacro
[0.732s] -- Up-to-date: /abb_ws/install/abb_mujoco_description/share/abb_mujoco_description//launch
[0.732s] -- Up-to-date: /abb_ws/install/abb_mujoco_description/share/abb_mujoco_description//launch/display.launch.xml
[0.732s] -- Up-to-date: /abb_ws/install/abb_mujoco_description/share/abb_mujoco_description//rviz
[0.732s] -- Up-to-date: /abb_ws/install/abb_mujoco_description/share/ament_index/resource_index/package_run_dependencies/abb_mujoco_description
[0.732s] -- Up-to-date: /abb_ws/install/abb_mujoco_description/share/ament_index/resource_index/parent_prefix_path/abb_mujoco_description
[0.733s] -- Up-to-date: /abb_ws/install/abb_mujoco_description/share/abb_mujoco_description/environment/ament_prefix_path.sh
[0.733s] -- Up-to-date: /abb_ws/install/abb_mujoco_description/share/abb_mujoco_description/environment/ament_prefix_path.dsv
[0.733s] -- Up-to-date: /abb_ws/install/abb_mujoco_description/share/abb_mujoco_description/environment/path.sh
[0.733s] -- Up-to-date: /abb_ws/install/abb_mujoco_description/share/abb_mujoco_description/environment/path.dsv
[0.733s] -- Up-to-date: /abb_ws/install/abb_mujoco_description/share/abb_mujoco_description/local_setup.bash
[0.733s] -- Up-to-date: /abb_ws/install/abb_mujoco_description/share/abb_mujoco_description/local_setup.sh
[0.733s] -- Up-to-date: /abb_ws/install/abb_mujoco_description/share/abb_mujoco_description/local_setup.zsh
[0.733s] -- Up-to-date: /abb_ws/install/abb_mujoco_description/share/abb_mujoco_description/local_setup.dsv
[0.733s] -- Up-to-date: /abb_ws/install/abb_mujoco_description/share/abb_mujoco_description/package.dsv
[0.733s] -- Up-to-date: /abb_ws/install/abb_mujoco_description/share/ament_index/resource_index/packages/abb_mujoco_description
[0.733s] -- Up-to-date: /abb_ws/install/abb_mujoco_description/share/abb_mujoco_description/cmake/abb_mujoco_descriptionConfig.cmake
[0.733s] -- Up-to-date: /abb_ws/install/abb_mujoco_description/share/abb_mujoco_description/cmake/abb_mujoco_descriptionConfig-version.cmake
[0.733s] -- Up-to-date: /abb_ws/install/abb_mujoco_description/share/abb_mujoco_description/package.xml
[0.772s] Invoked command in '/abb_ws/build/abb_mujoco_description' returned '0': CMAKE_PREFIX_PATH=/opt/ros/humble /usr/bin/cmake --install /abb_ws/build/abb_mujoco_description
