[2.211s] Invoking command in '/rov_ws/build/rov_path_generator': PYTHONPATH=/rov_ws/build/rov_path_generator/prefix_override:/usr/lib/python3/dist-packages/colcon_core/task/python/colcon_distutils_commands:/rov_ws/install/rov_path_generator/lib/python3.10/site-packages:${PYTHONPATH} /usr/bin/python3 -W ignore:setup.py install is deprecated -W ignore:easy_install command is deprecated setup.py develop --uninstall --editable --build-directory /rov_ws/build/rov_path_generator/build
[2.618s] running develop
[2.814s] Removing /rov_ws/install/rov_path_generator/lib/python3.10/site-packages/rov-path-generator.egg-link (link to .)
[2.867s] Invoked command in '/rov_ws/build/rov_path_generator' returned '0': PYTHONPATH=/rov_ws/build/rov_path_generator/prefix_override:/usr/lib/python3/dist-packages/colcon_core/task/python/colcon_distutils_commands:/rov_ws/install/rov_path_generator/lib/python3.10/site-packages:${PYTHONPATH} /usr/bin/python3 -W ignore:setup.py install is deprecated -W ignore:easy_install command is deprecated setup.py develop --uninstall --editable --build-directory /rov_ws/build/rov_path_generator/build
[2.868s] Invoking command in '/rov_ws/src/rov_path_generator': PYTHONPATH=/rov_ws/build/rov_path_generator/prefix_override:/usr/lib/python3/dist-packages/colcon_core/task/python/colcon_distutils_commands:/rov_ws/install/rov_path_generator/lib/python3.10/site-packages:${PYTHONPATH} /usr/bin/python3 -W ignore:setup.py install is deprecated -W ignore:easy_install command is deprecated setup.py egg_info --egg-base ../../build/rov_path_generator build --build-base /rov_ws/build/rov_path_generator/build install --record /rov_ws/build/rov_path_generator/install.log --single-version-externally-managed install_data --force
[3.257s] running egg_info
[3.258s] writing ../../build/rov_path_generator/rov_path_generator.egg-info/PKG-INFO
[3.258s] writing dependency_links to ../../build/rov_path_generator/rov_path_generator.egg-info/dependency_links.txt
[3.258s] writing entry points to ../../build/rov_path_generator/rov_path_generator.egg-info/entry_points.txt
[3.259s] writing requirements to ../../build/rov_path_generator/rov_path_generator.egg-info/requires.txt
[3.259s] writing top-level names to ../../build/rov_path_generator/rov_path_generator.egg-info/top_level.txt
[3.261s] reading manifest file '../../build/rov_path_generator/rov_path_generator.egg-info/SOURCES.txt'
[3.262s] writing manifest file '../../build/rov_path_generator/rov_path_generator.egg-info/SOURCES.txt'
[3.262s] running build
[3.263s] running build_py
[3.263s] running install
[3.264s] running install_lib
[3.265s] creating /rov_ws/install/rov_path_generator/lib/python3.10/site-packages/rov_path_generator
[3.265s] copying /rov_ws/build/rov_path_generator/build/lib/rov_path_generator/rov_path_generator.py -> /rov_ws/install/rov_path_generator/lib/python3.10/site-packages/rov_path_generator
[3.265s] copying /rov_ws/build/rov_path_generator/build/lib/rov_path_generator/__init__.py -> /rov_ws/install/rov_path_generator/lib/python3.10/site-packages/rov_path_generator
[3.266s] byte-compiling /rov_ws/install/rov_path_generator/lib/python3.10/site-packages/rov_path_generator/rov_path_generator.py to rov_path_generator.cpython-310.pyc
[3.268s] byte-compiling /rov_ws/install/rov_path_generator/lib/python3.10/site-packages/rov_path_generator/__init__.py to __init__.cpython-310.pyc
[3.268s] running install_data
[3.269s] copying resource/rov_path_generator -> /rov_ws/install/rov_path_generator/share/ament_index/resource_index/packages
[3.269s] copying package.xml -> /rov_ws/install/rov_path_generator/share/rov_path_generator
[3.269s] running install_egg_info
[3.271s] Copying ../../build/rov_path_generator/rov_path_generator.egg-info to /rov_ws/install/rov_path_generator/lib/python3.10/site-packages/rov_path_generator-0.0.0-py3.10.egg-info
[3.272s] running install_scripts
[3.296s] Installing rov_path_generator script to /rov_ws/install/rov_path_generator/lib/rov_path_generator
[3.296s] writing list of installed files to '/rov_ws/build/rov_path_generator/install.log'
[3.358s] Invoked command in '/rov_ws/src/rov_path_generator' returned '0': PYTHONPATH=/rov_ws/build/rov_path_generator/prefix_override:/usr/lib/python3/dist-packages/colcon_core/task/python/colcon_distutils_commands:/rov_ws/install/rov_path_generator/lib/python3.10/site-packages:${PYTHONPATH} /usr/bin/python3 -W ignore:setup.py install is deprecated -W ignore:easy_install command is deprecated setup.py egg_info --egg-base ../../build/rov_path_generator build --build-base /rov_ws/build/rov_path_generator/build install --record /rov_ws/build/rov_path_generator/install.log --single-version-externally-managed install_data --force
