[0.432s] Invoking command in '/rov_ws/build/rov_controllers': CMAKE_PREFIX_PATH=${CMAKE_PREFIX_PATH}:/rov_ws/install/rov_position_controller:/rov_ws/install/rov_path_generator:/rov_ws/install/rov_path_follower:/rov_ws/install/rov_attitude_controller:/opt/ros/humble /usr/bin/cmake /rov_ws/src/rov_controllers -DAMENT_CMAKE_SYMLINK_INSTALL=1 -DCMAKE_INSTALL_PREFIX=/rov_ws/install/rov_controllers
[1.350s] -- Found ament_cmake: 1.3.12 (/opt/ros/humble/share/ament_cmake/cmake)
[1.351s] -- Override CMake install command with custom implementation using symlinks instead of copying resources
[1.351s] -- Found rclcpp: 16.0.14 (/opt/ros/humble/share/rclcpp/cmake)
[1.352s] -- Found rosidl_generator_c: 3.1.7 (/opt/ros/humble/share/rosidl_generator_c/cmake)
[1.352s] -- Found rosidl_adapter: 3.1.7 (/opt/ros/humble/share/rosidl_adapter/cmake)
[1.352s] -- Found rosidl_generator_cpp: 3.1.7 (/opt/ros/humble/share/rosidl_generator_cpp/cmake)
[1.353s] -- Using all available rosidl_typesupport_c: rosidl_typesupport_fastrtps_c;rosidl_typesupport_introspection_c
[1.353s] -- Using all available rosidl_typesupport_cpp: rosidl_typesupport_fastrtps_cpp;rosidl_typesupport_introspection_cpp
[1.353s] -- Found rmw_implementation_cmake: 6.1.2 (/opt/ros/humble/share/rmw_implementation_cmake/cmake)
[1.353s] -- Found rmw_fastrtps_cpp: 6.2.8 (/opt/ros/humble/share/rmw_fastrtps_cpp/cmake)
[1.353s] -- Using RMW implementation 'rmw_fastrtps_cpp' as default
[1.353s] -- Found rclcpp_lifecycle: 16.0.14 (/opt/ros/humble/share/rclcpp_lifecycle/cmake)
[1.353s] -- Found pluginlib: 5.1.0 (/opt/ros/humble/share/pluginlib/cmake)
[1.353s] -- Found geometry_msgs: 4.9.0 (/opt/ros/humble/share/geometry_msgs/cmake)
[1.353s] -- Found controller_interface: 2.51.0 (/opt/ros/humble/share/controller_interface/cmake)
[1.353s] -- Found tf2_ros: 0.25.16 (/opt/ros/humble/share/tf2_ros/cmake)
[1.427s] -- Configuring done
[1.457s] -- Generating done
[1.463s] -- Build files have been written to: /rov_ws/build/rov_controllers
[1.704s] Invoked command in '/rov_ws/build/rov_controllers' returned '0': CMAKE_PREFIX_PATH=${CMAKE_PREFIX_PATH}:/rov_ws/install/rov_position_controller:/rov_ws/install/rov_path_generator:/rov_ws/install/rov_path_follower:/rov_ws/install/rov_attitude_controller:/opt/ros/humble /usr/bin/cmake /rov_ws/src/rov_controllers -DAMENT_CMAKE_SYMLINK_INSTALL=1 -DCMAKE_INSTALL_PREFIX=/rov_ws/install/rov_controllers
[1.707s] Invoking command in '/rov_ws/build/rov_controllers': CMAKE_PREFIX_PATH=${CMAKE_PREFIX_PATH}:/rov_ws/install/rov_position_controller:/rov_ws/install/rov_path_generator:/rov_ws/install/rov_path_follower:/rov_ws/install/rov_attitude_controller:/opt/ros/humble /usr/bin/cmake --build /rov_ws/build/rov_controllers -- -j12 -l12
[1.773s] [35m[1mConsolidate compiler generated dependencies of target rov_controllers[0m
[1.808s] [ 50%] [32m[1mLinking CXX shared library librov_controllers.so[0m
[3.476s] [100%] Built target rov_controllers
[3.489s] Invoked command in '/rov_ws/build/rov_controllers' returned '0': CMAKE_PREFIX_PATH=${CMAKE_PREFIX_PATH}:/rov_ws/install/rov_position_controller:/rov_ws/install/rov_path_generator:/rov_ws/install/rov_path_follower:/rov_ws/install/rov_attitude_controller:/opt/ros/humble /usr/bin/cmake --build /rov_ws/build/rov_controllers -- -j12 -l12
[3.491s] Invoking command in '/rov_ws/build/rov_controllers': CMAKE_PREFIX_PATH=${CMAKE_PREFIX_PATH}:/rov_ws/install/rov_position_controller:/rov_ws/install/rov_path_generator:/rov_ws/install/rov_path_follower:/rov_ws/install/rov_attitude_controller:/opt/ros/humble /usr/bin/cmake --install /rov_ws/build/rov_controllers
[3.498s] -- Install configuration: ""
[3.499s] -- Execute custom install script
[3.499s] -- Symlinking: /rov_ws/install/rov_controllers/share/rov_controllers//rov_controller.xml
[3.510s] -- Symlinking: /rov_ws/install/rov_controllers/lib/librov_controllers.so
[3.523s] -- Symlinking: /rov_ws/install/rov_controllers/include/include/rov_controllers/rov_forward_controller.hpp
[3.533s] -- Symlinking: /rov_ws/install/rov_controllers/share/rov_controllers/environment/library_path.sh
[3.543s] -- Symlinking: /rov_ws/install/rov_controllers/share/rov_controllers/environment/library_path.dsv
[3.552s] -- Symlinking: /rov_ws/install/rov_controllers/share/ament_index/resource_index/package_run_dependencies/rov_controllers
[3.561s] -- Symlinking: /rov_ws/install/rov_controllers/share/ament_index/resource_index/parent_prefix_path/rov_controllers
[3.570s] -- Symlinking: /rov_ws/install/rov_controllers/share/rov_controllers/environment/ament_prefix_path.sh
[3.579s] -- Symlinking: /rov_ws/install/rov_controllers/share/rov_controllers/environment/ament_prefix_path.dsv
[3.588s] -- Symlinking: /rov_ws/install/rov_controllers/share/rov_controllers/environment/path.sh
[3.596s] -- Symlinking: /rov_ws/install/rov_controllers/share/rov_controllers/environment/path.dsv
[3.605s] -- Symlinking: /rov_ws/install/rov_controllers/share/rov_controllers/local_setup.bash
[3.617s] -- Symlinking: /rov_ws/install/rov_controllers/share/rov_controllers/local_setup.sh
[3.628s] -- Symlinking: /rov_ws/install/rov_controllers/share/rov_controllers/local_setup.zsh
[3.640s] -- Symlinking: /rov_ws/install/rov_controllers/share/rov_controllers/local_setup.dsv
[3.650s] -- Symlinking: /rov_ws/install/rov_controllers/share/rov_controllers/package.dsv
[3.660s] -- Symlinking: /rov_ws/install/rov_controllers/share/ament_index/resource_index/packages/rov_controllers
[3.671s] -- Symlinking: /rov_ws/install/rov_controllers/share/ament_index/resource_index/controller_interface__pluginlib__plugin/rov_controllers
[3.682s] -- Symlinking: /rov_ws/install/rov_controllers/share/rov_controllers/cmake/ament_cmake_export_libraries-extras.cmake
[3.692s] -- Symlinking: /rov_ws/install/rov_controllers/share/rov_controllers/cmake/ament_cmake_export_dependencies-extras.cmake
[3.700s] -- Symlinking: /rov_ws/install/rov_controllers/share/rov_controllers/cmake/rov_controllersConfig.cmake
[3.711s] -- Symlinking: /rov_ws/install/rov_controllers/share/rov_controllers/cmake/rov_controllersConfig-version.cmake
[3.722s] -- Symlinking: /rov_ws/install/rov_controllers/share/rov_controllers/package.xml
[3.734s] Invoked command in '/rov_ws/build/rov_controllers' returned '0': CMAKE_PREFIX_PATH=${CMAKE_PREFIX_PATH}:/rov_ws/install/rov_position_controller:/rov_ws/install/rov_path_generator:/rov_ws/install/rov_path_follower:/rov_ws/install/rov_attitude_controller:/opt/ros/humble /usr/bin/cmake --install /rov_ws/build/rov_controllers
