[2.232s] Invoking command in '/rov_ws/build/rov_position_controller': PYTHONPATH=/rov_ws/build/rov_position_controller/prefix_override:/usr/lib/python3/dist-packages/colcon_core/task/python/colcon_distutils_commands:/rov_ws/install/rov_position_controller/lib/python3.10/site-packages:${PYTHONPATH} /usr/bin/python3 -W ignore:setup.py install is deprecated -W ignore:easy_install command is deprecated setup.py develop --uninstall --editable --build-directory /rov_ws/build/rov_position_controller/build
[2.637s] running develop
[2.847s] Removing /rov_ws/install/rov_position_controller/lib/python3.10/site-packages/rov-position-controller.egg-link (link to .)
[2.895s] Invoked command in '/rov_ws/build/rov_position_controller' returned '0': PYTHONPATH=/rov_ws/build/rov_position_controller/prefix_override:/usr/lib/python3/dist-packages/colcon_core/task/python/colcon_distutils_commands:/rov_ws/install/rov_position_controller/lib/python3.10/site-packages:${PYTHONPATH} /usr/bin/python3 -W ignore:setup.py install is deprecated -W ignore:easy_install command is deprecated setup.py develop --uninstall --editable --build-directory /rov_ws/build/rov_position_controller/build
[2.897s] Invoking command in '/rov_ws/src/rov_position_controller': PYTHONPATH=/rov_ws/build/rov_position_controller/prefix_override:/usr/lib/python3/dist-packages/colcon_core/task/python/colcon_distutils_commands:/rov_ws/install/rov_position_controller/lib/python3.10/site-packages:${PYTHONPATH} /usr/bin/python3 -W ignore:setup.py install is deprecated -W ignore:easy_install command is deprecated setup.py egg_info --egg-base ../../build/rov_position_controller build --build-base /rov_ws/build/rov_position_controller/build install --record /rov_ws/build/rov_position_controller/install.log --single-version-externally-managed install_data --force
[3.287s] running egg_info
[3.288s] writing ../../build/rov_position_controller/rov_position_controller.egg-info/PKG-INFO
[3.288s] writing dependency_links to ../../build/rov_position_controller/rov_position_controller.egg-info/dependency_links.txt
[3.288s] writing entry points to ../../build/rov_position_controller/rov_position_controller.egg-info/entry_points.txt
[3.289s] writing requirements to ../../build/rov_position_controller/rov_position_controller.egg-info/requires.txt
[3.289s] writing top-level names to ../../build/rov_position_controller/rov_position_controller.egg-info/top_level.txt
[3.291s] reading manifest file '../../build/rov_position_controller/rov_position_controller.egg-info/SOURCES.txt'
[3.292s] writing manifest file '../../build/rov_position_controller/rov_position_controller.egg-info/SOURCES.txt'
[3.292s] running build
[3.292s] running build_py
[3.293s] running install
[3.294s] running install_lib
[3.295s] creating /rov_ws/install/rov_position_controller/lib/python3.10/site-packages/rov_position_controller
[3.295s] copying /rov_ws/build/rov_position_controller/build/lib/rov_position_controller/rov_position_controller.py -> /rov_ws/install/rov_position_controller/lib/python3.10/site-packages/rov_position_controller
[3.295s] copying /rov_ws/build/rov_position_controller/build/lib/rov_position_controller/__init__.py -> /rov_ws/install/rov_position_controller/lib/python3.10/site-packages/rov_position_controller
[3.296s] byte-compiling /rov_ws/install/rov_position_controller/lib/python3.10/site-packages/rov_position_controller/rov_position_controller.py to rov_position_controller.cpython-310.pyc
[3.298s] byte-compiling /rov_ws/install/rov_position_controller/lib/python3.10/site-packages/rov_position_controller/__init__.py to __init__.cpython-310.pyc
[3.298s] running install_data
[3.299s] copying resource/rov_position_controller -> /rov_ws/install/rov_position_controller/share/ament_index/resource_index/packages
[3.299s] copying package.xml -> /rov_ws/install/rov_position_controller/share/rov_position_controller
[3.299s] running install_egg_info
[3.301s] Copying ../../build/rov_position_controller/rov_position_controller.egg-info to /rov_ws/install/rov_position_controller/lib/python3.10/site-packages/rov_position_controller-0.0.0-py3.10.egg-info
[3.303s] running install_scripts
[3.325s] Installing rov_position_controller script to /rov_ws/install/rov_position_controller/lib/rov_position_controller
[3.326s] writing list of installed files to '/rov_ws/build/rov_position_controller/install.log'
[3.372s] Invoked command in '/rov_ws/src/rov_position_controller' returned '0': PYTHONPATH=/rov_ws/build/rov_position_controller/prefix_override:/usr/lib/python3/dist-packages/colcon_core/task/python/colcon_distutils_commands:/rov_ws/install/rov_position_controller/lib/python3.10/site-packages:${PYTHONPATH} /usr/bin/python3 -W ignore:setup.py install is deprecated -W ignore:easy_install command is deprecated setup.py egg_info --egg-base ../../build/rov_position_controller build --build-base /rov_ws/build/rov_position_controller/build install --record /rov_ws/build/rov_position_controller/install.log --single-version-externally-managed install_data --force
