[0.500s] Invoking command in '/scara_ws/build/scara_mujoco_sim': CMAKE_PREFIX_PATH=${CMAKE_PREFIX_PATH}:/scara_ws/install/scara_mujoco:/scara_ws/install/scara_ik_solver:/opt/ros/humble /usr/bin/cmake --build /scara_ws/build/scara_mujoco_sim -- -j12 -l12
[0.522s] -- Found ament_cmake: 1.3.12 (/opt/ros/humble/share/ament_cmake/cmake)
[0.653s] -- Found rclcpp: 16.0.14 (/opt/ros/humble/share/rclcpp/cmake)
[0.682s] -- Found rosidl_generator_c: 3.1.7 (/opt/ros/humble/share/rosidl_generator_c/cmake)
[0.685s] -- Found rosidl_adapter: 3.1.7 (/opt/ros/humble/share/rosidl_adapter/cmake)
[0.691s] -- Found rosidl_generator_cpp: 3.1.7 (/opt/ros/humble/share/rosidl_generator_cpp/cmake)
[0.701s] -- Using all available rosidl_typesupport_c: rosidl_typesupport_fastrtps_c;rosidl_typesupport_introspection_c
[0.715s] -- Using all available rosidl_typesupport_cpp: rosidl_typesupport_fastrtps_cpp;rosidl_typesupport_introspection_cpp
[0.750s] -- Found rmw_implementation_cmake: 6.1.2 (/opt/ros/humble/share/rmw_implementation_cmake/cmake)
[0.752s] -- Found rmw_fastrtps_cpp: 6.2.8 (/opt/ros/humble/share/rmw_fastrtps_cpp/cmake)
[0.872s] -- Using RMW implementation 'rmw_fastrtps_cpp' as default
[0.929s] -- Found rclcpp_lifecycle: 16.0.14 (/opt/ros/humble/share/rclcpp_lifecycle/cmake)
[0.946s] -- Found pluginlib: 5.1.0 (/opt/ros/humble/share/pluginlib/cmake)
[0.966s] -- Found geometry_msgs: 4.9.0 (/opt/ros/humble/share/geometry_msgs/cmake)
[0.979s] -- Found hardware_interface: 2.51.0 (/opt/ros/humble/share/hardware_interface/cmake)
[1.149s] -- Configuring done
[1.171s] -- Generating done
[1.176s] -- Build files have been written to: /scara_ws/build/scara_mujoco_sim
[1.196s] [35m[1mConsolidate compiler generated dependencies of target scara_mujoco_sim[0m
[1.211s] [ 50%] [32m[1mLinking CXX shared library libscara_mujoco_sim.so[0m
[1.352s] [100%] Built target scara_mujoco_sim
[1.364s] Invoked command in '/scara_ws/build/scara_mujoco_sim' returned '0': CMAKE_PREFIX_PATH=${CMAKE_PREFIX_PATH}:/scara_ws/install/scara_mujoco:/scara_ws/install/scara_ik_solver:/opt/ros/humble /usr/bin/cmake --build /scara_ws/build/scara_mujoco_sim -- -j12 -l12
[1.365s] Invoking command in '/scara_ws/build/scara_mujoco_sim': CMAKE_PREFIX_PATH=${CMAKE_PREFIX_PATH}:/scara_ws/install/scara_mujoco:/scara_ws/install/scara_ik_solver:/opt/ros/humble /usr/bin/cmake --install /scara_ws/build/scara_mujoco_sim
[1.371s] -- Install configuration: ""
[1.371s] -- Installing: /scara_ws/install/scara_mujoco_sim/lib/libscara_mujoco_sim.so
[1.372s] -- Set runtime path of "/scara_ws/install/scara_mujoco_sim/lib/libscara_mujoco_sim.so" to "/scara_ws/src/scara_mujoco_sim/../../mujoco/lib"
[1.372s] -- Up-to-date: /scara_ws/install/scara_mujoco_sim/include/include
[1.372s] -- Up-to-date: /scara_ws/install/scara_mujoco_sim/include/include/scara_mujoco_sim
[1.372s] -- Up-to-date: /scara_ws/install/scara_mujoco_sim/include/include/scara_mujoco_sim/mujoco_sim_interface.hpp
[1.372s] -- Up-to-date: /scara_ws/install/scara_mujoco_sim/share/scara_mujoco_sim/environment/library_path.sh
[1.372s] -- Installing: /scara_ws/install/scara_mujoco_sim/share/scara_mujoco_sim/environment/library_path.dsv
[1.372s] -- Up-to-date: /scara_ws/install/scara_mujoco_sim/share/scara_mujoco_sim/scara_hardware_interface.xml
[1.372s] -- Up-to-date: /scara_ws/install/scara_mujoco_sim/share/ament_index/resource_index/package_run_dependencies/scara_mujoco_sim
[1.372s] -- Up-to-date: /scara_ws/install/scara_mujoco_sim/share/ament_index/resource_index/parent_prefix_path/scara_mujoco_sim
[1.373s] -- Up-to-date: /scara_ws/install/scara_mujoco_sim/share/scara_mujoco_sim/environment/ament_prefix_path.sh
[1.373s] -- Installing: /scara_ws/install/scara_mujoco_sim/share/scara_mujoco_sim/environment/ament_prefix_path.dsv
[1.373s] -- Up-to-date: /scara_ws/install/scara_mujoco_sim/share/scara_mujoco_sim/environment/path.sh
[1.373s] -- Installing: /scara_ws/install/scara_mujoco_sim/share/scara_mujoco_sim/environment/path.dsv
[1.373s] -- Up-to-date: /scara_ws/install/scara_mujoco_sim/share/scara_mujoco_sim/local_setup.bash
[1.373s] -- Up-to-date: /scara_ws/install/scara_mujoco_sim/share/scara_mujoco_sim/local_setup.sh
[1.373s] -- Up-to-date: /scara_ws/install/scara_mujoco_sim/share/scara_mujoco_sim/local_setup.zsh
[1.373s] -- Installing: /scara_ws/install/scara_mujoco_sim/share/scara_mujoco_sim/local_setup.dsv
[1.373s] -- Installing: /scara_ws/install/scara_mujoco_sim/share/scara_mujoco_sim/package.dsv
[1.373s] -- Up-to-date: /scara_ws/install/scara_mujoco_sim/share/ament_index/resource_index/packages/scara_mujoco_sim
[1.373s] -- Up-to-date: /scara_ws/install/scara_mujoco_sim/share/ament_index/resource_index/hardware_interface__pluginlib__plugin/scara_mujoco_sim
[1.373s] -- Up-to-date: /scara_ws/install/scara_mujoco_sim/share/scara_mujoco_sim/cmake/ament_cmake_export_libraries-extras.cmake
[1.373s] -- Up-to-date: /scara_ws/install/scara_mujoco_sim/share/scara_mujoco_sim/cmake/ament_cmake_export_dependencies-extras.cmake
[1.374s] -- Up-to-date: /scara_ws/install/scara_mujoco_sim/share/scara_mujoco_sim/cmake/scara_mujoco_simConfig.cmake
[1.374s] -- Up-to-date: /scara_ws/install/scara_mujoco_sim/share/scara_mujoco_sim/cmake/scara_mujoco_simConfig-version.cmake
[1.374s] -- Up-to-date: /scara_ws/install/scara_mujoco_sim/share/scara_mujoco_sim/package.xml
[1.375s] Invoked command in '/scara_ws/build/scara_mujoco_sim' returned '0': CMAKE_PREFIX_PATH=${CMAKE_PREFIX_PATH}:/scara_ws/install/scara_mujoco:/scara_ws/install/scara_ik_solver:/opt/ros/humble /usr/bin/cmake --install /scara_ws/build/scara_mujoco_sim
