/abb_ws/install/abb_path_controller/lib/python3.10/site-packages/abb_path_controller/abb_path_generator.py
/abb_ws/install/abb_path_controller/lib/python3.10/site-packages/abb_path_controller/__init__.py
/abb_ws/install/abb_path_controller/lib/python3.10/site-packages/abb_path_controller/abb_path_controller.py
/abb_ws/install/abb_path_controller/lib/python3.10/site-packages/abb_path_controller/__pycache__/abb_path_generator.cpython-310.pyc
/abb_ws/install/abb_path_controller/lib/python3.10/site-packages/abb_path_controller/__pycache__/__init__.cpython-310.pyc
/abb_ws/install/abb_path_controller/lib/python3.10/site-packages/abb_path_controller/__pycache__/abb_path_controller.cpython-310.pyc
/abb_ws/install/abb_path_controller/share/ament_index/resource_index/packages/abb_path_controller
/abb_ws/install/abb_path_controller/share/abb_path_controller/package.xml
/abb_ws/install/abb_path_controller/share/abb_path_controller/launch
/abb_ws/install/abb_path_controller/share/abb_path_controller/descriptions
/abb_ws/install/abb_path_controller/share/abb_path_controller/config
/abb_ws/install/abb_path_controller/lib/python3.10/site-packages/abb_path_controller-0.0.0-py3.10.egg-info/requires.txt
/abb_ws/install/abb_path_controller/lib/python3.10/site-packages/abb_path_controller-0.0.0-py3.10.egg-info/PKG-INFO
/abb_ws/install/abb_path_controller/lib/python3.10/site-packages/abb_path_controller-0.0.0-py3.10.egg-info/zip-safe
/abb_ws/install/abb_path_controller/lib/python3.10/site-packages/abb_path_controller-0.0.0-py3.10.egg-info/SOURCES.txt
/abb_ws/install/abb_path_controller/lib/python3.10/site-packages/abb_path_controller-0.0.0-py3.10.egg-info/dependency_links.txt
/abb_ws/install/abb_path_controller/lib/python3.10/site-packages/abb_path_controller-0.0.0-py3.10.egg-info/entry_points.txt
/abb_ws/install/abb_path_controller/lib/python3.10/site-packages/abb_path_controller-0.0.0-py3.10.egg-info/top_level.txt
/abb_ws/install/abb_path_controller/lib/abb_path_controller/abb_path_controller
/abb_ws/install/abb_path_controller/lib/abb_path_controller/abb_path_generator
