[0.448s] Invoking command in '/scara_ws/build/scara_mujoco_description': CMAKE_PREFIX_PATH=/opt/ros/humble /usr/bin/cmake --build /scara_ws/build/scara_mujoco_description -- -j12 -l12
[0.516s] Invoked command in '/scara_ws/build/scara_mujoco_description' returned '0': CMAKE_PREFIX_PATH=/opt/ros/humble /usr/bin/cmake --build /scara_ws/build/scara_mujoco_description -- -j12 -l12
[0.518s] Invoking command in '/scara_ws/build/scara_mujoco_description': CMAKE_PREFIX_PATH=/opt/ros/humble /usr/bin/cmake --install /scara_ws/build/scara_mujoco_description
[0.526s] -- Install configuration: ""
[0.527s] -- Up-to-date: /scara_ws/install/scara_mujoco_description/share/scara_mujoco_description//urdf
[0.527s] -- Up-to-date: /scara_ws/install/scara_mujoco_description/share/scara_mujoco_description//urdf/scara_description.urdf.xacro
[0.527s] -- Up-to-date: /scara_ws/install/scara_mujoco_description/share/scara_mujoco_description//urdf/common_properties.xacro
[0.527s] -- Up-to-date: /scara_ws/install/scara_mujoco_description/share/scara_mujoco_description//launch
[0.527s] -- Up-to-date: /scara_ws/install/scara_mujoco_description/share/scara_mujoco_description//launch/display.launch.xml
[0.527s] -- Up-to-date: /scara_ws/install/scara_mujoco_description/share/scara_mujoco_description//rviz
[0.528s] -- Up-to-date: /scara_ws/install/scara_mujoco_description/share/ament_index/resource_index/package_run_dependencies/scara_mujoco_description
[0.528s] -- Up-to-date: /scara_ws/install/scara_mujoco_description/share/ament_index/resource_index/parent_prefix_path/scara_mujoco_description
[0.528s] -- Up-to-date: /scara_ws/install/scara_mujoco_description/share/scara_mujoco_description/environment/ament_prefix_path.sh
[0.528s] -- Up-to-date: /scara_ws/install/scara_mujoco_description/share/scara_mujoco_description/environment/ament_prefix_path.dsv
[0.528s] -- Up-to-date: /scara_ws/install/scara_mujoco_description/share/scara_mujoco_description/environment/path.sh
[0.528s] -- Up-to-date: /scara_ws/install/scara_mujoco_description/share/scara_mujoco_description/environment/path.dsv
[0.528s] -- Up-to-date: /scara_ws/install/scara_mujoco_description/share/scara_mujoco_description/local_setup.bash
[0.528s] -- Up-to-date: /scara_ws/install/scara_mujoco_description/share/scara_mujoco_description/local_setup.sh
[0.528s] -- Up-to-date: /scara_ws/install/scara_mujoco_description/share/scara_mujoco_description/local_setup.zsh
[0.529s] -- Up-to-date: /scara_ws/install/scara_mujoco_description/share/scara_mujoco_description/local_setup.dsv
[0.529s] -- Up-to-date: /scara_ws/install/scara_mujoco_description/share/scara_mujoco_description/package.dsv
[0.529s] -- Up-to-date: /scara_ws/install/scara_mujoco_description/share/ament_index/resource_index/packages/scara_mujoco_description
[0.529s] -- Up-to-date: /scara_ws/install/scara_mujoco_description/share/scara_mujoco_description/cmake/scara_mujoco_descriptionConfig.cmake
[0.530s] -- Up-to-date: /scara_ws/install/scara_mujoco_description/share/scara_mujoco_description/cmake/scara_mujoco_descriptionConfig-version.cmake
[0.530s] -- Up-to-date: /scara_ws/install/scara_mujoco_description/share/scara_mujoco_description/package.xml
