[0.047s] Invoking command in '/home/eia/repo/rbi_2025_2/abb/abb_ws/build/abb_gz_hardware': CMAKE_PREFIX_PATH=${CMAKE_PREFIX_PATH}:/home/eia/repo/rbi_2025_2/abb/abb_ws/install/abb_path_controller:/home/eia/repo/rbi_2025_2/abb/abb_ws/install/abb_mujoco_python:/opt/ros/humble /usr/bin/cmake --build /home/eia/repo/rbi_2025_2/abb/abb_ws/build/abb_gz_hardware -- -j12 -l12
[0.645s] Invoked command in '/home/eia/repo/rbi_2025_2/abb/abb_ws/build/abb_gz_hardware' returned '0': CMAKE_PREFIX_PATH=${CMAKE_PREFIX_PATH}:/home/eia/repo/rbi_2025_2/abb/abb_ws/install/abb_path_controller:/home/eia/repo/rbi_2025_2/abb/abb_ws/install/abb_mujoco_python:/opt/ros/humble /usr/bin/cmake --build /home/eia/repo/rbi_2025_2/abb/abb_ws/build/abb_gz_hardware -- -j12 -l12
[0.647s] Invoking command in '/home/eia/repo/rbi_2025_2/abb/abb_ws/build/abb_gz_hardware': CMAKE_PREFIX_PATH=${CMAKE_PREFIX_PATH}:/home/eia/repo/rbi_2025_2/abb/abb_ws/install/abb_path_controller:/home/eia/repo/rbi_2025_2/abb/abb_ws/install/abb_mujoco_python:/opt/ros/humble /usr/bin/cmake --install /home/eia/repo/rbi_2025_2/abb/abb_ws/build/abb_gz_hardware
[0.670s] -- Install configuration: ""
[0.670s] -- Execute custom install script
[0.670s] -- Up-to-date symlink: /home/eia/repo/rbi_2025_2/abb/abb_ws/install/abb_gz_hardware/share/ament_index/resource_index/package_run_dependencies/abb_gz_hardware
[0.670s] -- Up-to-date symlink: /home/eia/repo/rbi_2025_2/abb/abb_ws/install/abb_gz_hardware/share/ament_index/resource_index/parent_prefix_path/abb_gz_hardware
[0.671s] -- Up-to-date symlink: /home/eia/repo/rbi_2025_2/abb/abb_ws/install/abb_gz_hardware/share/abb_gz_hardware/environment/ament_prefix_path.sh
[0.671s] -- Up-to-date symlink: /home/eia/repo/rbi_2025_2/abb/abb_ws/install/abb_gz_hardware/share/abb_gz_hardware/environment/ament_prefix_path.dsv
[0.671s] -- Up-to-date symlink: /home/eia/repo/rbi_2025_2/abb/abb_ws/install/abb_gz_hardware/share/abb_gz_hardware/environment/path.sh
[0.671s] -- Up-to-date symlink: /home/eia/repo/rbi_2025_2/abb/abb_ws/install/abb_gz_hardware/share/abb_gz_hardware/environment/path.dsv
[0.671s] -- Up-to-date symlink: /home/eia/repo/rbi_2025_2/abb/abb_ws/install/abb_gz_hardware/share/abb_gz_hardware/local_setup.bash
[0.671s] -- Up-to-date symlink: /home/eia/repo/rbi_2025_2/abb/abb_ws/install/abb_gz_hardware/share/abb_gz_hardware/local_setup.sh
[0.671s] -- Up-to-date symlink: /home/eia/repo/rbi_2025_2/abb/abb_ws/install/abb_gz_hardware/share/abb_gz_hardware/local_setup.zsh
[0.672s] -- Up-to-date symlink: /home/eia/repo/rbi_2025_2/abb/abb_ws/install/abb_gz_hardware/share/abb_gz_hardware/local_setup.dsv
[0.672s] -- Symlinking: /home/eia/repo/rbi_2025_2/abb/abb_ws/install/abb_gz_hardware/share/abb_gz_hardware/package.dsv
[0.683s] -- Up-to-date symlink: /home/eia/repo/rbi_2025_2/abb/abb_ws/install/abb_gz_hardware/share/ament_index/resource_index/packages/abb_gz_hardware
[0.688s] -- Up-to-date symlink: /home/eia/repo/rbi_2025_2/abb/abb_ws/install/abb_gz_hardware/share/abb_gz_hardware/cmake/abb_gz_hardwareConfig.cmake
[0.688s] -- Up-to-date symlink: /home/eia/repo/rbi_2025_2/abb/abb_ws/install/abb_gz_hardware/share/abb_gz_hardware/cmake/abb_gz_hardwareConfig-version.cmake
[0.692s] -- Up-to-date symlink: /home/eia/repo/rbi_2025_2/abb/abb_ws/install/abb_gz_hardware/share/abb_gz_hardware/package.xml
[0.739s] Invoked command in '/home/eia/repo/rbi_2025_2/abb/abb_ws/build/abb_gz_hardware' returned '0': CMAKE_PREFIX_PATH=${CMAKE_PREFIX_PATH}:/home/eia/repo/rbi_2025_2/abb/abb_ws/install/abb_path_controller:/home/eia/repo/rbi_2025_2/abb/abb_ws/install/abb_mujoco_python:/opt/ros/humble /usr/bin/cmake --install /home/eia/repo/rbi_2025_2/abb/abb_ws/build/abb_gz_hardware
