[0.421s] Invoking command in '/rov_ws/build/rov_mujoco_sim': CMAKE_PREFIX_PATH=${CMAKE_PREFIX_PATH}:/rov_ws/install/rov_position_controller:/rov_ws/install/rov_path_generator:/rov_ws/install/rov_path_follower:/rov_ws/install/rov_attitude_controller:/opt/ros/humble /usr/bin/cmake /rov_ws/src/rov_mujoco_sim -DAMENT_CMAKE_SYMLINK_INSTALL=1 -DCMAKE_INSTALL_PREFIX=/rov_ws/install/rov_mujoco_sim
[1.334s] -- Found ament_cmake: 1.3.12 (/opt/ros/humble/share/ament_cmake/cmake)
[1.334s] -- Override CMake install command with custom implementation using symlinks instead of copying resources
[1.334s] -- Found rclcpp: 16.0.14 (/opt/ros/humble/share/rclcpp/cmake)
[1.334s] -- Found rosidl_generator_c: 3.1.7 (/opt/ros/humble/share/rosidl_generator_c/cmake)
[1.334s] -- Found rosidl_adapter: 3.1.7 (/opt/ros/humble/share/rosidl_adapter/cmake)
[1.334s] -- Found rosidl_generator_cpp: 3.1.7 (/opt/ros/humble/share/rosidl_generator_cpp/cmake)
[1.334s] -- Using all available rosidl_typesupport_c: rosidl_typesupport_fastrtps_c;rosidl_typesupport_introspection_c
[1.334s] -- Using all available rosidl_typesupport_cpp: rosidl_typesupport_fastrtps_cpp;rosidl_typesupport_introspection_cpp
[1.334s] -- Found rmw_implementation_cmake: 6.1.2 (/opt/ros/humble/share/rmw_implementation_cmake/cmake)
[1.334s] -- Found rmw_fastrtps_cpp: 6.2.8 (/opt/ros/humble/share/rmw_fastrtps_cpp/cmake)
[1.334s] -- Using RMW implementation 'rmw_fastrtps_cpp' as default
[1.335s] -- Found rclcpp_lifecycle: 16.0.14 (/opt/ros/humble/share/rclcpp_lifecycle/cmake)
[1.335s] -- Found pluginlib: 5.1.0 (/opt/ros/humble/share/pluginlib/cmake)
[1.335s] -- Found geometry_msgs: 4.9.0 (/opt/ros/humble/share/geometry_msgs/cmake)
[1.335s] -- Found hardware_interface: 2.51.0 (/opt/ros/humble/share/hardware_interface/cmake)
[1.344s] -- Configuring done
[1.394s] -- Generating done
[1.406s] -- Build files have been written to: /rov_ws/build/rov_mujoco_sim
[1.672s] Invoked command in '/rov_ws/build/rov_mujoco_sim' returned '0': CMAKE_PREFIX_PATH=${CMAKE_PREFIX_PATH}:/rov_ws/install/rov_position_controller:/rov_ws/install/rov_path_generator:/rov_ws/install/rov_path_follower:/rov_ws/install/rov_attitude_controller:/opt/ros/humble /usr/bin/cmake /rov_ws/src/rov_mujoco_sim -DAMENT_CMAKE_SYMLINK_INSTALL=1 -DCMAKE_INSTALL_PREFIX=/rov_ws/install/rov_mujoco_sim
[1.673s] Invoking command in '/rov_ws/build/rov_mujoco_sim': CMAKE_PREFIX_PATH=${CMAKE_PREFIX_PATH}:/rov_ws/install/rov_position_controller:/rov_ws/install/rov_path_generator:/rov_ws/install/rov_path_follower:/rov_ws/install/rov_attitude_controller:/opt/ros/humble /usr/bin/cmake --build /rov_ws/build/rov_mujoco_sim -- -j12 -l12
[1.728s] [35m[1mConsolidate compiler generated dependencies of target rov_mujoco_sim_direct[0m
[1.733s] [35m[1mConsolidate compiler generated dependencies of target rov_mujoco_sim[0m
[1.762s] [ 25%] [32m[1mLinking CXX executable rov_mujoco_sim_direct[0m
[1.768s] [ 50%] [32mBuilding CXX object CMakeFiles/rov_mujoco_sim.dir/src/mujoco_sim_interface.cpp.o[0m
[2.869s] [ 75%] Built target rov_mujoco_sim_direct
[7.032s] [100%] [32m[1mLinking CXX shared library librov_mujoco_sim.so[0m
[7.196s] [100%] Built target rov_mujoco_sim
[7.209s] Invoked command in '/rov_ws/build/rov_mujoco_sim' returned '0': CMAKE_PREFIX_PATH=${CMAKE_PREFIX_PATH}:/rov_ws/install/rov_position_controller:/rov_ws/install/rov_path_generator:/rov_ws/install/rov_path_follower:/rov_ws/install/rov_attitude_controller:/opt/ros/humble /usr/bin/cmake --build /rov_ws/build/rov_mujoco_sim -- -j12 -l12
[7.212s] Invoking command in '/rov_ws/build/rov_mujoco_sim': CMAKE_PREFIX_PATH=${CMAKE_PREFIX_PATH}:/rov_ws/install/rov_position_controller:/rov_ws/install/rov_path_generator:/rov_ws/install/rov_path_follower:/rov_ws/install/rov_attitude_controller:/opt/ros/humble /usr/bin/cmake --install /rov_ws/build/rov_mujoco_sim
[7.221s] -- Install configuration: ""
[7.222s] -- Execute custom install script
[7.222s] -- Symlinking: /rov_ws/install/rov_mujoco_sim/share/rov_mujoco_sim//rov_hardware_interface.xml
[7.231s] -- Symlinking: /rov_ws/install/rov_mujoco_sim/lib/librov_mujoco_sim.so
[7.241s] -- Symlinking: /rov_ws/install/rov_mujoco_sim/include/include/rov_sim/mujoco_interface.hpp
[7.248s] -- Symlinking: /rov_ws/install/rov_mujoco_sim/include/include/rov_sim/mujoco_sim_interface.hpp
[7.255s] -- Symlinking: /rov_ws/install/rov_mujoco_sim/share/rov_mujoco_sim/environment/library_path.sh
[7.262s] -- Symlinking: /rov_ws/install/rov_mujoco_sim/share/rov_mujoco_sim/environment/library_path.dsv
[7.270s] -- Symlinking: /rov_ws/install/rov_mujoco_sim/lib/rov_mujoco_sim/rov_mujoco_sim_direct
[7.277s] -- Symlinking: /rov_ws/install/rov_mujoco_sim/share/ament_index/resource_index/package_run_dependencies/rov_mujoco_sim
[7.284s] -- Symlinking: /rov_ws/install/rov_mujoco_sim/share/ament_index/resource_index/parent_prefix_path/rov_mujoco_sim
[7.291s] -- Symlinking: /rov_ws/install/rov_mujoco_sim/share/rov_mujoco_sim/environment/ament_prefix_path.sh
[7.301s] -- Symlinking: /rov_ws/install/rov_mujoco_sim/share/rov_mujoco_sim/environment/ament_prefix_path.dsv
[7.312s] -- Symlinking: /rov_ws/install/rov_mujoco_sim/share/rov_mujoco_sim/environment/path.sh
[7.323s] -- Symlinking: /rov_ws/install/rov_mujoco_sim/share/rov_mujoco_sim/environment/path.dsv
[7.332s] -- Symlinking: /rov_ws/install/rov_mujoco_sim/share/rov_mujoco_sim/local_setup.bash
[7.340s] -- Symlinking: /rov_ws/install/rov_mujoco_sim/share/rov_mujoco_sim/local_setup.sh
[7.347s] -- Symlinking: /rov_ws/install/rov_mujoco_sim/share/rov_mujoco_sim/local_setup.zsh
[7.356s] -- Symlinking: /rov_ws/install/rov_mujoco_sim/share/rov_mujoco_sim/local_setup.dsv
[7.363s] -- Symlinking: /rov_ws/install/rov_mujoco_sim/share/rov_mujoco_sim/package.dsv
[7.370s] -- Symlinking: /rov_ws/install/rov_mujoco_sim/share/ament_index/resource_index/packages/rov_mujoco_sim
[7.377s] -- Symlinking: /rov_ws/install/rov_mujoco_sim/share/ament_index/resource_index/hardware_interface__pluginlib__plugin/rov_mujoco_sim
[7.387s] -- Symlinking: /rov_ws/install/rov_mujoco_sim/share/rov_mujoco_sim/cmake/ament_cmake_export_libraries-extras.cmake
[7.396s] -- Symlinking: /rov_ws/install/rov_mujoco_sim/share/rov_mujoco_sim/cmake/ament_cmake_export_dependencies-extras.cmake
[7.408s] -- Symlinking: /rov_ws/install/rov_mujoco_sim/share/rov_mujoco_sim/cmake/rov_mujoco_simConfig.cmake
[7.417s] -- Symlinking: /rov_ws/install/rov_mujoco_sim/share/rov_mujoco_sim/cmake/rov_mujoco_simConfig-version.cmake
[7.424s] -- Symlinking: /rov_ws/install/rov_mujoco_sim/share/rov_mujoco_sim/package.xml
[7.434s] Invoked command in '/rov_ws/build/rov_mujoco_sim' returned '0': CMAKE_PREFIX_PATH=${CMAKE_PREFIX_PATH}:/rov_ws/install/rov_position_controller:/rov_ws/install/rov_path_generator:/rov_ws/install/rov_path_follower:/rov_ws/install/rov_attitude_controller:/opt/ros/humble /usr/bin/cmake --install /rov_ws/build/rov_mujoco_sim
