[1.136s] Invoking command in '/home/eia/repo/rbi_2025_2/scara/scara_ws/build/scara_mujoco': PYTHONPATH=/home/eia/repo/rbi_2025_2/scara/scara_ws/build/scara_mujoco/prefix_override:/home/eia/.local/lib/python3.10/site-packages/colcon_core/task/python/colcon_distutils_commands:/home/eia/repo/rbi_2025_2/scara/scara_ws/install/scara_mujoco/lib/python3.10/site-packages:${PYTHONPATH} /usr/bin/python3 -W ignore:setup.py install is deprecated -W ignore:easy_install command is deprecated setup.py develop --editable --build-directory /home/eia/repo/rbi_2025_2/scara/scara_ws/build/scara_mujoco/build --no-deps symlink_data --force
[1.437s] running develop
[1.651s] running egg_info
[1.651s] writing scara_mujoco.egg-info/PKG-INFO
[1.651s] writing dependency_links to scara_mujoco.egg-info/dependency_links.txt
[1.651s] writing entry points to scara_mujoco.egg-info/entry_points.txt
[1.651s] writing requirements to scara_mujoco.egg-info/requires.txt
[1.651s] writing top-level names to scara_mujoco.egg-info/top_level.txt
[1.653s] reading manifest file 'scara_mujoco.egg-info/SOURCES.txt'
[1.653s] writing manifest file 'scara_mujoco.egg-info/SOURCES.txt'
[1.693s] running build_ext
[1.694s] Creating /home/eia/repo/rbi_2025_2/scara/scara_ws/install/scara_mujoco/lib/python3.10/site-packages/scara-mujoco.egg-link (link to .)
[1.694s] Installing scara_sim_mujoco script to /home/eia/repo/rbi_2025_2/scara/scara_ws/install/scara_mujoco/lib/scara_mujoco
[1.694s] 
[1.694s] Installed /home/eia/repo/rbi_2025_2/scara/scara_ws/build/scara_mujoco
[1.695s] running symlink_data
[1.695s] symbolically linking /home/eia/repo/rbi_2025_2/scara/scara_ws/build/scara_mujoco/resource/scara_mujoco -> /home/eia/repo/rbi_2025_2/scara/scara_ws/install/scara_mujoco/share/ament_index/resource_index/packages
[1.695s] symbolically linking /home/eia/repo/rbi_2025_2/scara/scara_ws/build/scara_mujoco/package.xml -> /home/eia/repo/rbi_2025_2/scara/scara_ws/install/scara_mujoco/share/scara_mujoco
[1.695s] symbolically linking /home/eia/repo/rbi_2025_2/scara/scara_ws/build/scara_mujoco/descriptions/basic_scenario.xml -> /home/eia/repo/rbi_2025_2/scara/scara_ws/install/scara_mujoco/share/scara_mujoco/descriptions
[1.720s] Invoked command in '/home/eia/repo/rbi_2025_2/scara/scara_ws/build/scara_mujoco' returned '0': PYTHONPATH=/home/eia/repo/rbi_2025_2/scara/scara_ws/build/scara_mujoco/prefix_override:/home/eia/.local/lib/python3.10/site-packages/colcon_core/task/python/colcon_distutils_commands:/home/eia/repo/rbi_2025_2/scara/scara_ws/install/scara_mujoco/lib/python3.10/site-packages:${PYTHONPATH} /usr/bin/python3 -W ignore:setup.py install is deprecated -W ignore:easy_install command is deprecated setup.py develop --editable --build-directory /home/eia/repo/rbi_2025_2/scara/scara_ws/build/scara_mujoco/build --no-deps symlink_data --force
