-- Install configuration: ""
-- Up-to-date: /home/eia/repo/rbi_2025_2/rov/rov_ws/install/rov_description/share/rov_description//urdf
-- Up-to-date: /home/eia/repo/rbi_2025_2/rov/rov_ws/install/rov_description/share/rov_description//urdf/common_properties.xacro
-- Up-to-date: /home/eia/repo/rbi_2025_2/rov/rov_ws/install/rov_description/share/rov_description//urdf/rov_description.urdf.xacro
-- Up-to-date: /home/eia/repo/rbi_2025_2/rov/rov_ws/install/rov_description/share/rov_description//launch
-- Up-to-date: /home/eia/repo/rbi_2025_2/rov/rov_ws/install/rov_description/share/rov_description//launch/display.launch.xml
-- Up-to-date: /home/eia/repo/rbi_2025_2/rov/rov_ws/install/rov_description/share/rov_description//rviz
-- Up-to-date: /home/eia/repo/rbi_2025_2/rov/rov_ws/install/rov_description/share/ament_index/resource_index/package_run_dependencies/rov_description
-- Up-to-date: /home/eia/repo/rbi_2025_2/rov/rov_ws/install/rov_description/share/ament_index/resource_index/parent_prefix_path/rov_description
-- Up-to-date: /home/eia/repo/rbi_2025_2/rov/rov_ws/install/rov_description/share/rov_description/environment/ament_prefix_path.sh
-- Up-to-date: /home/eia/repo/rbi_2025_2/rov/rov_ws/install/rov_description/share/rov_description/environment/ament_prefix_path.dsv
-- Up-to-date: /home/eia/repo/rbi_2025_2/rov/rov_ws/install/rov_description/share/rov_description/environment/path.sh
-- Up-to-date: /home/eia/repo/rbi_2025_2/rov/rov_ws/install/rov_description/share/rov_description/environment/path.dsv
-- Up-to-date: /home/eia/repo/rbi_2025_2/rov/rov_ws/install/rov_description/share/rov_description/local_setup.bash
-- Up-to-date: /home/eia/repo/rbi_2025_2/rov/rov_ws/install/rov_description/share/rov_description/local_setup.sh
-- Up-to-date: /home/eia/repo/rbi_2025_2/rov/rov_ws/install/rov_description/share/rov_description/local_setup.zsh
-- Up-to-date: /home/eia/repo/rbi_2025_2/rov/rov_ws/install/rov_description/share/rov_description/local_setup.dsv
-- Installing: /home/eia/repo/rbi_2025_2/rov/rov_ws/install/rov_description/share/rov_description/package.dsv
-- Up-to-date: /home/eia/repo/rbi_2025_2/rov/rov_ws/install/rov_description/share/ament_index/resource_index/packages/rov_description
-- Up-to-date: /home/eia/repo/rbi_2025_2/rov/rov_ws/install/rov_description/share/rov_description/cmake/rov_descriptionConfig.cmake
-- Up-to-date: /home/eia/repo/rbi_2025_2/rov/rov_ws/install/rov_description/share/rov_description/cmake/rov_descriptionConfig-version.cmake
-- Up-to-date: /home/eia/repo/rbi_2025_2/rov/rov_ws/install/rov_description/share/rov_description/package.xml
