running develop
Removing /rov_ws/install/rov_path_follower/lib/python3.10/site-packages/rov-path-follower.egg-link (link to .)
running egg_info
writing ../../build/rov_path_follower/rov_path_follower.egg-info/PKG-INFO
writing dependency_links to ../../build/rov_path_follower/rov_path_follower.egg-info/dependency_links.txt
writing entry points to ../../build/rov_path_follower/rov_path_follower.egg-info/entry_points.txt
writing requirements to ../../build/rov_path_follower/rov_path_follower.egg-info/requires.txt
writing top-level names to ../../build/rov_path_follower/rov_path_follower.egg-info/top_level.txt
reading manifest file '../../build/rov_path_follower/rov_path_follower.egg-info/SOURCES.txt'
writing manifest file '../../build/rov_path_follower/rov_path_follower.egg-info/SOURCES.txt'
running build
running build_py
running install
running install_lib
creating /rov_ws/install/rov_path_follower/lib/python3.10/site-packages/rov_path_follower
copying /rov_ws/build/rov_path_follower/build/lib/rov_path_follower/rov_path_follower.py -> /rov_ws/install/rov_path_follower/lib/python3.10/site-packages/rov_path_follower
copying /rov_ws/build/rov_path_follower/build/lib/rov_path_follower/__init__.py -> /rov_ws/install/rov_path_follower/lib/python3.10/site-packages/rov_path_follower
byte-compiling /rov_ws/install/rov_path_follower/lib/python3.10/site-packages/rov_path_follower/rov_path_follower.py to rov_path_follower.cpython-310.pyc
byte-compiling /rov_ws/install/rov_path_follower/lib/python3.10/site-packages/rov_path_follower/__init__.py to __init__.cpython-310.pyc
running install_data
copying resource/rov_path_follower -> /rov_ws/install/rov_path_follower/share/ament_index/resource_index/packages
copying package.xml -> /rov_ws/install/rov_path_follower/share/rov_path_follower
running install_egg_info
Copying ../../build/rov_path_follower/rov_path_follower.egg-info to /rov_ws/install/rov_path_follower/lib/python3.10/site-packages/rov_path_follower-0.0.0-py3.10.egg-info
running install_scripts
Installing rov_path_follower script to /rov_ws/install/rov_path_follower/lib/rov_path_follower
writing list of installed files to '/rov_ws/build/rov_path_follower/install.log'
