-- Install configuration: ""
-- Installing: /rov_ws/install/rov_mujoco_bringup/share/rov_mujoco_bringup//config
-- Installing: /rov_ws/install/rov_mujoco_bringup/share/rov_mujoco_bringup//config/rov_controllers.yaml
-- Installing: /rov_ws/install/rov_mujoco_bringup/share/rov_mujoco_bringup//launch
-- Installing: /rov_ws/install/rov_mujoco_bringup/share/rov_mujoco_bringup//launch/rov_bringup_launch.launch.xml
-- Installing: /rov_ws/install/rov_mujoco_bringup/share/ament_index/resource_index/package_run_dependencies/rov_mujoco_bringup
-- Installing: /rov_ws/install/rov_mujoco_bringup/share/ament_index/resource_index/parent_prefix_path/rov_mujoco_bringup
-- Installing: /rov_ws/install/rov_mujoco_bringup/share/rov_mujoco_bringup/environment/ament_prefix_path.sh
-- Installing: /rov_ws/install/rov_mujoco_bringup/share/rov_mujoco_bringup/environment/ament_prefix_path.dsv
-- Installing: /rov_ws/install/rov_mujoco_bringup/share/rov_mujoco_bringup/environment/path.sh
-- Installing: /rov_ws/install/rov_mujoco_bringup/share/rov_mujoco_bringup/environment/path.dsv
-- Installing: /rov_ws/install/rov_mujoco_bringup/share/rov_mujoco_bringup/local_setup.bash
-- Installing: /rov_ws/install/rov_mujoco_bringup/share/rov_mujoco_bringup/local_setup.sh
-- Installing: /rov_ws/install/rov_mujoco_bringup/share/rov_mujoco_bringup/local_setup.zsh
-- Installing: /rov_ws/install/rov_mujoco_bringup/share/rov_mujoco_bringup/local_setup.dsv
-- Installing: /rov_ws/install/rov_mujoco_bringup/share/rov_mujoco_bringup/package.dsv
-- Installing: /rov_ws/install/rov_mujoco_bringup/share/ament_index/resource_index/packages/rov_mujoco_bringup
-- Installing: /rov_ws/install/rov_mujoco_bringup/share/rov_mujoco_bringup/cmake/rov_mujoco_bringupConfig.cmake
-- Installing: /rov_ws/install/rov_mujoco_bringup/share/rov_mujoco_bringup/cmake/rov_mujoco_bringupConfig-version.cmake
-- Installing: /rov_ws/install/rov_mujoco_bringup/share/rov_mujoco_bringup/package.xml
