[2.238s] Invoking command in '/home/eia/repo/rbi_2025_2/rov/rov_ws/build/rov_path_follower': PYTHONPATH=/home/eia/repo/rbi_2025_2/rov/rov_ws/build/rov_path_follower/prefix_override:/home/eia/.local/lib/python3.10/site-packages/colcon_core/task/python/colcon_distutils_commands:/home/eia/repo/rbi_2025_2/rov/rov_ws/install/rov_path_follower/lib/python3.10/site-packages:${PYTHONPATH} /usr/bin/python3 -W ignore:setup.py install is deprecated -W ignore:easy_install command is deprecated setup.py develop --editable --build-directory /home/eia/repo/rbi_2025_2/rov/rov_ws/build/rov_path_follower/build --no-deps symlink_data
[2.771s] running develop
[2.989s] running egg_info
[2.989s] creating rov_path_follower.egg-info
[2.989s] writing rov_path_follower.egg-info/PKG-INFO
[2.989s] writing dependency_links to rov_path_follower.egg-info/dependency_links.txt
[2.989s] writing entry points to rov_path_follower.egg-info/entry_points.txt
[2.989s] writing requirements to rov_path_follower.egg-info/requires.txt
[2.989s] writing top-level names to rov_path_follower.egg-info/top_level.txt
[2.989s] writing manifest file 'rov_path_follower.egg-info/SOURCES.txt'
[2.991s] reading manifest file 'rov_path_follower.egg-info/SOURCES.txt'
[2.991s] writing manifest file 'rov_path_follower.egg-info/SOURCES.txt'
[3.035s] running build_ext
[3.035s] Creating /home/eia/repo/rbi_2025_2/rov/rov_ws/install/rov_path_follower/lib/python3.10/site-packages/rov-path-follower.egg-link (link to .)
[3.036s] Installing rov_path_generator script to /home/eia/repo/rbi_2025_2/rov/rov_ws/install/rov_path_follower/lib/rov_path_follower
[3.036s] 
[3.036s] Installed /home/eia/repo/rbi_2025_2/rov/rov_ws/build/rov_path_follower
[3.036s] running symlink_data
[3.037s] creating /home/eia/repo/rbi_2025_2/rov/rov_ws/install/rov_path_follower/share/ament_index
[3.037s] creating /home/eia/repo/rbi_2025_2/rov/rov_ws/install/rov_path_follower/share/ament_index/resource_index
[3.037s] creating /home/eia/repo/rbi_2025_2/rov/rov_ws/install/rov_path_follower/share/ament_index/resource_index/packages
[3.037s] symbolically linking /home/eia/repo/rbi_2025_2/rov/rov_ws/build/rov_path_follower/resource/rov_path_follower -> /home/eia/repo/rbi_2025_2/rov/rov_ws/install/rov_path_follower/share/ament_index/resource_index/packages
[3.037s] symbolically linking /home/eia/repo/rbi_2025_2/rov/rov_ws/build/rov_path_follower/package.xml -> /home/eia/repo/rbi_2025_2/rov/rov_ws/install/rov_path_follower/share/rov_path_follower
[3.037s] creating /home/eia/repo/rbi_2025_2/rov/rov_ws/install/rov_path_follower/share/rov_path_follower/launch
[3.037s] creating /home/eia/repo/rbi_2025_2/rov/rov_ws/install/rov_path_follower/share/rov_path_follower/descriptions
[3.037s] creating /home/eia/repo/rbi_2025_2/rov/rov_ws/install/rov_path_follower/share/rov_path_follower/config
[3.095s] Invoked command in '/home/eia/repo/rbi_2025_2/rov/rov_ws/build/rov_path_follower' returned '0': PYTHONPATH=/home/eia/repo/rbi_2025_2/rov/rov_ws/build/rov_path_follower/prefix_override:/home/eia/.local/lib/python3.10/site-packages/colcon_core/task/python/colcon_distutils_commands:/home/eia/repo/rbi_2025_2/rov/rov_ws/install/rov_path_follower/lib/python3.10/site-packages:${PYTHONPATH} /usr/bin/python3 -W ignore:setup.py install is deprecated -W ignore:easy_install command is deprecated setup.py develop --editable --build-directory /home/eia/repo/rbi_2025_2/rov/rov_ws/build/rov_path_follower/build --no-deps symlink_data
