-- The C compiler identification is GNU 11.4.0
-- The CXX compiler identification is GNU 11.4.0
-- Detecting C compiler ABI info
-- Detecting C compiler ABI info - done
-- Check for working C compiler: /usr/bin/cc - skipped
-- Detecting C compile features
-- Detecting C compile features - done
-- Detecting CXX compiler ABI info
-- Detecting CXX compiler ABI info - done
-- Check for working CXX compiler: /usr/bin/c++ - skipped
-- Detecting CXX compile features
-- Detecting CXX compile features - done
-- Found ament_cmake: 1.3.12 (/opt/ros/humble/share/ament_cmake/cmake)
-- Found Python3: /usr/bin/python3 (found version "3.10.12") found components: Interpreter 
-- Configuring done
-- Generating done
-- Build files have been written to: /abb_ws/build/abb_gz_description
-- Install configuration: ""
-- Installing: /abb_ws/install/abb_gz_description/share/abb_gz_description//urdf
-- Installing: /abb_ws/install/abb_gz_description/share/abb_gz_description//urdf/irb140.urdf.xacro
-- Installing: /abb_ws/install/abb_gz_description/share/abb_gz_description//urdf/common_properties.xacro
-- Installing: /abb_ws/install/abb_gz_description/share/abb_gz_description//urdf/irb140_description.xacro
-- Installing: /abb_ws/install/abb_gz_description/share/abb_gz_description//launch
-- Installing: /abb_ws/install/abb_gz_description/share/abb_gz_description//launch/display.launch.xml
-- Installing: /abb_ws/install/abb_gz_description/share/abb_gz_description//meshes
-- Installing: /abb_ws/install/abb_gz_description/share/abb_gz_description//meshes/irb140
-- Installing: /abb_ws/install/abb_gz_description/share/abb_gz_description//meshes/irb140/visual
-- Installing: /abb_ws/install/abb_gz_description/share/abb_gz_description//meshes/irb140/visual/link_2.stl
-- Installing: /abb_ws/install/abb_gz_description/share/abb_gz_description//meshes/irb140/visual/link_6.stl
-- Installing: /abb_ws/install/abb_gz_description/share/abb_gz_description//meshes/irb140/visual/link_3.stl
-- Installing: /abb_ws/install/abb_gz_description/share/abb_gz_description//meshes/irb140/visual/link_5.stl
-- Installing: /abb_ws/install/abb_gz_description/share/abb_gz_description//meshes/irb140/visual/link_4.stl
-- Installing: /abb_ws/install/abb_gz_description/share/abb_gz_description//meshes/irb140/visual/base_link.stl
-- Installing: /abb_ws/install/abb_gz_description/share/abb_gz_description//meshes/irb140/visual/link_1.stl
-- Installing: /abb_ws/install/abb_gz_description/share/abb_gz_description//meshes/irb140/collision
-- Installing: /abb_ws/install/abb_gz_description/share/abb_gz_description//meshes/irb140/collision/link_2.stl
-- Installing: /abb_ws/install/abb_gz_description/share/abb_gz_description//meshes/irb140/collision/link_6.stl
-- Installing: /abb_ws/install/abb_gz_description/share/abb_gz_description//meshes/irb140/collision/link_3.stl
-- Installing: /abb_ws/install/abb_gz_description/share/abb_gz_description//meshes/irb140/collision/link_5.stl
-- Installing: /abb_ws/install/abb_gz_description/share/abb_gz_description//meshes/irb140/collision/link_4.stl
-- Installing: /abb_ws/install/abb_gz_description/share/abb_gz_description//meshes/irb140/collision/base_link.stl
-- Installing: /abb_ws/install/abb_gz_description/share/abb_gz_description//meshes/irb140/collision/link_1.stl
-- Installing: /abb_ws/install/abb_gz_description/share/ament_index/resource_index/package_run_dependencies/abb_gz_description
-- Installing: /abb_ws/install/abb_gz_description/share/ament_index/resource_index/parent_prefix_path/abb_gz_description
-- Installing: /abb_ws/install/abb_gz_description/share/abb_gz_description/environment/ament_prefix_path.sh
-- Installing: /abb_ws/install/abb_gz_description/share/abb_gz_description/environment/ament_prefix_path.dsv
-- Installing: /abb_ws/install/abb_gz_description/share/abb_gz_description/environment/path.sh
-- Installing: /abb_ws/install/abb_gz_description/share/abb_gz_description/environment/path.dsv
-- Installing: /abb_ws/install/abb_gz_description/share/abb_gz_description/local_setup.bash
-- Installing: /abb_ws/install/abb_gz_description/share/abb_gz_description/local_setup.sh
-- Installing: /abb_ws/install/abb_gz_description/share/abb_gz_description/local_setup.zsh
-- Installing: /abb_ws/install/abb_gz_description/share/abb_gz_description/local_setup.dsv
-- Installing: /abb_ws/install/abb_gz_description/share/abb_gz_description/package.dsv
-- Installing: /abb_ws/install/abb_gz_description/share/ament_index/resource_index/packages/abb_gz_description
-- Installing: /abb_ws/install/abb_gz_description/share/abb_gz_description/cmake/abb_gz_descriptionConfig.cmake
-- Installing: /abb_ws/install/abb_gz_description/share/abb_gz_description/cmake/abb_gz_descriptionConfig-version.cmake
-- Installing: /abb_ws/install/abb_gz_description/share/abb_gz_description/package.xml
