[0.043s] Invoking command in '/abb_ws/build/abb_gz_description': CMAKE_PREFIX_PATH=/opt/ros/humble /usr/bin/cmake /abb_ws/src/abb_gz_description -DCMAKE_INSTALL_PREFIX=/abb_ws/install/abb_gz_description
[1.071s] -- The C compiler identification is GNU 11.4.0
[1.072s] -- The CXX compiler identification is GNU 11.4.0
[1.073s] -- Detecting C compiler ABI info
[1.073s] -- Detecting C compiler ABI info - done
[1.073s] -- Check for working C compiler: /usr/bin/cc - skipped
[1.073s] -- Detecting C compile features
[1.073s] -- Detecting C compile features - done
[1.073s] -- Detecting CXX compiler ABI info
[1.073s] -- Detecting CXX compiler ABI info - done
[1.073s] -- Check for working CXX compiler: /usr/bin/c++ - skipped
[1.073s] -- Detecting CXX compile features
[1.073s] -- Detecting CXX compile features - done
[1.074s] -- Found ament_cmake: 1.3.12 (/opt/ros/humble/share/ament_cmake/cmake)
[1.074s] -- Found Python3: /usr/bin/python3 (found version "3.10.12") found components: Interpreter 
[1.074s] -- Configuring done
[1.074s] -- Generating done
[1.074s] -- Build files have been written to: /abb_ws/build/abb_gz_description
[1.091s] Invoked command in '/abb_ws/build/abb_gz_description' returned '0': CMAKE_PREFIX_PATH=/opt/ros/humble /usr/bin/cmake /abb_ws/src/abb_gz_description -DCMAKE_INSTALL_PREFIX=/abb_ws/install/abb_gz_description
[1.091s] Invoking command in '/abb_ws/build/abb_gz_description': CMAKE_PREFIX_PATH=/opt/ros/humble /usr/bin/cmake --build /abb_ws/build/abb_gz_description -- -j12 -l12
[1.136s] Invoked command in '/abb_ws/build/abb_gz_description' returned '0': CMAKE_PREFIX_PATH=/opt/ros/humble /usr/bin/cmake --build /abb_ws/build/abb_gz_description -- -j12 -l12
[1.152s] Invoking command in '/abb_ws/build/abb_gz_description': CMAKE_PREFIX_PATH=/opt/ros/humble /usr/bin/cmake --install /abb_ws/build/abb_gz_description
[1.163s] -- Install configuration: ""
[1.164s] -- Installing: /abb_ws/install/abb_gz_description/share/abb_gz_description//urdf
[1.164s] -- Installing: /abb_ws/install/abb_gz_description/share/abb_gz_description//urdf/irb140.urdf.xacro
[1.164s] -- Installing: /abb_ws/install/abb_gz_description/share/abb_gz_description//urdf/common_properties.xacro
[1.165s] -- Installing: /abb_ws/install/abb_gz_description/share/abb_gz_description//urdf/irb140_description.xacro
[1.165s] -- Installing: /abb_ws/install/abb_gz_description/share/abb_gz_description//launch
[1.165s] -- Installing: /abb_ws/install/abb_gz_description/share/abb_gz_description//launch/display.launch.xml
[1.165s] -- Installing: /abb_ws/install/abb_gz_description/share/abb_gz_description//meshes
[1.165s] -- Installing: /abb_ws/install/abb_gz_description/share/abb_gz_description//meshes/irb140
[1.165s] -- Installing: /abb_ws/install/abb_gz_description/share/abb_gz_description//meshes/irb140/visual
[1.166s] -- Installing: /abb_ws/install/abb_gz_description/share/abb_gz_description//meshes/irb140/visual/link_2.stl
[1.166s] -- Installing: /abb_ws/install/abb_gz_description/share/abb_gz_description//meshes/irb140/visual/link_6.stl
[1.167s] -- Installing: /abb_ws/install/abb_gz_description/share/abb_gz_description//meshes/irb140/visual/link_3.stl
[1.172s] -- Installing: /abb_ws/install/abb_gz_description/share/abb_gz_description//meshes/irb140/visual/link_5.stl
[1.173s] -- Installing: /abb_ws/install/abb_gz_description/share/abb_gz_description//meshes/irb140/visual/link_4.stl
[1.175s] -- Installing: /abb_ws/install/abb_gz_description/share/abb_gz_description//meshes/irb140/visual/base_link.stl
[1.180s] -- Installing: /abb_ws/install/abb_gz_description/share/abb_gz_description//meshes/irb140/visual/link_1.stl
[1.180s] -- Installing: /abb_ws/install/abb_gz_description/share/abb_gz_description//meshes/irb140/collision
[1.181s] -- Installing: /abb_ws/install/abb_gz_description/share/abb_gz_description//meshes/irb140/collision/link_2.stl
[1.183s] -- Installing: /abb_ws/install/abb_gz_description/share/abb_gz_description//meshes/irb140/collision/link_6.stl
[1.184s] -- Installing: /abb_ws/install/abb_gz_description/share/abb_gz_description//meshes/irb140/collision/link_3.stl
[1.187s] -- Installing: /abb_ws/install/abb_gz_description/share/abb_gz_description//meshes/irb140/collision/link_5.stl
[1.187s] -- Installing: /abb_ws/install/abb_gz_description/share/abb_gz_description//meshes/irb140/collision/link_4.stl
[1.188s] -- Installing: /abb_ws/install/abb_gz_description/share/abb_gz_description//meshes/irb140/collision/base_link.stl
[1.188s] -- Installing: /abb_ws/install/abb_gz_description/share/abb_gz_description//meshes/irb140/collision/link_1.stl
[1.188s] -- Installing: /abb_ws/install/abb_gz_description/share/ament_index/resource_index/package_run_dependencies/abb_gz_description
[1.188s] -- Installing: /abb_ws/install/abb_gz_description/share/ament_index/resource_index/parent_prefix_path/abb_gz_description
[1.188s] -- Installing: /abb_ws/install/abb_gz_description/share/abb_gz_description/environment/ament_prefix_path.sh
[1.189s] -- Installing: /abb_ws/install/abb_gz_description/share/abb_gz_description/environment/ament_prefix_path.dsv
[1.189s] -- Installing: /abb_ws/install/abb_gz_description/share/abb_gz_description/environment/path.sh
[1.189s] -- Installing: /abb_ws/install/abb_gz_description/share/abb_gz_description/environment/path.dsv
[1.189s] -- Installing: /abb_ws/install/abb_gz_description/share/abb_gz_description/local_setup.bash
[1.190s] -- Installing: /abb_ws/install/abb_gz_description/share/abb_gz_description/local_setup.sh
[1.190s] -- Installing: /abb_ws/install/abb_gz_description/share/abb_gz_description/local_setup.zsh
[1.190s] -- Installing: /abb_ws/install/abb_gz_description/share/abb_gz_description/local_setup.dsv
[1.190s] -- Installing: /abb_ws/install/abb_gz_description/share/abb_gz_description/package.dsv
[1.190s] -- Installing: /abb_ws/install/abb_gz_description/share/ament_index/resource_index/packages/abb_gz_description
[1.190s] -- Installing: /abb_ws/install/abb_gz_description/share/abb_gz_description/cmake/abb_gz_descriptionConfig.cmake
[1.190s] -- Installing: /abb_ws/install/abb_gz_description/share/abb_gz_description/cmake/abb_gz_descriptionConfig-version.cmake
[1.191s] -- Installing: /abb_ws/install/abb_gz_description/share/abb_gz_description/package.xml
[1.246s] Invoked command in '/abb_ws/build/abb_gz_description' returned '0': CMAKE_PREFIX_PATH=/opt/ros/humble /usr/bin/cmake --install /abb_ws/build/abb_gz_description
