-- Found ament_cmake: 1.3.12 (/opt/ros/humble/share/ament_cmake/cmake)
-- Override CMake install command with custom implementation using symlinks instead of copying resources
-- Configuring done
-- Generating done
-- Build files have been written to: /rov_ws/build/rov_mujoco_description
-- Install configuration: ""
-- Execute custom install script
-- Up-to-date symlink: /rov_ws/install/rov_mujoco_description/share/rov_mujoco_description//urdf/common_properties.xacro
-- Up-to-date symlink: /rov_ws/install/rov_mujoco_description/share/rov_mujoco_description//urdf/rov_description.urdf.xacro
-- Up-to-date symlink: /rov_ws/install/rov_mujoco_description/share/rov_mujoco_description//launch/display.launch.xml
-- Up-to-date symlink: /rov_ws/install/rov_mujoco_description/share/ament_index/resource_index/package_run_dependencies/rov_mujoco_description
-- Up-to-date symlink: /rov_ws/install/rov_mujoco_description/share/ament_index/resource_index/parent_prefix_path/rov_mujoco_description
-- Up-to-date symlink: /rov_ws/install/rov_mujoco_description/share/rov_mujoco_description/environment/ament_prefix_path.sh
-- Up-to-date symlink: /rov_ws/install/rov_mujoco_description/share/rov_mujoco_description/environment/ament_prefix_path.dsv
-- Up-to-date symlink: /rov_ws/install/rov_mujoco_description/share/rov_mujoco_description/environment/path.sh
-- Up-to-date symlink: /rov_ws/install/rov_mujoco_description/share/rov_mujoco_description/environment/path.dsv
-- Up-to-date symlink: /rov_ws/install/rov_mujoco_description/share/rov_mujoco_description/local_setup.bash
-- Up-to-date symlink: /rov_ws/install/rov_mujoco_description/share/rov_mujoco_description/local_setup.sh
-- Up-to-date symlink: /rov_ws/install/rov_mujoco_description/share/rov_mujoco_description/local_setup.zsh
-- Up-to-date symlink: /rov_ws/install/rov_mujoco_description/share/rov_mujoco_description/local_setup.dsv
-- Symlinking: /rov_ws/install/rov_mujoco_description/share/rov_mujoco_description/package.dsv
-- Up-to-date symlink: /rov_ws/install/rov_mujoco_description/share/ament_index/resource_index/packages/rov_mujoco_description
-- Up-to-date symlink: /rov_ws/install/rov_mujoco_description/share/rov_mujoco_description/cmake/rov_mujoco_descriptionConfig.cmake
-- Up-to-date symlink: /rov_ws/install/rov_mujoco_description/share/rov_mujoco_description/cmake/rov_mujoco_descriptionConfig-version.cmake
-- Up-to-date symlink: /rov_ws/install/rov_mujoco_description/share/rov_mujoco_description/package.xml
