[0.420s] Invoking command in '/rov_ws/build/rov_mujoco_description': CMAKE_PREFIX_PATH=${CMAKE_PREFIX_PATH}:/rov_ws/install/rov_position_controller:/rov_ws/install/rov_path_generator:/rov_ws/install/rov_path_follower:/rov_ws/install/rov_attitude_controller:/opt/ros/humble /usr/bin/cmake /rov_ws/src/rov_mujoco_description -DCMAKE_INSTALL_PREFIX=/rov_ws/install/rov_mujoco_description
[1.268s] -- Found ament_cmake: 1.3.12 (/opt/ros/humble/share/ament_cmake/cmake)
[1.268s] -- Override CMake install command with custom implementation using symlinks instead of copying resources
[1.268s] -- Configuring done
[1.268s] -- Generating done
[1.268s] -- Build files have been written to: /rov_ws/build/rov_mujoco_description
[1.627s] Invoked command in '/rov_ws/build/rov_mujoco_description' returned '0': CMAKE_PREFIX_PATH=${CMAKE_PREFIX_PATH}:/rov_ws/install/rov_position_controller:/rov_ws/install/rov_path_generator:/rov_ws/install/rov_path_follower:/rov_ws/install/rov_attitude_controller:/opt/ros/humble /usr/bin/cmake /rov_ws/src/rov_mujoco_description -DCMAKE_INSTALL_PREFIX=/rov_ws/install/rov_mujoco_description
[1.629s] Invoking command in '/rov_ws/build/rov_mujoco_description': CMAKE_PREFIX_PATH=${CMAKE_PREFIX_PATH}:/rov_ws/install/rov_position_controller:/rov_ws/install/rov_path_generator:/rov_ws/install/rov_path_follower:/rov_ws/install/rov_attitude_controller:/opt/ros/humble /usr/bin/cmake --build /rov_ws/build/rov_mujoco_description -- -j12 -l12
[1.676s] Invoked command in '/rov_ws/build/rov_mujoco_description' returned '0': CMAKE_PREFIX_PATH=${CMAKE_PREFIX_PATH}:/rov_ws/install/rov_position_controller:/rov_ws/install/rov_path_generator:/rov_ws/install/rov_path_follower:/rov_ws/install/rov_attitude_controller:/opt/ros/humble /usr/bin/cmake --build /rov_ws/build/rov_mujoco_description -- -j12 -l12
[1.691s] Invoking command in '/rov_ws/build/rov_mujoco_description': CMAKE_PREFIX_PATH=${CMAKE_PREFIX_PATH}:/rov_ws/install/rov_position_controller:/rov_ws/install/rov_path_generator:/rov_ws/install/rov_path_follower:/rov_ws/install/rov_attitude_controller:/opt/ros/humble /usr/bin/cmake --install /rov_ws/build/rov_mujoco_description
[1.703s] -- Install configuration: ""
[1.703s] -- Execute custom install script
[1.704s] -- Up-to-date symlink: /rov_ws/install/rov_mujoco_description/share/rov_mujoco_description//urdf/common_properties.xacro
[1.704s] -- Up-to-date symlink: /rov_ws/install/rov_mujoco_description/share/rov_mujoco_description//urdf/rov_description.urdf.xacro
[1.704s] -- Up-to-date symlink: /rov_ws/install/rov_mujoco_description/share/rov_mujoco_description//launch/display.launch.xml
[1.705s] -- Up-to-date symlink: /rov_ws/install/rov_mujoco_description/share/ament_index/resource_index/package_run_dependencies/rov_mujoco_description
[1.705s] -- Up-to-date symlink: /rov_ws/install/rov_mujoco_description/share/ament_index/resource_index/parent_prefix_path/rov_mujoco_description
[1.705s] -- Up-to-date symlink: /rov_ws/install/rov_mujoco_description/share/rov_mujoco_description/environment/ament_prefix_path.sh
[1.706s] -- Up-to-date symlink: /rov_ws/install/rov_mujoco_description/share/rov_mujoco_description/environment/ament_prefix_path.dsv
[1.708s] -- Up-to-date symlink: /rov_ws/install/rov_mujoco_description/share/rov_mujoco_description/environment/path.sh
[1.708s] -- Up-to-date symlink: /rov_ws/install/rov_mujoco_description/share/rov_mujoco_description/environment/path.dsv
[1.708s] -- Up-to-date symlink: /rov_ws/install/rov_mujoco_description/share/rov_mujoco_description/local_setup.bash
[1.709s] -- Up-to-date symlink: /rov_ws/install/rov_mujoco_description/share/rov_mujoco_description/local_setup.sh
[1.709s] -- Up-to-date symlink: /rov_ws/install/rov_mujoco_description/share/rov_mujoco_description/local_setup.zsh
[1.709s] -- Up-to-date symlink: /rov_ws/install/rov_mujoco_description/share/rov_mujoco_description/local_setup.dsv
[1.709s] -- Symlinking: /rov_ws/install/rov_mujoco_description/share/rov_mujoco_description/package.dsv
[1.721s] -- Up-to-date symlink: /rov_ws/install/rov_mujoco_description/share/ament_index/resource_index/packages/rov_mujoco_description
[1.721s] -- Up-to-date symlink: /rov_ws/install/rov_mujoco_description/share/rov_mujoco_description/cmake/rov_mujoco_descriptionConfig.cmake
[1.722s] -- Up-to-date symlink: /rov_ws/install/rov_mujoco_description/share/rov_mujoco_description/cmake/rov_mujoco_descriptionConfig-version.cmake
[1.722s] -- Up-to-date symlink: /rov_ws/install/rov_mujoco_description/share/rov_mujoco_description/package.xml
[1.725s] Invoked command in '/rov_ws/build/rov_mujoco_description' returned '0': CMAKE_PREFIX_PATH=${CMAKE_PREFIX_PATH}:/rov_ws/install/rov_position_controller:/rov_ws/install/rov_path_generator:/rov_ws/install/rov_path_follower:/rov_ws/install/rov_attitude_controller:/opt/ros/humble /usr/bin/cmake --install /rov_ws/build/rov_mujoco_description
