[0.016s] Invoking command in '/home/eia/repo/rbi_2025_2/rov/rov_ws/build/rov_mujoco_description': CMAKE_PREFIX_PATH=${CMAKE_PREFIX_PATH}:/home/eia/repo/rbi_2025_2/scara/scara_ws/install/scara_mujoco:/opt/ros/humble /usr/bin/cmake --build /home/eia/repo/rbi_2025_2/rov/rov_ws/build/rov_mujoco_description -- -j12 -l12
[0.045s] Invoked command in '/home/eia/repo/rbi_2025_2/rov/rov_ws/build/rov_mujoco_description' returned '0': CMAKE_PREFIX_PATH=${CMAKE_PREFIX_PATH}:/home/eia/repo/rbi_2025_2/scara/scara_ws/install/scara_mujoco:/opt/ros/humble /usr/bin/cmake --build /home/eia/repo/rbi_2025_2/rov/rov_ws/build/rov_mujoco_description -- -j12 -l12
[0.052s] Invoking command in '/home/eia/repo/rbi_2025_2/rov/rov_ws/build/rov_mujoco_description': CMAKE_PREFIX_PATH=${CMAKE_PREFIX_PATH}:/home/eia/repo/rbi_2025_2/scara/scara_ws/install/scara_mujoco:/opt/ros/humble /usr/bin/cmake --install /home/eia/repo/rbi_2025_2/rov/rov_ws/build/rov_mujoco_description
[0.057s] -- Install configuration: ""
[0.057s] -- Up-to-date: /home/eia/repo/rbi_2025_2/rov/rov_ws/install/rov_mujoco_description/share/rov_mujoco_description//urdf
[0.057s] -- Up-to-date: /home/eia/repo/rbi_2025_2/rov/rov_ws/install/rov_mujoco_description/share/rov_mujoco_description//urdf/common_properties.xacro
[0.058s] -- Up-to-date: /home/eia/repo/rbi_2025_2/rov/rov_ws/install/rov_mujoco_description/share/rov_mujoco_description//urdf/rov_description.urdf.xacro
[0.058s] -- Up-to-date: /home/eia/repo/rbi_2025_2/rov/rov_ws/install/rov_mujoco_description/share/rov_mujoco_description//launch
[0.058s] -- Up-to-date: /home/eia/repo/rbi_2025_2/rov/rov_ws/install/rov_mujoco_description/share/rov_mujoco_description//launch/display.launch.xml
[0.058s] -- Up-to-date: /home/eia/repo/rbi_2025_2/rov/rov_ws/install/rov_mujoco_description/share/rov_mujoco_description//rviz
[0.058s] -- Up-to-date: /home/eia/repo/rbi_2025_2/rov/rov_ws/install/rov_mujoco_description/share/ament_index/resource_index/package_run_dependencies/rov_mujoco_description
[0.058s] -- Up-to-date: /home/eia/repo/rbi_2025_2/rov/rov_ws/install/rov_mujoco_description/share/ament_index/resource_index/parent_prefix_path/rov_mujoco_description
[0.058s] -- Up-to-date: /home/eia/repo/rbi_2025_2/rov/rov_ws/install/rov_mujoco_description/share/rov_mujoco_description/environment/ament_prefix_path.sh
[0.058s] -- Up-to-date: /home/eia/repo/rbi_2025_2/rov/rov_ws/install/rov_mujoco_description/share/rov_mujoco_description/environment/ament_prefix_path.dsv
[0.058s] -- Up-to-date: /home/eia/repo/rbi_2025_2/rov/rov_ws/install/rov_mujoco_description/share/rov_mujoco_description/environment/path.sh
[0.058s] -- Up-to-date: /home/eia/repo/rbi_2025_2/rov/rov_ws/install/rov_mujoco_description/share/rov_mujoco_description/environment/path.dsv
[0.058s] -- Up-to-date: /home/eia/repo/rbi_2025_2/rov/rov_ws/install/rov_mujoco_description/share/rov_mujoco_description/local_setup.bash
[0.058s] -- Up-to-date: /home/eia/repo/rbi_2025_2/rov/rov_ws/install/rov_mujoco_description/share/rov_mujoco_description/local_setup.sh
[0.058s] -- Up-to-date: /home/eia/repo/rbi_2025_2/rov/rov_ws/install/rov_mujoco_description/share/rov_mujoco_description/local_setup.zsh
[0.058s] -- Up-to-date: /home/eia/repo/rbi_2025_2/rov/rov_ws/install/rov_mujoco_description/share/rov_mujoco_description/local_setup.dsv
[0.059s] -- Installing: /home/eia/repo/rbi_2025_2/rov/rov_ws/install/rov_mujoco_description/share/rov_mujoco_description/package.dsv
[0.059s] -- Up-to-date: /home/eia/repo/rbi_2025_2/rov/rov_ws/install/rov_mujoco_description/share/ament_index/resource_index/packages/rov_mujoco_description
[0.059s] -- Up-to-date: /home/eia/repo/rbi_2025_2/rov/rov_ws/install/rov_mujoco_description/share/rov_mujoco_description/cmake/rov_mujoco_descriptionConfig.cmake
[0.059s] -- Up-to-date: /home/eia/repo/rbi_2025_2/rov/rov_ws/install/rov_mujoco_description/share/rov_mujoco_description/cmake/rov_mujoco_descriptionConfig-version.cmake
[0.059s] -- Up-to-date: /home/eia/repo/rbi_2025_2/rov/rov_ws/install/rov_mujoco_description/share/rov_mujoco_description/package.xml
[0.062s] Invoked command in '/home/eia/repo/rbi_2025_2/rov/rov_ws/build/rov_mujoco_description' returned '0': CMAKE_PREFIX_PATH=${CMAKE_PREFIX_PATH}:/home/eia/repo/rbi_2025_2/scara/scara_ws/install/scara_mujoco:/opt/ros/humble /usr/bin/cmake --install /home/eia/repo/rbi_2025_2/rov/rov_ws/build/rov_mujoco_description
