[2.035s] Invoking command in '/home/eia/repo/rbi_2025_2/abb/abb_ws/build/abb_path_controller': PYTHONPATH=/home/eia/repo/rbi_2025_2/abb/abb_ws/build/abb_path_controller/prefix_override:/home/eia/.local/lib/python3.10/site-packages/colcon_core/task/python/colcon_distutils_commands:/home/eia/repo/rbi_2025_2/abb/abb_ws/install/abb_path_controller/lib/python3.10/site-packages:${PYTHONPATH} /usr/bin/python3 -W ignore:setup.py install is deprecated -W ignore:easy_install command is deprecated setup.py develop --editable --build-directory /home/eia/repo/rbi_2025_2/abb/abb_ws/build/abb_path_controller/build --no-deps symlink_data
[2.557s] running develop
[2.927s] running egg_info
[2.928s] creating abb_path_controller.egg-info
[2.954s] writing abb_path_controller.egg-info/PKG-INFO
[2.954s] writing dependency_links to abb_path_controller.egg-info/dependency_links.txt
[2.955s] writing entry points to abb_path_controller.egg-info/entry_points.txt
[2.955s] writing requirements to abb_path_controller.egg-info/requires.txt
[2.955s] writing top-level names to abb_path_controller.egg-info/top_level.txt
[2.955s] writing manifest file 'abb_path_controller.egg-info/SOURCES.txt'
[3.010s] reading manifest file 'abb_path_controller.egg-info/SOURCES.txt'
[3.011s] writing manifest file 'abb_path_controller.egg-info/SOURCES.txt'
[3.047s] running build_ext
[3.047s] Creating /home/eia/repo/rbi_2025_2/abb/abb_ws/install/abb_path_controller/lib/python3.10/site-packages/abb-path-controller.egg-link (link to .)
[3.048s] Installing abb_path_controller script to /home/eia/repo/rbi_2025_2/abb/abb_ws/install/abb_path_controller/lib/abb_path_controller
[3.048s] 
[3.049s] Installed /home/eia/repo/rbi_2025_2/abb/abb_ws/build/abb_path_controller
[3.049s] running symlink_data
[3.049s] creating /home/eia/repo/rbi_2025_2/abb/abb_ws/install/abb_path_controller/share/ament_index
[3.049s] creating /home/eia/repo/rbi_2025_2/abb/abb_ws/install/abb_path_controller/share/ament_index/resource_index
[3.049s] creating /home/eia/repo/rbi_2025_2/abb/abb_ws/install/abb_path_controller/share/ament_index/resource_index/packages
[3.049s] symbolically linking /home/eia/repo/rbi_2025_2/abb/abb_ws/build/abb_path_controller/resource/abb_path_controller -> /home/eia/repo/rbi_2025_2/abb/abb_ws/install/abb_path_controller/share/ament_index/resource_index/packages
[3.049s] symbolically linking /home/eia/repo/rbi_2025_2/abb/abb_ws/build/abb_path_controller/package.xml -> /home/eia/repo/rbi_2025_2/abb/abb_ws/install/abb_path_controller/share/abb_path_controller
[3.050s] creating /home/eia/repo/rbi_2025_2/abb/abb_ws/install/abb_path_controller/share/abb_path_controller/launch
[3.050s] creating /home/eia/repo/rbi_2025_2/abb/abb_ws/install/abb_path_controller/share/abb_path_controller/descriptions
[3.050s] creating /home/eia/repo/rbi_2025_2/abb/abb_ws/install/abb_path_controller/share/abb_path_controller/config
[3.091s] Invoked command in '/home/eia/repo/rbi_2025_2/abb/abb_ws/build/abb_path_controller' returned '0': PYTHONPATH=/home/eia/repo/rbi_2025_2/abb/abb_ws/build/abb_path_controller/prefix_override:/home/eia/.local/lib/python3.10/site-packages/colcon_core/task/python/colcon_distutils_commands:/home/eia/repo/rbi_2025_2/abb/abb_ws/install/abb_path_controller/lib/python3.10/site-packages:${PYTHONPATH} /usr/bin/python3 -W ignore:setup.py install is deprecated -W ignore:easy_install command is deprecated setup.py develop --editable --build-directory /home/eia/repo/rbi_2025_2/abb/abb_ws/build/abb_path_controller/build --no-deps symlink_data
