[0.038s] Invoking command in '/home/eia/repo/rbi_2025_2/abb/abb_ws/build/abb_description': CMAKE_PREFIX_PATH=/opt/ros/humble /usr/bin/cmake --build /home/eia/repo/rbi_2025_2/abb/abb_ws/build/abb_description -- -j12 -l12
[0.330s] Invoked command in '/home/eia/repo/rbi_2025_2/abb/abb_ws/build/abb_description' returned '0': CMAKE_PREFIX_PATH=/opt/ros/humble /usr/bin/cmake --build /home/eia/repo/rbi_2025_2/abb/abb_ws/build/abb_description -- -j12 -l12
[0.333s] Invoking command in '/home/eia/repo/rbi_2025_2/abb/abb_ws/build/abb_description': CMAKE_PREFIX_PATH=/opt/ros/humble /usr/bin/cmake --install /home/eia/repo/rbi_2025_2/abb/abb_ws/build/abb_description
[0.350s] -- Install configuration: ""
[0.351s] -- Up-to-date: /home/eia/repo/rbi_2025_2/abb/abb_ws/install/abb_description/share/abb_description//urdf
[0.351s] -- Up-to-date: /home/eia/repo/rbi_2025_2/abb/abb_ws/install/abb_description/share/abb_description//urdf/irb140.urdf.xacro
[0.351s] -- Up-to-date: /home/eia/repo/rbi_2025_2/abb/abb_ws/install/abb_description/share/abb_description//urdf/common_properties.xacro
[0.351s] -- Up-to-date: /home/eia/repo/rbi_2025_2/abb/abb_ws/install/abb_description/share/abb_description//urdf/irb140_description.xacro
[0.351s] -- Up-to-date: /home/eia/repo/rbi_2025_2/abb/abb_ws/install/abb_description/share/abb_description//launch
[0.351s] -- Up-to-date: /home/eia/repo/rbi_2025_2/abb/abb_ws/install/abb_description/share/abb_description//launch/display.launch.xml
[0.351s] -- Up-to-date: /home/eia/repo/rbi_2025_2/abb/abb_ws/install/abb_description/share/abb_description//meshes
[0.352s] -- Up-to-date: /home/eia/repo/rbi_2025_2/abb/abb_ws/install/abb_description/share/abb_description//meshes/irb140
[0.352s] -- Up-to-date: /home/eia/repo/rbi_2025_2/abb/abb_ws/install/abb_description/share/abb_description//meshes/irb140/visual
[0.352s] -- Up-to-date: /home/eia/repo/rbi_2025_2/abb/abb_ws/install/abb_description/share/abb_description//meshes/irb140/visual/link_2.stl
[0.352s] -- Up-to-date: /home/eia/repo/rbi_2025_2/abb/abb_ws/install/abb_description/share/abb_description//meshes/irb140/visual/link_6.stl
[0.352s] -- Up-to-date: /home/eia/repo/rbi_2025_2/abb/abb_ws/install/abb_description/share/abb_description//meshes/irb140/visual/link_3.stl
[0.352s] -- Up-to-date: /home/eia/repo/rbi_2025_2/abb/abb_ws/install/abb_description/share/abb_description//meshes/irb140/visual/link_5.stl
[0.353s] -- Up-to-date: /home/eia/repo/rbi_2025_2/abb/abb_ws/install/abb_description/share/abb_description//meshes/irb140/visual/link_4.stl
[0.353s] -- Up-to-date: /home/eia/repo/rbi_2025_2/abb/abb_ws/install/abb_description/share/abb_description//meshes/irb140/visual/base_link.stl
[0.353s] -- Up-to-date: /home/eia/repo/rbi_2025_2/abb/abb_ws/install/abb_description/share/abb_description//meshes/irb140/visual/link_1.stl
[0.353s] -- Up-to-date: /home/eia/repo/rbi_2025_2/abb/abb_ws/install/abb_description/share/abb_description//meshes/irb140/collision
[0.354s] -- Up-to-date: /home/eia/repo/rbi_2025_2/abb/abb_ws/install/abb_description/share/abb_description//meshes/irb140/collision/link_2.stl
[0.354s] -- Up-to-date: /home/eia/repo/rbi_2025_2/abb/abb_ws/install/abb_description/share/abb_description//meshes/irb140/collision/link_6.stl
[0.355s] -- Up-to-date: /home/eia/repo/rbi_2025_2/abb/abb_ws/install/abb_description/share/abb_description//meshes/irb140/collision/link_3.stl
[0.355s] -- Up-to-date: /home/eia/repo/rbi_2025_2/abb/abb_ws/install/abb_description/share/abb_description//meshes/irb140/collision/link_5.stl
[0.355s] -- Up-to-date: /home/eia/repo/rbi_2025_2/abb/abb_ws/install/abb_description/share/abb_description//meshes/irb140/collision/link_4.stl
[0.355s] -- Up-to-date: /home/eia/repo/rbi_2025_2/abb/abb_ws/install/abb_description/share/abb_description//meshes/irb140/collision/base_link.stl
[0.355s] -- Up-to-date: /home/eia/repo/rbi_2025_2/abb/abb_ws/install/abb_description/share/abb_description//meshes/irb140/collision/link_1.stl
[0.356s] -- Up-to-date: /home/eia/repo/rbi_2025_2/abb/abb_ws/install/abb_description/share/ament_index/resource_index/package_run_dependencies/abb_description
[0.356s] -- Up-to-date: /home/eia/repo/rbi_2025_2/abb/abb_ws/install/abb_description/share/ament_index/resource_index/parent_prefix_path/abb_description
[0.356s] -- Up-to-date: /home/eia/repo/rbi_2025_2/abb/abb_ws/install/abb_description/share/abb_description/environment/ament_prefix_path.sh
[0.356s] -- Up-to-date: /home/eia/repo/rbi_2025_2/abb/abb_ws/install/abb_description/share/abb_description/environment/ament_prefix_path.dsv
[0.356s] -- Up-to-date: /home/eia/repo/rbi_2025_2/abb/abb_ws/install/abb_description/share/abb_description/environment/path.sh
[0.356s] -- Up-to-date: /home/eia/repo/rbi_2025_2/abb/abb_ws/install/abb_description/share/abb_description/environment/path.dsv
[0.356s] -- Up-to-date: /home/eia/repo/rbi_2025_2/abb/abb_ws/install/abb_description/share/abb_description/local_setup.bash
[0.357s] -- Up-to-date: /home/eia/repo/rbi_2025_2/abb/abb_ws/install/abb_description/share/abb_description/local_setup.sh
[0.357s] -- Up-to-date: /home/eia/repo/rbi_2025_2/abb/abb_ws/install/abb_description/share/abb_description/local_setup.zsh
[0.357s] -- Up-to-date: /home/eia/repo/rbi_2025_2/abb/abb_ws/install/abb_description/share/abb_description/local_setup.dsv
[0.357s] -- Installing: /home/eia/repo/rbi_2025_2/abb/abb_ws/install/abb_description/share/abb_description/package.dsv
[0.360s] -- Up-to-date: /home/eia/repo/rbi_2025_2/abb/abb_ws/install/abb_description/share/ament_index/resource_index/packages/abb_description
[0.361s] -- Up-to-date: /home/eia/repo/rbi_2025_2/abb/abb_ws/install/abb_description/share/abb_description/cmake/abb_descriptionConfig.cmake
[0.361s] -- Up-to-date: /home/eia/repo/rbi_2025_2/abb/abb_ws/install/abb_description/share/abb_description/cmake/abb_descriptionConfig-version.cmake
[0.361s] -- Up-to-date: /home/eia/repo/rbi_2025_2/abb/abb_ws/install/abb_description/share/abb_description/package.xml
[0.382s] Invoked command in '/home/eia/repo/rbi_2025_2/abb/abb_ws/build/abb_description' returned '0': CMAKE_PREFIX_PATH=/opt/ros/humble /usr/bin/cmake --install /home/eia/repo/rbi_2025_2/abb/abb_ws/build/abb_description
