-- Install configuration: ""
-- Up-to-date: /scara_ws/install/scara_mujoco_bringup/share/scara_mujoco_bringup//config
-- Up-to-date: /scara_ws/install/scara_mujoco_bringup/share/scara_mujoco_bringup//config/scara_controllers.yaml
-- Up-to-date: /scara_ws/install/scara_mujoco_bringup/share/scara_mujoco_bringup//launch
-- Up-to-date: /scara_ws/install/scara_mujoco_bringup/share/scara_mujoco_bringup//launch/scara_bringup_launch.launch.xml
-- Up-to-date: /scara_ws/install/scara_mujoco_bringup/share/ament_index/resource_index/package_run_dependencies/scara_mujoco_bringup
-- Up-to-date: /scara_ws/install/scara_mujoco_bringup/share/ament_index/resource_index/parent_prefix_path/scara_mujoco_bringup
-- Up-to-date: /scara_ws/install/scara_mujoco_bringup/share/scara_mujoco_bringup/environment/ament_prefix_path.sh
-- Up-to-date: /scara_ws/install/scara_mujoco_bringup/share/scara_mujoco_bringup/environment/ament_prefix_path.dsv
-- Up-to-date: /scara_ws/install/scara_mujoco_bringup/share/scara_mujoco_bringup/environment/path.sh
-- Up-to-date: /scara_ws/install/scara_mujoco_bringup/share/scara_mujoco_bringup/environment/path.dsv
-- Up-to-date: /scara_ws/install/scara_mujoco_bringup/share/scara_mujoco_bringup/local_setup.bash
-- Up-to-date: /scara_ws/install/scara_mujoco_bringup/share/scara_mujoco_bringup/local_setup.sh
-- Up-to-date: /scara_ws/install/scara_mujoco_bringup/share/scara_mujoco_bringup/local_setup.zsh
-- Up-to-date: /scara_ws/install/scara_mujoco_bringup/share/scara_mujoco_bringup/local_setup.dsv
-- Up-to-date: /scara_ws/install/scara_mujoco_bringup/share/scara_mujoco_bringup/package.dsv
-- Up-to-date: /scara_ws/install/scara_mujoco_bringup/share/ament_index/resource_index/packages/scara_mujoco_bringup
-- Up-to-date: /scara_ws/install/scara_mujoco_bringup/share/scara_mujoco_bringup/cmake/scara_mujoco_bringupConfig.cmake
-- Up-to-date: /scara_ws/install/scara_mujoco_bringup/share/scara_mujoco_bringup/cmake/scara_mujoco_bringupConfig-version.cmake
-- Up-to-date: /scara_ws/install/scara_mujoco_bringup/share/scara_mujoco_bringup/package.xml
