[0.039s] Invoking command in '/scara_ws/build/scara_gz_description': CMAKE_PREFIX_PATH=/opt/ros/humble /usr/bin/cmake --build /scara_ws/build/scara_gz_description -- -j12 -l12
[0.441s] Invoked command in '/scara_ws/build/scara_gz_description' returned '0': CMAKE_PREFIX_PATH=/opt/ros/humble /usr/bin/cmake --build /scara_ws/build/scara_gz_description -- -j12 -l12
[0.443s] Invoking command in '/scara_ws/build/scara_gz_description': CMAKE_PREFIX_PATH=/opt/ros/humble /usr/bin/cmake --install /scara_ws/build/scara_gz_description
[0.456s] -- Install configuration: ""
[0.456s] -- Up-to-date: /scara_ws/install/scara_gz_description/share/scara_gz_description//urdf
[0.456s] -- Up-to-date: /scara_ws/install/scara_gz_description/share/scara_gz_description//urdf/scara_description.xacro
[0.456s] -- Up-to-date: /scara_ws/install/scara_gz_description/share/scara_gz_description//urdf/common_properties.xacro
[0.456s] -- Up-to-date: /scara_ws/install/scara_gz_description/share/scara_gz_description//urdf/scara.urdf.xacro
[0.457s] -- Up-to-date: /scara_ws/install/scara_gz_description/share/scara_gz_description//launch
[0.457s] -- Up-to-date: /scara_ws/install/scara_gz_description/share/scara_gz_description//launch/display.launch.xml
[0.457s] -- Up-to-date: /scara_ws/install/scara_gz_description/share/scara_gz_description//meshes
[0.457s] -- Up-to-date: /scara_ws/install/scara_gz_description/share/ament_index/resource_index/package_run_dependencies/scara_gz_description
[0.457s] -- Up-to-date: /scara_ws/install/scara_gz_description/share/ament_index/resource_index/parent_prefix_path/scara_gz_description
[0.457s] -- Up-to-date: /scara_ws/install/scara_gz_description/share/scara_gz_description/environment/ament_prefix_path.sh
[0.457s] -- Up-to-date: /scara_ws/install/scara_gz_description/share/scara_gz_description/environment/ament_prefix_path.dsv
[0.457s] -- Up-to-date: /scara_ws/install/scara_gz_description/share/scara_gz_description/environment/path.sh
[0.457s] -- Up-to-date: /scara_ws/install/scara_gz_description/share/scara_gz_description/environment/path.dsv
[0.457s] -- Up-to-date: /scara_ws/install/scara_gz_description/share/scara_gz_description/local_setup.bash
[0.457s] -- Up-to-date: /scara_ws/install/scara_gz_description/share/scara_gz_description/local_setup.sh
[0.457s] -- Up-to-date: /scara_ws/install/scara_gz_description/share/scara_gz_description/local_setup.zsh
[0.457s] -- Up-to-date: /scara_ws/install/scara_gz_description/share/scara_gz_description/local_setup.dsv
[0.457s] -- Installing: /scara_ws/install/scara_gz_description/share/scara_gz_description/package.dsv
[0.457s] -- Up-to-date: /scara_ws/install/scara_gz_description/share/ament_index/resource_index/packages/scara_gz_description
[0.457s] -- Up-to-date: /scara_ws/install/scara_gz_description/share/scara_gz_description/cmake/scara_gz_descriptionConfig.cmake
[0.457s] -- Up-to-date: /scara_ws/install/scara_gz_description/share/scara_gz_description/cmake/scara_gz_descriptionConfig-version.cmake
[0.457s] -- Up-to-date: /scara_ws/install/scara_gz_description/share/scara_gz_description/package.xml
[0.475s] Invoked command in '/scara_ws/build/scara_gz_description' returned '0': CMAKE_PREFIX_PATH=/opt/ros/humble /usr/bin/cmake --install /scara_ws/build/scara_gz_description
