-- Found ament_cmake: 1.3.12 (/opt/ros/humble/share/ament_cmake/cmake)
-- Override CMake install command with custom implementation using symlinks instead of copying resources
-- Found rclcpp: 16.0.14 (/opt/ros/humble/share/rclcpp/cmake)
-- Found rosidl_generator_c: 3.1.7 (/opt/ros/humble/share/rosidl_generator_c/cmake)
-- Found rosidl_adapter: 3.1.7 (/opt/ros/humble/share/rosidl_adapter/cmake)
-- Found rosidl_generator_cpp: 3.1.7 (/opt/ros/humble/share/rosidl_generator_cpp/cmake)
-- Using all available rosidl_typesupport_c: rosidl_typesupport_fastrtps_c;rosidl_typesupport_introspection_c
-- Using all available rosidl_typesupport_cpp: rosidl_typesupport_fastrtps_cpp;rosidl_typesupport_introspection_cpp
-- Found rmw_implementation_cmake: 6.1.2 (/opt/ros/humble/share/rmw_implementation_cmake/cmake)
-- Found rmw_fastrtps_cpp: 6.2.8 (/opt/ros/humble/share/rmw_fastrtps_cpp/cmake)
-- Using RMW implementation 'rmw_fastrtps_cpp' as default
-- Found rclcpp_lifecycle: 16.0.14 (/opt/ros/humble/share/rclcpp_lifecycle/cmake)
-- Found hardware_interface: 2.51.0 (/opt/ros/humble/share/hardware_interface/cmake)
-- Configuring done
-- Generating done
-- Build files have been written to: /home/eia/repo/rbi_2025_2/scara/scara_ws/build/scara_hardware_interface
[35m[1mConsolidate compiler generated dependencies of target scara_hardware_interface[0m
[ 50%] [32m[1mLinking CXX shared library libscara_hardware_interface.so[0m
/usr/bin/ld: /usr/local/lib/libCppLinuxSerial.a(SerialPort.cpp.o): warning: relocation against `_ZTIN2mn14CppLinuxSerial9ExceptionE' in read-only section `.text'
/usr/bin/ld: /usr/local/lib/libCppLinuxSerial.a(SerialPort.cpp.o): relocation R_X86_64_PC32 against symbol `_ZN2mn14CppLinuxSerial9ExceptionD1Ev' can not be used when making a shared object; recompile with -fPIC
/usr/bin/ld: final link failed: bad value
collect2: error: ld returned 1 exit status
gmake[2]: *** [CMakeFiles/scara_hardware_interface.dir/build.make:288: libscara_hardware_interface.so] Error 1
gmake[1]: *** [CMakeFiles/Makefile2:137: CMakeFiles/scara_hardware_interface.dir/all] Error 2
gmake: *** [Makefile:146: all] Error 2
