[0.507s] Invoking command in '/scara_ws/build/scara_mujoco_bringup': CMAKE_PREFIX_PATH=${CMAKE_PREFIX_PATH}:/scara_ws/install/scara_mujoco:/scara_ws/install/scara_ik_solver:/opt/ros/humble /usr/bin/cmake --build /scara_ws/build/scara_mujoco_bringup -- -j12 -l12
[0.596s] Invoked command in '/scara_ws/build/scara_mujoco_bringup' returned '0': CMAKE_PREFIX_PATH=${CMAKE_PREFIX_PATH}:/scara_ws/install/scara_mujoco:/scara_ws/install/scara_ik_solver:/opt/ros/humble /usr/bin/cmake --build /scara_ws/build/scara_mujoco_bringup -- -j12 -l12
[0.597s] Invoking command in '/scara_ws/build/scara_mujoco_bringup': CMAKE_PREFIX_PATH=${CMAKE_PREFIX_PATH}:/scara_ws/install/scara_mujoco:/scara_ws/install/scara_ik_solver:/opt/ros/humble /usr/bin/cmake --install /scara_ws/build/scara_mujoco_bringup
[0.605s] -- Install configuration: ""
[0.605s] -- Up-to-date: /scara_ws/install/scara_mujoco_bringup/share/scara_mujoco_bringup//config
[0.605s] -- Up-to-date: /scara_ws/install/scara_mujoco_bringup/share/scara_mujoco_bringup//config/scara_controllers.yaml
[0.605s] -- Up-to-date: /scara_ws/install/scara_mujoco_bringup/share/scara_mujoco_bringup//launch
[0.605s] -- Up-to-date: /scara_ws/install/scara_mujoco_bringup/share/scara_mujoco_bringup//launch/scara_bringup_launch.launch.xml
[0.605s] -- Up-to-date: /scara_ws/install/scara_mujoco_bringup/share/ament_index/resource_index/package_run_dependencies/scara_mujoco_bringup
[0.606s] -- Up-to-date: /scara_ws/install/scara_mujoco_bringup/share/ament_index/resource_index/parent_prefix_path/scara_mujoco_bringup
[0.606s] -- Up-to-date: /scara_ws/install/scara_mujoco_bringup/share/scara_mujoco_bringup/environment/ament_prefix_path.sh
[0.606s] -- Up-to-date: /scara_ws/install/scara_mujoco_bringup/share/scara_mujoco_bringup/environment/ament_prefix_path.dsv
[0.606s] -- Up-to-date: /scara_ws/install/scara_mujoco_bringup/share/scara_mujoco_bringup/environment/path.sh
[0.606s] -- Up-to-date: /scara_ws/install/scara_mujoco_bringup/share/scara_mujoco_bringup/environment/path.dsv
[0.606s] -- Up-to-date: /scara_ws/install/scara_mujoco_bringup/share/scara_mujoco_bringup/local_setup.bash
[0.607s] -- Up-to-date: /scara_ws/install/scara_mujoco_bringup/share/scara_mujoco_bringup/local_setup.sh
[0.607s] -- Up-to-date: /scara_ws/install/scara_mujoco_bringup/share/scara_mujoco_bringup/local_setup.zsh
[0.607s] -- Up-to-date: /scara_ws/install/scara_mujoco_bringup/share/scara_mujoco_bringup/local_setup.dsv
[0.607s] -- Installing: /scara_ws/install/scara_mujoco_bringup/share/scara_mujoco_bringup/package.dsv
[0.607s] -- Up-to-date: /scara_ws/install/scara_mujoco_bringup/share/ament_index/resource_index/packages/scara_mujoco_bringup
[0.608s] -- Up-to-date: /scara_ws/install/scara_mujoco_bringup/share/scara_mujoco_bringup/cmake/scara_mujoco_bringupConfig.cmake
[0.608s] -- Up-to-date: /scara_ws/install/scara_mujoco_bringup/share/scara_mujoco_bringup/cmake/scara_mujoco_bringupConfig-version.cmake
[0.608s] -- Up-to-date: /scara_ws/install/scara_mujoco_bringup/share/scara_mujoco_bringup/package.xml
[0.610s] Invoked command in '/scara_ws/build/scara_mujoco_bringup' returned '0': CMAKE_PREFIX_PATH=${CMAKE_PREFIX_PATH}:/scara_ws/install/scara_mujoco:/scara_ws/install/scara_ik_solver:/opt/ros/humble /usr/bin/cmake --install /scara_ws/build/scara_mujoco_bringup
