running egg_info
writing ../../build/abb_mujoco/abb_mujoco.egg-info/PKG-INFO
writing dependency_links to ../../build/abb_mujoco/abb_mujoco.egg-info/dependency_links.txt
writing entry points to ../../build/abb_mujoco/abb_mujoco.egg-info/entry_points.txt
writing requirements to ../../build/abb_mujoco/abb_mujoco.egg-info/requires.txt
writing top-level names to ../../build/abb_mujoco/abb_mujoco.egg-info/top_level.txt
reading manifest file '../../build/abb_mujoco/abb_mujoco.egg-info/SOURCES.txt'
writing manifest file '../../build/abb_mujoco/abb_mujoco.egg-info/SOURCES.txt'
running build
running build_py
copying abb_mujoco/simulation_init.py -> /home/eia/repo/rbi_2025_2/abb/abb_ws/build/abb_mujoco/build/lib/abb_mujoco
copying abb_mujoco/__init__.py -> /home/eia/repo/rbi_2025_2/abb/abb_ws/build/abb_mujoco/build/lib/abb_mujoco
running install
running install_lib
running install_data
copying resource/abb_mujoco -> /home/eia/repo/rbi_2025_2/abb/abb_ws/install/abb_mujoco/share/ament_index/resource_index/packages
copying package.xml -> /home/eia/repo/rbi_2025_2/abb/abb_ws/install/abb_mujoco/share/abb_mujoco
copying descriptions/basic_scenario.xml -> /home/eia/repo/rbi_2025_2/abb/abb_ws/install/abb_mujoco/share/abb_mujoco/descriptions
running install_egg_info
removing '/home/eia/repo/rbi_2025_2/abb/abb_ws/install/abb_mujoco/lib/python3.10/site-packages/abb_mujoco-0.0.0-py3.10.egg-info' (and everything under it)
Copying ../../build/abb_mujoco/abb_mujoco.egg-info to /home/eia/repo/rbi_2025_2/abb/abb_ws/install/abb_mujoco/lib/python3.10/site-packages/abb_mujoco-0.0.0-py3.10.egg-info
running install_scripts
Installing abb_sim_mujoco script to /home/eia/repo/rbi_2025_2/abb/abb_ws/install/abb_mujoco/lib/abb_mujoco
writing list of installed files to '/home/eia/repo/rbi_2025_2/abb/abb_ws/build/abb_mujoco/install.log'
