[1.262s] Invoking command in '/home/eia/repo/rbi_2025_2/abb/abb_ws/build/abb_mujoco_python': PYTHONPATH=/home/eia/repo/rbi_2025_2/abb/abb_ws/build/abb_mujoco_python/prefix_override:/home/eia/.local/lib/python3.10/site-packages/colcon_core/task/python/colcon_distutils_commands:/home/eia/repo/rbi_2025_2/abb/abb_ws/install/abb_mujoco_python/lib/python3.10/site-packages:${PYTHONPATH} /usr/bin/python3 -W ignore:setup.py install is deprecated -W ignore:easy_install command is deprecated setup.py develop --editable --build-directory /home/eia/repo/rbi_2025_2/abb/abb_ws/build/abb_mujoco_python/build --no-deps symlink_data --force
[1.597s] running develop
[1.832s] running egg_info
[1.850s] writing abb_mujoco_python.egg-info/PKG-INFO
[1.850s] writing dependency_links to abb_mujoco_python.egg-info/dependency_links.txt
[1.850s] writing entry points to abb_mujoco_python.egg-info/entry_points.txt
[1.850s] writing requirements to abb_mujoco_python.egg-info/requires.txt
[1.851s] writing top-level names to abb_mujoco_python.egg-info/top_level.txt
[1.887s] reading manifest file 'abb_mujoco_python.egg-info/SOURCES.txt'
[1.887s] writing manifest file 'abb_mujoco_python.egg-info/SOURCES.txt'
[1.914s] running build_ext
[1.914s] Creating /home/eia/repo/rbi_2025_2/abb/abb_ws/install/abb_mujoco_python/lib/python3.10/site-packages/abb-mujoco-python.egg-link (link to .)
[1.914s] Installing abb_sim_mujoco script to /home/eia/repo/rbi_2025_2/abb/abb_ws/install/abb_mujoco_python/lib/abb_mujoco_python
[1.914s] 
[1.914s] Installed /home/eia/repo/rbi_2025_2/abb/abb_ws/build/abb_mujoco_python
[1.915s] running symlink_data
[1.915s] symbolically linking /home/eia/repo/rbi_2025_2/abb/abb_ws/build/abb_mujoco_python/resource/abb_mujoco_python -> /home/eia/repo/rbi_2025_2/abb/abb_ws/install/abb_mujoco_python/share/ament_index/resource_index/packages
[1.915s] symbolically linking /home/eia/repo/rbi_2025_2/abb/abb_ws/build/abb_mujoco_python/package.xml -> /home/eia/repo/rbi_2025_2/abb/abb_ws/install/abb_mujoco_python/share/abb_mujoco_python
[1.915s] symbolically linking /home/eia/repo/rbi_2025_2/abb/abb_ws/build/abb_mujoco_python/descriptions/abb.xml -> /home/eia/repo/rbi_2025_2/abb/abb_ws/install/abb_mujoco_python/share/abb_mujoco_python/descriptions
[1.939s] Invoked command in '/home/eia/repo/rbi_2025_2/abb/abb_ws/build/abb_mujoco_python' returned '0': PYTHONPATH=/home/eia/repo/rbi_2025_2/abb/abb_ws/build/abb_mujoco_python/prefix_override:/home/eia/.local/lib/python3.10/site-packages/colcon_core/task/python/colcon_distutils_commands:/home/eia/repo/rbi_2025_2/abb/abb_ws/install/abb_mujoco_python/lib/python3.10/site-packages:${PYTHONPATH} /usr/bin/python3 -W ignore:setup.py install is deprecated -W ignore:easy_install command is deprecated setup.py develop --editable --build-directory /home/eia/repo/rbi_2025_2/abb/abb_ws/build/abb_mujoco_python/build --no-deps symlink_data --force
