[0.452s] Invoking command in '/scara_ws/build/scara_mujoco_bringup': CMAKE_PREFIX_PATH=/opt/ros/humble /usr/bin/cmake --build /scara_ws/build/scara_mujoco_bringup -- -j12 -l12
[0.528s] Invoked command in '/scara_ws/build/scara_mujoco_bringup' returned '0': CMAKE_PREFIX_PATH=/opt/ros/humble /usr/bin/cmake --build /scara_ws/build/scara_mujoco_bringup -- -j12 -l12
[0.529s] Invoking command in '/scara_ws/build/scara_mujoco_bringup': CMAKE_PREFIX_PATH=/opt/ros/humble /usr/bin/cmake --install /scara_ws/build/scara_mujoco_bringup
[0.535s] -- Install configuration: ""
[0.535s] -- Up-to-date: /scara_ws/install/scara_mujoco_bringup/share/scara_mujoco_bringup//config
[0.535s] -- Up-to-date: /scara_ws/install/scara_mujoco_bringup/share/scara_mujoco_bringup//config/scara_controllers.yaml
[0.535s] -- Up-to-date: /scara_ws/install/scara_mujoco_bringup/share/scara_mujoco_bringup//launch
[0.535s] -- Up-to-date: /scara_ws/install/scara_mujoco_bringup/share/scara_mujoco_bringup//launch/scara_bringup_launch.launch.xml
[0.535s] -- Up-to-date: /scara_ws/install/scara_mujoco_bringup/share/ament_index/resource_index/package_run_dependencies/scara_mujoco_bringup
[0.536s] -- Up-to-date: /scara_ws/install/scara_mujoco_bringup/share/ament_index/resource_index/parent_prefix_path/scara_mujoco_bringup
[0.536s] -- Up-to-date: /scara_ws/install/scara_mujoco_bringup/share/scara_mujoco_bringup/environment/ament_prefix_path.sh
[0.536s] -- Up-to-date: /scara_ws/install/scara_mujoco_bringup/share/scara_mujoco_bringup/environment/ament_prefix_path.dsv
[0.536s] -- Up-to-date: /scara_ws/install/scara_mujoco_bringup/share/scara_mujoco_bringup/environment/path.sh
[0.536s] -- Up-to-date: /scara_ws/install/scara_mujoco_bringup/share/scara_mujoco_bringup/environment/path.dsv
[0.536s] -- Up-to-date: /scara_ws/install/scara_mujoco_bringup/share/scara_mujoco_bringup/local_setup.bash
[0.536s] -- Up-to-date: /scara_ws/install/scara_mujoco_bringup/share/scara_mujoco_bringup/local_setup.sh
[0.536s] -- Up-to-date: /scara_ws/install/scara_mujoco_bringup/share/scara_mujoco_bringup/local_setup.zsh
[0.536s] -- Up-to-date: /scara_ws/install/scara_mujoco_bringup/share/scara_mujoco_bringup/local_setup.dsv
[0.536s] -- Installing: /scara_ws/install/scara_mujoco_bringup/share/scara_mujoco_bringup/package.dsv
[0.536s] -- Up-to-date: /scara_ws/install/scara_mujoco_bringup/share/ament_index/resource_index/packages/scara_mujoco_bringup
[0.536s] -- Up-to-date: /scara_ws/install/scara_mujoco_bringup/share/scara_mujoco_bringup/cmake/scara_mujoco_bringupConfig.cmake
[0.536s] -- Up-to-date: /scara_ws/install/scara_mujoco_bringup/share/scara_mujoco_bringup/cmake/scara_mujoco_bringupConfig-version.cmake
[0.536s] -- Up-to-date: /scara_ws/install/scara_mujoco_bringup/share/scara_mujoco_bringup/package.xml
[0.538s] Invoked command in '/scara_ws/build/scara_mujoco_bringup' returned '0': CMAKE_PREFIX_PATH=/opt/ros/humble /usr/bin/cmake --install /scara_ws/build/scara_mujoco_bringup
