[0.017s] Invoking command in '/home/eia/repo/rbi_2025_2/rov/rov_ws/build/rov_bringup': CMAKE_PREFIX_PATH=/opt/ros/humble /usr/bin/cmake --build /home/eia/repo/rbi_2025_2/rov/rov_ws/build/rov_bringup -- -j12 -l12
[0.060s] Invoked command in '/home/eia/repo/rbi_2025_2/rov/rov_ws/build/rov_bringup' returned '0': CMAKE_PREFIX_PATH=/opt/ros/humble /usr/bin/cmake --build /home/eia/repo/rbi_2025_2/rov/rov_ws/build/rov_bringup -- -j12 -l12
[0.061s] Invoking command in '/home/eia/repo/rbi_2025_2/rov/rov_ws/build/rov_bringup': CMAKE_PREFIX_PATH=/opt/ros/humble /usr/bin/cmake --install /home/eia/repo/rbi_2025_2/rov/rov_ws/build/rov_bringup
[0.068s] -- Install configuration: ""
[0.068s] -- Up-to-date: /home/eia/repo/rbi_2025_2/rov/rov_ws/install/rov_bringup/share/rov_bringup//config
[0.068s] -- Up-to-date: /home/eia/repo/rbi_2025_2/rov/rov_ws/install/rov_bringup/share/rov_bringup//config/rov_controllers.yaml
[0.068s] -- Up-to-date: /home/eia/repo/rbi_2025_2/rov/rov_ws/install/rov_bringup/share/rov_bringup//launch
[0.068s] -- Up-to-date: /home/eia/repo/rbi_2025_2/rov/rov_ws/install/rov_bringup/share/rov_bringup//launch/rov_bringup_launch.launch.xml
[0.068s] -- Up-to-date: /home/eia/repo/rbi_2025_2/rov/rov_ws/install/rov_bringup/share/ament_index/resource_index/package_run_dependencies/rov_bringup
[0.068s] -- Up-to-date: /home/eia/repo/rbi_2025_2/rov/rov_ws/install/rov_bringup/share/ament_index/resource_index/parent_prefix_path/rov_bringup
[0.068s] -- Up-to-date: /home/eia/repo/rbi_2025_2/rov/rov_ws/install/rov_bringup/share/rov_bringup/environment/ament_prefix_path.sh
[0.068s] -- Up-to-date: /home/eia/repo/rbi_2025_2/rov/rov_ws/install/rov_bringup/share/rov_bringup/environment/ament_prefix_path.dsv
[0.068s] -- Up-to-date: /home/eia/repo/rbi_2025_2/rov/rov_ws/install/rov_bringup/share/rov_bringup/environment/path.sh
[0.069s] -- Up-to-date: /home/eia/repo/rbi_2025_2/rov/rov_ws/install/rov_bringup/share/rov_bringup/environment/path.dsv
[0.069s] -- Up-to-date: /home/eia/repo/rbi_2025_2/rov/rov_ws/install/rov_bringup/share/rov_bringup/local_setup.bash
[0.069s] -- Up-to-date: /home/eia/repo/rbi_2025_2/rov/rov_ws/install/rov_bringup/share/rov_bringup/local_setup.sh
[0.069s] -- Up-to-date: /home/eia/repo/rbi_2025_2/rov/rov_ws/install/rov_bringup/share/rov_bringup/local_setup.zsh
[0.069s] -- Up-to-date: /home/eia/repo/rbi_2025_2/rov/rov_ws/install/rov_bringup/share/rov_bringup/local_setup.dsv
[0.069s] -- Installing: /home/eia/repo/rbi_2025_2/rov/rov_ws/install/rov_bringup/share/rov_bringup/package.dsv
[0.069s] -- Up-to-date: /home/eia/repo/rbi_2025_2/rov/rov_ws/install/rov_bringup/share/ament_index/resource_index/packages/rov_bringup
[0.069s] -- Up-to-date: /home/eia/repo/rbi_2025_2/rov/rov_ws/install/rov_bringup/share/rov_bringup/cmake/rov_bringupConfig.cmake
[0.069s] -- Up-to-date: /home/eia/repo/rbi_2025_2/rov/rov_ws/install/rov_bringup/share/rov_bringup/cmake/rov_bringupConfig-version.cmake
[0.069s] -- Up-to-date: /home/eia/repo/rbi_2025_2/rov/rov_ws/install/rov_bringup/share/rov_bringup/package.xml
[0.071s] Invoked command in '/home/eia/repo/rbi_2025_2/rov/rov_ws/build/rov_bringup' returned '0': CMAKE_PREFIX_PATH=/opt/ros/humble /usr/bin/cmake --install /home/eia/repo/rbi_2025_2/rov/rov_ws/build/rov_bringup
