[0.650s] Invoking command in '/abb_ws/build/abb_mujoco_sim': CMAKE_PREFIX_PATH=/opt/ros/humble /usr/bin/cmake /abb_ws/src/abb_mujoco_sim -DCMAKE_INSTALL_PREFIX=/abb_ws/install/abb_mujoco_sim
[1.057s] -- The C compiler identification is GNU 11.4.0
[1.057s] -- The CXX compiler identification is GNU 11.4.0
[1.057s] -- Detecting C compiler ABI info
[1.057s] -- Detecting C compiler ABI info - done
[1.058s] -- Check for working C compiler: /usr/bin/cc - skipped
[1.058s] -- Detecting C compile features
[1.058s] -- Detecting C compile features - done
[1.058s] -- Detecting CXX compiler ABI info
[1.059s] -- Detecting CXX compiler ABI info - done
[1.063s] -- Check for working CXX compiler: /usr/bin/c++ - skipped
[1.063s] -- Detecting CXX compile features
[1.064s] -- Detecting CXX compile features - done
[1.064s] -- Found ament_cmake: 1.3.12 (/opt/ros/humble/share/ament_cmake/cmake)
[1.292s] -- Found Python3: /usr/bin/python3 (found version "3.10.12") found components: Interpreter 
[1.445s] -- Found PkgConfig: /usr/bin/pkg-config (found version "0.29.2") 
[1.446s] -- Checking for module 'glfw3'
[1.461s] --   Found glfw3, version 3.3.6
[1.501s] -- Found rclcpp: 16.0.14 (/opt/ros/humble/share/rclcpp/cmake)
[1.582s] -- Found rosidl_generator_c: 3.1.7 (/opt/ros/humble/share/rosidl_generator_c/cmake)
[1.593s] -- Found rosidl_adapter: 3.1.7 (/opt/ros/humble/share/rosidl_adapter/cmake)
[1.609s] -- Found rosidl_generator_cpp: 3.1.7 (/opt/ros/humble/share/rosidl_generator_cpp/cmake)
[1.633s] -- Using all available rosidl_typesupport_c: rosidl_typesupport_fastrtps_c;rosidl_typesupport_introspection_c
[1.658s] -- Using all available rosidl_typesupport_cpp: rosidl_typesupport_fastrtps_cpp;rosidl_typesupport_introspection_cpp
[1.714s] -- Found rmw_implementation_cmake: 6.1.2 (/opt/ros/humble/share/rmw_implementation_cmake/cmake)
[1.720s] -- Found rmw_fastrtps_cpp: 6.2.8 (/opt/ros/humble/share/rmw_fastrtps_cpp/cmake)
[1.831s] -- Found OpenSSL: /usr/lib/x86_64-linux-gnu/libcrypto.so (found version "3.0.2")  
[1.865s] -- Found FastRTPS: /opt/ros/humble/include  
[1.931s] -- Using RMW implementation 'rmw_fastrtps_cpp' as default
[1.942s] -- Looking for pthread.h
[2.009s] -- Looking for pthread.h - found
[2.009s] -- Performing Test CMAKE_HAVE_LIBC_PTHREAD
[2.069s] -- Performing Test CMAKE_HAVE_LIBC_PTHREAD - Success
[2.070s] -- Found Threads: TRUE  
[2.130s] -- Found rclcpp_lifecycle: 16.0.14 (/opt/ros/humble/share/rclcpp_lifecycle/cmake)
[2.153s] -- Found pluginlib: 5.1.0 (/opt/ros/humble/share/pluginlib/cmake)
[2.188s] -- Found geometry_msgs: 4.9.0 (/opt/ros/humble/share/geometry_msgs/cmake)
[2.205s] -- Found hardware_interface: 2.51.0 (/opt/ros/humble/share/hardware_interface/cmake)
[2.384s] -- Configuring done
[2.405s] -- Generating done
[2.410s] -- Build files have been written to: /abb_ws/build/abb_mujoco_sim
[2.418s] Invoked command in '/abb_ws/build/abb_mujoco_sim' returned '0': CMAKE_PREFIX_PATH=/opt/ros/humble /usr/bin/cmake /abb_ws/src/abb_mujoco_sim -DCMAKE_INSTALL_PREFIX=/abb_ws/install/abb_mujoco_sim
[2.419s] Invoking command in '/abb_ws/build/abb_mujoco_sim': CMAKE_PREFIX_PATH=/opt/ros/humble /usr/bin/cmake --build /abb_ws/build/abb_mujoco_sim -- -j12 -l12
[2.461s] [ 50%] [32mBuilding CXX object CMakeFiles/abb_mujoco_sim.dir/src/mujoco_sim_interface.cpp.o[0m
[6.815s] [100%] [32m[1mLinking CXX shared library libabb_mujoco_sim.so[0m
[6.975s] [100%] Built target abb_mujoco_sim
[6.983s] Invoked command in '/abb_ws/build/abb_mujoco_sim' returned '0': CMAKE_PREFIX_PATH=/opt/ros/humble /usr/bin/cmake --build /abb_ws/build/abb_mujoco_sim -- -j12 -l12
[6.984s] Invoking command in '/abb_ws/build/abb_mujoco_sim': CMAKE_PREFIX_PATH=/opt/ros/humble /usr/bin/cmake --install /abb_ws/build/abb_mujoco_sim
[6.990s] -- Install configuration: ""
[6.990s] -- Installing: /abb_ws/install/abb_mujoco_sim/share/abb_mujoco_sim/abb_hardware_interface.xml
[6.990s] -- Installing: /abb_ws/install/abb_mujoco_sim/lib/libabb_mujoco_sim.so
[6.991s] -- Set runtime path of "/abb_ws/install/abb_mujoco_sim/lib/libabb_mujoco_sim.so" to "/abb_ws/src/abb_mujoco_sim/../../mujoco/lib"
[6.991s] -- Installing: /abb_ws/install/abb_mujoco_sim/include/include
[6.991s] -- Installing: /abb_ws/install/abb_mujoco_sim/include/include/abb_mujoco_sim
[6.991s] -- Installing: /abb_ws/install/abb_mujoco_sim/include/include/abb_mujoco_sim/mujoco_sim_interface.hpp
[6.991s] -- Installing: /abb_ws/install/abb_mujoco_sim/share/abb_mujoco_sim/environment/library_path.sh
[6.991s] -- Installing: /abb_ws/install/abb_mujoco_sim/share/abb_mujoco_sim/environment/library_path.dsv
[6.991s] -- Installing: /abb_ws/install/abb_mujoco_sim/share/ament_index/resource_index/package_run_dependencies/abb_mujoco_sim
[6.991s] -- Installing: /abb_ws/install/abb_mujoco_sim/share/ament_index/resource_index/parent_prefix_path/abb_mujoco_sim
[6.992s] -- Installing: /abb_ws/install/abb_mujoco_sim/share/abb_mujoco_sim/environment/ament_prefix_path.sh
[6.992s] -- Installing: /abb_ws/install/abb_mujoco_sim/share/abb_mujoco_sim/environment/ament_prefix_path.dsv
[6.992s] -- Installing: /abb_ws/install/abb_mujoco_sim/share/abb_mujoco_sim/environment/path.sh
[6.992s] -- Installing: /abb_ws/install/abb_mujoco_sim/share/abb_mujoco_sim/environment/path.dsv
[6.992s] -- Installing: /abb_ws/install/abb_mujoco_sim/share/abb_mujoco_sim/local_setup.bash
[6.992s] -- Installing: /abb_ws/install/abb_mujoco_sim/share/abb_mujoco_sim/local_setup.sh
[6.992s] -- Installing: /abb_ws/install/abb_mujoco_sim/share/abb_mujoco_sim/local_setup.zsh
[6.992s] -- Installing: /abb_ws/install/abb_mujoco_sim/share/abb_mujoco_sim/local_setup.dsv
[6.992s] -- Installing: /abb_ws/install/abb_mujoco_sim/share/abb_mujoco_sim/package.dsv
[6.992s] -- Installing: /abb_ws/install/abb_mujoco_sim/share/ament_index/resource_index/packages/abb_mujoco_sim
[6.993s] -- Installing: /abb_ws/install/abb_mujoco_sim/share/ament_index/resource_index/hardware_interface__pluginlib__plugin/abb_mujoco_sim
[6.993s] -- Installing: /abb_ws/install/abb_mujoco_sim/share/abb_mujoco_sim/cmake/ament_cmake_export_libraries-extras.cmake
[6.993s] -- Installing: /abb_ws/install/abb_mujoco_sim/share/abb_mujoco_sim/cmake/ament_cmake_export_dependencies-extras.cmake
[6.993s] -- Installing: /abb_ws/install/abb_mujoco_sim/share/abb_mujoco_sim/cmake/abb_mujoco_simConfig.cmake
[6.993s] -- Installing: /abb_ws/install/abb_mujoco_sim/share/abb_mujoco_sim/cmake/abb_mujoco_simConfig-version.cmake
[6.993s] -- Installing: /abb_ws/install/abb_mujoco_sim/share/abb_mujoco_sim/package.xml
[6.995s] Invoked command in '/abb_ws/build/abb_mujoco_sim' returned '0': CMAKE_PREFIX_PATH=/opt/ros/humble /usr/bin/cmake --install /abb_ws/build/abb_mujoco_sim
