[0.262s] Invoking command in '/abb_ws/build/abb_mujoco_bringup': CMAKE_PREFIX_PATH=/opt/ros/humble /usr/bin/cmake --build /abb_ws/build/abb_mujoco_bringup -- -j12 -l12
[0.722s] Invoked command in '/abb_ws/build/abb_mujoco_bringup' returned '0': CMAKE_PREFIX_PATH=/opt/ros/humble /usr/bin/cmake --build /abb_ws/build/abb_mujoco_bringup -- -j12 -l12
[0.723s] Invoking command in '/abb_ws/build/abb_mujoco_bringup': CMAKE_PREFIX_PATH=/opt/ros/humble /usr/bin/cmake --install /abb_ws/build/abb_mujoco_bringup
[0.737s] -- Install configuration: ""
[0.737s] -- Up-to-date: /abb_ws/install/abb_mujoco_bringup/share/abb_mujoco_bringup//config
[0.737s] -- Up-to-date: /abb_ws/install/abb_mujoco_bringup/share/abb_mujoco_bringup//config/abb_controllers.yaml
[0.737s] -- Up-to-date: /abb_ws/install/abb_mujoco_bringup/share/abb_mujoco_bringup//launch
[0.737s] -- Up-to-date: /abb_ws/install/abb_mujoco_bringup/share/abb_mujoco_bringup//launch/abb_bringup_launch.launch.xml
[0.737s] -- Up-to-date: /abb_ws/install/abb_mujoco_bringup/share/ament_index/resource_index/package_run_dependencies/abb_mujoco_bringup
[0.737s] -- Up-to-date: /abb_ws/install/abb_mujoco_bringup/share/ament_index/resource_index/parent_prefix_path/abb_mujoco_bringup
[0.737s] -- Up-to-date: /abb_ws/install/abb_mujoco_bringup/share/abb_mujoco_bringup/environment/ament_prefix_path.sh
[0.737s] -- Up-to-date: /abb_ws/install/abb_mujoco_bringup/share/abb_mujoco_bringup/environment/ament_prefix_path.dsv
[0.737s] -- Up-to-date: /abb_ws/install/abb_mujoco_bringup/share/abb_mujoco_bringup/environment/path.sh
[0.737s] -- Up-to-date: /abb_ws/install/abb_mujoco_bringup/share/abb_mujoco_bringup/environment/path.dsv
[0.737s] -- Up-to-date: /abb_ws/install/abb_mujoco_bringup/share/abb_mujoco_bringup/local_setup.bash
[0.738s] -- Up-to-date: /abb_ws/install/abb_mujoco_bringup/share/abb_mujoco_bringup/local_setup.sh
[0.738s] -- Up-to-date: /abb_ws/install/abb_mujoco_bringup/share/abb_mujoco_bringup/local_setup.zsh
[0.738s] -- Up-to-date: /abb_ws/install/abb_mujoco_bringup/share/abb_mujoco_bringup/local_setup.dsv
[0.738s] -- Up-to-date: /abb_ws/install/abb_mujoco_bringup/share/abb_mujoco_bringup/package.dsv
[0.738s] -- Up-to-date: /abb_ws/install/abb_mujoco_bringup/share/ament_index/resource_index/packages/abb_mujoco_bringup
[0.738s] -- Up-to-date: /abb_ws/install/abb_mujoco_bringup/share/abb_mujoco_bringup/cmake/abb_mujoco_bringupConfig.cmake
[0.738s] -- Up-to-date: /abb_ws/install/abb_mujoco_bringup/share/abb_mujoco_bringup/cmake/abb_mujoco_bringupConfig-version.cmake
[0.738s] -- Up-to-date: /abb_ws/install/abb_mujoco_bringup/share/abb_mujoco_bringup/package.xml
[0.806s] Invoked command in '/abb_ws/build/abb_mujoco_bringup' returned '0': CMAKE_PREFIX_PATH=/opt/ros/humble /usr/bin/cmake --install /abb_ws/build/abb_mujoco_bringup
