[0.017s] Invoking command in '/home/eia/repo/rbi_2025_2/abb/abb_ws/build/abb_description': CMAKE_PREFIX_PATH=/opt/ros/humble /usr/bin/cmake /home/eia/repo/rbi_2025_2/abb/abb_ws/src/abb_description -DAMENT_CMAKE_SYMLINK_INSTALL=1 -DCMAKE_INSTALL_PREFIX=/home/eia/repo/rbi_2025_2/abb/abb_ws/install/abb_description
[0.060s] -- The C compiler identification is GNU 11.4.0
[0.107s] -- The CXX compiler identification is GNU 11.4.0
[0.113s] -- Detecting C compiler ABI info
[0.171s] -- Detecting C compiler ABI info - done
[0.178s] -- Check for working C compiler: /usr/bin/cc - skipped
[0.178s] -- Detecting C compile features
[0.179s] -- Detecting C compile features - done
[0.182s] -- Detecting CXX compiler ABI info
[0.251s] -- Detecting CXX compiler ABI info - done
[0.259s] -- Check for working CXX compiler: /usr/bin/c++ - skipped
[0.259s] -- Detecting CXX compile features
[0.260s] -- Detecting CXX compile features - done
[0.262s] -- Found ament_cmake: 1.3.11 (/opt/ros/humble/share/ament_cmake/cmake)
[0.660s] -- Found Python3: /usr/bin/python3 (found version "3.10.12") found components: Interpreter 
[0.724s] -- Override CMake install command with custom implementation using symlinks instead of copying resources
[0.842s] -- Configuring done
[0.846s] -- Generating done
[0.848s] -- Build files have been written to: /home/eia/repo/rbi_2025_2/abb/abb_ws/build/abb_description
[0.852s] Invoked command in '/home/eia/repo/rbi_2025_2/abb/abb_ws/build/abb_description' returned '0': CMAKE_PREFIX_PATH=/opt/ros/humble /usr/bin/cmake /home/eia/repo/rbi_2025_2/abb/abb_ws/src/abb_description -DAMENT_CMAKE_SYMLINK_INSTALL=1 -DCMAKE_INSTALL_PREFIX=/home/eia/repo/rbi_2025_2/abb/abb_ws/install/abb_description
[0.853s] Invoking command in '/home/eia/repo/rbi_2025_2/abb/abb_ws/build/abb_description': CMAKE_PREFIX_PATH=/opt/ros/humble /usr/bin/cmake --build /home/eia/repo/rbi_2025_2/abb/abb_ws/build/abb_description -- -j12 -l12
[0.885s] Invoked command in '/home/eia/repo/rbi_2025_2/abb/abb_ws/build/abb_description' returned '0': CMAKE_PREFIX_PATH=/opt/ros/humble /usr/bin/cmake --build /home/eia/repo/rbi_2025_2/abb/abb_ws/build/abb_description -- -j12 -l12
[0.887s] Invoking command in '/home/eia/repo/rbi_2025_2/abb/abb_ws/build/abb_description': CMAKE_PREFIX_PATH=/opt/ros/humble /usr/bin/cmake --install /home/eia/repo/rbi_2025_2/abb/abb_ws/build/abb_description
[0.892s] -- Install configuration: ""
[0.892s] -- Execute custom install script
[0.893s] -- Symlinking: /home/eia/repo/rbi_2025_2/abb/abb_ws/install/abb_description/share/abb_description//urdf/common_properties.xacro
[0.900s] -- Symlinking: /home/eia/repo/rbi_2025_2/abb/abb_ws/install/abb_description/share/abb_description//urdf/irb140.urdf.xacro
[0.907s] -- Symlinking: /home/eia/repo/rbi_2025_2/abb/abb_ws/install/abb_description/share/abb_description//urdf/irb140_description.xacro
[0.914s] -- Symlinking: /home/eia/repo/rbi_2025_2/abb/abb_ws/install/abb_description/share/abb_description//launch/display.launch.xml
[0.921s] -- Symlinking: /home/eia/repo/rbi_2025_2/abb/abb_ws/install/abb_description/share/abb_description//meshes/irb140/collision/base_link.stl
[0.929s] -- Symlinking: /home/eia/repo/rbi_2025_2/abb/abb_ws/install/abb_description/share/abb_description//meshes/irb140/collision/link_1.stl
[0.937s] -- Symlinking: /home/eia/repo/rbi_2025_2/abb/abb_ws/install/abb_description/share/abb_description//meshes/irb140/collision/link_2.stl
[0.946s] -- Symlinking: /home/eia/repo/rbi_2025_2/abb/abb_ws/install/abb_description/share/abb_description//meshes/irb140/collision/link_3.stl
[0.956s] -- Symlinking: /home/eia/repo/rbi_2025_2/abb/abb_ws/install/abb_description/share/abb_description//meshes/irb140/collision/link_4.stl
[0.966s] -- Symlinking: /home/eia/repo/rbi_2025_2/abb/abb_ws/install/abb_description/share/abb_description//meshes/irb140/collision/link_5.stl
[0.974s] -- Symlinking: /home/eia/repo/rbi_2025_2/abb/abb_ws/install/abb_description/share/abb_description//meshes/irb140/collision/link_6.stl
[0.982s] -- Symlinking: /home/eia/repo/rbi_2025_2/abb/abb_ws/install/abb_description/share/abb_description//meshes/irb140/visual/base_link.stl
[0.991s] -- Symlinking: /home/eia/repo/rbi_2025_2/abb/abb_ws/install/abb_description/share/abb_description//meshes/irb140/visual/link_1.stl
[0.998s] -- Symlinking: /home/eia/repo/rbi_2025_2/abb/abb_ws/install/abb_description/share/abb_description//meshes/irb140/visual/link_2.stl
[1.006s] -- Symlinking: /home/eia/repo/rbi_2025_2/abb/abb_ws/install/abb_description/share/abb_description//meshes/irb140/visual/link_3.stl
[1.013s] -- Symlinking: /home/eia/repo/rbi_2025_2/abb/abb_ws/install/abb_description/share/abb_description//meshes/irb140/visual/link_4.stl
[1.020s] -- Symlinking: /home/eia/repo/rbi_2025_2/abb/abb_ws/install/abb_description/share/abb_description//meshes/irb140/visual/link_5.stl
[1.027s] -- Symlinking: /home/eia/repo/rbi_2025_2/abb/abb_ws/install/abb_description/share/abb_description//meshes/irb140/visual/link_6.stl
[1.035s] -- Symlinking: /home/eia/repo/rbi_2025_2/abb/abb_ws/install/abb_description/share/ament_index/resource_index/package_run_dependencies/abb_description
[1.043s] -- Symlinking: /home/eia/repo/rbi_2025_2/abb/abb_ws/install/abb_description/share/ament_index/resource_index/parent_prefix_path/abb_description
[1.050s] -- Symlinking: /home/eia/repo/rbi_2025_2/abb/abb_ws/install/abb_description/share/abb_description/environment/ament_prefix_path.sh
[1.058s] -- Symlinking: /home/eia/repo/rbi_2025_2/abb/abb_ws/install/abb_description/share/abb_description/environment/ament_prefix_path.dsv
[1.066s] -- Symlinking: /home/eia/repo/rbi_2025_2/abb/abb_ws/install/abb_description/share/abb_description/environment/path.sh
[1.073s] -- Symlinking: /home/eia/repo/rbi_2025_2/abb/abb_ws/install/abb_description/share/abb_description/environment/path.dsv
[1.080s] -- Symlinking: /home/eia/repo/rbi_2025_2/abb/abb_ws/install/abb_description/share/abb_description/local_setup.bash
[1.088s] -- Symlinking: /home/eia/repo/rbi_2025_2/abb/abb_ws/install/abb_description/share/abb_description/local_setup.sh
[1.095s] -- Symlinking: /home/eia/repo/rbi_2025_2/abb/abb_ws/install/abb_description/share/abb_description/local_setup.zsh
[1.103s] -- Symlinking: /home/eia/repo/rbi_2025_2/abb/abb_ws/install/abb_description/share/abb_description/local_setup.dsv
[1.110s] -- Symlinking: /home/eia/repo/rbi_2025_2/abb/abb_ws/install/abb_description/share/abb_description/package.dsv
[1.118s] -- Symlinking: /home/eia/repo/rbi_2025_2/abb/abb_ws/install/abb_description/share/ament_index/resource_index/packages/abb_description
[1.125s] -- Symlinking: /home/eia/repo/rbi_2025_2/abb/abb_ws/install/abb_description/share/abb_description/cmake/abb_descriptionConfig.cmake
[1.132s] -- Symlinking: /home/eia/repo/rbi_2025_2/abb/abb_ws/install/abb_description/share/abb_description/cmake/abb_descriptionConfig-version.cmake
[1.140s] -- Symlinking: /home/eia/repo/rbi_2025_2/abb/abb_ws/install/abb_description/share/abb_description/package.xml
[1.148s] Invoked command in '/home/eia/repo/rbi_2025_2/abb/abb_ws/build/abb_description' returned '0': CMAKE_PREFIX_PATH=/opt/ros/humble /usr/bin/cmake --install /home/eia/repo/rbi_2025_2/abb/abb_ws/build/abb_description
