[0.046s] Invoking command in '/home/eia/repo/rbi_2025_2/scara/scara_ws/build/scara_gz_bringup': CMAKE_PREFIX_PATH=${CMAKE_PREFIX_PATH}:/home/eia/repo/rbi_2025_2/abb/abb_ws/install/abb_mujoco:/home/eia/repo/rbi_2025_2/scara/scara_ws/install/scara_mujoco:/opt/ros/humble /usr/bin/cmake --build /home/eia/repo/rbi_2025_2/scara/scara_ws/build/scara_gz_bringup -- -j12 -l12
[0.283s] Invoked command in '/home/eia/repo/rbi_2025_2/scara/scara_ws/build/scara_gz_bringup' returned '0': CMAKE_PREFIX_PATH=${CMAKE_PREFIX_PATH}:/home/eia/repo/rbi_2025_2/abb/abb_ws/install/abb_mujoco:/home/eia/repo/rbi_2025_2/scara/scara_ws/install/scara_mujoco:/opt/ros/humble /usr/bin/cmake --build /home/eia/repo/rbi_2025_2/scara/scara_ws/build/scara_gz_bringup -- -j12 -l12
[0.291s] Invoking command in '/home/eia/repo/rbi_2025_2/scara/scara_ws/build/scara_gz_bringup': CMAKE_PREFIX_PATH=${CMAKE_PREFIX_PATH}:/home/eia/repo/rbi_2025_2/abb/abb_ws/install/abb_mujoco:/home/eia/repo/rbi_2025_2/scara/scara_ws/install/scara_mujoco:/opt/ros/humble /usr/bin/cmake --install /home/eia/repo/rbi_2025_2/scara/scara_ws/build/scara_gz_bringup
[0.301s] -- Install configuration: ""
[0.302s] -- Up-to-date: /home/eia/repo/rbi_2025_2/scara/scara_ws/install/scara_gz_bringup/share/scara_gz_bringup//launch
[0.303s] -- Up-to-date: /home/eia/repo/rbi_2025_2/scara/scara_ws/install/scara_gz_bringup/share/scara_gz_bringup//launch/scara_bringup.launch.xml
[0.304s] -- Up-to-date: /home/eia/repo/rbi_2025_2/scara/scara_ws/install/scara_gz_bringup/share/scara_gz_bringup//config
[0.305s] -- Up-to-date: /home/eia/repo/rbi_2025_2/scara/scara_ws/install/scara_gz_bringup/share/scara_gz_bringup//config/scara_config.rviz
[0.305s] -- Up-to-date: /home/eia/repo/rbi_2025_2/scara/scara_ws/install/scara_gz_bringup/share/scara_gz_bringup//config/build
[0.306s] -- Up-to-date: /home/eia/repo/rbi_2025_2/scara/scara_ws/install/scara_gz_bringup/share/scara_gz_bringup//config/build/COLCON_IGNORE
[0.306s] -- Up-to-date: /home/eia/repo/rbi_2025_2/scara/scara_ws/install/scara_gz_bringup/share/scara_gz_bringup//config/build/.built_by
[0.306s] -- Up-to-date: /home/eia/repo/rbi_2025_2/scara/scara_ws/install/scara_gz_bringup/share/scara_gz_bringup//config/gazebo_bridge.yaml
[0.306s] -- Up-to-date: /home/eia/repo/rbi_2025_2/scara/scara_ws/install/scara_gz_bringup/share/scara_gz_bringup//config/controllers.yaml
[0.306s] -- Up-to-date: /home/eia/repo/rbi_2025_2/scara/scara_ws/install/scara_gz_bringup/share/scara_gz_bringup//config/log
[0.306s] -- Up-to-date: /home/eia/repo/rbi_2025_2/scara/scara_ws/install/scara_gz_bringup/share/scara_gz_bringup//config/log/build_2025-08-13_22-40-07
[0.306s] -- Up-to-date: /home/eia/repo/rbi_2025_2/scara/scara_ws/install/scara_gz_bringup/share/scara_gz_bringup//config/log/build_2025-08-13_22-40-07/events.log
[0.306s] -- Up-to-date: /home/eia/repo/rbi_2025_2/scara/scara_ws/install/scara_gz_bringup/share/scara_gz_bringup//config/log/build_2025-08-13_22-40-07/logger_all.log
[0.306s] -- Up-to-date: /home/eia/repo/rbi_2025_2/scara/scara_ws/install/scara_gz_bringup/share/scara_gz_bringup//config/log/COLCON_IGNORE
[0.306s] -- Up-to-date: /home/eia/repo/rbi_2025_2/scara/scara_ws/install/scara_gz_bringup/share/scara_gz_bringup//config/log/latest_build
[0.306s] -- Up-to-date: /home/eia/repo/rbi_2025_2/scara/scara_ws/install/scara_gz_bringup/share/scara_gz_bringup//config/log/latest
[0.306s] -- Up-to-date: /home/eia/repo/rbi_2025_2/scara/scara_ws/install/scara_gz_bringup/share/scara_gz_bringup//config/install
[0.306s] -- Up-to-date: /home/eia/repo/rbi_2025_2/scara/scara_ws/install/scara_gz_bringup/share/scara_gz_bringup//config/install/COLCON_IGNORE
[0.307s] -- Up-to-date: /home/eia/repo/rbi_2025_2/scara/scara_ws/install/scara_gz_bringup/share/scara_gz_bringup//config/install/.colcon_install_layout
[0.307s] -- Up-to-date: /home/eia/repo/rbi_2025_2/scara/scara_ws/install/scara_gz_bringup/share/scara_gz_bringup//config/install/setup.bash
[0.307s] -- Up-to-date: /home/eia/repo/rbi_2025_2/scara/scara_ws/install/scara_gz_bringup/share/scara_gz_bringup//config/install/setup.sh
[0.307s] -- Up-to-date: /home/eia/repo/rbi_2025_2/scara/scara_ws/install/scara_gz_bringup/share/scara_gz_bringup//config/install/local_setup.sh
[0.307s] -- Up-to-date: /home/eia/repo/rbi_2025_2/scara/scara_ws/install/scara_gz_bringup/share/scara_gz_bringup//config/install/local_setup.bash
[0.307s] -- Up-to-date: /home/eia/repo/rbi_2025_2/scara/scara_ws/install/scara_gz_bringup/share/scara_gz_bringup//config/install/local_setup.ps1
[0.307s] -- Up-to-date: /home/eia/repo/rbi_2025_2/scara/scara_ws/install/scara_gz_bringup/share/scara_gz_bringup//config/install/local_setup.zsh
[0.307s] -- Up-to-date: /home/eia/repo/rbi_2025_2/scara/scara_ws/install/scara_gz_bringup/share/scara_gz_bringup//config/install/setup.zsh
[0.307s] -- Up-to-date: /home/eia/repo/rbi_2025_2/scara/scara_ws/install/scara_gz_bringup/share/scara_gz_bringup//config/install/_local_setup_util_sh.py
[0.307s] -- Up-to-date: /home/eia/repo/rbi_2025_2/scara/scara_ws/install/scara_gz_bringup/share/scara_gz_bringup//config/install/_local_setup_util_ps1.py
[0.307s] -- Up-to-date: /home/eia/repo/rbi_2025_2/scara/scara_ws/install/scara_gz_bringup/share/scara_gz_bringup//config/install/setup.ps1
[0.307s] -- Up-to-date: /home/eia/repo/rbi_2025_2/scara/scara_ws/install/scara_gz_bringup/share/ament_index/resource_index/package_run_dependencies/scara_gz_bringup
[0.308s] -- Up-to-date: /home/eia/repo/rbi_2025_2/scara/scara_ws/install/scara_gz_bringup/share/ament_index/resource_index/parent_prefix_path/scara_gz_bringup
[0.308s] -- Up-to-date: /home/eia/repo/rbi_2025_2/scara/scara_ws/install/scara_gz_bringup/share/scara_gz_bringup/environment/ament_prefix_path.sh
[0.308s] -- Up-to-date: /home/eia/repo/rbi_2025_2/scara/scara_ws/install/scara_gz_bringup/share/scara_gz_bringup/environment/ament_prefix_path.dsv
[0.308s] -- Up-to-date: /home/eia/repo/rbi_2025_2/scara/scara_ws/install/scara_gz_bringup/share/scara_gz_bringup/environment/path.sh
[0.308s] -- Up-to-date: /home/eia/repo/rbi_2025_2/scara/scara_ws/install/scara_gz_bringup/share/scara_gz_bringup/environment/path.dsv
[0.308s] -- Up-to-date: /home/eia/repo/rbi_2025_2/scara/scara_ws/install/scara_gz_bringup/share/scara_gz_bringup/local_setup.bash
[0.308s] -- Up-to-date: /home/eia/repo/rbi_2025_2/scara/scara_ws/install/scara_gz_bringup/share/scara_gz_bringup/local_setup.sh
[0.308s] -- Up-to-date: /home/eia/repo/rbi_2025_2/scara/scara_ws/install/scara_gz_bringup/share/scara_gz_bringup/local_setup.zsh
[0.308s] -- Up-to-date: /home/eia/repo/rbi_2025_2/scara/scara_ws/install/scara_gz_bringup/share/scara_gz_bringup/local_setup.dsv
[0.308s] -- Installing: /home/eia/repo/rbi_2025_2/scara/scara_ws/install/scara_gz_bringup/share/scara_gz_bringup/package.dsv
[0.308s] -- Up-to-date: /home/eia/repo/rbi_2025_2/scara/scara_ws/install/scara_gz_bringup/share/ament_index/resource_index/packages/scara_gz_bringup
[0.308s] -- Up-to-date: /home/eia/repo/rbi_2025_2/scara/scara_ws/install/scara_gz_bringup/share/scara_gz_bringup/cmake/scara_gz_bringupConfig.cmake
[0.308s] -- Up-to-date: /home/eia/repo/rbi_2025_2/scara/scara_ws/install/scara_gz_bringup/share/scara_gz_bringup/cmake/scara_gz_bringupConfig-version.cmake
[0.308s] -- Up-to-date: /home/eia/repo/rbi_2025_2/scara/scara_ws/install/scara_gz_bringup/share/scara_gz_bringup/package.xml
[0.310s] Invoked command in '/home/eia/repo/rbi_2025_2/scara/scara_ws/build/scara_gz_bringup' returned '0': CMAKE_PREFIX_PATH=${CMAKE_PREFIX_PATH}:/home/eia/repo/rbi_2025_2/abb/abb_ws/install/abb_mujoco:/home/eia/repo/rbi_2025_2/scara/scara_ws/install/scara_mujoco:/opt/ros/humble /usr/bin/cmake --install /home/eia/repo/rbi_2025_2/scara/scara_ws/build/scara_gz_bringup
