-- Install configuration: ""
-- Up-to-date: /scara_ws/install/scara_gz_description/share/scara_gz_description//urdf
-- Up-to-date: /scara_ws/install/scara_gz_description/share/scara_gz_description//urdf/scara_description.xacro
-- Up-to-date: /scara_ws/install/scara_gz_description/share/scara_gz_description//urdf/common_properties.xacro
-- Up-to-date: /scara_ws/install/scara_gz_description/share/scara_gz_description//urdf/scara.urdf.xacro
-- Up-to-date: /scara_ws/install/scara_gz_description/share/scara_gz_description//launch
-- Up-to-date: /scara_ws/install/scara_gz_description/share/scara_gz_description//launch/display.launch.xml
-- Up-to-date: /scara_ws/install/scara_gz_description/share/scara_gz_description//meshes
-- Up-to-date: /scara_ws/install/scara_gz_description/share/ament_index/resource_index/package_run_dependencies/scara_gz_description
-- Up-to-date: /scara_ws/install/scara_gz_description/share/ament_index/resource_index/parent_prefix_path/scara_gz_description
-- Up-to-date: /scara_ws/install/scara_gz_description/share/scara_gz_description/environment/ament_prefix_path.sh
-- Up-to-date: /scara_ws/install/scara_gz_description/share/scara_gz_description/environment/ament_prefix_path.dsv
-- Up-to-date: /scara_ws/install/scara_gz_description/share/scara_gz_description/environment/path.sh
-- Up-to-date: /scara_ws/install/scara_gz_description/share/scara_gz_description/environment/path.dsv
-- Up-to-date: /scara_ws/install/scara_gz_description/share/scara_gz_description/local_setup.bash
-- Up-to-date: /scara_ws/install/scara_gz_description/share/scara_gz_description/local_setup.sh
-- Up-to-date: /scara_ws/install/scara_gz_description/share/scara_gz_description/local_setup.zsh
-- Up-to-date: /scara_ws/install/scara_gz_description/share/scara_gz_description/local_setup.dsv
-- Up-to-date: /scara_ws/install/scara_gz_description/share/scara_gz_description/package.dsv
-- Up-to-date: /scara_ws/install/scara_gz_description/share/ament_index/resource_index/packages/scara_gz_description
-- Up-to-date: /scara_ws/install/scara_gz_description/share/scara_gz_description/cmake/scara_gz_descriptionConfig.cmake
-- Up-to-date: /scara_ws/install/scara_gz_description/share/scara_gz_description/cmake/scara_gz_descriptionConfig-version.cmake
-- Up-to-date: /scara_ws/install/scara_gz_description/share/scara_gz_description/package.xml
