[0.221s] Invoking command in '/home/eia/repo/rbi_2025_2/abb/abb_ws/build/abb_mujoco_sim': CMAKE_PREFIX_PATH=${CMAKE_PREFIX_PATH}:/home/eia/repo/rbi_2025_2/abb/abb_ws/install/abb_mujoco:/home/eia/repo/rbi_2025_2/scara/scara_ws/install/scara_mujoco:/opt/ros/humble /usr/bin/cmake --build /home/eia/repo/rbi_2025_2/abb/abb_ws/build/abb_mujoco_sim -- -j12 -l12
[0.260s] [35m[1mConsolidate compiler generated dependencies of target abb_mujoco_sim[0m
[0.277s] [ 50%] [32mBuilding CXX object CMakeFiles/abb_mujoco_sim.dir/src/mujoco_sim_interface.cpp.o[0m
[3.994s] [100%] [32m[1mLinking CXX shared library libabb_mujoco_sim.so[0m
[4.148s] [100%] Built target abb_mujoco_sim
[4.160s] Invoked command in '/home/eia/repo/rbi_2025_2/abb/abb_ws/build/abb_mujoco_sim' returned '0': CMAKE_PREFIX_PATH=${CMAKE_PREFIX_PATH}:/home/eia/repo/rbi_2025_2/abb/abb_ws/install/abb_mujoco:/home/eia/repo/rbi_2025_2/scara/scara_ws/install/scara_mujoco:/opt/ros/humble /usr/bin/cmake --build /home/eia/repo/rbi_2025_2/abb/abb_ws/build/abb_mujoco_sim -- -j12 -l12
[4.161s] Invoking command in '/home/eia/repo/rbi_2025_2/abb/abb_ws/build/abb_mujoco_sim': CMAKE_PREFIX_PATH=${CMAKE_PREFIX_PATH}:/home/eia/repo/rbi_2025_2/abb/abb_ws/install/abb_mujoco:/home/eia/repo/rbi_2025_2/scara/scara_ws/install/scara_mujoco:/opt/ros/humble /usr/bin/cmake --install /home/eia/repo/rbi_2025_2/abb/abb_ws/build/abb_mujoco_sim
[4.167s] -- Install configuration: ""
[4.167s] -- Up-to-date: /home/eia/repo/rbi_2025_2/abb/abb_ws/install/abb_mujoco_sim/share/abb_mujoco_sim/abb_hardware_interface.xml
[4.167s] -- Installing: /home/eia/repo/rbi_2025_2/abb/abb_ws/install/abb_mujoco_sim/lib/libabb_mujoco_sim.so
[4.167s] -- Set runtime path of "/home/eia/repo/rbi_2025_2/abb/abb_ws/install/abb_mujoco_sim/lib/libabb_mujoco_sim.so" to "/home/eia/repo/rbi_2025_2/abb/abb_ws/src/abb_mujoco_sim/../../mujoco/lib"
[4.168s] -- Up-to-date: /home/eia/repo/rbi_2025_2/abb/abb_ws/install/abb_mujoco_sim/include/include
[4.168s] -- Up-to-date: /home/eia/repo/rbi_2025_2/abb/abb_ws/install/abb_mujoco_sim/include/include/abb_mujoco_sim
[4.168s] -- Up-to-date: /home/eia/repo/rbi_2025_2/abb/abb_ws/install/abb_mujoco_sim/include/include/abb_mujoco_sim/mujoco_sim_interface.hpp
[4.168s] -- Up-to-date: /home/eia/repo/rbi_2025_2/abb/abb_ws/install/abb_mujoco_sim/share/abb_mujoco_sim/environment/library_path.sh
[4.168s] -- Up-to-date: /home/eia/repo/rbi_2025_2/abb/abb_ws/install/abb_mujoco_sim/share/abb_mujoco_sim/environment/library_path.dsv
[4.168s] -- Up-to-date: /home/eia/repo/rbi_2025_2/abb/abb_ws/install/abb_mujoco_sim/share/ament_index/resource_index/package_run_dependencies/abb_mujoco_sim
[4.168s] -- Up-to-date: /home/eia/repo/rbi_2025_2/abb/abb_ws/install/abb_mujoco_sim/share/ament_index/resource_index/parent_prefix_path/abb_mujoco_sim
[4.168s] -- Up-to-date: /home/eia/repo/rbi_2025_2/abb/abb_ws/install/abb_mujoco_sim/share/abb_mujoco_sim/environment/ament_prefix_path.sh
[4.168s] -- Up-to-date: /home/eia/repo/rbi_2025_2/abb/abb_ws/install/abb_mujoco_sim/share/abb_mujoco_sim/environment/ament_prefix_path.dsv
[4.168s] -- Up-to-date: /home/eia/repo/rbi_2025_2/abb/abb_ws/install/abb_mujoco_sim/share/abb_mujoco_sim/environment/path.sh
[4.168s] -- Up-to-date: /home/eia/repo/rbi_2025_2/abb/abb_ws/install/abb_mujoco_sim/share/abb_mujoco_sim/environment/path.dsv
[4.168s] -- Up-to-date: /home/eia/repo/rbi_2025_2/abb/abb_ws/install/abb_mujoco_sim/share/abb_mujoco_sim/local_setup.bash
[4.169s] -- Up-to-date: /home/eia/repo/rbi_2025_2/abb/abb_ws/install/abb_mujoco_sim/share/abb_mujoco_sim/local_setup.sh
[4.169s] -- Up-to-date: /home/eia/repo/rbi_2025_2/abb/abb_ws/install/abb_mujoco_sim/share/abb_mujoco_sim/local_setup.zsh
[4.169s] -- Up-to-date: /home/eia/repo/rbi_2025_2/abb/abb_ws/install/abb_mujoco_sim/share/abb_mujoco_sim/local_setup.dsv
[4.169s] -- Installing: /home/eia/repo/rbi_2025_2/abb/abb_ws/install/abb_mujoco_sim/share/abb_mujoco_sim/package.dsv
[4.169s] -- Up-to-date: /home/eia/repo/rbi_2025_2/abb/abb_ws/install/abb_mujoco_sim/share/ament_index/resource_index/packages/abb_mujoco_sim
[4.169s] -- Up-to-date: /home/eia/repo/rbi_2025_2/abb/abb_ws/install/abb_mujoco_sim/share/ament_index/resource_index/hardware_interface__pluginlib__plugin/abb_mujoco_sim
[4.169s] -- Up-to-date: /home/eia/repo/rbi_2025_2/abb/abb_ws/install/abb_mujoco_sim/share/abb_mujoco_sim/cmake/ament_cmake_export_libraries-extras.cmake
[4.170s] -- Up-to-date: /home/eia/repo/rbi_2025_2/abb/abb_ws/install/abb_mujoco_sim/share/abb_mujoco_sim/cmake/ament_cmake_export_dependencies-extras.cmake
[4.170s] -- Up-to-date: /home/eia/repo/rbi_2025_2/abb/abb_ws/install/abb_mujoco_sim/share/abb_mujoco_sim/cmake/abb_mujoco_simConfig.cmake
[4.170s] -- Up-to-date: /home/eia/repo/rbi_2025_2/abb/abb_ws/install/abb_mujoco_sim/share/abb_mujoco_sim/cmake/abb_mujoco_simConfig-version.cmake
[4.170s] -- Up-to-date: /home/eia/repo/rbi_2025_2/abb/abb_ws/install/abb_mujoco_sim/share/abb_mujoco_sim/package.xml
[4.171s] Invoked command in '/home/eia/repo/rbi_2025_2/abb/abb_ws/build/abb_mujoco_sim' returned '0': CMAKE_PREFIX_PATH=${CMAKE_PREFIX_PATH}:/home/eia/repo/rbi_2025_2/abb/abb_ws/install/abb_mujoco:/home/eia/repo/rbi_2025_2/scara/scara_ws/install/scara_mujoco:/opt/ros/humble /usr/bin/cmake --install /home/eia/repo/rbi_2025_2/abb/abb_ws/build/abb_mujoco_sim
