[0.402s] Invoking command in '/home/eia/repo/rbi_2025_2/rov/rov_ws/build/rov_controllers': CMAKE_PREFIX_PATH=${CMAKE_PREFIX_PATH}:/home/eia/repo/rbi_2025_2/rov/rov_ws/install/rov_position_controller:/home/eia/repo/rbi_2025_2/rov/rov_ws/install/rov_path_generator:/home/eia/repo/rbi_2025_2/rov/rov_ws/install/rov_attitude_controller:/opt/ros/humble /usr/bin/cmake /home/eia/repo/rbi_2025_2/rov/rov_ws/src/rov_controllers -DAMENT_CMAKE_SYMLINK_INSTALL=1 -DCMAKE_INSTALL_PREFIX=/home/eia/repo/rbi_2025_2/rov/rov_ws/install/rov_controllers
[0.878s] -- The C compiler identification is GNU 11.4.0
[0.879s] -- The CXX compiler identification is GNU 11.4.0
[0.879s] -- Detecting C compiler ABI info
[0.879s] -- Detecting C compiler ABI info - done
[0.879s] -- Check for working C compiler: /usr/bin/cc - skipped
[0.879s] -- Detecting C compile features
[0.879s] -- Detecting C compile features - done
[0.879s] -- Detecting CXX compiler ABI info
[0.879s] -- Detecting CXX compiler ABI info - done
[0.879s] -- Check for working CXX compiler: /usr/bin/c++ - skipped
[0.880s] -- Detecting CXX compile features
[0.880s] -- Detecting CXX compile features - done
[0.880s] -- Found ament_cmake: 1.3.12 (/opt/ros/humble/share/ament_cmake/cmake)
[0.931s] -- Found Python3: /usr/bin/python3 (found version "3.10.12") found components: Interpreter 
[0.996s] -- Override CMake install command with custom implementation using symlinks instead of copying resources
[1.027s] -- Found rclcpp: 16.0.14 (/opt/ros/humble/share/rclcpp/cmake)
[1.075s] -- Found rosidl_generator_c: 3.1.7 (/opt/ros/humble/share/rosidl_generator_c/cmake)
[1.082s] -- Found rosidl_adapter: 3.1.7 (/opt/ros/humble/share/rosidl_adapter/cmake)
[1.091s] -- Found rosidl_generator_cpp: 3.1.7 (/opt/ros/humble/share/rosidl_generator_cpp/cmake)
[1.103s] -- Using all available rosidl_typesupport_c: rosidl_typesupport_fastrtps_c;rosidl_typesupport_introspection_c
[1.120s] -- Using all available rosidl_typesupport_cpp: rosidl_typesupport_fastrtps_cpp;rosidl_typesupport_introspection_cpp
[1.168s] -- Found rmw_implementation_cmake: 6.1.2 (/opt/ros/humble/share/rmw_implementation_cmake/cmake)
[1.173s] -- Found rmw_fastrtps_cpp: 6.2.8 (/opt/ros/humble/share/rmw_fastrtps_cpp/cmake)
[1.297s] -- Found OpenSSL: /usr/lib/x86_64-linux-gnu/libcrypto.so (found version "3.0.2")  
[1.326s] -- Found FastRTPS: /opt/ros/humble/include  
[1.377s] -- Using RMW implementation 'rmw_fastrtps_cpp' as default
[1.387s] -- Looking for pthread.h
[1.460s] -- Looking for pthread.h - found
[1.461s] -- Performing Test CMAKE_HAVE_LIBC_PTHREAD
[1.543s] -- Performing Test CMAKE_HAVE_LIBC_PTHREAD - Success
[1.544s] -- Found Threads: TRUE  
[1.617s] -- Found rclcpp_lifecycle: 16.0.14 (/opt/ros/humble/share/rclcpp_lifecycle/cmake)
[1.658s] -- Found pluginlib: 5.1.0 (/opt/ros/humble/share/pluginlib/cmake)
[1.730s] -- Found geometry_msgs: 4.9.0 (/opt/ros/humble/share/geometry_msgs/cmake)
[1.793s] -- Found controller_interface: 2.51.0 (/opt/ros/humble/share/controller_interface/cmake)
[2.006s] -- Found tf2_ros: 0.25.15 (/opt/ros/humble/share/tf2_ros/cmake)
[2.198s] -- Configuring done
[2.231s] -- Generating done
[2.241s] -- Build files have been written to: /home/eia/repo/rbi_2025_2/rov/rov_ws/build/rov_controllers
[2.253s] Invoked command in '/home/eia/repo/rbi_2025_2/rov/rov_ws/build/rov_controllers' returned '0': CMAKE_PREFIX_PATH=${CMAKE_PREFIX_PATH}:/home/eia/repo/rbi_2025_2/rov/rov_ws/install/rov_position_controller:/home/eia/repo/rbi_2025_2/rov/rov_ws/install/rov_path_generator:/home/eia/repo/rbi_2025_2/rov/rov_ws/install/rov_attitude_controller:/opt/ros/humble /usr/bin/cmake /home/eia/repo/rbi_2025_2/rov/rov_ws/src/rov_controllers -DAMENT_CMAKE_SYMLINK_INSTALL=1 -DCMAKE_INSTALL_PREFIX=/home/eia/repo/rbi_2025_2/rov/rov_ws/install/rov_controllers
[2.255s] Invoking command in '/home/eia/repo/rbi_2025_2/rov/rov_ws/build/rov_controllers': CMAKE_PREFIX_PATH=${CMAKE_PREFIX_PATH}:/home/eia/repo/rbi_2025_2/rov/rov_ws/install/rov_position_controller:/home/eia/repo/rbi_2025_2/rov/rov_ws/install/rov_path_generator:/home/eia/repo/rbi_2025_2/rov/rov_ws/install/rov_attitude_controller:/opt/ros/humble /usr/bin/cmake --build /home/eia/repo/rbi_2025_2/rov/rov_ws/build/rov_controllers -- -j12 -l12
[2.302s] [ 50%] [32mBuilding CXX object CMakeFiles/rov_controllers.dir/src/rov_forward_controller.cpp.o[0m
[17.103s] [100%] [32m[1mLinking CXX shared library librov_controllers.so[0m
[17.720s] [100%] Built target rov_controllers
[17.732s] Invoked command in '/home/eia/repo/rbi_2025_2/rov/rov_ws/build/rov_controllers' returned '0': CMAKE_PREFIX_PATH=${CMAKE_PREFIX_PATH}:/home/eia/repo/rbi_2025_2/rov/rov_ws/install/rov_position_controller:/home/eia/repo/rbi_2025_2/rov/rov_ws/install/rov_path_generator:/home/eia/repo/rbi_2025_2/rov/rov_ws/install/rov_attitude_controller:/opt/ros/humble /usr/bin/cmake --build /home/eia/repo/rbi_2025_2/rov/rov_ws/build/rov_controllers -- -j12 -l12
[17.733s] Invoking command in '/home/eia/repo/rbi_2025_2/rov/rov_ws/build/rov_controllers': CMAKE_PREFIX_PATH=${CMAKE_PREFIX_PATH}:/home/eia/repo/rbi_2025_2/rov/rov_ws/install/rov_position_controller:/home/eia/repo/rbi_2025_2/rov/rov_ws/install/rov_path_generator:/home/eia/repo/rbi_2025_2/rov/rov_ws/install/rov_attitude_controller:/opt/ros/humble /usr/bin/cmake --install /home/eia/repo/rbi_2025_2/rov/rov_ws/build/rov_controllers
[17.738s] -- Install configuration: ""
[17.738s] -- Execute custom install script
[17.739s] -- Symlinking: /home/eia/repo/rbi_2025_2/rov/rov_ws/install/rov_controllers/share/rov_controllers//rov_controller.xml
[17.745s] -- Symlinking: /home/eia/repo/rbi_2025_2/rov/rov_ws/install/rov_controllers/lib/librov_controllers.so
[17.751s] -- Symlinking: /home/eia/repo/rbi_2025_2/rov/rov_ws/install/rov_controllers/include/include/rov_controllers/rov_forward_controller.hpp
[17.757s] -- Symlinking: /home/eia/repo/rbi_2025_2/rov/rov_ws/install/rov_controllers/share/rov_controllers/environment/library_path.sh
[17.762s] -- Symlinking: /home/eia/repo/rbi_2025_2/rov/rov_ws/install/rov_controllers/share/rov_controllers/environment/library_path.dsv
[17.768s] -- Symlinking: /home/eia/repo/rbi_2025_2/rov/rov_ws/install/rov_controllers/share/ament_index/resource_index/package_run_dependencies/rov_controllers
[17.774s] -- Symlinking: /home/eia/repo/rbi_2025_2/rov/rov_ws/install/rov_controllers/share/ament_index/resource_index/parent_prefix_path/rov_controllers
[17.780s] -- Symlinking: /home/eia/repo/rbi_2025_2/rov/rov_ws/install/rov_controllers/share/rov_controllers/environment/ament_prefix_path.sh
[17.786s] -- Symlinking: /home/eia/repo/rbi_2025_2/rov/rov_ws/install/rov_controllers/share/rov_controllers/environment/ament_prefix_path.dsv
[17.792s] -- Symlinking: /home/eia/repo/rbi_2025_2/rov/rov_ws/install/rov_controllers/share/rov_controllers/environment/path.sh
[17.797s] -- Symlinking: /home/eia/repo/rbi_2025_2/rov/rov_ws/install/rov_controllers/share/rov_controllers/environment/path.dsv
[17.803s] -- Symlinking: /home/eia/repo/rbi_2025_2/rov/rov_ws/install/rov_controllers/share/rov_controllers/local_setup.bash
[17.808s] -- Symlinking: /home/eia/repo/rbi_2025_2/rov/rov_ws/install/rov_controllers/share/rov_controllers/local_setup.sh
[17.814s] -- Symlinking: /home/eia/repo/rbi_2025_2/rov/rov_ws/install/rov_controllers/share/rov_controllers/local_setup.zsh
[17.819s] -- Symlinking: /home/eia/repo/rbi_2025_2/rov/rov_ws/install/rov_controllers/share/rov_controllers/local_setup.dsv
[17.824s] -- Symlinking: /home/eia/repo/rbi_2025_2/rov/rov_ws/install/rov_controllers/share/rov_controllers/package.dsv
[17.830s] -- Symlinking: /home/eia/repo/rbi_2025_2/rov/rov_ws/install/rov_controllers/share/ament_index/resource_index/packages/rov_controllers
[17.836s] -- Symlinking: /home/eia/repo/rbi_2025_2/rov/rov_ws/install/rov_controllers/share/ament_index/resource_index/controller_interface__pluginlib__plugin/rov_controllers
[17.841s] -- Symlinking: /home/eia/repo/rbi_2025_2/rov/rov_ws/install/rov_controllers/share/rov_controllers/cmake/ament_cmake_export_libraries-extras.cmake
[17.847s] -- Symlinking: /home/eia/repo/rbi_2025_2/rov/rov_ws/install/rov_controllers/share/rov_controllers/cmake/ament_cmake_export_dependencies-extras.cmake
[17.852s] -- Symlinking: /home/eia/repo/rbi_2025_2/rov/rov_ws/install/rov_controllers/share/rov_controllers/cmake/rov_controllersConfig.cmake
[17.858s] -- Symlinking: /home/eia/repo/rbi_2025_2/rov/rov_ws/install/rov_controllers/share/rov_controllers/cmake/rov_controllersConfig-version.cmake
[17.864s] -- Symlinking: /home/eia/repo/rbi_2025_2/rov/rov_ws/install/rov_controllers/share/rov_controllers/package.xml
[17.871s] Invoked command in '/home/eia/repo/rbi_2025_2/rov/rov_ws/build/rov_controllers' returned '0': CMAKE_PREFIX_PATH=${CMAKE_PREFIX_PATH}:/home/eia/repo/rbi_2025_2/rov/rov_ws/install/rov_position_controller:/home/eia/repo/rbi_2025_2/rov/rov_ws/install/rov_path_generator:/home/eia/repo/rbi_2025_2/rov/rov_ws/install/rov_attitude_controller:/opt/ros/humble /usr/bin/cmake --install /home/eia/repo/rbi_2025_2/rov/rov_ws/build/rov_controllers
