[0.039s] Invoking command in '/home/eia/repo/rbi_2025_2/abb/abb_ws/build/abb_gz_hardware': CMAKE_PREFIX_PATH=${CMAKE_PREFIX_PATH}:/home/eia/repo/rbi_2025_2/abb/abb_ws/install/abb_mujoco:/home/eia/repo/rbi_2025_2/scara/scara_ws/install/scara_mujoco:/opt/ros/humble /usr/bin/cmake /home/eia/repo/rbi_2025_2/abb/abb_ws/src/abb_gz_hardware -DCMAKE_INSTALL_PREFIX=/home/eia/repo/rbi_2025_2/abb/abb_ws/install/abb_gz_hardware
[0.338s] -- The C compiler identification is GNU 11.4.0
[0.339s] -- The CXX compiler identification is GNU 11.4.0
[0.339s] -- Detecting C compiler ABI info
[0.339s] -- Detecting C compiler ABI info - done
[0.339s] -- Check for working C compiler: /usr/bin/cc - skipped
[0.339s] -- Detecting C compile features
[0.339s] -- Detecting C compile features - done
[0.339s] -- Detecting CXX compiler ABI info
[0.340s] -- Detecting CXX compiler ABI info - done
[0.340s] -- Check for working CXX compiler: /usr/bin/c++ - skipped
[0.340s] -- Detecting CXX compile features
[0.340s] -- Detecting CXX compile features - done
[0.340s] -- Found ament_cmake: 1.3.12 (/opt/ros/humble/share/ament_cmake/cmake)
[0.875s] -- Found Python3: /usr/bin/python3 (found version "3.10.12") found components: Interpreter 
[1.009s] -- Found ament_lint_auto: 0.12.14 (/opt/ros/humble/share/ament_lint_auto/cmake)
[1.152s] -- Added test 'lint_cmake' to check CMake code style
[1.154s] -- Added test 'xmllint' to check XML markup files
[1.157s] -- Configuring done
[1.161s] -- Generating done
[1.161s] -- Build files have been written to: /home/eia/repo/rbi_2025_2/abb/abb_ws/build/abb_gz_hardware
[1.177s] Invoked command in '/home/eia/repo/rbi_2025_2/abb/abb_ws/build/abb_gz_hardware' returned '0': CMAKE_PREFIX_PATH=${CMAKE_PREFIX_PATH}:/home/eia/repo/rbi_2025_2/abb/abb_ws/install/abb_mujoco:/home/eia/repo/rbi_2025_2/scara/scara_ws/install/scara_mujoco:/opt/ros/humble /usr/bin/cmake /home/eia/repo/rbi_2025_2/abb/abb_ws/src/abb_gz_hardware -DCMAKE_INSTALL_PREFIX=/home/eia/repo/rbi_2025_2/abb/abb_ws/install/abb_gz_hardware
[1.179s] Invoking command in '/home/eia/repo/rbi_2025_2/abb/abb_ws/build/abb_gz_hardware': CMAKE_PREFIX_PATH=${CMAKE_PREFIX_PATH}:/home/eia/repo/rbi_2025_2/abb/abb_ws/install/abb_mujoco:/home/eia/repo/rbi_2025_2/scara/scara_ws/install/scara_mujoco:/opt/ros/humble /usr/bin/cmake --build /home/eia/repo/rbi_2025_2/abb/abb_ws/build/abb_gz_hardware -- -j12 -l12
[1.225s] Invoked command in '/home/eia/repo/rbi_2025_2/abb/abb_ws/build/abb_gz_hardware' returned '0': CMAKE_PREFIX_PATH=${CMAKE_PREFIX_PATH}:/home/eia/repo/rbi_2025_2/abb/abb_ws/install/abb_mujoco:/home/eia/repo/rbi_2025_2/scara/scara_ws/install/scara_mujoco:/opt/ros/humble /usr/bin/cmake --build /home/eia/repo/rbi_2025_2/abb/abb_ws/build/abb_gz_hardware -- -j12 -l12
[1.227s] Invoking command in '/home/eia/repo/rbi_2025_2/abb/abb_ws/build/abb_gz_hardware': CMAKE_PREFIX_PATH=${CMAKE_PREFIX_PATH}:/home/eia/repo/rbi_2025_2/abb/abb_ws/install/abb_mujoco:/home/eia/repo/rbi_2025_2/scara/scara_ws/install/scara_mujoco:/opt/ros/humble /usr/bin/cmake --install /home/eia/repo/rbi_2025_2/abb/abb_ws/build/abb_gz_hardware
[1.233s] -- Install configuration: ""
[1.233s] -- Installing: /home/eia/repo/rbi_2025_2/abb/abb_ws/install/abb_gz_hardware/share/ament_index/resource_index/package_run_dependencies/abb_gz_hardware
[1.234s] -- Installing: /home/eia/repo/rbi_2025_2/abb/abb_ws/install/abb_gz_hardware/share/ament_index/resource_index/parent_prefix_path/abb_gz_hardware
[1.234s] -- Installing: /home/eia/repo/rbi_2025_2/abb/abb_ws/install/abb_gz_hardware/share/abb_gz_hardware/environment/ament_prefix_path.sh
[1.234s] -- Installing: /home/eia/repo/rbi_2025_2/abb/abb_ws/install/abb_gz_hardware/share/abb_gz_hardware/environment/ament_prefix_path.dsv
[1.234s] -- Installing: /home/eia/repo/rbi_2025_2/abb/abb_ws/install/abb_gz_hardware/share/abb_gz_hardware/environment/path.sh
[1.235s] -- Installing: /home/eia/repo/rbi_2025_2/abb/abb_ws/install/abb_gz_hardware/share/abb_gz_hardware/environment/path.dsv
[1.235s] -- Installing: /home/eia/repo/rbi_2025_2/abb/abb_ws/install/abb_gz_hardware/share/abb_gz_hardware/local_setup.bash
[1.235s] -- Installing: /home/eia/repo/rbi_2025_2/abb/abb_ws/install/abb_gz_hardware/share/abb_gz_hardware/local_setup.sh
[1.235s] -- Installing: /home/eia/repo/rbi_2025_2/abb/abb_ws/install/abb_gz_hardware/share/abb_gz_hardware/local_setup.zsh
[1.235s] -- Installing: /home/eia/repo/rbi_2025_2/abb/abb_ws/install/abb_gz_hardware/share/abb_gz_hardware/local_setup.dsv
[1.235s] -- Installing: /home/eia/repo/rbi_2025_2/abb/abb_ws/install/abb_gz_hardware/share/abb_gz_hardware/package.dsv
[1.235s] -- Installing: /home/eia/repo/rbi_2025_2/abb/abb_ws/install/abb_gz_hardware/share/ament_index/resource_index/packages/abb_gz_hardware
[1.236s] -- Installing: /home/eia/repo/rbi_2025_2/abb/abb_ws/install/abb_gz_hardware/share/abb_gz_hardware/cmake/abb_gz_hardwareConfig.cmake
[1.236s] -- Installing: /home/eia/repo/rbi_2025_2/abb/abb_ws/install/abb_gz_hardware/share/abb_gz_hardware/cmake/abb_gz_hardwareConfig-version.cmake
[1.236s] -- Installing: /home/eia/repo/rbi_2025_2/abb/abb_ws/install/abb_gz_hardware/share/abb_gz_hardware/package.xml
[1.238s] Invoked command in '/home/eia/repo/rbi_2025_2/abb/abb_ws/build/abb_gz_hardware' returned '0': CMAKE_PREFIX_PATH=${CMAKE_PREFIX_PATH}:/home/eia/repo/rbi_2025_2/abb/abb_ws/install/abb_mujoco:/home/eia/repo/rbi_2025_2/scara/scara_ws/install/scara_mujoco:/opt/ros/humble /usr/bin/cmake --install /home/eia/repo/rbi_2025_2/abb/abb_ws/build/abb_gz_hardware
