[0.044s] Invoking command in '/home/eia/repo/rbi_2025_2/scara/scara_ws/build/abb_bringup': CMAKE_PREFIX_PATH=${CMAKE_PREFIX_PATH}:/home/eia/repo/rbi_2025_2/abb/abb_ws/install/abb_mujoco:/home/eia/repo/rbi_2025_2/scara/scara_ws/install/scara_mujoco:/opt/ros/humble /usr/bin/cmake /home/eia/repo/rbi_2025_2/scara/scara_ws/src/scara_gz_bringup -DCMAKE_INSTALL_PREFIX=/home/eia/repo/rbi_2025_2/scara/scara_ws/install/abb_bringup
[0.351s] -- The C compiler identification is GNU 11.4.0
[0.352s] -- The CXX compiler identification is GNU 11.4.0
[0.352s] -- Detecting C compiler ABI info
[0.352s] -- Detecting C compiler ABI info - done
[0.352s] -- Check for working C compiler: /usr/bin/cc - skipped
[0.353s] -- Detecting C compile features
[0.353s] -- Detecting C compile features - done
[0.354s] -- Detecting CXX compiler ABI info
[0.354s] -- Detecting CXX compiler ABI info - done
[0.354s] -- Check for working CXX compiler: /usr/bin/c++ - skipped
[0.355s] -- Detecting CXX compile features
[0.355s] -- Detecting CXX compile features - done
[0.355s] -- Found ament_cmake: 1.3.12 (/opt/ros/humble/share/ament_cmake/cmake)
[0.733s] -- Found Python3: /usr/bin/python3 (found version "3.10.12") found components: Interpreter 
[0.940s] -- Configuring done
[0.943s] -- Generating done
[0.945s] -- Build files have been written to: /home/eia/repo/rbi_2025_2/scara/scara_ws/build/abb_bringup
[0.951s] Invoked command in '/home/eia/repo/rbi_2025_2/scara/scara_ws/build/abb_bringup' returned '0': CMAKE_PREFIX_PATH=${CMAKE_PREFIX_PATH}:/home/eia/repo/rbi_2025_2/abb/abb_ws/install/abb_mujoco:/home/eia/repo/rbi_2025_2/scara/scara_ws/install/scara_mujoco:/opt/ros/humble /usr/bin/cmake /home/eia/repo/rbi_2025_2/scara/scara_ws/src/scara_gz_bringup -DCMAKE_INSTALL_PREFIX=/home/eia/repo/rbi_2025_2/scara/scara_ws/install/abb_bringup
[0.953s] Invoking command in '/home/eia/repo/rbi_2025_2/scara/scara_ws/build/abb_bringup': CMAKE_PREFIX_PATH=${CMAKE_PREFIX_PATH}:/home/eia/repo/rbi_2025_2/abb/abb_ws/install/abb_mujoco:/home/eia/repo/rbi_2025_2/scara/scara_ws/install/scara_mujoco:/opt/ros/humble /usr/bin/cmake --build /home/eia/repo/rbi_2025_2/scara/scara_ws/build/abb_bringup -- -j12 -l12
[0.985s] Invoked command in '/home/eia/repo/rbi_2025_2/scara/scara_ws/build/abb_bringup' returned '0': CMAKE_PREFIX_PATH=${CMAKE_PREFIX_PATH}:/home/eia/repo/rbi_2025_2/abb/abb_ws/install/abb_mujoco:/home/eia/repo/rbi_2025_2/scara/scara_ws/install/scara_mujoco:/opt/ros/humble /usr/bin/cmake --build /home/eia/repo/rbi_2025_2/scara/scara_ws/build/abb_bringup -- -j12 -l12
[0.986s] Invoking command in '/home/eia/repo/rbi_2025_2/scara/scara_ws/build/abb_bringup': CMAKE_PREFIX_PATH=${CMAKE_PREFIX_PATH}:/home/eia/repo/rbi_2025_2/abb/abb_ws/install/abb_mujoco:/home/eia/repo/rbi_2025_2/scara/scara_ws/install/scara_mujoco:/opt/ros/humble /usr/bin/cmake --install /home/eia/repo/rbi_2025_2/scara/scara_ws/build/abb_bringup
[0.995s] -- Install configuration: ""
[0.995s] -- Installing: /home/eia/repo/rbi_2025_2/scara/scara_ws/install/abb_bringup/share/abb_bringup//launch
[0.995s] -- Installing: /home/eia/repo/rbi_2025_2/scara/scara_ws/install/abb_bringup/share/abb_bringup//launch/abb_launch.launch.xml
[0.995s] -- Installing: /home/eia/repo/rbi_2025_2/scara/scara_ws/install/abb_bringup/share/abb_bringup//config
[0.995s] -- Installing: /home/eia/repo/rbi_2025_2/scara/scara_ws/install/abb_bringup/share/abb_bringup//config/gazebo_bridge.yaml
[0.995s] -- Installing: /home/eia/repo/rbi_2025_2/scara/scara_ws/install/abb_bringup/share/abb_bringup//config/controllers.yaml
[0.996s] -- Installing: /home/eia/repo/rbi_2025_2/scara/scara_ws/install/abb_bringup/share/ament_index/resource_index/package_run_dependencies/abb_bringup
[0.996s] -- Installing: /home/eia/repo/rbi_2025_2/scara/scara_ws/install/abb_bringup/share/ament_index/resource_index/parent_prefix_path/abb_bringup
[0.996s] -- Installing: /home/eia/repo/rbi_2025_2/scara/scara_ws/install/abb_bringup/share/abb_bringup/environment/ament_prefix_path.sh
[0.997s] -- Installing: /home/eia/repo/rbi_2025_2/scara/scara_ws/install/abb_bringup/share/abb_bringup/environment/ament_prefix_path.dsv
[0.997s] -- Installing: /home/eia/repo/rbi_2025_2/scara/scara_ws/install/abb_bringup/share/abb_bringup/environment/path.sh
[0.998s] -- Installing: /home/eia/repo/rbi_2025_2/scara/scara_ws/install/abb_bringup/share/abb_bringup/environment/path.dsv
[0.998s] -- Installing: /home/eia/repo/rbi_2025_2/scara/scara_ws/install/abb_bringup/share/abb_bringup/local_setup.bash
[0.999s] -- Installing: /home/eia/repo/rbi_2025_2/scara/scara_ws/install/abb_bringup/share/abb_bringup/local_setup.sh
[1.000s] -- Installing: /home/eia/repo/rbi_2025_2/scara/scara_ws/install/abb_bringup/share/abb_bringup/local_setup.zsh
[1.000s] -- Installing: /home/eia/repo/rbi_2025_2/scara/scara_ws/install/abb_bringup/share/abb_bringup/local_setup.dsv
[1.001s] -- Installing: /home/eia/repo/rbi_2025_2/scara/scara_ws/install/abb_bringup/share/abb_bringup/package.dsv
[1.003s] -- Installing: /home/eia/repo/rbi_2025_2/scara/scara_ws/install/abb_bringup/share/ament_index/resource_index/packages/abb_bringup
[1.004s] -- Installing: /home/eia/repo/rbi_2025_2/scara/scara_ws/install/abb_bringup/share/abb_bringup/cmake/abb_bringupConfig.cmake
[1.005s] -- Installing: /home/eia/repo/rbi_2025_2/scara/scara_ws/install/abb_bringup/share/abb_bringup/cmake/abb_bringupConfig-version.cmake
[1.005s] -- Installing: /home/eia/repo/rbi_2025_2/scara/scara_ws/install/abb_bringup/share/abb_bringup/package.xml
[1.024s] Invoked command in '/home/eia/repo/rbi_2025_2/scara/scara_ws/build/abb_bringup' returned '0': CMAKE_PREFIX_PATH=${CMAKE_PREFIX_PATH}:/home/eia/repo/rbi_2025_2/abb/abb_ws/install/abb_mujoco:/home/eia/repo/rbi_2025_2/scara/scara_ws/install/scara_mujoco:/opt/ros/humble /usr/bin/cmake --install /home/eia/repo/rbi_2025_2/scara/scara_ws/build/abb_bringup
