running egg_info
writing ../../build/abb_path_controller/abb_path_controller.egg-info/PKG-INFO
writing dependency_links to ../../build/abb_path_controller/abb_path_controller.egg-info/dependency_links.txt
writing entry points to ../../build/abb_path_controller/abb_path_controller.egg-info/entry_points.txt
writing requirements to ../../build/abb_path_controller/abb_path_controller.egg-info/requires.txt
writing top-level names to ../../build/abb_path_controller/abb_path_controller.egg-info/top_level.txt
reading manifest file '../../build/abb_path_controller/abb_path_controller.egg-info/SOURCES.txt'
writing manifest file '../../build/abb_path_controller/abb_path_controller.egg-info/SOURCES.txt'
running build
running build_py
running install
running install_lib
running install_data
running install_egg_info
removing '/abb_ws/install/abb_path_controller/lib/python3.10/site-packages/abb_path_controller-0.0.0-py3.10.egg-info' (and everything under it)
Copying ../../build/abb_path_controller/abb_path_controller.egg-info to /abb_ws/install/abb_path_controller/lib/python3.10/site-packages/abb_path_controller-0.0.0-py3.10.egg-info
running install_scripts
Installing abb_path_controller script to /abb_ws/install/abb_path_controller/lib/abb_path_controller
Installing abb_path_generator script to /abb_ws/install/abb_path_controller/lib/abb_path_controller
writing list of installed files to '/abb_ws/build/abb_path_controller/install.log'
