[1.085s] Invoking command in '/abb_ws/src/abb_path_controller': PYTHONPATH=/abb_ws/build/abb_path_controller/prefix_override:/usr/lib/python3/dist-packages/colcon_core/task/python/colcon_distutils_commands:/abb_ws/install/abb_path_controller/lib/python3.10/site-packages:${PYTHONPATH} /usr/bin/python3 -W ignore:setup.py install is deprecated -W ignore:easy_install command is deprecated setup.py egg_info --egg-base ../../build/abb_path_controller build --build-base /abb_ws/build/abb_path_controller/build install --record /abb_ws/build/abb_path_controller/install.log --single-version-externally-managed install_data
[1.323s] running egg_info
[1.324s] writing ../../build/abb_path_controller/abb_path_controller.egg-info/PKG-INFO
[1.324s] writing dependency_links to ../../build/abb_path_controller/abb_path_controller.egg-info/dependency_links.txt
[1.324s] writing entry points to ../../build/abb_path_controller/abb_path_controller.egg-info/entry_points.txt
[1.324s] writing requirements to ../../build/abb_path_controller/abb_path_controller.egg-info/requires.txt
[1.325s] writing top-level names to ../../build/abb_path_controller/abb_path_controller.egg-info/top_level.txt
[1.326s] reading manifest file '../../build/abb_path_controller/abb_path_controller.egg-info/SOURCES.txt'
[1.327s] writing manifest file '../../build/abb_path_controller/abb_path_controller.egg-info/SOURCES.txt'
[1.327s] running build
[1.327s] running build_py
[1.327s] running install
[1.328s] running install_lib
[1.329s] running install_data
[1.329s] running install_egg_info
[1.331s] removing '/abb_ws/install/abb_path_controller/lib/python3.10/site-packages/abb_path_controller-0.0.0-py3.10.egg-info' (and everything under it)
[1.331s] Copying ../../build/abb_path_controller/abb_path_controller.egg-info to /abb_ws/install/abb_path_controller/lib/python3.10/site-packages/abb_path_controller-0.0.0-py3.10.egg-info
[1.332s] running install_scripts
[1.352s] Installing abb_path_controller script to /abb_ws/install/abb_path_controller/lib/abb_path_controller
[1.353s] Installing abb_path_generator script to /abb_ws/install/abb_path_controller/lib/abb_path_controller
[1.353s] writing list of installed files to '/abb_ws/build/abb_path_controller/install.log'
[1.387s] Invoked command in '/abb_ws/src/abb_path_controller' returned '0': PYTHONPATH=/abb_ws/build/abb_path_controller/prefix_override:/usr/lib/python3/dist-packages/colcon_core/task/python/colcon_distutils_commands:/abb_ws/install/abb_path_controller/lib/python3.10/site-packages:${PYTHONPATH} /usr/bin/python3 -W ignore:setup.py install is deprecated -W ignore:easy_install command is deprecated setup.py egg_info --egg-base ../../build/abb_path_controller build --build-base /abb_ws/build/abb_path_controller/build install --record /abb_ws/build/abb_path_controller/install.log --single-version-externally-managed install_data
