[0.016s] Invoking command in '/home/eia/repo/rbi_2025_2/abb/abb_ws/build/abb_hardware': CMAKE_PREFIX_PATH=/opt/ros/humble /usr/bin/cmake /home/eia/repo/rbi_2025_2/abb/abb_ws/src/abb_hardware -DAMENT_CMAKE_SYMLINK_INSTALL=1 -DCMAKE_INSTALL_PREFIX=/home/eia/repo/rbi_2025_2/abb/abb_ws/install/abb_hardware
[0.057s] -- The C compiler identification is GNU 11.4.0
[0.104s] -- The CXX compiler identification is GNU 11.4.0
[0.111s] -- Detecting C compiler ABI info
[0.167s] -- Detecting C compiler ABI info - done
[0.175s] -- Check for working C compiler: /usr/bin/cc - skipped
[0.175s] -- Detecting C compile features
[0.175s] -- Detecting C compile features - done
[0.178s] -- Detecting CXX compiler ABI info
[0.245s] -- Detecting CXX compiler ABI info - done
[0.253s] -- Check for working CXX compiler: /usr/bin/c++ - skipped
[0.253s] -- Detecting CXX compile features
[0.254s] -- Detecting CXX compile features - done
[0.256s] -- Found ament_cmake: 1.3.11 (/opt/ros/humble/share/ament_cmake/cmake)
[0.662s] -- Found Python3: /usr/bin/python3 (found version "3.10.12") found components: Interpreter 
[0.729s] -- Override CMake install command with custom implementation using symlinks instead of copying resources
[0.755s] -- Found ament_lint_auto: 0.12.12 (/opt/ros/humble/share/ament_lint_auto/cmake)
[0.862s] -- Added test 'lint_cmake' to check CMake code style
[0.862s] -- Added test 'xmllint' to check XML markup files
[0.864s] -- Configuring done
[0.867s] -- Generating done
[0.868s] -- Build files have been written to: /home/eia/repo/rbi_2025_2/abb/abb_ws/build/abb_hardware
[0.875s] Invoked command in '/home/eia/repo/rbi_2025_2/abb/abb_ws/build/abb_hardware' returned '0': CMAKE_PREFIX_PATH=/opt/ros/humble /usr/bin/cmake /home/eia/repo/rbi_2025_2/abb/abb_ws/src/abb_hardware -DAMENT_CMAKE_SYMLINK_INSTALL=1 -DCMAKE_INSTALL_PREFIX=/home/eia/repo/rbi_2025_2/abb/abb_ws/install/abb_hardware
[0.876s] Invoking command in '/home/eia/repo/rbi_2025_2/abb/abb_ws/build/abb_hardware': CMAKE_PREFIX_PATH=/opt/ros/humble /usr/bin/cmake --build /home/eia/repo/rbi_2025_2/abb/abb_ws/build/abb_hardware -- -j12 -l12
[0.907s] Invoked command in '/home/eia/repo/rbi_2025_2/abb/abb_ws/build/abb_hardware' returned '0': CMAKE_PREFIX_PATH=/opt/ros/humble /usr/bin/cmake --build /home/eia/repo/rbi_2025_2/abb/abb_ws/build/abb_hardware -- -j12 -l12
[0.909s] Invoking command in '/home/eia/repo/rbi_2025_2/abb/abb_ws/build/abb_hardware': CMAKE_PREFIX_PATH=/opt/ros/humble /usr/bin/cmake --install /home/eia/repo/rbi_2025_2/abb/abb_ws/build/abb_hardware
[0.915s] -- Install configuration: ""
[0.916s] -- Execute custom install script
[0.916s] -- Symlinking: /home/eia/repo/rbi_2025_2/abb/abb_ws/install/abb_hardware/share/ament_index/resource_index/package_run_dependencies/abb_hardware
[0.926s] -- Symlinking: /home/eia/repo/rbi_2025_2/abb/abb_ws/install/abb_hardware/share/ament_index/resource_index/parent_prefix_path/abb_hardware
[0.934s] -- Symlinking: /home/eia/repo/rbi_2025_2/abb/abb_ws/install/abb_hardware/share/abb_hardware/environment/ament_prefix_path.sh
[0.945s] -- Symlinking: /home/eia/repo/rbi_2025_2/abb/abb_ws/install/abb_hardware/share/abb_hardware/environment/ament_prefix_path.dsv
[0.954s] -- Symlinking: /home/eia/repo/rbi_2025_2/abb/abb_ws/install/abb_hardware/share/abb_hardware/environment/path.sh
[0.962s] -- Symlinking: /home/eia/repo/rbi_2025_2/abb/abb_ws/install/abb_hardware/share/abb_hardware/environment/path.dsv
[0.970s] -- Symlinking: /home/eia/repo/rbi_2025_2/abb/abb_ws/install/abb_hardware/share/abb_hardware/local_setup.bash
[0.977s] -- Symlinking: /home/eia/repo/rbi_2025_2/abb/abb_ws/install/abb_hardware/share/abb_hardware/local_setup.sh
[0.985s] -- Symlinking: /home/eia/repo/rbi_2025_2/abb/abb_ws/install/abb_hardware/share/abb_hardware/local_setup.zsh
[0.993s] -- Symlinking: /home/eia/repo/rbi_2025_2/abb/abb_ws/install/abb_hardware/share/abb_hardware/local_setup.dsv
[1.001s] -- Symlinking: /home/eia/repo/rbi_2025_2/abb/abb_ws/install/abb_hardware/share/abb_hardware/package.dsv
[1.008s] -- Symlinking: /home/eia/repo/rbi_2025_2/abb/abb_ws/install/abb_hardware/share/ament_index/resource_index/packages/abb_hardware
[1.016s] -- Symlinking: /home/eia/repo/rbi_2025_2/abb/abb_ws/install/abb_hardware/share/abb_hardware/cmake/abb_hardwareConfig.cmake
[1.023s] -- Symlinking: /home/eia/repo/rbi_2025_2/abb/abb_ws/install/abb_hardware/share/abb_hardware/cmake/abb_hardwareConfig-version.cmake
[1.035s] -- Symlinking: /home/eia/repo/rbi_2025_2/abb/abb_ws/install/abb_hardware/share/abb_hardware/package.xml
[1.046s] Invoked command in '/home/eia/repo/rbi_2025_2/abb/abb_ws/build/abb_hardware' returned '0': CMAKE_PREFIX_PATH=/opt/ros/humble /usr/bin/cmake --install /home/eia/repo/rbi_2025_2/abb/abb_ws/build/abb_hardware
