[2.096s] Invoking command in '/home/eia/repo/rbi_2025_2/rov/rov_ws/build/rov_position_controller': PYTHONPATH=/home/eia/repo/rbi_2025_2/rov/rov_ws/build/rov_position_controller/prefix_override:/home/eia/.local/lib/python3.10/site-packages/colcon_core/task/python/colcon_distutils_commands:/home/eia/repo/rbi_2025_2/rov/rov_ws/install/rov_position_controller/lib/python3.10/site-packages:${PYTHONPATH} /usr/bin/python3 -W ignore:setup.py install is deprecated -W ignore:easy_install command is deprecated setup.py develop --editable --build-directory /home/eia/repo/rbi_2025_2/rov/rov_ws/build/rov_position_controller/build --no-deps symlink_data
[2.601s] running develop
[2.856s] running egg_info
[2.856s] creating rov_position_controller.egg-info
[2.856s] writing rov_position_controller.egg-info/PKG-INFO
[2.857s] writing dependency_links to rov_position_controller.egg-info/dependency_links.txt
[2.857s] writing entry points to rov_position_controller.egg-info/entry_points.txt
[2.857s] writing requirements to rov_position_controller.egg-info/requires.txt
[2.857s] writing top-level names to rov_position_controller.egg-info/top_level.txt
[2.857s] writing manifest file 'rov_position_controller.egg-info/SOURCES.txt'
[2.859s] reading manifest file 'rov_position_controller.egg-info/SOURCES.txt'
[2.859s] writing manifest file 'rov_position_controller.egg-info/SOURCES.txt'
[2.908s] running build_ext
[2.908s] Creating /home/eia/repo/rbi_2025_2/rov/rov_ws/install/rov_position_controller/lib/python3.10/site-packages/rov-position-controller.egg-link (link to .)
[2.909s] Installing rov_position_controller script to /home/eia/repo/rbi_2025_2/rov/rov_ws/install/rov_position_controller/lib/rov_position_controller
[2.909s] 
[2.909s] Installed /home/eia/repo/rbi_2025_2/rov/rov_ws/build/rov_position_controller
[2.910s] running symlink_data
[2.910s] creating /home/eia/repo/rbi_2025_2/rov/rov_ws/install/rov_position_controller/share/ament_index
[2.910s] creating /home/eia/repo/rbi_2025_2/rov/rov_ws/install/rov_position_controller/share/ament_index/resource_index
[2.910s] creating /home/eia/repo/rbi_2025_2/rov/rov_ws/install/rov_position_controller/share/ament_index/resource_index/packages
[2.910s] symbolically linking /home/eia/repo/rbi_2025_2/rov/rov_ws/build/rov_position_controller/resource/rov_position_controller -> /home/eia/repo/rbi_2025_2/rov/rov_ws/install/rov_position_controller/share/ament_index/resource_index/packages
[2.910s] symbolically linking /home/eia/repo/rbi_2025_2/rov/rov_ws/build/rov_position_controller/package.xml -> /home/eia/repo/rbi_2025_2/rov/rov_ws/install/rov_position_controller/share/rov_position_controller
[2.910s] creating /home/eia/repo/rbi_2025_2/rov/rov_ws/install/rov_position_controller/share/rov_position_controller/launch
[2.911s] creating /home/eia/repo/rbi_2025_2/rov/rov_ws/install/rov_position_controller/share/rov_position_controller/descriptions
[2.911s] creating /home/eia/repo/rbi_2025_2/rov/rov_ws/install/rov_position_controller/share/rov_position_controller/config
[2.979s] Invoked command in '/home/eia/repo/rbi_2025_2/rov/rov_ws/build/rov_position_controller' returned '0': PYTHONPATH=/home/eia/repo/rbi_2025_2/rov/rov_ws/build/rov_position_controller/prefix_override:/home/eia/.local/lib/python3.10/site-packages/colcon_core/task/python/colcon_distutils_commands:/home/eia/repo/rbi_2025_2/rov/rov_ws/install/rov_position_controller/lib/python3.10/site-packages:${PYTHONPATH} /usr/bin/python3 -W ignore:setup.py install is deprecated -W ignore:easy_install command is deprecated setup.py develop --editable --build-directory /home/eia/repo/rbi_2025_2/rov/rov_ws/build/rov_position_controller/build --no-deps symlink_data
