running develop
running egg_info
creating scara_path_controller.egg-info
writing scara_path_controller.egg-info/PKG-INFO
writing dependency_links to scara_path_controller.egg-info/dependency_links.txt
writing entry points to scara_path_controller.egg-info/entry_points.txt
writing requirements to scara_path_controller.egg-info/requires.txt
writing top-level names to scara_path_controller.egg-info/top_level.txt
writing manifest file 'scara_path_controller.egg-info/SOURCES.txt'
reading manifest file 'scara_path_controller.egg-info/SOURCES.txt'
writing manifest file 'scara_path_controller.egg-info/SOURCES.txt'
running build_ext
Creating /home/eia/repo/rbi_2025_2/scara/scara_ws/install/scara_path_controller/lib/python3.10/site-packages/scara-path-controller.egg-link (link to .)
Installing scara_path_controller script to /home/eia/repo/rbi_2025_2/scara/scara_ws/install/scara_path_controller/lib/scara_path_controller

Installed /home/eia/repo/rbi_2025_2/scara/scara_ws/build/scara_path_controller
running symlink_data
creating /home/eia/repo/rbi_2025_2/scara/scara_ws/install/scara_path_controller/share/ament_index
creating /home/eia/repo/rbi_2025_2/scara/scara_ws/install/scara_path_controller/share/ament_index/resource_index
creating /home/eia/repo/rbi_2025_2/scara/scara_ws/install/scara_path_controller/share/ament_index/resource_index/packages
symbolically linking /home/eia/repo/rbi_2025_2/scara/scara_ws/build/scara_path_controller/resource/scara_path_controller -> /home/eia/repo/rbi_2025_2/scara/scara_ws/install/scara_path_controller/share/ament_index/resource_index/packages
symbolically linking /home/eia/repo/rbi_2025_2/scara/scara_ws/build/scara_path_controller/package.xml -> /home/eia/repo/rbi_2025_2/scara/scara_ws/install/scara_path_controller/share/scara_path_controller
creating /home/eia/repo/rbi_2025_2/scara/scara_ws/install/scara_path_controller/share/scara_path_controller/launch
creating /home/eia/repo/rbi_2025_2/scara/scara_ws/install/scara_path_controller/share/scara_path_controller/descriptions
creating /home/eia/repo/rbi_2025_2/scara/scara_ws/install/scara_path_controller/share/scara_path_controller/config
