[2.883s] Invoking command in '/home/eia/repo/rbi_2025_2/scara/scara_ws/build/scara_path_controller': PYTHONPATH=/home/eia/repo/rbi_2025_2/scara/scara_ws/build/scara_path_controller/prefix_override:/home/eia/.local/lib/python3.10/site-packages/colcon_core/task/python/colcon_distutils_commands:/home/eia/repo/rbi_2025_2/scara/scara_ws/install/scara_path_controller/lib/python3.10/site-packages:${PYTHONPATH} /usr/bin/python3 -W ignore:setup.py install is deprecated -W ignore:easy_install command is deprecated setup.py develop --editable --build-directory /home/eia/repo/rbi_2025_2/scara/scara_ws/build/scara_path_controller/build --no-deps symlink_data
[3.535s] running develop
[3.944s] running egg_info
[3.944s] creating scara_path_controller.egg-info
[3.944s] writing scara_path_controller.egg-info/PKG-INFO
[3.944s] writing dependency_links to scara_path_controller.egg-info/dependency_links.txt
[3.944s] writing entry points to scara_path_controller.egg-info/entry_points.txt
[3.945s] writing requirements to scara_path_controller.egg-info/requires.txt
[3.945s] writing top-level names to scara_path_controller.egg-info/top_level.txt
[3.945s] writing manifest file 'scara_path_controller.egg-info/SOURCES.txt'
[3.947s] reading manifest file 'scara_path_controller.egg-info/SOURCES.txt'
[3.947s] writing manifest file 'scara_path_controller.egg-info/SOURCES.txt'
[4.003s] running build_ext
[4.003s] Creating /home/eia/repo/rbi_2025_2/scara/scara_ws/install/scara_path_controller/lib/python3.10/site-packages/scara-path-controller.egg-link (link to .)
[4.004s] Installing scara_path_controller script to /home/eia/repo/rbi_2025_2/scara/scara_ws/install/scara_path_controller/lib/scara_path_controller
[4.004s] 
[4.004s] Installed /home/eia/repo/rbi_2025_2/scara/scara_ws/build/scara_path_controller
[4.005s] running symlink_data
[4.005s] creating /home/eia/repo/rbi_2025_2/scara/scara_ws/install/scara_path_controller/share/ament_index
[4.005s] creating /home/eia/repo/rbi_2025_2/scara/scara_ws/install/scara_path_controller/share/ament_index/resource_index
[4.005s] creating /home/eia/repo/rbi_2025_2/scara/scara_ws/install/scara_path_controller/share/ament_index/resource_index/packages
[4.005s] symbolically linking /home/eia/repo/rbi_2025_2/scara/scara_ws/build/scara_path_controller/resource/scara_path_controller -> /home/eia/repo/rbi_2025_2/scara/scara_ws/install/scara_path_controller/share/ament_index/resource_index/packages
[4.005s] symbolically linking /home/eia/repo/rbi_2025_2/scara/scara_ws/build/scara_path_controller/package.xml -> /home/eia/repo/rbi_2025_2/scara/scara_ws/install/scara_path_controller/share/scara_path_controller
[4.006s] creating /home/eia/repo/rbi_2025_2/scara/scara_ws/install/scara_path_controller/share/scara_path_controller/launch
[4.006s] creating /home/eia/repo/rbi_2025_2/scara/scara_ws/install/scara_path_controller/share/scara_path_controller/descriptions
[4.006s] creating /home/eia/repo/rbi_2025_2/scara/scara_ws/install/scara_path_controller/share/scara_path_controller/config
[4.048s] Invoked command in '/home/eia/repo/rbi_2025_2/scara/scara_ws/build/scara_path_controller' returned '0': PYTHONPATH=/home/eia/repo/rbi_2025_2/scara/scara_ws/build/scara_path_controller/prefix_override:/home/eia/.local/lib/python3.10/site-packages/colcon_core/task/python/colcon_distutils_commands:/home/eia/repo/rbi_2025_2/scara/scara_ws/install/scara_path_controller/lib/python3.10/site-packages:${PYTHONPATH} /usr/bin/python3 -W ignore:setup.py install is deprecated -W ignore:easy_install command is deprecated setup.py develop --editable --build-directory /home/eia/repo/rbi_2025_2/scara/scara_ws/build/scara_path_controller/build --no-deps symlink_data
