[0.050s] Invoking command in '/home/eia/repo/rbi_2025_2/abb/abb_ws/build/abb_gz_hardware': CMAKE_PREFIX_PATH=${CMAKE_PREFIX_PATH}:/home/eia/repo/rbi_2025_2/abb/abb_ws/install/abb_path_controller:/home/eia/repo/rbi_2025_2/abb/abb_ws/install/abb_mujoco_python:/opt/ros/humble /usr/bin/cmake --build /home/eia/repo/rbi_2025_2/abb/abb_ws/build/abb_gz_hardware -- -j12 -l12
[0.686s] Invoked command in '/home/eia/repo/rbi_2025_2/abb/abb_ws/build/abb_gz_hardware' returned '0': CMAKE_PREFIX_PATH=${CMAKE_PREFIX_PATH}:/home/eia/repo/rbi_2025_2/abb/abb_ws/install/abb_path_controller:/home/eia/repo/rbi_2025_2/abb/abb_ws/install/abb_mujoco_python:/opt/ros/humble /usr/bin/cmake --build /home/eia/repo/rbi_2025_2/abb/abb_ws/build/abb_gz_hardware -- -j12 -l12
[0.687s] Invoking command in '/home/eia/repo/rbi_2025_2/abb/abb_ws/build/abb_gz_hardware': CMAKE_PREFIX_PATH=${CMAKE_PREFIX_PATH}:/home/eia/repo/rbi_2025_2/abb/abb_ws/install/abb_path_controller:/home/eia/repo/rbi_2025_2/abb/abb_ws/install/abb_mujoco_python:/opt/ros/humble /usr/bin/cmake --install /home/eia/repo/rbi_2025_2/abb/abb_ws/build/abb_gz_hardware
[0.705s] -- Install configuration: ""
[0.709s] -- Execute custom install script
[0.720s] -- Up-to-date symlink: /home/eia/repo/rbi_2025_2/abb/abb_ws/install/abb_gz_hardware/share/ament_index/resource_index/package_run_dependencies/abb_gz_hardware
[0.720s] -- Up-to-date symlink: /home/eia/repo/rbi_2025_2/abb/abb_ws/install/abb_gz_hardware/share/ament_index/resource_index/parent_prefix_path/abb_gz_hardware
[0.721s] -- Up-to-date symlink: /home/eia/repo/rbi_2025_2/abb/abb_ws/install/abb_gz_hardware/share/abb_gz_hardware/environment/ament_prefix_path.sh
[0.721s] -- Up-to-date symlink: /home/eia/repo/rbi_2025_2/abb/abb_ws/install/abb_gz_hardware/share/abb_gz_hardware/environment/ament_prefix_path.dsv
[0.722s] -- Up-to-date symlink: /home/eia/repo/rbi_2025_2/abb/abb_ws/install/abb_gz_hardware/share/abb_gz_hardware/environment/path.sh
[0.723s] -- Up-to-date symlink: /home/eia/repo/rbi_2025_2/abb/abb_ws/install/abb_gz_hardware/share/abb_gz_hardware/environment/path.dsv
[0.724s] -- Up-to-date symlink: /home/eia/repo/rbi_2025_2/abb/abb_ws/install/abb_gz_hardware/share/abb_gz_hardware/local_setup.bash
[0.725s] -- Up-to-date symlink: /home/eia/repo/rbi_2025_2/abb/abb_ws/install/abb_gz_hardware/share/abb_gz_hardware/local_setup.sh
[0.726s] -- Up-to-date symlink: /home/eia/repo/rbi_2025_2/abb/abb_ws/install/abb_gz_hardware/share/abb_gz_hardware/local_setup.zsh
[0.726s] -- Up-to-date symlink: /home/eia/repo/rbi_2025_2/abb/abb_ws/install/abb_gz_hardware/share/abb_gz_hardware/local_setup.dsv
[0.726s] -- Symlinking: /home/eia/repo/rbi_2025_2/abb/abb_ws/install/abb_gz_hardware/share/abb_gz_hardware/package.dsv
[0.731s] -- Up-to-date symlink: /home/eia/repo/rbi_2025_2/abb/abb_ws/install/abb_gz_hardware/share/ament_index/resource_index/packages/abb_gz_hardware
[0.731s] -- Up-to-date symlink: /home/eia/repo/rbi_2025_2/abb/abb_ws/install/abb_gz_hardware/share/abb_gz_hardware/cmake/abb_gz_hardwareConfig.cmake
[0.731s] -- Up-to-date symlink: /home/eia/repo/rbi_2025_2/abb/abb_ws/install/abb_gz_hardware/share/abb_gz_hardware/cmake/abb_gz_hardwareConfig-version.cmake
[0.731s] -- Up-to-date symlink: /home/eia/repo/rbi_2025_2/abb/abb_ws/install/abb_gz_hardware/share/abb_gz_hardware/package.xml
[0.763s] Invoked command in '/home/eia/repo/rbi_2025_2/abb/abb_ws/build/abb_gz_hardware' returned '0': CMAKE_PREFIX_PATH=${CMAKE_PREFIX_PATH}:/home/eia/repo/rbi_2025_2/abb/abb_ws/install/abb_path_controller:/home/eia/repo/rbi_2025_2/abb/abb_ws/install/abb_mujoco_python:/opt/ros/humble /usr/bin/cmake --install /home/eia/repo/rbi_2025_2/abb/abb_ws/build/abb_gz_hardware
