[1.114s] Invoking command in '/abb_ws/src/abb_mujoco_python': PYTHONPATH=/abb_ws/build/abb_mujoco_python/prefix_override:/usr/lib/python3/dist-packages/colcon_core/task/python/colcon_distutils_commands:/abb_ws/install/abb_mujoco_python/lib/python3.10/site-packages:${PYTHONPATH} /usr/bin/python3 -W ignore:setup.py install is deprecated -W ignore:easy_install command is deprecated setup.py egg_info --egg-base ../../build/abb_mujoco_python build --build-base /abb_ws/build/abb_mujoco_python/build install --record /abb_ws/build/abb_mujoco_python/install.log --single-version-externally-managed install_data
[1.350s] running egg_info
[1.351s] writing ../../build/abb_mujoco_python/abb_mujoco_python.egg-info/PKG-INFO
[1.351s] writing dependency_links to ../../build/abb_mujoco_python/abb_mujoco_python.egg-info/dependency_links.txt
[1.351s] writing entry points to ../../build/abb_mujoco_python/abb_mujoco_python.egg-info/entry_points.txt
[1.351s] writing requirements to ../../build/abb_mujoco_python/abb_mujoco_python.egg-info/requires.txt
[1.352s] writing top-level names to ../../build/abb_mujoco_python/abb_mujoco_python.egg-info/top_level.txt
[1.354s] reading manifest file '../../build/abb_mujoco_python/abb_mujoco_python.egg-info/SOURCES.txt'
[1.354s] writing manifest file '../../build/abb_mujoco_python/abb_mujoco_python.egg-info/SOURCES.txt'
[1.355s] running build
[1.355s] running build_py
[1.355s] running install
[1.355s] running install_lib
[1.356s] running install_data
[1.357s] running install_egg_info
[1.359s] removing '/abb_ws/install/abb_mujoco_python/lib/python3.10/site-packages/abb_mujoco_python-0.0.0-py3.10.egg-info' (and everything under it)
[1.359s] Copying ../../build/abb_mujoco_python/abb_mujoco_python.egg-info to /abb_ws/install/abb_mujoco_python/lib/python3.10/site-packages/abb_mujoco_python-0.0.0-py3.10.egg-info
[1.360s] running install_scripts
[1.381s] Installing abb_sim_mujoco script to /abb_ws/install/abb_mujoco_python/lib/abb_mujoco_python
[1.382s] writing list of installed files to '/abb_ws/build/abb_mujoco_python/install.log'
[1.412s] Invoked command in '/abb_ws/src/abb_mujoco_python' returned '0': PYTHONPATH=/abb_ws/build/abb_mujoco_python/prefix_override:/usr/lib/python3/dist-packages/colcon_core/task/python/colcon_distutils_commands:/abb_ws/install/abb_mujoco_python/lib/python3.10/site-packages:${PYTHONPATH} /usr/bin/python3 -W ignore:setup.py install is deprecated -W ignore:easy_install command is deprecated setup.py egg_info --egg-base ../../build/abb_mujoco_python build --build-base /abb_ws/build/abb_mujoco_python/build install --record /abb_ws/build/abb_mujoco_python/install.log --single-version-externally-managed install_data
