[0.015s] Invoking command in '/home/eia/repo/rbi_2025_2/rov/rov_ws/build/rov_sim': CMAKE_PREFIX_PATH=${CMAKE_PREFIX_PATH}:/opt/ros/humble /usr/bin/cmake /home/eia/repo/rbi_2025_2/rov/rov_ws/src/rov_sim -DCMAKE_INSTALL_PREFIX=/home/eia/repo/rbi_2025_2/rov/rov_ws/install/rov_sim
[0.068s] -- The C compiler identification is GNU 11.4.0
[0.126s] -- The CXX compiler identification is GNU 11.4.0
[0.134s] -- Detecting C compiler ABI info
[0.198s] -- Detecting C compiler ABI info - done
[0.207s] -- Check for working C compiler: /usr/bin/cc - skipped
[0.207s] -- Detecting C compile features
[0.208s] -- Detecting C compile features - done
[0.211s] -- Detecting CXX compiler ABI info
[0.287s] -- Detecting CXX compiler ABI info - done
[0.296s] -- Check for working CXX compiler: /usr/bin/c++ - skipped
[0.296s] -- Detecting CXX compile features
[0.296s] -- Detecting CXX compile features - done
[0.299s] -- Found ament_cmake: 1.3.11 (/opt/ros/humble/share/ament_cmake/cmake)
[0.699s] -- Found Python3: /usr/bin/python3 (found version "3.10.12") found components: Interpreter 
[0.803s] -- Found PkgConfig: /usr/bin/pkg-config (found version "0.29.2") 
[0.804s] -- Checking for module 'glfw3'
[0.814s] --   Found glfw3, version 3.3.6
[0.843s] -- Found rclcpp: 16.0.12 (/opt/ros/humble/share/rclcpp/cmake)
[0.882s] -- Found rosidl_generator_c: 3.1.6 (/opt/ros/humble/share/rosidl_generator_c/cmake)
[0.887s] -- Found rosidl_adapter: 3.1.6 (/opt/ros/humble/share/rosidl_adapter/cmake)
[0.895s] -- Found rosidl_generator_cpp: 3.1.6 (/opt/ros/humble/share/rosidl_generator_cpp/cmake)
[0.908s] -- Using all available rosidl_typesupport_c: rosidl_typesupport_fastrtps_c;rosidl_typesupport_introspection_c
[0.926s] -- Using all available rosidl_typesupport_cpp: rosidl_typesupport_fastrtps_cpp;rosidl_typesupport_introspection_cpp
[0.981s] -- Found rmw_implementation_cmake: 6.1.2 (/opt/ros/humble/share/rmw_implementation_cmake/cmake)
[0.984s] -- Found rmw_fastrtps_cpp: 6.2.7 (/opt/ros/humble/share/rmw_fastrtps_cpp/cmake)
[1.065s] -- Found OpenSSL: /usr/lib/x86_64-linux-gnu/libcrypto.so (found version "3.0.2")  
[1.092s] -- Found FastRTPS: /opt/ros/humble/include  
[1.137s] -- Using RMW implementation 'rmw_fastrtps_cpp' as default
[1.146s] -- Looking for pthread.h
[1.211s] -- Looking for pthread.h - found
[1.212s] -- Performing Test CMAKE_HAVE_LIBC_PTHREAD
[1.280s] -- Performing Test CMAKE_HAVE_LIBC_PTHREAD - Success
[1.281s] -- Found Threads: TRUE  
[1.340s] -- Found rclcpp_lifecycle: 16.0.12 (/opt/ros/humble/share/rclcpp_lifecycle/cmake)
[1.360s] -- Found pluginlib: 5.1.0 (/opt/ros/humble/share/pluginlib/cmake)
[1.387s] -- Found geometry_msgs: 4.9.0 (/opt/ros/humble/share/geometry_msgs/cmake)
[1.403s] -- Found hardware_interface: 2.51.0 (/opt/ros/humble/share/hardware_interface/cmake)
[1.628s] -- Configuring done
[1.662s] -- Generating done
[1.669s] -- Build files have been written to: /home/eia/repo/rbi_2025_2/rov/rov_ws/build/rov_sim
[1.678s] Invoked command in '/home/eia/repo/rbi_2025_2/rov/rov_ws/build/rov_sim' returned '0': CMAKE_PREFIX_PATH=${CMAKE_PREFIX_PATH}:/opt/ros/humble /usr/bin/cmake /home/eia/repo/rbi_2025_2/rov/rov_ws/src/rov_sim -DCMAKE_INSTALL_PREFIX=/home/eia/repo/rbi_2025_2/rov/rov_ws/install/rov_sim
[1.679s] Invoking command in '/home/eia/repo/rbi_2025_2/rov/rov_ws/build/rov_sim': CMAKE_PREFIX_PATH=${CMAKE_PREFIX_PATH}:/opt/ros/humble /usr/bin/cmake --build /home/eia/repo/rbi_2025_2/rov/rov_ws/build/rov_sim -- -j12 -l12
[1.722s] [ 50%] [32mBuilding CXX object CMakeFiles/rov_sim.dir/src/mujoco_sim_interface.cpp.o[0m
[1.722s] [ 50%] [32mBuilding CXX object CMakeFiles/rov_mujoco_sim.dir/src/mujoco_interface.cpp.o[0m
[7.843s] [ 75%] [32m[1mLinking CXX shared library librov_sim.so[0m
[8.059s] [ 75%] Built target rov_sim
[9.929s] [100%] [32m[1mLinking CXX executable rov_mujoco_sim[0m
[10.338s] [100%] Built target rov_mujoco_sim
[10.356s] Invoked command in '/home/eia/repo/rbi_2025_2/rov/rov_ws/build/rov_sim' returned '0': CMAKE_PREFIX_PATH=${CMAKE_PREFIX_PATH}:/opt/ros/humble /usr/bin/cmake --build /home/eia/repo/rbi_2025_2/rov/rov_ws/build/rov_sim -- -j12 -l12
[10.361s] Invoking command in '/home/eia/repo/rbi_2025_2/rov/rov_ws/build/rov_sim': CMAKE_PREFIX_PATH=${CMAKE_PREFIX_PATH}:/opt/ros/humble /usr/bin/cmake --install /home/eia/repo/rbi_2025_2/rov/rov_ws/build/rov_sim
[10.382s] -- Install configuration: ""
[10.383s] -- Installing: /home/eia/repo/rbi_2025_2/rov/rov_ws/install/rov_sim/share/rov_sim/rov_hardware_interface.xml
[10.383s] -- Installing: /home/eia/repo/rbi_2025_2/rov/rov_ws/install/rov_sim/lib/librov_sim.so
[10.388s] -- Set runtime path of "/home/eia/repo/rbi_2025_2/rov/rov_ws/install/rov_sim/lib/librov_sim.so" to ""
[10.389s] -- Installing: /home/eia/repo/rbi_2025_2/rov/rov_ws/install/rov_sim/include/include
[10.389s] -- Installing: /home/eia/repo/rbi_2025_2/rov/rov_ws/install/rov_sim/include/include/rov_sim
[10.389s] -- Installing: /home/eia/repo/rbi_2025_2/rov/rov_ws/install/rov_sim/include/include/rov_sim/mujoco_sim_interface.hpp
[10.390s] -- Installing: /home/eia/repo/rbi_2025_2/rov/rov_ws/install/rov_sim/include/include/rov_sim/mujoco_interface.hpp
[10.390s] -- Installing: /home/eia/repo/rbi_2025_2/rov/rov_ws/install/rov_sim/share/rov_sim/environment/library_path.sh
[10.390s] -- Installing: /home/eia/repo/rbi_2025_2/rov/rov_ws/install/rov_sim/share/rov_sim/environment/library_path.dsv
[10.390s] -- Installing: /home/eia/repo/rbi_2025_2/rov/rov_ws/install/rov_sim/lib/rov_sim/rov_mujoco_sim
[10.395s] -- Set runtime path of "/home/eia/repo/rbi_2025_2/rov/rov_ws/install/rov_sim/lib/rov_sim/rov_mujoco_sim" to "/home/eia/repo/rbi_2025_2/rov/rov_ws/src/rov_sim/../../mujoco/lib"
[10.395s] -- Installing: /home/eia/repo/rbi_2025_2/rov/rov_ws/install/rov_sim/share/ament_index/resource_index/package_run_dependencies/rov_sim
[10.396s] -- Installing: /home/eia/repo/rbi_2025_2/rov/rov_ws/install/rov_sim/share/ament_index/resource_index/parent_prefix_path/rov_sim
[10.396s] -- Installing: /home/eia/repo/rbi_2025_2/rov/rov_ws/install/rov_sim/share/rov_sim/environment/ament_prefix_path.sh
[10.396s] -- Installing: /home/eia/repo/rbi_2025_2/rov/rov_ws/install/rov_sim/share/rov_sim/environment/ament_prefix_path.dsv
[10.396s] -- Installing: /home/eia/repo/rbi_2025_2/rov/rov_ws/install/rov_sim/share/rov_sim/environment/path.sh
[10.397s] -- Installing: /home/eia/repo/rbi_2025_2/rov/rov_ws/install/rov_sim/share/rov_sim/environment/path.dsv
[10.397s] -- Installing: /home/eia/repo/rbi_2025_2/rov/rov_ws/install/rov_sim/share/rov_sim/local_setup.bash
[10.397s] -- Installing: /home/eia/repo/rbi_2025_2/rov/rov_ws/install/rov_sim/share/rov_sim/local_setup.sh
[10.397s] -- Installing: /home/eia/repo/rbi_2025_2/rov/rov_ws/install/rov_sim/share/rov_sim/local_setup.zsh
[10.397s] -- Installing: /home/eia/repo/rbi_2025_2/rov/rov_ws/install/rov_sim/share/rov_sim/local_setup.dsv
[10.397s] -- Installing: /home/eia/repo/rbi_2025_2/rov/rov_ws/install/rov_sim/share/rov_sim/package.dsv
[10.398s] -- Installing: /home/eia/repo/rbi_2025_2/rov/rov_ws/install/rov_sim/share/ament_index/resource_index/packages/rov_sim
[10.398s] -- Installing: /home/eia/repo/rbi_2025_2/rov/rov_ws/install/rov_sim/share/ament_index/resource_index/hardware_interface__pluginlib__plugin/rov_sim
[10.398s] -- Installing: /home/eia/repo/rbi_2025_2/rov/rov_ws/install/rov_sim/share/rov_sim/cmake/ament_cmake_export_libraries-extras.cmake
[10.398s] -- Installing: /home/eia/repo/rbi_2025_2/rov/rov_ws/install/rov_sim/share/rov_sim/cmake/ament_cmake_export_dependencies-extras.cmake
[10.398s] -- Installing: /home/eia/repo/rbi_2025_2/rov/rov_ws/install/rov_sim/share/rov_sim/cmake/rov_simConfig.cmake
[10.399s] -- Installing: /home/eia/repo/rbi_2025_2/rov/rov_ws/install/rov_sim/share/rov_sim/cmake/rov_simConfig-version.cmake
[10.399s] -- Installing: /home/eia/repo/rbi_2025_2/rov/rov_ws/install/rov_sim/share/rov_sim/package.xml
[10.401s] Invoked command in '/home/eia/repo/rbi_2025_2/rov/rov_ws/build/rov_sim' returned '0': CMAKE_PREFIX_PATH=${CMAKE_PREFIX_PATH}:/opt/ros/humble /usr/bin/cmake --install /home/eia/repo/rbi_2025_2/rov/rov_ws/build/rov_sim
