[0.043s] Invoking command in '/home/eia/repo/rbi_2025_2/scara/scara_ws/build/scara_gz_description': CMAKE_PREFIX_PATH=${CMAKE_PREFIX_PATH}:/home/eia/repo/rbi_2025_2/abb/abb_ws/install/abb_mujoco:/home/eia/repo/rbi_2025_2/scara/scara_ws/install/scara_mujoco:/opt/ros/humble /usr/bin/cmake --build /home/eia/repo/rbi_2025_2/scara/scara_ws/build/scara_gz_description -- -j12 -l12
[0.285s] Invoked command in '/home/eia/repo/rbi_2025_2/scara/scara_ws/build/scara_gz_description' returned '0': CMAKE_PREFIX_PATH=${CMAKE_PREFIX_PATH}:/home/eia/repo/rbi_2025_2/abb/abb_ws/install/abb_mujoco:/home/eia/repo/rbi_2025_2/scara/scara_ws/install/scara_mujoco:/opt/ros/humble /usr/bin/cmake --build /home/eia/repo/rbi_2025_2/scara/scara_ws/build/scara_gz_description -- -j12 -l12
[0.287s] Invoking command in '/home/eia/repo/rbi_2025_2/scara/scara_ws/build/scara_gz_description': CMAKE_PREFIX_PATH=${CMAKE_PREFIX_PATH}:/home/eia/repo/rbi_2025_2/abb/abb_ws/install/abb_mujoco:/home/eia/repo/rbi_2025_2/scara/scara_ws/install/scara_mujoco:/opt/ros/humble /usr/bin/cmake --install /home/eia/repo/rbi_2025_2/scara/scara_ws/build/scara_gz_description
[0.299s] -- Install configuration: ""
[0.299s] -- Up-to-date: /home/eia/repo/rbi_2025_2/scara/scara_ws/install/scara_gz_description/share/scara_gz_description//urdf
[0.299s] -- Installing: /home/eia/repo/rbi_2025_2/scara/scara_ws/install/scara_gz_description/share/scara_gz_description//urdf/scara_description.xacro
[0.300s] -- Up-to-date: /home/eia/repo/rbi_2025_2/scara/scara_ws/install/scara_gz_description/share/scara_gz_description//urdf/common_properties.xacro
[0.300s] -- Up-to-date: /home/eia/repo/rbi_2025_2/scara/scara_ws/install/scara_gz_description/share/scara_gz_description//urdf/scara.urdf.xacro
[0.300s] -- Up-to-date: /home/eia/repo/rbi_2025_2/scara/scara_ws/install/scara_gz_description/share/scara_gz_description//launch
[0.300s] -- Up-to-date: /home/eia/repo/rbi_2025_2/scara/scara_ws/install/scara_gz_description/share/scara_gz_description//launch/display.launch.xml
[0.300s] -- Up-to-date: /home/eia/repo/rbi_2025_2/scara/scara_ws/install/scara_gz_description/share/scara_gz_description//meshes
[0.300s] -- Up-to-date: /home/eia/repo/rbi_2025_2/scara/scara_ws/install/scara_gz_description/share/ament_index/resource_index/package_run_dependencies/scara_gz_description
[0.300s] -- Up-to-date: /home/eia/repo/rbi_2025_2/scara/scara_ws/install/scara_gz_description/share/ament_index/resource_index/parent_prefix_path/scara_gz_description
[0.300s] -- Up-to-date: /home/eia/repo/rbi_2025_2/scara/scara_ws/install/scara_gz_description/share/scara_gz_description/environment/ament_prefix_path.sh
[0.300s] -- Up-to-date: /home/eia/repo/rbi_2025_2/scara/scara_ws/install/scara_gz_description/share/scara_gz_description/environment/ament_prefix_path.dsv
[0.300s] -- Up-to-date: /home/eia/repo/rbi_2025_2/scara/scara_ws/install/scara_gz_description/share/scara_gz_description/environment/path.sh
[0.300s] -- Up-to-date: /home/eia/repo/rbi_2025_2/scara/scara_ws/install/scara_gz_description/share/scara_gz_description/environment/path.dsv
[0.300s] -- Up-to-date: /home/eia/repo/rbi_2025_2/scara/scara_ws/install/scara_gz_description/share/scara_gz_description/local_setup.bash
[0.300s] -- Up-to-date: /home/eia/repo/rbi_2025_2/scara/scara_ws/install/scara_gz_description/share/scara_gz_description/local_setup.sh
[0.300s] -- Up-to-date: /home/eia/repo/rbi_2025_2/scara/scara_ws/install/scara_gz_description/share/scara_gz_description/local_setup.zsh
[0.300s] -- Up-to-date: /home/eia/repo/rbi_2025_2/scara/scara_ws/install/scara_gz_description/share/scara_gz_description/local_setup.dsv
[0.301s] -- Installing: /home/eia/repo/rbi_2025_2/scara/scara_ws/install/scara_gz_description/share/scara_gz_description/package.dsv
[0.301s] -- Up-to-date: /home/eia/repo/rbi_2025_2/scara/scara_ws/install/scara_gz_description/share/ament_index/resource_index/packages/scara_gz_description
[0.301s] -- Up-to-date: /home/eia/repo/rbi_2025_2/scara/scara_ws/install/scara_gz_description/share/scara_gz_description/cmake/scara_gz_descriptionConfig.cmake
[0.301s] -- Up-to-date: /home/eia/repo/rbi_2025_2/scara/scara_ws/install/scara_gz_description/share/scara_gz_description/cmake/scara_gz_descriptionConfig-version.cmake
[0.301s] -- Up-to-date: /home/eia/repo/rbi_2025_2/scara/scara_ws/install/scara_gz_description/share/scara_gz_description/package.xml
[0.327s] Invoked command in '/home/eia/repo/rbi_2025_2/scara/scara_ws/build/scara_gz_description' returned '0': CMAKE_PREFIX_PATH=${CMAKE_PREFIX_PATH}:/home/eia/repo/rbi_2025_2/abb/abb_ws/install/abb_mujoco:/home/eia/repo/rbi_2025_2/scara/scara_ws/install/scara_mujoco:/opt/ros/humble /usr/bin/cmake --install /home/eia/repo/rbi_2025_2/scara/scara_ws/build/scara_gz_description
