[0.029s] Invoking command in '/home/eia/repo/rbi_2025_2/abb/abb_ws/build/abb_hardware': CMAKE_PREFIX_PATH=${CMAKE_PREFIX_PATH}:/home/eia/repo/rbi_2025_2/scara/scara_ws/install/scara_mujoco:/opt/ros/humble /usr/bin/cmake /home/eia/repo/rbi_2025_2/abb/abb_ws/src/abb_hardware -DCMAKE_INSTALL_PREFIX=/home/eia/repo/rbi_2025_2/abb/abb_ws/install/abb_hardware
[0.280s] -- The C compiler identification is GNU 11.4.0
[0.280s] -- The CXX compiler identification is GNU 11.4.0
[0.281s] -- Detecting C compiler ABI info
[0.281s] -- Detecting C compiler ABI info - done
[0.281s] -- Check for working C compiler: /usr/bin/cc - skipped
[0.281s] -- Detecting C compile features
[0.281s] -- Detecting C compile features - done
[0.281s] -- Detecting CXX compiler ABI info
[0.281s] -- Detecting CXX compiler ABI info - done
[0.281s] -- Check for working CXX compiler: /usr/bin/c++ - skipped
[0.282s] -- Detecting CXX compile features
[0.282s] -- Detecting CXX compile features - done
[0.282s] -- Found ament_cmake: 1.3.12 (/opt/ros/humble/share/ament_cmake/cmake)
[0.824s] -- Found Python3: /usr/bin/python3 (found version "3.10.12") found components: Interpreter 
[0.941s] -- Found ament_lint_auto: 0.12.14 (/opt/ros/humble/share/ament_lint_auto/cmake)
[1.072s] -- Added test 'lint_cmake' to check CMake code style
[1.075s] -- Added test 'xmllint' to check XML markup files
[1.078s] -- Configuring done
[1.079s] -- Generating done
[1.081s] -- Build files have been written to: /home/eia/repo/rbi_2025_2/abb/abb_ws/build/abb_hardware
[1.105s] Invoked command in '/home/eia/repo/rbi_2025_2/abb/abb_ws/build/abb_hardware' returned '0': CMAKE_PREFIX_PATH=${CMAKE_PREFIX_PATH}:/home/eia/repo/rbi_2025_2/scara/scara_ws/install/scara_mujoco:/opt/ros/humble /usr/bin/cmake /home/eia/repo/rbi_2025_2/abb/abb_ws/src/abb_hardware -DCMAKE_INSTALL_PREFIX=/home/eia/repo/rbi_2025_2/abb/abb_ws/install/abb_hardware
[1.107s] Invoking command in '/home/eia/repo/rbi_2025_2/abb/abb_ws/build/abb_hardware': CMAKE_PREFIX_PATH=${CMAKE_PREFIX_PATH}:/home/eia/repo/rbi_2025_2/scara/scara_ws/install/scara_mujoco:/opt/ros/humble /usr/bin/cmake --build /home/eia/repo/rbi_2025_2/abb/abb_ws/build/abb_hardware -- -j12 -l12
[1.145s] Invoked command in '/home/eia/repo/rbi_2025_2/abb/abb_ws/build/abb_hardware' returned '0': CMAKE_PREFIX_PATH=${CMAKE_PREFIX_PATH}:/home/eia/repo/rbi_2025_2/scara/scara_ws/install/scara_mujoco:/opt/ros/humble /usr/bin/cmake --build /home/eia/repo/rbi_2025_2/abb/abb_ws/build/abb_hardware -- -j12 -l12
[1.147s] Invoking command in '/home/eia/repo/rbi_2025_2/abb/abb_ws/build/abb_hardware': CMAKE_PREFIX_PATH=${CMAKE_PREFIX_PATH}:/home/eia/repo/rbi_2025_2/scara/scara_ws/install/scara_mujoco:/opt/ros/humble /usr/bin/cmake --install /home/eia/repo/rbi_2025_2/abb/abb_ws/build/abb_hardware
[1.155s] -- Install configuration: ""
[1.155s] -- Installing: /home/eia/repo/rbi_2025_2/abb/abb_ws/install/abb_hardware/share/ament_index/resource_index/package_run_dependencies/abb_hardware
[1.155s] -- Installing: /home/eia/repo/rbi_2025_2/abb/abb_ws/install/abb_hardware/share/ament_index/resource_index/parent_prefix_path/abb_hardware
[1.155s] -- Installing: /home/eia/repo/rbi_2025_2/abb/abb_ws/install/abb_hardware/share/abb_hardware/environment/ament_prefix_path.sh
[1.155s] -- Installing: /home/eia/repo/rbi_2025_2/abb/abb_ws/install/abb_hardware/share/abb_hardware/environment/ament_prefix_path.dsv
[1.155s] -- Installing: /home/eia/repo/rbi_2025_2/abb/abb_ws/install/abb_hardware/share/abb_hardware/environment/path.sh
[1.156s] -- Installing: /home/eia/repo/rbi_2025_2/abb/abb_ws/install/abb_hardware/share/abb_hardware/environment/path.dsv
[1.156s] -- Installing: /home/eia/repo/rbi_2025_2/abb/abb_ws/install/abb_hardware/share/abb_hardware/local_setup.bash
[1.156s] -- Installing: /home/eia/repo/rbi_2025_2/abb/abb_ws/install/abb_hardware/share/abb_hardware/local_setup.sh
[1.156s] -- Installing: /home/eia/repo/rbi_2025_2/abb/abb_ws/install/abb_hardware/share/abb_hardware/local_setup.zsh
[1.156s] -- Installing: /home/eia/repo/rbi_2025_2/abb/abb_ws/install/abb_hardware/share/abb_hardware/local_setup.dsv
[1.156s] -- Installing: /home/eia/repo/rbi_2025_2/abb/abb_ws/install/abb_hardware/share/abb_hardware/package.dsv
[1.156s] -- Installing: /home/eia/repo/rbi_2025_2/abb/abb_ws/install/abb_hardware/share/ament_index/resource_index/packages/abb_hardware
[1.157s] -- Installing: /home/eia/repo/rbi_2025_2/abb/abb_ws/install/abb_hardware/share/abb_hardware/cmake/abb_hardwareConfig.cmake
[1.157s] -- Installing: /home/eia/repo/rbi_2025_2/abb/abb_ws/install/abb_hardware/share/abb_hardware/cmake/abb_hardwareConfig-version.cmake
[1.157s] -- Installing: /home/eia/repo/rbi_2025_2/abb/abb_ws/install/abb_hardware/share/abb_hardware/package.xml
[1.159s] Invoked command in '/home/eia/repo/rbi_2025_2/abb/abb_ws/build/abb_hardware' returned '0': CMAKE_PREFIX_PATH=${CMAKE_PREFIX_PATH}:/home/eia/repo/rbi_2025_2/scara/scara_ws/install/scara_mujoco:/opt/ros/humble /usr/bin/cmake --install /home/eia/repo/rbi_2025_2/abb/abb_ws/build/abb_hardware
