-- Install configuration: ""
-- Installing: /scara_ws/install/scara_gz_bringup/share/scara_gz_bringup//launch
-- Installing: /scara_ws/install/scara_gz_bringup/share/scara_gz_bringup//launch/scara_bringup.launch.xml
-- Installing: /scara_ws/install/scara_gz_bringup/share/scara_gz_bringup//config
-- Installing: /scara_ws/install/scara_gz_bringup/share/scara_gz_bringup//config/scara_config.rviz
-- Installing: /scara_ws/install/scara_gz_bringup/share/scara_gz_bringup//config/build
-- Installing: /scara_ws/install/scara_gz_bringup/share/scara_gz_bringup//config/build/COLCON_IGNORE
-- Installing: /scara_ws/install/scara_gz_bringup/share/scara_gz_bringup//config/build/.built_by
-- Installing: /scara_ws/install/scara_gz_bringup/share/scara_gz_bringup//config/gazebo_bridge.yaml
-- Installing: /scara_ws/install/scara_gz_bringup/share/scara_gz_bringup//config/controllers.yaml
-- Installing: /scara_ws/install/scara_gz_bringup/share/scara_gz_bringup//config/log
-- Installing: /scara_ws/install/scara_gz_bringup/share/scara_gz_bringup//config/log/build_2025-08-13_22-40-07
-- Installing: /scara_ws/install/scara_gz_bringup/share/scara_gz_bringup//config/log/build_2025-08-13_22-40-07/events.log
-- Installing: /scara_ws/install/scara_gz_bringup/share/scara_gz_bringup//config/log/build_2025-08-13_22-40-07/logger_all.log
-- Installing: /scara_ws/install/scara_gz_bringup/share/scara_gz_bringup//config/log/COLCON_IGNORE
-- Installing: /scara_ws/install/scara_gz_bringup/share/scara_gz_bringup//config/log/latest_build
-- Installing: /scara_ws/install/scara_gz_bringup/share/scara_gz_bringup//config/log/latest
-- Installing: /scara_ws/install/scara_gz_bringup/share/scara_gz_bringup//config/install
-- Installing: /scara_ws/install/scara_gz_bringup/share/scara_gz_bringup//config/install/COLCON_IGNORE
-- Installing: /scara_ws/install/scara_gz_bringup/share/scara_gz_bringup//config/install/.colcon_install_layout
-- Installing: /scara_ws/install/scara_gz_bringup/share/scara_gz_bringup//config/install/setup.bash
-- Installing: /scara_ws/install/scara_gz_bringup/share/scara_gz_bringup//config/install/setup.sh
-- Installing: /scara_ws/install/scara_gz_bringup/share/scara_gz_bringup//config/install/local_setup.sh
-- Installing: /scara_ws/install/scara_gz_bringup/share/scara_gz_bringup//config/install/local_setup.bash
-- Installing: /scara_ws/install/scara_gz_bringup/share/scara_gz_bringup//config/install/local_setup.ps1
-- Installing: /scara_ws/install/scara_gz_bringup/share/scara_gz_bringup//config/install/local_setup.zsh
-- Installing: /scara_ws/install/scara_gz_bringup/share/scara_gz_bringup//config/install/setup.zsh
-- Installing: /scara_ws/install/scara_gz_bringup/share/scara_gz_bringup//config/install/_local_setup_util_sh.py
-- Installing: /scara_ws/install/scara_gz_bringup/share/scara_gz_bringup//config/install/_local_setup_util_ps1.py
-- Installing: /scara_ws/install/scara_gz_bringup/share/scara_gz_bringup//config/install/setup.ps1
-- Installing: /scara_ws/install/scara_gz_bringup/share/ament_index/resource_index/package_run_dependencies/scara_gz_bringup
-- Installing: /scara_ws/install/scara_gz_bringup/share/ament_index/resource_index/parent_prefix_path/scara_gz_bringup
-- Installing: /scara_ws/install/scara_gz_bringup/share/scara_gz_bringup/environment/ament_prefix_path.sh
-- Installing: /scara_ws/install/scara_gz_bringup/share/scara_gz_bringup/environment/ament_prefix_path.dsv
-- Installing: /scara_ws/install/scara_gz_bringup/share/scara_gz_bringup/environment/path.sh
-- Installing: /scara_ws/install/scara_gz_bringup/share/scara_gz_bringup/environment/path.dsv
-- Installing: /scara_ws/install/scara_gz_bringup/share/scara_gz_bringup/local_setup.bash
-- Installing: /scara_ws/install/scara_gz_bringup/share/scara_gz_bringup/local_setup.sh
-- Installing: /scara_ws/install/scara_gz_bringup/share/scara_gz_bringup/local_setup.zsh
-- Installing: /scara_ws/install/scara_gz_bringup/share/scara_gz_bringup/local_setup.dsv
-- Installing: /scara_ws/install/scara_gz_bringup/share/scara_gz_bringup/package.dsv
-- Installing: /scara_ws/install/scara_gz_bringup/share/ament_index/resource_index/packages/scara_gz_bringup
-- Installing: /scara_ws/install/scara_gz_bringup/share/scara_gz_bringup/cmake/scara_gz_bringupConfig.cmake
-- Installing: /scara_ws/install/scara_gz_bringup/share/scara_gz_bringup/cmake/scara_gz_bringupConfig-version.cmake
-- Installing: /scara_ws/install/scara_gz_bringup/share/scara_gz_bringup/package.xml
