[0.034s] Invoking command in '/scara_ws/build/scara_hardware_interface': CMAKE_PREFIX_PATH=/opt/ros/humble /usr/bin/cmake /scara_ws/src/scara_hardware_interface -DCMAKE_INSTALL_PREFIX=/scara_ws/install/scara_hardware_interface
[0.495s] -- The C compiler identification is GNU 11.4.0
[0.495s] -- The CXX compiler identification is GNU 11.4.0
[0.495s] -- Detecting C compiler ABI info
[0.495s] -- Detecting C compiler ABI info - done
[0.496s] -- Check for working C compiler: /usr/bin/cc - skipped
[0.496s] -- Detecting C compile features
[0.496s] -- Detecting C compile features - done
[0.496s] -- Detecting CXX compiler ABI info
[0.496s] -- Detecting CXX compiler ABI info - done
[0.496s] -- Check for working CXX compiler: /usr/bin/c++ - skipped
[0.496s] -- Detecting CXX compile features
[0.496s] -- Detecting CXX compile features - done
[0.497s] -- Found ament_cmake: 1.3.12 (/opt/ros/humble/share/ament_cmake/cmake)
[0.497s] -- Found Python3: /usr/bin/python3 (found version "3.10.12") found components: Interpreter 
[0.498s] -- Configuring incomplete, errors occurred!
[0.498s] See also "/scara_ws/build/scara_hardware_interface/CMakeFiles/CMakeOutput.log".
[0.498s] [31mCMake Error at CMakeLists.txt:16 (target_link_libraries):
[0.498s]   Cannot specify link libraries for target "target" which is not built by
[0.498s]   this project.
[0.499s] 
[0.499s] [0m
[0.499s] Invoked command in '/scara_ws/build/scara_hardware_interface' returned '1': CMAKE_PREFIX_PATH=/opt/ros/humble /usr/bin/cmake /scara_ws/src/scara_hardware_interface -DCMAKE_INSTALL_PREFIX=/scara_ws/install/scara_hardware_interface
