[0.014s] Invoking command in '/home/eia/repo/rbi_2025_2/rov/rov_ws/build/rov_mujoco_sim': CMAKE_PREFIX_PATH=${CMAKE_PREFIX_PATH}:/home/eia/repo/rbi_2025_2/scara/scara_ws/install/scara_mujoco:/opt/ros/humble /usr/bin/cmake --build /home/eia/repo/rbi_2025_2/rov/rov_ws/build/rov_mujoco_sim -- -j12 -l12
[0.049s] [35m[1mConsolidate compiler generated dependencies of target rov_mujoco_sim[0m
[0.059s] [ 50%] Built target rov_mujoco_sim_direct
[0.066s] [ 75%] [32mBuilding CXX object CMakeFiles/rov_mujoco_sim.dir/src/mujoco_sim_interface.cpp.o[0m
[3.905s] [100%] [32m[1mLinking CXX shared library librov_mujoco_sim.so[0m
[4.081s] [100%] Built target rov_mujoco_sim
[4.089s] Invoked command in '/home/eia/repo/rbi_2025_2/rov/rov_ws/build/rov_mujoco_sim' returned '0': CMAKE_PREFIX_PATH=${CMAKE_PREFIX_PATH}:/home/eia/repo/rbi_2025_2/scara/scara_ws/install/scara_mujoco:/opt/ros/humble /usr/bin/cmake --build /home/eia/repo/rbi_2025_2/rov/rov_ws/build/rov_mujoco_sim -- -j12 -l12
[4.091s] Invoking command in '/home/eia/repo/rbi_2025_2/rov/rov_ws/build/rov_mujoco_sim': CMAKE_PREFIX_PATH=${CMAKE_PREFIX_PATH}:/home/eia/repo/rbi_2025_2/scara/scara_ws/install/scara_mujoco:/opt/ros/humble /usr/bin/cmake --install /home/eia/repo/rbi_2025_2/rov/rov_ws/build/rov_mujoco_sim
[4.096s] -- Install configuration: ""
[4.096s] -- Up-to-date: /home/eia/repo/rbi_2025_2/rov/rov_ws/install/rov_mujoco_sim/share/rov_mujoco_sim/rov_hardware_interface.xml
[4.096s] -- Installing: /home/eia/repo/rbi_2025_2/rov/rov_ws/install/rov_mujoco_sim/lib/librov_mujoco_sim.so
[4.097s] -- Set runtime path of "/home/eia/repo/rbi_2025_2/rov/rov_ws/install/rov_mujoco_sim/lib/librov_mujoco_sim.so" to "/home/eia/repo/rbi_2025_2/rov/rov_ws/src/rov_mujoco_sim/../../mujoco/lib"
[4.097s] -- Up-to-date: /home/eia/repo/rbi_2025_2/rov/rov_ws/install/rov_mujoco_sim/include/include
[4.097s] -- Up-to-date: /home/eia/repo/rbi_2025_2/rov/rov_ws/install/rov_mujoco_sim/include/include/rov_sim
[4.097s] -- Up-to-date: /home/eia/repo/rbi_2025_2/rov/rov_ws/install/rov_mujoco_sim/include/include/rov_sim/mujoco_sim_interface.hpp
[4.097s] -- Up-to-date: /home/eia/repo/rbi_2025_2/rov/rov_ws/install/rov_mujoco_sim/include/include/rov_sim/mujoco_interface.hpp
[4.097s] -- Up-to-date: /home/eia/repo/rbi_2025_2/rov/rov_ws/install/rov_mujoco_sim/share/rov_mujoco_sim/environment/library_path.sh
[4.097s] -- Up-to-date: /home/eia/repo/rbi_2025_2/rov/rov_ws/install/rov_mujoco_sim/share/rov_mujoco_sim/environment/library_path.dsv
[4.098s] -- Up-to-date: /home/eia/repo/rbi_2025_2/rov/rov_ws/install/rov_mujoco_sim/lib/rov_mujoco_sim/rov_mujoco_sim_direct
[4.098s] -- Up-to-date: /home/eia/repo/rbi_2025_2/rov/rov_ws/install/rov_mujoco_sim/share/ament_index/resource_index/package_run_dependencies/rov_mujoco_sim
[4.098s] -- Up-to-date: /home/eia/repo/rbi_2025_2/rov/rov_ws/install/rov_mujoco_sim/share/ament_index/resource_index/parent_prefix_path/rov_mujoco_sim
[4.098s] -- Up-to-date: /home/eia/repo/rbi_2025_2/rov/rov_ws/install/rov_mujoco_sim/share/rov_mujoco_sim/environment/ament_prefix_path.sh
[4.098s] -- Up-to-date: /home/eia/repo/rbi_2025_2/rov/rov_ws/install/rov_mujoco_sim/share/rov_mujoco_sim/environment/ament_prefix_path.dsv
[4.098s] -- Up-to-date: /home/eia/repo/rbi_2025_2/rov/rov_ws/install/rov_mujoco_sim/share/rov_mujoco_sim/environment/path.sh
[4.098s] -- Up-to-date: /home/eia/repo/rbi_2025_2/rov/rov_ws/install/rov_mujoco_sim/share/rov_mujoco_sim/environment/path.dsv
[4.098s] -- Up-to-date: /home/eia/repo/rbi_2025_2/rov/rov_ws/install/rov_mujoco_sim/share/rov_mujoco_sim/local_setup.bash
[4.098s] -- Up-to-date: /home/eia/repo/rbi_2025_2/rov/rov_ws/install/rov_mujoco_sim/share/rov_mujoco_sim/local_setup.sh
[4.098s] -- Up-to-date: /home/eia/repo/rbi_2025_2/rov/rov_ws/install/rov_mujoco_sim/share/rov_mujoco_sim/local_setup.zsh
[4.098s] -- Up-to-date: /home/eia/repo/rbi_2025_2/rov/rov_ws/install/rov_mujoco_sim/share/rov_mujoco_sim/local_setup.dsv
[4.099s] -- Installing: /home/eia/repo/rbi_2025_2/rov/rov_ws/install/rov_mujoco_sim/share/rov_mujoco_sim/package.dsv
[4.099s] -- Up-to-date: /home/eia/repo/rbi_2025_2/rov/rov_ws/install/rov_mujoco_sim/share/ament_index/resource_index/packages/rov_mujoco_sim
[4.099s] -- Up-to-date: /home/eia/repo/rbi_2025_2/rov/rov_ws/install/rov_mujoco_sim/share/ament_index/resource_index/hardware_interface__pluginlib__plugin/rov_mujoco_sim
[4.099s] -- Up-to-date: /home/eia/repo/rbi_2025_2/rov/rov_ws/install/rov_mujoco_sim/share/rov_mujoco_sim/cmake/ament_cmake_export_libraries-extras.cmake
[4.099s] -- Up-to-date: /home/eia/repo/rbi_2025_2/rov/rov_ws/install/rov_mujoco_sim/share/rov_mujoco_sim/cmake/ament_cmake_export_dependencies-extras.cmake
[4.099s] -- Up-to-date: /home/eia/repo/rbi_2025_2/rov/rov_ws/install/rov_mujoco_sim/share/rov_mujoco_sim/cmake/rov_mujoco_simConfig.cmake
[4.099s] -- Up-to-date: /home/eia/repo/rbi_2025_2/rov/rov_ws/install/rov_mujoco_sim/share/rov_mujoco_sim/cmake/rov_mujoco_simConfig-version.cmake
[4.099s] -- Up-to-date: /home/eia/repo/rbi_2025_2/rov/rov_ws/install/rov_mujoco_sim/share/rov_mujoco_sim/package.xml
[4.100s] Invoked command in '/home/eia/repo/rbi_2025_2/rov/rov_ws/build/rov_mujoco_sim' returned '0': CMAKE_PREFIX_PATH=${CMAKE_PREFIX_PATH}:/home/eia/repo/rbi_2025_2/scara/scara_ws/install/scara_mujoco:/opt/ros/humble /usr/bin/cmake --install /home/eia/repo/rbi_2025_2/rov/rov_ws/build/rov_mujoco_sim
