[1.166s] Invoking command in '/home/eia/repo/rbi_2025_2/scara/scara_ws/build/scara_mujoco': PYTHONPATH=/home/eia/repo/rbi_2025_2/scara/scara_ws/build/scara_mujoco/prefix_override:/home/eia/.local/lib/python3.10/site-packages/colcon_core/task/python/colcon_distutils_commands:/home/eia/repo/rbi_2025_2/scara/scara_ws/install/scara_mujoco/lib/python3.10/site-packages:${PYTHONPATH} /usr/bin/python3 -W ignore:setup.py install is deprecated -W ignore:easy_install command is deprecated setup.py develop --uninstall --editable --build-directory /home/eia/repo/rbi_2025_2/scara/scara_ws/build/scara_mujoco/build
[1.483s] running develop
[1.706s] Removing /home/eia/repo/rbi_2025_2/scara/scara_ws/install/scara_mujoco/lib/python3.10/site-packages/scara-mujoco.egg-link (link to .)
[1.730s] Invoked command in '/home/eia/repo/rbi_2025_2/scara/scara_ws/build/scara_mujoco' returned '0': PYTHONPATH=/home/eia/repo/rbi_2025_2/scara/scara_ws/build/scara_mujoco/prefix_override:/home/eia/.local/lib/python3.10/site-packages/colcon_core/task/python/colcon_distutils_commands:/home/eia/repo/rbi_2025_2/scara/scara_ws/install/scara_mujoco/lib/python3.10/site-packages:${PYTHONPATH} /usr/bin/python3 -W ignore:setup.py install is deprecated -W ignore:easy_install command is deprecated setup.py develop --uninstall --editable --build-directory /home/eia/repo/rbi_2025_2/scara/scara_ws/build/scara_mujoco/build
[1.731s] Invoking command in '/home/eia/repo/rbi_2025_2/scara/scara_ws/src/scara_mujoco': PYTHONPATH=/home/eia/repo/rbi_2025_2/scara/scara_ws/build/scara_mujoco/prefix_override:/home/eia/.local/lib/python3.10/site-packages/colcon_core/task/python/colcon_distutils_commands:/home/eia/repo/rbi_2025_2/scara/scara_ws/install/scara_mujoco/lib/python3.10/site-packages:${PYTHONPATH} /usr/bin/python3 -W ignore:setup.py install is deprecated -W ignore:easy_install command is deprecated setup.py egg_info --egg-base ../../build/scara_mujoco build --build-base /home/eia/repo/rbi_2025_2/scara/scara_ws/build/scara_mujoco/build install --record /home/eia/repo/rbi_2025_2/scara/scara_ws/build/scara_mujoco/install.log --single-version-externally-managed install_data --force
[1.993s] running egg_info
[1.994s] writing ../../build/scara_mujoco/scara_mujoco.egg-info/PKG-INFO
[1.994s] writing dependency_links to ../../build/scara_mujoco/scara_mujoco.egg-info/dependency_links.txt
[1.995s] writing entry points to ../../build/scara_mujoco/scara_mujoco.egg-info/entry_points.txt
[1.995s] writing requirements to ../../build/scara_mujoco/scara_mujoco.egg-info/requires.txt
[1.995s] writing top-level names to ../../build/scara_mujoco/scara_mujoco.egg-info/top_level.txt
[1.997s] reading manifest file '../../build/scara_mujoco/scara_mujoco.egg-info/SOURCES.txt'
[1.998s] writing manifest file '../../build/scara_mujoco/scara_mujoco.egg-info/SOURCES.txt'
[1.998s] running build
[1.998s] running build_py
[1.998s] creating /home/eia/repo/rbi_2025_2/scara/scara_ws/build/scara_mujoco/build
[1.998s] creating /home/eia/repo/rbi_2025_2/scara/scara_ws/build/scara_mujoco/build/lib
[1.999s] creating /home/eia/repo/rbi_2025_2/scara/scara_ws/build/scara_mujoco/build/lib/scara_mujoco
[1.999s] copying scara_mujoco/simulation_init.py -> /home/eia/repo/rbi_2025_2/scara/scara_ws/build/scara_mujoco/build/lib/scara_mujoco
[1.999s] copying scara_mujoco/__init__.py -> /home/eia/repo/rbi_2025_2/scara/scara_ws/build/scara_mujoco/build/lib/scara_mujoco
[1.999s] running install
[1.999s] running install_lib
[2.000s] creating /home/eia/repo/rbi_2025_2/scara/scara_ws/install/scara_mujoco/lib/python3.10/site-packages/scara_mujoco
[2.000s] copying /home/eia/repo/rbi_2025_2/scara/scara_ws/build/scara_mujoco/build/lib/scara_mujoco/simulation_init.py -> /home/eia/repo/rbi_2025_2/scara/scara_ws/install/scara_mujoco/lib/python3.10/site-packages/scara_mujoco
[2.000s] copying /home/eia/repo/rbi_2025_2/scara/scara_ws/build/scara_mujoco/build/lib/scara_mujoco/__init__.py -> /home/eia/repo/rbi_2025_2/scara/scara_ws/install/scara_mujoco/lib/python3.10/site-packages/scara_mujoco
[2.001s] byte-compiling /home/eia/repo/rbi_2025_2/scara/scara_ws/install/scara_mujoco/lib/python3.10/site-packages/scara_mujoco/simulation_init.py to simulation_init.cpython-310.pyc
[2.003s] byte-compiling /home/eia/repo/rbi_2025_2/scara/scara_ws/install/scara_mujoco/lib/python3.10/site-packages/scara_mujoco/__init__.py to __init__.cpython-310.pyc
[2.003s] running install_data
[2.003s] copying resource/scara_mujoco -> /home/eia/repo/rbi_2025_2/scara/scara_ws/install/scara_mujoco/share/ament_index/resource_index/packages
[2.003s] copying package.xml -> /home/eia/repo/rbi_2025_2/scara/scara_ws/install/scara_mujoco/share/scara_mujoco
[2.003s] copying descriptions/basic_scenario.xml -> /home/eia/repo/rbi_2025_2/scara/scara_ws/install/scara_mujoco/share/scara_mujoco/descriptions
[2.003s] running install_egg_info
[2.006s] Copying ../../build/scara_mujoco/scara_mujoco.egg-info to /home/eia/repo/rbi_2025_2/scara/scara_ws/install/scara_mujoco/lib/python3.10/site-packages/scara_mujoco-0.0.0-py3.10.egg-info
[2.007s] running install_scripts
[2.024s] Installing scara_sim_mujoco script to /home/eia/repo/rbi_2025_2/scara/scara_ws/install/scara_mujoco/lib/scara_mujoco
[2.024s] writing list of installed files to '/home/eia/repo/rbi_2025_2/scara/scara_ws/build/scara_mujoco/install.log'
[2.041s] Invoked command in '/home/eia/repo/rbi_2025_2/scara/scara_ws/src/scara_mujoco' returned '0': PYTHONPATH=/home/eia/repo/rbi_2025_2/scara/scara_ws/build/scara_mujoco/prefix_override:/home/eia/.local/lib/python3.10/site-packages/colcon_core/task/python/colcon_distutils_commands:/home/eia/repo/rbi_2025_2/scara/scara_ws/install/scara_mujoco/lib/python3.10/site-packages:${PYTHONPATH} /usr/bin/python3 -W ignore:setup.py install is deprecated -W ignore:easy_install command is deprecated setup.py egg_info --egg-base ../../build/scara_mujoco build --build-base /home/eia/repo/rbi_2025_2/scara/scara_ws/build/scara_mujoco/build install --record /home/eia/repo/rbi_2025_2/scara/scara_ws/build/scara_mujoco/install.log --single-version-externally-managed install_data --force
