[0.426s] Invoking command in '/rov_ws/build/rov_mujoco_description': CMAKE_PREFIX_PATH=${CMAKE_PREFIX_PATH}:/rov_ws/install/rov_position_controller:/rov_ws/install/rov_path_generator:/rov_ws/install/rov_path_follower:/rov_ws/install/rov_attitude_controller:/opt/ros/humble /usr/bin/cmake /rov_ws/src/rov_mujoco_description -DAMENT_CMAKE_SYMLINK_INSTALL=1 -DCMAKE_INSTALL_PREFIX=/rov_ws/install/rov_mujoco_description
[1.342s] -- Found ament_cmake: 1.3.12 (/opt/ros/humble/share/ament_cmake/cmake)
[1.342s] -- Override CMake install command with custom implementation using symlinks instead of copying resources
[1.342s] -- Configuring done
[1.343s] -- Generating done
[1.343s] -- Build files have been written to: /rov_ws/build/rov_mujoco_description
[1.675s] Invoked command in '/rov_ws/build/rov_mujoco_description' returned '0': CMAKE_PREFIX_PATH=${CMAKE_PREFIX_PATH}:/rov_ws/install/rov_position_controller:/rov_ws/install/rov_path_generator:/rov_ws/install/rov_path_follower:/rov_ws/install/rov_attitude_controller:/opt/ros/humble /usr/bin/cmake /rov_ws/src/rov_mujoco_description -DAMENT_CMAKE_SYMLINK_INSTALL=1 -DCMAKE_INSTALL_PREFIX=/rov_ws/install/rov_mujoco_description
[1.677s] Invoking command in '/rov_ws/build/rov_mujoco_description': CMAKE_PREFIX_PATH=${CMAKE_PREFIX_PATH}:/rov_ws/install/rov_position_controller:/rov_ws/install/rov_path_generator:/rov_ws/install/rov_path_follower:/rov_ws/install/rov_attitude_controller:/opt/ros/humble /usr/bin/cmake --build /rov_ws/build/rov_mujoco_description -- -j12 -l12
[1.733s] Invoked command in '/rov_ws/build/rov_mujoco_description' returned '0': CMAKE_PREFIX_PATH=${CMAKE_PREFIX_PATH}:/rov_ws/install/rov_position_controller:/rov_ws/install/rov_path_generator:/rov_ws/install/rov_path_follower:/rov_ws/install/rov_attitude_controller:/opt/ros/humble /usr/bin/cmake --build /rov_ws/build/rov_mujoco_description -- -j12 -l12
[1.748s] Invoking command in '/rov_ws/build/rov_mujoco_description': CMAKE_PREFIX_PATH=${CMAKE_PREFIX_PATH}:/rov_ws/install/rov_position_controller:/rov_ws/install/rov_path_generator:/rov_ws/install/rov_path_follower:/rov_ws/install/rov_attitude_controller:/opt/ros/humble /usr/bin/cmake --install /rov_ws/build/rov_mujoco_description
[1.759s] -- Install configuration: ""
[1.759s] -- Execute custom install script
[1.760s] -- Symlinking: /rov_ws/install/rov_mujoco_description/share/rov_mujoco_description//urdf/common_properties.xacro
[1.771s] -- Symlinking: /rov_ws/install/rov_mujoco_description/share/rov_mujoco_description//urdf/rov_description.urdf.xacro
[1.782s] -- Symlinking: /rov_ws/install/rov_mujoco_description/share/rov_mujoco_description//launch/display.launch.xml
[1.797s] -- Symlinking: /rov_ws/install/rov_mujoco_description/share/ament_index/resource_index/package_run_dependencies/rov_mujoco_description
[1.809s] -- Symlinking: /rov_ws/install/rov_mujoco_description/share/ament_index/resource_index/parent_prefix_path/rov_mujoco_description
[1.825s] -- Symlinking: /rov_ws/install/rov_mujoco_description/share/rov_mujoco_description/environment/ament_prefix_path.sh
[1.841s] -- Symlinking: /rov_ws/install/rov_mujoco_description/share/rov_mujoco_description/environment/ament_prefix_path.dsv
[1.856s] -- Symlinking: /rov_ws/install/rov_mujoco_description/share/rov_mujoco_description/environment/path.sh
[1.872s] -- Symlinking: /rov_ws/install/rov_mujoco_description/share/rov_mujoco_description/environment/path.dsv
[1.886s] -- Symlinking: /rov_ws/install/rov_mujoco_description/share/rov_mujoco_description/local_setup.bash
[1.899s] -- Symlinking: /rov_ws/install/rov_mujoco_description/share/rov_mujoco_description/local_setup.sh
[1.916s] -- Symlinking: /rov_ws/install/rov_mujoco_description/share/rov_mujoco_description/local_setup.zsh
[1.931s] -- Symlinking: /rov_ws/install/rov_mujoco_description/share/rov_mujoco_description/local_setup.dsv
[1.946s] -- Symlinking: /rov_ws/install/rov_mujoco_description/share/rov_mujoco_description/package.dsv
[1.957s] -- Symlinking: /rov_ws/install/rov_mujoco_description/share/ament_index/resource_index/packages/rov_mujoco_description
[1.968s] -- Symlinking: /rov_ws/install/rov_mujoco_description/share/rov_mujoco_description/cmake/rov_mujoco_descriptionConfig.cmake
[1.980s] -- Symlinking: /rov_ws/install/rov_mujoco_description/share/rov_mujoco_description/cmake/rov_mujoco_descriptionConfig-version.cmake
[1.998s] -- Symlinking: /rov_ws/install/rov_mujoco_description/share/rov_mujoco_description/package.xml
[2.055s] Invoked command in '/rov_ws/build/rov_mujoco_description' returned '0': CMAKE_PREFIX_PATH=${CMAKE_PREFIX_PATH}:/rov_ws/install/rov_position_controller:/rov_ws/install/rov_path_generator:/rov_ws/install/rov_path_follower:/rov_ws/install/rov_attitude_controller:/opt/ros/humble /usr/bin/cmake --install /rov_ws/build/rov_mujoco_description
