[0.467s] Invoking command in '/scara_ws/build/scara_mujoco_sim': CMAKE_PREFIX_PATH=/opt/ros/humble /usr/bin/cmake /scara_ws/src/scara_mujoco_sim -DCMAKE_INSTALL_PREFIX=/scara_ws/install/scara_mujoco_sim
[0.518s] -- The C compiler identification is GNU 11.4.0
[0.574s] -- The CXX compiler identification is GNU 11.4.0
[0.581s] -- Detecting C compiler ABI info
[0.642s] -- Detecting C compiler ABI info - done
[0.653s] -- Check for working C compiler: /usr/bin/cc - skipped
[0.653s] -- Detecting C compile features
[0.654s] -- Detecting C compile features - done
[0.657s] -- Detecting CXX compiler ABI info
[0.725s] -- Detecting CXX compiler ABI info - done
[0.733s] -- Check for working CXX compiler: /usr/bin/c++ - skipped
[0.733s] -- Detecting CXX compile features
[0.733s] -- Detecting CXX compile features - done
[0.736s] -- Found ament_cmake: 1.3.12 (/opt/ros/humble/share/ament_cmake/cmake)
[0.877s] -- Found Python3: /usr/bin/python3 (found version "3.10.12") found components: Interpreter 
[0.967s] -- Found PkgConfig: /usr/bin/pkg-config (found version "0.29.2") 
[0.967s] -- Checking for module 'glfw3'
[0.974s] --   Found glfw3, version 3.3.6
[0.997s] -- Found rclcpp: 16.0.14 (/opt/ros/humble/share/rclcpp/cmake)
[1.034s] -- Found rosidl_generator_c: 3.1.7 (/opt/ros/humble/share/rosidl_generator_c/cmake)
[1.040s] -- Found rosidl_adapter: 3.1.7 (/opt/ros/humble/share/rosidl_adapter/cmake)
[1.048s] -- Found rosidl_generator_cpp: 3.1.7 (/opt/ros/humble/share/rosidl_generator_cpp/cmake)
[1.060s] -- Using all available rosidl_typesupport_c: rosidl_typesupport_fastrtps_c;rosidl_typesupport_introspection_c
[1.076s] -- Using all available rosidl_typesupport_cpp: rosidl_typesupport_fastrtps_cpp;rosidl_typesupport_introspection_cpp
[1.120s] -- Found rmw_implementation_cmake: 6.1.2 (/opt/ros/humble/share/rmw_implementation_cmake/cmake)
[1.122s] -- Found rmw_fastrtps_cpp: 6.2.8 (/opt/ros/humble/share/rmw_fastrtps_cpp/cmake)
[1.192s] -- Found OpenSSL: /usr/lib/x86_64-linux-gnu/libcrypto.so (found version "3.0.2")  
[1.217s] -- Found FastRTPS: /opt/ros/humble/include  
[1.263s] -- Using RMW implementation 'rmw_fastrtps_cpp' as default
[1.271s] -- Looking for pthread.h
[1.325s] -- Looking for pthread.h - found
[1.326s] -- Performing Test CMAKE_HAVE_LIBC_PTHREAD
[1.380s] -- Performing Test CMAKE_HAVE_LIBC_PTHREAD - Success
[1.382s] -- Found Threads: TRUE  
[1.433s] -- Found rclcpp_lifecycle: 16.0.14 (/opt/ros/humble/share/rclcpp_lifecycle/cmake)
[1.456s] -- Found pluginlib: 5.1.0 (/opt/ros/humble/share/pluginlib/cmake)
[1.487s] -- Found geometry_msgs: 4.9.0 (/opt/ros/humble/share/geometry_msgs/cmake)
[1.501s] -- Found hardware_interface: 2.51.0 (/opt/ros/humble/share/hardware_interface/cmake)
[1.671s] -- Configuring done
[1.691s] -- Generating done
[1.697s] -- Build files have been written to: /scara_ws/build/scara_mujoco_sim
