-- Found ament_cmake: 1.3.12 (/opt/ros/humble/share/ament_cmake/cmake)
-- Override CMake install command with custom implementation using symlinks instead of copying resources
-- Found ament_lint_auto: 0.12.14 (/opt/ros/humble/share/ament_lint_auto/cmake)
-- Added test 'lint_cmake' to check CMake code style
-- Added test 'xmllint' to check XML markup files
-- Configuring done
-- Generating done
-- Build files have been written to: /home/eia/repo/rbi_2025_2/scara/scara_ws/build/scara_hardware_interface
-- Install configuration: ""
-- Execute custom install script
-- Up-to-date symlink: /home/eia/repo/rbi_2025_2/scara/scara_ws/install/scara_hardware_interface/share/ament_index/resource_index/package_run_dependencies/scara_hardware_interface
-- Up-to-date symlink: /home/eia/repo/rbi_2025_2/scara/scara_ws/install/scara_hardware_interface/share/ament_index/resource_index/parent_prefix_path/scara_hardware_interface
-- Up-to-date symlink: /home/eia/repo/rbi_2025_2/scara/scara_ws/install/scara_hardware_interface/share/scara_hardware_interface/environment/ament_prefix_path.sh
-- Up-to-date symlink: /home/eia/repo/rbi_2025_2/scara/scara_ws/install/scara_hardware_interface/share/scara_hardware_interface/environment/ament_prefix_path.dsv
-- Up-to-date symlink: /home/eia/repo/rbi_2025_2/scara/scara_ws/install/scara_hardware_interface/share/scara_hardware_interface/environment/path.sh
-- Up-to-date symlink: /home/eia/repo/rbi_2025_2/scara/scara_ws/install/scara_hardware_interface/share/scara_hardware_interface/environment/path.dsv
-- Up-to-date symlink: /home/eia/repo/rbi_2025_2/scara/scara_ws/install/scara_hardware_interface/share/scara_hardware_interface/local_setup.bash
-- Up-to-date symlink: /home/eia/repo/rbi_2025_2/scara/scara_ws/install/scara_hardware_interface/share/scara_hardware_interface/local_setup.sh
-- Up-to-date symlink: /home/eia/repo/rbi_2025_2/scara/scara_ws/install/scara_hardware_interface/share/scara_hardware_interface/local_setup.zsh
-- Up-to-date symlink: /home/eia/repo/rbi_2025_2/scara/scara_ws/install/scara_hardware_interface/share/scara_hardware_interface/local_setup.dsv
-- Symlinking: /home/eia/repo/rbi_2025_2/scara/scara_ws/install/scara_hardware_interface/share/scara_hardware_interface/package.dsv
-- Up-to-date symlink: /home/eia/repo/rbi_2025_2/scara/scara_ws/install/scara_hardware_interface/share/ament_index/resource_index/packages/scara_hardware_interface
-- Up-to-date symlink: /home/eia/repo/rbi_2025_2/scara/scara_ws/install/scara_hardware_interface/share/scara_hardware_interface/cmake/scara_hardware_interfaceConfig.cmake
-- Up-to-date symlink: /home/eia/repo/rbi_2025_2/scara/scara_ws/install/scara_hardware_interface/share/scara_hardware_interface/cmake/scara_hardware_interfaceConfig-version.cmake
-- Up-to-date symlink: /home/eia/repo/rbi_2025_2/scara/scara_ws/install/scara_hardware_interface/share/scara_hardware_interface/package.xml
