[1.124s] Invoking command in '/home/eia/repo/rbi_2025_2/scara/scara_ws/src/scara_mujoco': PYTHONPATH=/home/eia/repo/rbi_2025_2/scara/scara_ws/build/scara_mujoco/prefix_override:/home/eia/.local/lib/python3.10/site-packages/colcon_core/task/python/colcon_distutils_commands:/home/eia/repo/rbi_2025_2/scara/scara_ws/install/scara_mujoco/lib/python3.10/site-packages:${PYTHONPATH} /usr/bin/python3 -W ignore:setup.py install is deprecated -W ignore:easy_install command is deprecated setup.py egg_info --egg-base ../../build/scara_mujoco build --build-base /home/eia/repo/rbi_2025_2/scara/scara_ws/build/scara_mujoco/build install --record /home/eia/repo/rbi_2025_2/scara/scara_ws/build/scara_mujoco/install.log --single-version-externally-managed install_data
[1.478s] running egg_info
[1.478s] creating ../../build/scara_mujoco/scara_mujoco.egg-info
[1.502s] writing ../../build/scara_mujoco/scara_mujoco.egg-info/PKG-INFO
[1.503s] writing dependency_links to ../../build/scara_mujoco/scara_mujoco.egg-info/dependency_links.txt
[1.503s] writing entry points to ../../build/scara_mujoco/scara_mujoco.egg-info/entry_points.txt
[1.503s] writing requirements to ../../build/scara_mujoco/scara_mujoco.egg-info/requires.txt
[1.503s] writing top-level names to ../../build/scara_mujoco/scara_mujoco.egg-info/top_level.txt
[1.504s] writing manifest file '../../build/scara_mujoco/scara_mujoco.egg-info/SOURCES.txt'
[1.552s] reading manifest file '../../build/scara_mujoco/scara_mujoco.egg-info/SOURCES.txt'
[1.553s] writing manifest file '../../build/scara_mujoco/scara_mujoco.egg-info/SOURCES.txt'
[1.553s] running build
[1.554s] running build_py
[1.554s] creating /home/eia/repo/rbi_2025_2/scara/scara_ws/build/scara_mujoco/build
[1.554s] creating /home/eia/repo/rbi_2025_2/scara/scara_ws/build/scara_mujoco/build/lib
[1.554s] creating /home/eia/repo/rbi_2025_2/scara/scara_ws/build/scara_mujoco/build/lib/scara_mujoco
[1.554s] copying scara_mujoco/simulation_init.py -> /home/eia/repo/rbi_2025_2/scara/scara_ws/build/scara_mujoco/build/lib/scara_mujoco
[1.555s] copying scara_mujoco/__init__.py -> /home/eia/repo/rbi_2025_2/scara/scara_ws/build/scara_mujoco/build/lib/scara_mujoco
[1.555s] running install
[1.564s] running install_lib
[1.588s] creating /home/eia/repo/rbi_2025_2/scara/scara_ws/install/scara_mujoco/lib/python3.10/site-packages/scara_mujoco
[1.589s] copying /home/eia/repo/rbi_2025_2/scara/scara_ws/build/scara_mujoco/build/lib/scara_mujoco/simulation_init.py -> /home/eia/repo/rbi_2025_2/scara/scara_ws/install/scara_mujoco/lib/python3.10/site-packages/scara_mujoco
[1.589s] copying /home/eia/repo/rbi_2025_2/scara/scara_ws/build/scara_mujoco/build/lib/scara_mujoco/__init__.py -> /home/eia/repo/rbi_2025_2/scara/scara_ws/install/scara_mujoco/lib/python3.10/site-packages/scara_mujoco
[1.589s] byte-compiling /home/eia/repo/rbi_2025_2/scara/scara_ws/install/scara_mujoco/lib/python3.10/site-packages/scara_mujoco/simulation_init.py to simulation_init.cpython-310.pyc
[1.591s] byte-compiling /home/eia/repo/rbi_2025_2/scara/scara_ws/install/scara_mujoco/lib/python3.10/site-packages/scara_mujoco/__init__.py to __init__.cpython-310.pyc
[1.591s] running install_data
[1.591s] creating /home/eia/repo/rbi_2025_2/scara/scara_ws/install/scara_mujoco/share/ament_index
[1.591s] creating /home/eia/repo/rbi_2025_2/scara/scara_ws/install/scara_mujoco/share/ament_index/resource_index
[1.591s] creating /home/eia/repo/rbi_2025_2/scara/scara_ws/install/scara_mujoco/share/ament_index/resource_index/packages
[1.592s] copying resource/scara_mujoco -> /home/eia/repo/rbi_2025_2/scara/scara_ws/install/scara_mujoco/share/ament_index/resource_index/packages
[1.592s] copying package.xml -> /home/eia/repo/rbi_2025_2/scara/scara_ws/install/scara_mujoco/share/scara_mujoco
[1.592s] creating /home/eia/repo/rbi_2025_2/scara/scara_ws/install/scara_mujoco/share/scara_mujoco/launch
[1.592s] creating /home/eia/repo/rbi_2025_2/scara/scara_ws/install/scara_mujoco/share/scara_mujoco/descriptions
[1.592s] copying descriptions/basic_scenario.xml -> /home/eia/repo/rbi_2025_2/scara/scara_ws/install/scara_mujoco/share/scara_mujoco/descriptions
[1.592s] creating /home/eia/repo/rbi_2025_2/scara/scara_ws/install/scara_mujoco/share/scara_mujoco/config
[1.593s] running install_egg_info
[1.619s] Copying ../../build/scara_mujoco/scara_mujoco.egg-info to /home/eia/repo/rbi_2025_2/scara/scara_ws/install/scara_mujoco/lib/python3.10/site-packages/scara_mujoco-0.0.0-py3.10.egg-info
[1.620s] running install_scripts
[1.813s] Installing scara_sim_mujoco script to /home/eia/repo/rbi_2025_2/scara/scara_ws/install/scara_mujoco/lib/scara_mujoco
[1.813s] writing list of installed files to '/home/eia/repo/rbi_2025_2/scara/scara_ws/build/scara_mujoco/install.log'
[1.846s] Invoked command in '/home/eia/repo/rbi_2025_2/scara/scara_ws/src/scara_mujoco' returned '0': PYTHONPATH=/home/eia/repo/rbi_2025_2/scara/scara_ws/build/scara_mujoco/prefix_override:/home/eia/.local/lib/python3.10/site-packages/colcon_core/task/python/colcon_distutils_commands:/home/eia/repo/rbi_2025_2/scara/scara_ws/install/scara_mujoco/lib/python3.10/site-packages:${PYTHONPATH} /usr/bin/python3 -W ignore:setup.py install is deprecated -W ignore:easy_install command is deprecated setup.py egg_info --egg-base ../../build/scara_mujoco build --build-base /home/eia/repo/rbi_2025_2/scara/scara_ws/build/scara_mujoco/build install --record /home/eia/repo/rbi_2025_2/scara/scara_ws/build/scara_mujoco/install.log --single-version-externally-managed install_data
