[0.032s] Invoking command in '/home/eia/repo/rbi_2025_2/abb/abb_ws/build/abb_mujoco_description': CMAKE_PREFIX_PATH=${CMAKE_PREFIX_PATH}:/home/eia/repo/rbi_2025_2/abb/abb_ws/install/abb_path_controller:/home/eia/repo/rbi_2025_2/abb/abb_ws/install/abb_mujoco_python:/opt/ros/humble /usr/bin/cmake /home/eia/repo/rbi_2025_2/abb/abb_ws/src/abb_mujoco_description -DAMENT_CMAKE_SYMLINK_INSTALL=1 -DCMAKE_INSTALL_PREFIX=/home/eia/repo/rbi_2025_2/abb/abb_ws/install/abb_mujoco_description
[0.588s] -- Found ament_cmake: 1.3.12 (/opt/ros/humble/share/ament_cmake/cmake)
[0.588s] -- Override CMake install command with custom implementation using symlinks instead of copying resources
[0.588s] -- Configuring done
[0.588s] -- Generating done
[0.588s] -- Build files have been written to: /home/eia/repo/rbi_2025_2/abb/abb_ws/build/abb_mujoco_description
[0.594s] Invoked command in '/home/eia/repo/rbi_2025_2/abb/abb_ws/build/abb_mujoco_description' returned '0': CMAKE_PREFIX_PATH=${CMAKE_PREFIX_PATH}:/home/eia/repo/rbi_2025_2/abb/abb_ws/install/abb_path_controller:/home/eia/repo/rbi_2025_2/abb/abb_ws/install/abb_mujoco_python:/opt/ros/humble /usr/bin/cmake /home/eia/repo/rbi_2025_2/abb/abb_ws/src/abb_mujoco_description -DAMENT_CMAKE_SYMLINK_INSTALL=1 -DCMAKE_INSTALL_PREFIX=/home/eia/repo/rbi_2025_2/abb/abb_ws/install/abb_mujoco_description
[0.595s] Invoking command in '/home/eia/repo/rbi_2025_2/abb/abb_ws/build/abb_mujoco_description': CMAKE_PREFIX_PATH=${CMAKE_PREFIX_PATH}:/home/eia/repo/rbi_2025_2/abb/abb_ws/install/abb_path_controller:/home/eia/repo/rbi_2025_2/abb/abb_ws/install/abb_mujoco_python:/opt/ros/humble /usr/bin/cmake --build /home/eia/repo/rbi_2025_2/abb/abb_ws/build/abb_mujoco_description -- -j12 -l12
[0.637s] Invoked command in '/home/eia/repo/rbi_2025_2/abb/abb_ws/build/abb_mujoco_description' returned '0': CMAKE_PREFIX_PATH=${CMAKE_PREFIX_PATH}:/home/eia/repo/rbi_2025_2/abb/abb_ws/install/abb_path_controller:/home/eia/repo/rbi_2025_2/abb/abb_ws/install/abb_mujoco_python:/opt/ros/humble /usr/bin/cmake --build /home/eia/repo/rbi_2025_2/abb/abb_ws/build/abb_mujoco_description -- -j12 -l12
[0.639s] Invoking command in '/home/eia/repo/rbi_2025_2/abb/abb_ws/build/abb_mujoco_description': CMAKE_PREFIX_PATH=${CMAKE_PREFIX_PATH}:/home/eia/repo/rbi_2025_2/abb/abb_ws/install/abb_path_controller:/home/eia/repo/rbi_2025_2/abb/abb_ws/install/abb_mujoco_python:/opt/ros/humble /usr/bin/cmake --install /home/eia/repo/rbi_2025_2/abb/abb_ws/build/abb_mujoco_description
[0.650s] -- Install configuration: ""
[0.651s] -- Execute custom install script
[0.653s] -- Up-to-date symlink: /home/eia/repo/rbi_2025_2/abb/abb_ws/install/abb_mujoco_description/share/abb_mujoco_description//urdf/MUJOCO_LOG.TXT
[0.653s] -- Up-to-date symlink: /home/eia/repo/rbi_2025_2/abb/abb_ws/install/abb_mujoco_description/share/abb_mujoco_description//urdf/abb_description.urdf.xacro
[0.653s] -- Up-to-date symlink: /home/eia/repo/rbi_2025_2/abb/abb_ws/install/abb_mujoco_description/share/abb_mujoco_description//urdf/common_properties.xacro
[0.654s] -- Up-to-date symlink: /home/eia/repo/rbi_2025_2/abb/abb_ws/install/abb_mujoco_description/share/abb_mujoco_description//launch/display.launch.xml
[0.654s] -- Up-to-date symlink: /home/eia/repo/rbi_2025_2/abb/abb_ws/install/abb_mujoco_description/share/ament_index/resource_index/package_run_dependencies/abb_mujoco_description
[0.654s] -- Up-to-date symlink: /home/eia/repo/rbi_2025_2/abb/abb_ws/install/abb_mujoco_description/share/ament_index/resource_index/parent_prefix_path/abb_mujoco_description
[0.654s] -- Up-to-date symlink: /home/eia/repo/rbi_2025_2/abb/abb_ws/install/abb_mujoco_description/share/abb_mujoco_description/environment/ament_prefix_path.sh
[0.655s] -- Up-to-date symlink: /home/eia/repo/rbi_2025_2/abb/abb_ws/install/abb_mujoco_description/share/abb_mujoco_description/environment/ament_prefix_path.dsv
[0.656s] -- Up-to-date symlink: /home/eia/repo/rbi_2025_2/abb/abb_ws/install/abb_mujoco_description/share/abb_mujoco_description/environment/path.sh
[0.656s] -- Up-to-date symlink: /home/eia/repo/rbi_2025_2/abb/abb_ws/install/abb_mujoco_description/share/abb_mujoco_description/environment/path.dsv
[0.656s] -- Up-to-date symlink: /home/eia/repo/rbi_2025_2/abb/abb_ws/install/abb_mujoco_description/share/abb_mujoco_description/local_setup.bash
[0.656s] -- Up-to-date symlink: /home/eia/repo/rbi_2025_2/abb/abb_ws/install/abb_mujoco_description/share/abb_mujoco_description/local_setup.sh
[0.656s] -- Up-to-date symlink: /home/eia/repo/rbi_2025_2/abb/abb_ws/install/abb_mujoco_description/share/abb_mujoco_description/local_setup.zsh
[0.657s] -- Up-to-date symlink: /home/eia/repo/rbi_2025_2/abb/abb_ws/install/abb_mujoco_description/share/abb_mujoco_description/local_setup.dsv
[0.657s] -- Symlinking: /home/eia/repo/rbi_2025_2/abb/abb_ws/install/abb_mujoco_description/share/abb_mujoco_description/package.dsv
[0.662s] -- Up-to-date symlink: /home/eia/repo/rbi_2025_2/abb/abb_ws/install/abb_mujoco_description/share/ament_index/resource_index/packages/abb_mujoco_description
[0.662s] -- Up-to-date symlink: /home/eia/repo/rbi_2025_2/abb/abb_ws/install/abb_mujoco_description/share/abb_mujoco_description/cmake/abb_mujoco_descriptionConfig.cmake
[0.662s] -- Up-to-date symlink: /home/eia/repo/rbi_2025_2/abb/abb_ws/install/abb_mujoco_description/share/abb_mujoco_description/cmake/abb_mujoco_descriptionConfig-version.cmake
[0.663s] -- Up-to-date symlink: /home/eia/repo/rbi_2025_2/abb/abb_ws/install/abb_mujoco_description/share/abb_mujoco_description/package.xml
[0.665s] Invoked command in '/home/eia/repo/rbi_2025_2/abb/abb_ws/build/abb_mujoco_description' returned '0': CMAKE_PREFIX_PATH=${CMAKE_PREFIX_PATH}:/home/eia/repo/rbi_2025_2/abb/abb_ws/install/abb_path_controller:/home/eia/repo/rbi_2025_2/abb/abb_ws/install/abb_mujoco_python:/opt/ros/humble /usr/bin/cmake --install /home/eia/repo/rbi_2025_2/abb/abb_ws/build/abb_mujoco_description
