[1.578s] Invoking command in '/abb_ws/src/abb_mujoco_python': PYTHONPATH=/abb_ws/build/abb_mujoco_python/prefix_override:/usr/lib/python3/dist-packages/colcon_core/task/python/colcon_distutils_commands:/abb_ws/install/abb_mujoco_python/lib/python3.10/site-packages:${PYTHONPATH} /usr/bin/python3 -W ignore:setup.py install is deprecated -W ignore:easy_install command is deprecated setup.py egg_info --egg-base ../../build/abb_mujoco_python build --build-base /abb_ws/build/abb_mujoco_python/build install --record /abb_ws/build/abb_mujoco_python/install.log --single-version-externally-managed install_data
[1.847s] running egg_info
[1.848s] creating ../../build/abb_mujoco_python/abb_mujoco_python.egg-info
[1.848s] writing ../../build/abb_mujoco_python/abb_mujoco_python.egg-info/PKG-INFO
[1.848s] writing dependency_links to ../../build/abb_mujoco_python/abb_mujoco_python.egg-info/dependency_links.txt
[1.849s] writing entry points to ../../build/abb_mujoco_python/abb_mujoco_python.egg-info/entry_points.txt
[1.849s] writing requirements to ../../build/abb_mujoco_python/abb_mujoco_python.egg-info/requires.txt
[1.849s] writing top-level names to ../../build/abb_mujoco_python/abb_mujoco_python.egg-info/top_level.txt
[1.849s] writing manifest file '../../build/abb_mujoco_python/abb_mujoco_python.egg-info/SOURCES.txt'
[1.851s] reading manifest file '../../build/abb_mujoco_python/abb_mujoco_python.egg-info/SOURCES.txt'
[1.851s] writing manifest file '../../build/abb_mujoco_python/abb_mujoco_python.egg-info/SOURCES.txt'
[1.851s] running build
[1.851s] running build_py
[1.852s] creating /abb_ws/build/abb_mujoco_python/build
[1.852s] creating /abb_ws/build/abb_mujoco_python/build/lib
[1.852s] creating /abb_ws/build/abb_mujoco_python/build/lib/abb_mujoco_python
[1.852s] copying abb_mujoco_python/simulation_init.py -> /abb_ws/build/abb_mujoco_python/build/lib/abb_mujoco_python
[1.852s] copying abb_mujoco_python/__init__.py -> /abb_ws/build/abb_mujoco_python/build/lib/abb_mujoco_python
[1.852s] running install
[1.852s] running install_lib
[1.853s] creating /abb_ws/install/abb_mujoco_python/lib/python3.10/site-packages/abb_mujoco_python
[1.853s] copying /abb_ws/build/abb_mujoco_python/build/lib/abb_mujoco_python/simulation_init.py -> /abb_ws/install/abb_mujoco_python/lib/python3.10/site-packages/abb_mujoco_python
[1.853s] copying /abb_ws/build/abb_mujoco_python/build/lib/abb_mujoco_python/__init__.py -> /abb_ws/install/abb_mujoco_python/lib/python3.10/site-packages/abb_mujoco_python
[1.854s] byte-compiling /abb_ws/install/abb_mujoco_python/lib/python3.10/site-packages/abb_mujoco_python/simulation_init.py to simulation_init.cpython-310.pyc
[1.855s] byte-compiling /abb_ws/install/abb_mujoco_python/lib/python3.10/site-packages/abb_mujoco_python/__init__.py to __init__.cpython-310.pyc
[1.855s] running install_data
[1.855s] creating /abb_ws/install/abb_mujoco_python/share/ament_index
[1.855s] creating /abb_ws/install/abb_mujoco_python/share/ament_index/resource_index
[1.855s] creating /abb_ws/install/abb_mujoco_python/share/ament_index/resource_index/packages
[1.855s] copying resource/abb_mujoco_python -> /abb_ws/install/abb_mujoco_python/share/ament_index/resource_index/packages
[1.855s] copying package.xml -> /abb_ws/install/abb_mujoco_python/share/abb_mujoco_python
[1.856s] creating /abb_ws/install/abb_mujoco_python/share/abb_mujoco_python/launch
[1.856s] creating /abb_ws/install/abb_mujoco_python/share/abb_mujoco_python/descriptions
[1.856s] copying descriptions/abb.xml -> /abb_ws/install/abb_mujoco_python/share/abb_mujoco_python/descriptions
[1.856s] creating /abb_ws/install/abb_mujoco_python/share/abb_mujoco_python/config
[1.856s] running install_egg_info
[1.858s] Copying ../../build/abb_mujoco_python/abb_mujoco_python.egg-info to /abb_ws/install/abb_mujoco_python/lib/python3.10/site-packages/abb_mujoco_python-0.0.0-py3.10.egg-info
[1.859s] running install_scripts
[1.881s] Installing abb_sim_mujoco script to /abb_ws/install/abb_mujoco_python/lib/abb_mujoco_python
[1.881s] writing list of installed files to '/abb_ws/build/abb_mujoco_python/install.log'
[1.914s] Invoked command in '/abb_ws/src/abb_mujoco_python' returned '0': PYTHONPATH=/abb_ws/build/abb_mujoco_python/prefix_override:/usr/lib/python3/dist-packages/colcon_core/task/python/colcon_distutils_commands:/abb_ws/install/abb_mujoco_python/lib/python3.10/site-packages:${PYTHONPATH} /usr/bin/python3 -W ignore:setup.py install is deprecated -W ignore:easy_install command is deprecated setup.py egg_info --egg-base ../../build/abb_mujoco_python build --build-base /abb_ws/build/abb_mujoco_python/build install --record /abb_ws/build/abb_mujoco_python/install.log --single-version-externally-managed install_data
