running develop
Removing /home/eia/repo/rbi_2025_2/abb/abb_ws/install/abb_path_controller/lib/python3.10/site-packages/abb-path-controller.egg-link (link to .)
running egg_info
writing ../../build/abb_path_controller/abb_path_controller.egg-info/PKG-INFO
writing dependency_links to ../../build/abb_path_controller/abb_path_controller.egg-info/dependency_links.txt
writing entry points to ../../build/abb_path_controller/abb_path_controller.egg-info/entry_points.txt
writing requirements to ../../build/abb_path_controller/abb_path_controller.egg-info/requires.txt
writing top-level names to ../../build/abb_path_controller/abb_path_controller.egg-info/top_level.txt
reading manifest file '../../build/abb_path_controller/abb_path_controller.egg-info/SOURCES.txt'
writing manifest file '../../build/abb_path_controller/abb_path_controller.egg-info/SOURCES.txt'
running build
running build_py
creating /home/eia/repo/rbi_2025_2/abb/abb_ws/build/abb_path_controller/build
creating /home/eia/repo/rbi_2025_2/abb/abb_ws/build/abb_path_controller/build/lib
creating /home/eia/repo/rbi_2025_2/abb/abb_ws/build/abb_path_controller/build/lib/abb_path_controller
copying abb_path_controller/__init__.py -> /home/eia/repo/rbi_2025_2/abb/abb_ws/build/abb_path_controller/build/lib/abb_path_controller
copying abb_path_controller/abb_path_controller.py -> /home/eia/repo/rbi_2025_2/abb/abb_ws/build/abb_path_controller/build/lib/abb_path_controller
running install
running install_lib
creating /home/eia/repo/rbi_2025_2/abb/abb_ws/install/abb_path_controller/lib/python3.10/site-packages/abb_path_controller
copying /home/eia/repo/rbi_2025_2/abb/abb_ws/build/abb_path_controller/build/lib/abb_path_controller/__init__.py -> /home/eia/repo/rbi_2025_2/abb/abb_ws/install/abb_path_controller/lib/python3.10/site-packages/abb_path_controller
copying /home/eia/repo/rbi_2025_2/abb/abb_ws/build/abb_path_controller/build/lib/abb_path_controller/abb_path_controller.py -> /home/eia/repo/rbi_2025_2/abb/abb_ws/install/abb_path_controller/lib/python3.10/site-packages/abb_path_controller
byte-compiling /home/eia/repo/rbi_2025_2/abb/abb_ws/install/abb_path_controller/lib/python3.10/site-packages/abb_path_controller/__init__.py to __init__.cpython-310.pyc
byte-compiling /home/eia/repo/rbi_2025_2/abb/abb_ws/install/abb_path_controller/lib/python3.10/site-packages/abb_path_controller/abb_path_controller.py to abb_path_controller.cpython-310.pyc
running install_data
copying resource/abb_path_controller -> /home/eia/repo/rbi_2025_2/abb/abb_ws/install/abb_path_controller/share/ament_index/resource_index/packages
copying package.xml -> /home/eia/repo/rbi_2025_2/abb/abb_ws/install/abb_path_controller/share/abb_path_controller
running install_egg_info
Copying ../../build/abb_path_controller/abb_path_controller.egg-info to /home/eia/repo/rbi_2025_2/abb/abb_ws/install/abb_path_controller/lib/python3.10/site-packages/abb_path_controller-0.0.0-py3.10.egg-info
running install_scripts
Installing abb_path_controller script to /home/eia/repo/rbi_2025_2/abb/abb_ws/install/abb_path_controller/lib/abb_path_controller
writing list of installed files to '/home/eia/repo/rbi_2025_2/abb/abb_ws/build/abb_path_controller/install.log'
