[1.847s] Invoking command in '/home/eia/repo/rbi_2025_2/abb/abb_ws/build/abb_mujoco_python': PYTHONPATH=/home/eia/repo/rbi_2025_2/abb/abb_ws/build/abb_mujoco_python/prefix_override:/home/eia/.local/lib/python3.10/site-packages/colcon_core/task/python/colcon_distutils_commands:/home/eia/repo/rbi_2025_2/abb/abb_ws/install/abb_mujoco_python/lib/python3.10/site-packages:${PYTHONPATH} /usr/bin/python3 -W ignore:setup.py install is deprecated -W ignore:easy_install command is deprecated setup.py develop --editable --build-directory /home/eia/repo/rbi_2025_2/abb/abb_ws/build/abb_mujoco_python/build --no-deps symlink_data
[2.356s] running develop
[2.730s] running egg_info
[2.730s] creating abb_mujoco_python.egg-info
[2.757s] writing abb_mujoco_python.egg-info/PKG-INFO
[2.757s] writing dependency_links to abb_mujoco_python.egg-info/dependency_links.txt
[2.758s] writing entry points to abb_mujoco_python.egg-info/entry_points.txt
[2.758s] writing requirements to abb_mujoco_python.egg-info/requires.txt
[2.758s] writing top-level names to abb_mujoco_python.egg-info/top_level.txt
[2.758s] writing manifest file 'abb_mujoco_python.egg-info/SOURCES.txt'
[2.815s] reading manifest file 'abb_mujoco_python.egg-info/SOURCES.txt'
[2.816s] writing manifest file 'abb_mujoco_python.egg-info/SOURCES.txt'
[2.856s] running build_ext
[2.856s] Creating /home/eia/repo/rbi_2025_2/abb/abb_ws/install/abb_mujoco_python/lib/python3.10/site-packages/abb-mujoco-python.egg-link (link to .)
[2.857s] Installing abb_sim_mujoco script to /home/eia/repo/rbi_2025_2/abb/abb_ws/install/abb_mujoco_python/lib/abb_mujoco_python
[2.857s] 
[2.857s] Installed /home/eia/repo/rbi_2025_2/abb/abb_ws/build/abb_mujoco_python
[2.857s] running symlink_data
[2.858s] creating /home/eia/repo/rbi_2025_2/abb/abb_ws/install/abb_mujoco_python/share/ament_index
[2.858s] creating /home/eia/repo/rbi_2025_2/abb/abb_ws/install/abb_mujoco_python/share/ament_index/resource_index
[2.858s] creating /home/eia/repo/rbi_2025_2/abb/abb_ws/install/abb_mujoco_python/share/ament_index/resource_index/packages
[2.858s] symbolically linking /home/eia/repo/rbi_2025_2/abb/abb_ws/build/abb_mujoco_python/resource/abb_mujoco_python -> /home/eia/repo/rbi_2025_2/abb/abb_ws/install/abb_mujoco_python/share/ament_index/resource_index/packages
[2.858s] symbolically linking /home/eia/repo/rbi_2025_2/abb/abb_ws/build/abb_mujoco_python/package.xml -> /home/eia/repo/rbi_2025_2/abb/abb_ws/install/abb_mujoco_python/share/abb_mujoco_python
[2.858s] creating /home/eia/repo/rbi_2025_2/abb/abb_ws/install/abb_mujoco_python/share/abb_mujoco_python/launch
[2.859s] creating /home/eia/repo/rbi_2025_2/abb/abb_ws/install/abb_mujoco_python/share/abb_mujoco_python/descriptions
[2.859s] symbolically linking /home/eia/repo/rbi_2025_2/abb/abb_ws/build/abb_mujoco_python/descriptions/abb.xml -> /home/eia/repo/rbi_2025_2/abb/abb_ws/install/abb_mujoco_python/share/abb_mujoco_python/descriptions
[2.859s] creating /home/eia/repo/rbi_2025_2/abb/abb_ws/install/abb_mujoco_python/share/abb_mujoco_python/config
[2.908s] Invoked command in '/home/eia/repo/rbi_2025_2/abb/abb_ws/build/abb_mujoco_python' returned '0': PYTHONPATH=/home/eia/repo/rbi_2025_2/abb/abb_ws/build/abb_mujoco_python/prefix_override:/home/eia/.local/lib/python3.10/site-packages/colcon_core/task/python/colcon_distutils_commands:/home/eia/repo/rbi_2025_2/abb/abb_ws/install/abb_mujoco_python/lib/python3.10/site-packages:${PYTHONPATH} /usr/bin/python3 -W ignore:setup.py install is deprecated -W ignore:easy_install command is deprecated setup.py develop --editable --build-directory /home/eia/repo/rbi_2025_2/abb/abb_ws/build/abb_mujoco_python/build --no-deps symlink_data
