[0.031s] Invoking command in '/home/eia/repo/rbi_2025_2/abb/abb_ws/build/abb_mujoco_description': CMAKE_PREFIX_PATH=${CMAKE_PREFIX_PATH}:/home/eia/repo/rbi_2025_2/abb/abb_ws/install/abb_path_controller:/home/eia/repo/rbi_2025_2/abb/abb_ws/install/abb_mujoco_python:/opt/ros/humble /usr/bin/cmake /home/eia/repo/rbi_2025_2/abb/abb_ws/src/abb_mujoco_description -DCMAKE_INSTALL_PREFIX=/home/eia/repo/rbi_2025_2/abb/abb_ws/install/abb_mujoco_description
[0.557s] -- Found ament_cmake: 1.3.12 (/opt/ros/humble/share/ament_cmake/cmake)
[0.558s] -- Override CMake install command with custom implementation using symlinks instead of copying resources
[0.560s] -- Configuring done
[0.560s] -- Generating done
[0.560s] -- Build files have been written to: /home/eia/repo/rbi_2025_2/abb/abb_ws/build/abb_mujoco_description
[0.566s] Invoked command in '/home/eia/repo/rbi_2025_2/abb/abb_ws/build/abb_mujoco_description' returned '0': CMAKE_PREFIX_PATH=${CMAKE_PREFIX_PATH}:/home/eia/repo/rbi_2025_2/abb/abb_ws/install/abb_path_controller:/home/eia/repo/rbi_2025_2/abb/abb_ws/install/abb_mujoco_python:/opt/ros/humble /usr/bin/cmake /home/eia/repo/rbi_2025_2/abb/abb_ws/src/abb_mujoco_description -DCMAKE_INSTALL_PREFIX=/home/eia/repo/rbi_2025_2/abb/abb_ws/install/abb_mujoco_description
[0.566s] Invoking command in '/home/eia/repo/rbi_2025_2/abb/abb_ws/build/abb_mujoco_description': CMAKE_PREFIX_PATH=${CMAKE_PREFIX_PATH}:/home/eia/repo/rbi_2025_2/abb/abb_ws/install/abb_path_controller:/home/eia/repo/rbi_2025_2/abb/abb_ws/install/abb_mujoco_python:/opt/ros/humble /usr/bin/cmake --build /home/eia/repo/rbi_2025_2/abb/abb_ws/build/abb_mujoco_description -- -j12 -l12
[0.602s] Invoked command in '/home/eia/repo/rbi_2025_2/abb/abb_ws/build/abb_mujoco_description' returned '0': CMAKE_PREFIX_PATH=${CMAKE_PREFIX_PATH}:/home/eia/repo/rbi_2025_2/abb/abb_ws/install/abb_path_controller:/home/eia/repo/rbi_2025_2/abb/abb_ws/install/abb_mujoco_python:/opt/ros/humble /usr/bin/cmake --build /home/eia/repo/rbi_2025_2/abb/abb_ws/build/abb_mujoco_description -- -j12 -l12
[0.607s] Invoking command in '/home/eia/repo/rbi_2025_2/abb/abb_ws/build/abb_mujoco_description': CMAKE_PREFIX_PATH=${CMAKE_PREFIX_PATH}:/home/eia/repo/rbi_2025_2/abb/abb_ws/install/abb_path_controller:/home/eia/repo/rbi_2025_2/abb/abb_ws/install/abb_mujoco_python:/opt/ros/humble /usr/bin/cmake --install /home/eia/repo/rbi_2025_2/abb/abb_ws/build/abb_mujoco_description
[0.613s] -- Install configuration: ""
[0.617s] -- Execute custom install script
[0.617s] -- Up-to-date symlink: /home/eia/repo/rbi_2025_2/abb/abb_ws/install/abb_mujoco_description/share/abb_mujoco_description//urdf/MUJOCO_LOG.TXT
[0.617s] -- Up-to-date symlink: /home/eia/repo/rbi_2025_2/abb/abb_ws/install/abb_mujoco_description/share/abb_mujoco_description//urdf/abb_description.urdf.xacro
[0.617s] -- Up-to-date symlink: /home/eia/repo/rbi_2025_2/abb/abb_ws/install/abb_mujoco_description/share/abb_mujoco_description//urdf/common_properties.xacro
[0.617s] -- Up-to-date symlink: /home/eia/repo/rbi_2025_2/abb/abb_ws/install/abb_mujoco_description/share/abb_mujoco_description//launch/display.launch.xml
[0.617s] -- Up-to-date symlink: /home/eia/repo/rbi_2025_2/abb/abb_ws/install/abb_mujoco_description/share/ament_index/resource_index/package_run_dependencies/abb_mujoco_description
[0.617s] -- Up-to-date symlink: /home/eia/repo/rbi_2025_2/abb/abb_ws/install/abb_mujoco_description/share/ament_index/resource_index/parent_prefix_path/abb_mujoco_description
[0.617s] -- Up-to-date symlink: /home/eia/repo/rbi_2025_2/abb/abb_ws/install/abb_mujoco_description/share/abb_mujoco_description/environment/ament_prefix_path.sh
[0.618s] -- Up-to-date symlink: /home/eia/repo/rbi_2025_2/abb/abb_ws/install/abb_mujoco_description/share/abb_mujoco_description/environment/ament_prefix_path.dsv
[0.619s] -- Up-to-date symlink: /home/eia/repo/rbi_2025_2/abb/abb_ws/install/abb_mujoco_description/share/abb_mujoco_description/environment/path.sh
[0.619s] -- Up-to-date symlink: /home/eia/repo/rbi_2025_2/abb/abb_ws/install/abb_mujoco_description/share/abb_mujoco_description/environment/path.dsv
[0.619s] -- Up-to-date symlink: /home/eia/repo/rbi_2025_2/abb/abb_ws/install/abb_mujoco_description/share/abb_mujoco_description/local_setup.bash
[0.620s] -- Up-to-date symlink: /home/eia/repo/rbi_2025_2/abb/abb_ws/install/abb_mujoco_description/share/abb_mujoco_description/local_setup.sh
[0.620s] -- Up-to-date symlink: /home/eia/repo/rbi_2025_2/abb/abb_ws/install/abb_mujoco_description/share/abb_mujoco_description/local_setup.zsh
[0.620s] -- Up-to-date symlink: /home/eia/repo/rbi_2025_2/abb/abb_ws/install/abb_mujoco_description/share/abb_mujoco_description/local_setup.dsv
[0.620s] -- Symlinking: /home/eia/repo/rbi_2025_2/abb/abb_ws/install/abb_mujoco_description/share/abb_mujoco_description/package.dsv
[0.631s] -- Up-to-date symlink: /home/eia/repo/rbi_2025_2/abb/abb_ws/install/abb_mujoco_description/share/ament_index/resource_index/packages/abb_mujoco_description
[0.632s] -- Up-to-date symlink: /home/eia/repo/rbi_2025_2/abb/abb_ws/install/abb_mujoco_description/share/abb_mujoco_description/cmake/abb_mujoco_descriptionConfig.cmake
[0.632s] -- Up-to-date symlink: /home/eia/repo/rbi_2025_2/abb/abb_ws/install/abb_mujoco_description/share/abb_mujoco_description/cmake/abb_mujoco_descriptionConfig-version.cmake
[0.633s] -- Up-to-date symlink: /home/eia/repo/rbi_2025_2/abb/abb_ws/install/abb_mujoco_description/share/abb_mujoco_description/package.xml
[0.683s] Invoked command in '/home/eia/repo/rbi_2025_2/abb/abb_ws/build/abb_mujoco_description' returned '0': CMAKE_PREFIX_PATH=${CMAKE_PREFIX_PATH}:/home/eia/repo/rbi_2025_2/abb/abb_ws/install/abb_path_controller:/home/eia/repo/rbi_2025_2/abb/abb_ws/install/abb_mujoco_python:/opt/ros/humble /usr/bin/cmake --install /home/eia/repo/rbi_2025_2/abb/abb_ws/build/abb_mujoco_description
