[0.023s] Invoking command in '/home/eia/repo/rbi_2025_2/rov/rov_ws/build/rov_mujoco_bringup': CMAKE_PREFIX_PATH=${CMAKE_PREFIX_PATH}:/home/eia/repo/rbi_2025_2/scara/scara_ws/install/scara_mujoco:/opt/ros/humble /usr/bin/cmake --build /home/eia/repo/rbi_2025_2/rov/rov_ws/build/rov_mujoco_bringup -- -j12 -l12
[0.062s] Invoked command in '/home/eia/repo/rbi_2025_2/rov/rov_ws/build/rov_mujoco_bringup' returned '0': CMAKE_PREFIX_PATH=${CMAKE_PREFIX_PATH}:/home/eia/repo/rbi_2025_2/scara/scara_ws/install/scara_mujoco:/opt/ros/humble /usr/bin/cmake --build /home/eia/repo/rbi_2025_2/rov/rov_ws/build/rov_mujoco_bringup -- -j12 -l12
[0.064s] Invoking command in '/home/eia/repo/rbi_2025_2/rov/rov_ws/build/rov_mujoco_bringup': CMAKE_PREFIX_PATH=${CMAKE_PREFIX_PATH}:/home/eia/repo/rbi_2025_2/scara/scara_ws/install/scara_mujoco:/opt/ros/humble /usr/bin/cmake --install /home/eia/repo/rbi_2025_2/rov/rov_ws/build/rov_mujoco_bringup
[0.068s] -- Install configuration: ""
[0.068s] -- Up-to-date: /home/eia/repo/rbi_2025_2/rov/rov_ws/install/rov_mujoco_bringup/share/rov_mujoco_bringup//config
[0.069s] -- Up-to-date: /home/eia/repo/rbi_2025_2/rov/rov_ws/install/rov_mujoco_bringup/share/rov_mujoco_bringup//config/rov_controllers.yaml
[0.069s] -- Up-to-date: /home/eia/repo/rbi_2025_2/rov/rov_ws/install/rov_mujoco_bringup/share/rov_mujoco_bringup//launch
[0.069s] -- Up-to-date: /home/eia/repo/rbi_2025_2/rov/rov_ws/install/rov_mujoco_bringup/share/rov_mujoco_bringup//launch/rov_bringup_launch.launch.xml
[0.069s] -- Up-to-date: /home/eia/repo/rbi_2025_2/rov/rov_ws/install/rov_mujoco_bringup/share/ament_index/resource_index/package_run_dependencies/rov_mujoco_bringup
[0.069s] -- Up-to-date: /home/eia/repo/rbi_2025_2/rov/rov_ws/install/rov_mujoco_bringup/share/ament_index/resource_index/parent_prefix_path/rov_mujoco_bringup
[0.070s] -- Up-to-date: /home/eia/repo/rbi_2025_2/rov/rov_ws/install/rov_mujoco_bringup/share/rov_mujoco_bringup/environment/ament_prefix_path.sh
[0.070s] -- Up-to-date: /home/eia/repo/rbi_2025_2/rov/rov_ws/install/rov_mujoco_bringup/share/rov_mujoco_bringup/environment/ament_prefix_path.dsv
[0.070s] -- Up-to-date: /home/eia/repo/rbi_2025_2/rov/rov_ws/install/rov_mujoco_bringup/share/rov_mujoco_bringup/environment/path.sh
[0.070s] -- Up-to-date: /home/eia/repo/rbi_2025_2/rov/rov_ws/install/rov_mujoco_bringup/share/rov_mujoco_bringup/environment/path.dsv
[0.070s] -- Up-to-date: /home/eia/repo/rbi_2025_2/rov/rov_ws/install/rov_mujoco_bringup/share/rov_mujoco_bringup/local_setup.bash
[0.070s] -- Up-to-date: /home/eia/repo/rbi_2025_2/rov/rov_ws/install/rov_mujoco_bringup/share/rov_mujoco_bringup/local_setup.sh
[0.071s] -- Up-to-date: /home/eia/repo/rbi_2025_2/rov/rov_ws/install/rov_mujoco_bringup/share/rov_mujoco_bringup/local_setup.zsh
[0.071s] -- Up-to-date: /home/eia/repo/rbi_2025_2/rov/rov_ws/install/rov_mujoco_bringup/share/rov_mujoco_bringup/local_setup.dsv
[0.071s] -- Installing: /home/eia/repo/rbi_2025_2/rov/rov_ws/install/rov_mujoco_bringup/share/rov_mujoco_bringup/package.dsv
[0.072s] -- Up-to-date: /home/eia/repo/rbi_2025_2/rov/rov_ws/install/rov_mujoco_bringup/share/ament_index/resource_index/packages/rov_mujoco_bringup
[0.072s] -- Up-to-date: /home/eia/repo/rbi_2025_2/rov/rov_ws/install/rov_mujoco_bringup/share/rov_mujoco_bringup/cmake/rov_mujoco_bringupConfig.cmake
[0.072s] -- Up-to-date: /home/eia/repo/rbi_2025_2/rov/rov_ws/install/rov_mujoco_bringup/share/rov_mujoco_bringup/cmake/rov_mujoco_bringupConfig-version.cmake
[0.072s] -- Up-to-date: /home/eia/repo/rbi_2025_2/rov/rov_ws/install/rov_mujoco_bringup/share/rov_mujoco_bringup/package.xml
[0.090s] Invoked command in '/home/eia/repo/rbi_2025_2/rov/rov_ws/build/rov_mujoco_bringup' returned '0': CMAKE_PREFIX_PATH=${CMAKE_PREFIX_PATH}:/home/eia/repo/rbi_2025_2/scara/scara_ws/install/scara_mujoco:/opt/ros/humble /usr/bin/cmake --install /home/eia/repo/rbi_2025_2/rov/rov_ws/build/rov_mujoco_bringup
