running egg_info
creating ../../build/rov_position_controller/rov_position_controller.egg-info
writing ../../build/rov_position_controller/rov_position_controller.egg-info/PKG-INFO
writing dependency_links to ../../build/rov_position_controller/rov_position_controller.egg-info/dependency_links.txt
writing entry points to ../../build/rov_position_controller/rov_position_controller.egg-info/entry_points.txt
writing requirements to ../../build/rov_position_controller/rov_position_controller.egg-info/requires.txt
writing top-level names to ../../build/rov_position_controller/rov_position_controller.egg-info/top_level.txt
writing manifest file '../../build/rov_position_controller/rov_position_controller.egg-info/SOURCES.txt'
reading manifest file '../../build/rov_position_controller/rov_position_controller.egg-info/SOURCES.txt'
writing manifest file '../../build/rov_position_controller/rov_position_controller.egg-info/SOURCES.txt'
running build
running build_py
creating /rov_ws/build/rov_position_controller/build
creating /rov_ws/build/rov_position_controller/build/lib
creating /rov_ws/build/rov_position_controller/build/lib/rov_position_controller
copying rov_position_controller/rov_position_controller.py -> /rov_ws/build/rov_position_controller/build/lib/rov_position_controller
copying rov_position_controller/__init__.py -> /rov_ws/build/rov_position_controller/build/lib/rov_position_controller
running install
running install_lib
creating /rov_ws/install/rov_position_controller/lib/python3.10/site-packages/rov_position_controller
copying /rov_ws/build/rov_position_controller/build/lib/rov_position_controller/rov_position_controller.py -> /rov_ws/install/rov_position_controller/lib/python3.10/site-packages/rov_position_controller
copying /rov_ws/build/rov_position_controller/build/lib/rov_position_controller/__init__.py -> /rov_ws/install/rov_position_controller/lib/python3.10/site-packages/rov_position_controller
byte-compiling /rov_ws/install/rov_position_controller/lib/python3.10/site-packages/rov_position_controller/rov_position_controller.py to rov_position_controller.cpython-310.pyc
byte-compiling /rov_ws/install/rov_position_controller/lib/python3.10/site-packages/rov_position_controller/__init__.py to __init__.cpython-310.pyc
running install_data
creating /rov_ws/install/rov_position_controller/share/ament_index
creating /rov_ws/install/rov_position_controller/share/ament_index/resource_index
creating /rov_ws/install/rov_position_controller/share/ament_index/resource_index/packages
copying resource/rov_position_controller -> /rov_ws/install/rov_position_controller/share/ament_index/resource_index/packages
copying package.xml -> /rov_ws/install/rov_position_controller/share/rov_position_controller
creating /rov_ws/install/rov_position_controller/share/rov_position_controller/launch
creating /rov_ws/install/rov_position_controller/share/rov_position_controller/descriptions
creating /rov_ws/install/rov_position_controller/share/rov_position_controller/config
running install_egg_info
Copying ../../build/rov_position_controller/rov_position_controller.egg-info to /rov_ws/install/rov_position_controller/lib/python3.10/site-packages/rov_position_controller-0.0.0-py3.10.egg-info
running install_scripts
Installing rov_position_controller script to /rov_ws/install/rov_position_controller/lib/rov_position_controller
writing list of installed files to '/rov_ws/build/rov_position_controller/install.log'
