[2.284s] Invoking command in '/rov_ws/src/rov_position_controller': PYTHONPATH=/rov_ws/build/rov_position_controller/prefix_override:/usr/lib/python3/dist-packages/colcon_core/task/python/colcon_distutils_commands:/rov_ws/install/rov_position_controller/lib/python3.10/site-packages:${PYTHONPATH} /usr/bin/python3 -W ignore:setup.py install is deprecated -W ignore:easy_install command is deprecated setup.py egg_info --egg-base ../../build/rov_position_controller build --build-base /rov_ws/build/rov_position_controller/build install --record /rov_ws/build/rov_position_controller/install.log --single-version-externally-managed install_data
[2.734s] running egg_info
[2.735s] creating ../../build/rov_position_controller/rov_position_controller.egg-info
[2.735s] writing ../../build/rov_position_controller/rov_position_controller.egg-info/PKG-INFO
[2.736s] writing dependency_links to ../../build/rov_position_controller/rov_position_controller.egg-info/dependency_links.txt
[2.736s] writing entry points to ../../build/rov_position_controller/rov_position_controller.egg-info/entry_points.txt
[2.736s] writing requirements to ../../build/rov_position_controller/rov_position_controller.egg-info/requires.txt
[2.737s] writing top-level names to ../../build/rov_position_controller/rov_position_controller.egg-info/top_level.txt
[2.737s] writing manifest file '../../build/rov_position_controller/rov_position_controller.egg-info/SOURCES.txt'
[2.740s] reading manifest file '../../build/rov_position_controller/rov_position_controller.egg-info/SOURCES.txt'
[2.742s] writing manifest file '../../build/rov_position_controller/rov_position_controller.egg-info/SOURCES.txt'
[2.742s] running build
[2.742s] running build_py
[2.742s] creating /rov_ws/build/rov_position_controller/build
[2.742s] creating /rov_ws/build/rov_position_controller/build/lib
[2.742s] creating /rov_ws/build/rov_position_controller/build/lib/rov_position_controller
[2.743s] copying rov_position_controller/rov_position_controller.py -> /rov_ws/build/rov_position_controller/build/lib/rov_position_controller
[2.743s] copying rov_position_controller/__init__.py -> /rov_ws/build/rov_position_controller/build/lib/rov_position_controller
[2.743s] running install
[2.743s] running install_lib
[2.746s] creating /rov_ws/install/rov_position_controller/lib/python3.10/site-packages/rov_position_controller
[2.746s] copying /rov_ws/build/rov_position_controller/build/lib/rov_position_controller/rov_position_controller.py -> /rov_ws/install/rov_position_controller/lib/python3.10/site-packages/rov_position_controller
[2.746s] copying /rov_ws/build/rov_position_controller/build/lib/rov_position_controller/__init__.py -> /rov_ws/install/rov_position_controller/lib/python3.10/site-packages/rov_position_controller
[2.747s] byte-compiling /rov_ws/install/rov_position_controller/lib/python3.10/site-packages/rov_position_controller/rov_position_controller.py to rov_position_controller.cpython-310.pyc
[2.749s] byte-compiling /rov_ws/install/rov_position_controller/lib/python3.10/site-packages/rov_position_controller/__init__.py to __init__.cpython-310.pyc
[2.749s] running install_data
[2.749s] creating /rov_ws/install/rov_position_controller/share/ament_index
[2.749s] creating /rov_ws/install/rov_position_controller/share/ament_index/resource_index
[2.750s] creating /rov_ws/install/rov_position_controller/share/ament_index/resource_index/packages
[2.750s] copying resource/rov_position_controller -> /rov_ws/install/rov_position_controller/share/ament_index/resource_index/packages
[2.750s] copying package.xml -> /rov_ws/install/rov_position_controller/share/rov_position_controller
[2.750s] creating /rov_ws/install/rov_position_controller/share/rov_position_controller/launch
[2.750s] creating /rov_ws/install/rov_position_controller/share/rov_position_controller/descriptions
[2.751s] creating /rov_ws/install/rov_position_controller/share/rov_position_controller/config
[2.751s] running install_egg_info
[2.753s] Copying ../../build/rov_position_controller/rov_position_controller.egg-info to /rov_ws/install/rov_position_controller/lib/python3.10/site-packages/rov_position_controller-0.0.0-py3.10.egg-info
[2.755s] running install_scripts
[2.781s] Installing rov_position_controller script to /rov_ws/install/rov_position_controller/lib/rov_position_controller
[2.782s] writing list of installed files to '/rov_ws/build/rov_position_controller/install.log'
[2.849s] Invoked command in '/rov_ws/src/rov_position_controller' returned '0': PYTHONPATH=/rov_ws/build/rov_position_controller/prefix_override:/usr/lib/python3/dist-packages/colcon_core/task/python/colcon_distutils_commands:/rov_ws/install/rov_position_controller/lib/python3.10/site-packages:${PYTHONPATH} /usr/bin/python3 -W ignore:setup.py install is deprecated -W ignore:easy_install command is deprecated setup.py egg_info --egg-base ../../build/rov_position_controller build --build-base /rov_ws/build/rov_position_controller/build install --record /rov_ws/build/rov_position_controller/install.log --single-version-externally-managed install_data
