[0.065s] Invoking command in '/scara_ws/build/scara_hardware_interface': CMAKE_PREFIX_PATH=${CMAKE_PREFIX_PATH}:/scara_ws/install/scara_mujoco:/scara_ws/install/scara_ik_solver:/opt/ros/humble /usr/bin/cmake --build /scara_ws/build/scara_hardware_interface -- -j12 -l12
[0.534s] Invoked command in '/scara_ws/build/scara_hardware_interface' returned '0': CMAKE_PREFIX_PATH=${CMAKE_PREFIX_PATH}:/scara_ws/install/scara_mujoco:/scara_ws/install/scara_ik_solver:/opt/ros/humble /usr/bin/cmake --build /scara_ws/build/scara_hardware_interface -- -j12 -l12
[0.541s] Invoking command in '/scara_ws/build/scara_hardware_interface': CMAKE_PREFIX_PATH=${CMAKE_PREFIX_PATH}:/scara_ws/install/scara_mujoco:/scara_ws/install/scara_ik_solver:/opt/ros/humble /usr/bin/cmake --install /scara_ws/build/scara_hardware_interface
[0.546s] -- Install configuration: ""
[0.547s] -- Up-to-date: /scara_ws/install/scara_hardware_interface/share/ament_index/resource_index/package_run_dependencies/scara_hardware_interface
[0.549s] -- Up-to-date: /scara_ws/install/scara_hardware_interface/share/ament_index/resource_index/parent_prefix_path/scara_hardware_interface
[0.549s] -- Up-to-date: /scara_ws/install/scara_hardware_interface/share/scara_hardware_interface/environment/ament_prefix_path.sh
[0.550s] -- Up-to-date: /scara_ws/install/scara_hardware_interface/share/scara_hardware_interface/environment/ament_prefix_path.dsv
[0.550s] -- Up-to-date: /scara_ws/install/scara_hardware_interface/share/scara_hardware_interface/environment/path.sh
[0.550s] -- Up-to-date: /scara_ws/install/scara_hardware_interface/share/scara_hardware_interface/environment/path.dsv
[0.550s] -- Up-to-date: /scara_ws/install/scara_hardware_interface/share/scara_hardware_interface/local_setup.bash
[0.550s] -- Up-to-date: /scara_ws/install/scara_hardware_interface/share/scara_hardware_interface/local_setup.sh
[0.552s] -- Up-to-date: /scara_ws/install/scara_hardware_interface/share/scara_hardware_interface/local_setup.zsh
[0.552s] -- Up-to-date: /scara_ws/install/scara_hardware_interface/share/scara_hardware_interface/local_setup.dsv
[0.552s] -- Installing: /scara_ws/install/scara_hardware_interface/share/scara_hardware_interface/package.dsv
[0.552s] -- Up-to-date: /scara_ws/install/scara_hardware_interface/share/ament_index/resource_index/packages/scara_hardware_interface
[0.552s] -- Up-to-date: /scara_ws/install/scara_hardware_interface/share/scara_hardware_interface/cmake/scara_hardware_interfaceConfig.cmake
[0.553s] -- Up-to-date: /scara_ws/install/scara_hardware_interface/share/scara_hardware_interface/cmake/scara_hardware_interfaceConfig-version.cmake
[0.553s] -- Up-to-date: /scara_ws/install/scara_hardware_interface/share/scara_hardware_interface/package.xml
[0.583s] Invoked command in '/scara_ws/build/scara_hardware_interface' returned '0': CMAKE_PREFIX_PATH=${CMAKE_PREFIX_PATH}:/scara_ws/install/scara_mujoco:/scara_ws/install/scara_ik_solver:/opt/ros/humble /usr/bin/cmake --install /scara_ws/build/scara_hardware_interface
