[0.039s] Invoking command in '/home/eia/repo/rbi_2025_2/abb/abb_ws/build/abb_gz_hardware': CMAKE_PREFIX_PATH=/opt/ros/humble /usr/bin/cmake /home/eia/repo/rbi_2025_2/abb/abb_ws/src/abb_gz_hardware -DAMENT_CMAKE_SYMLINK_INSTALL=1 -DCMAKE_INSTALL_PREFIX=/home/eia/repo/rbi_2025_2/abb/abb_ws/install/abb_gz_hardware
[0.887s] -- The C compiler identification is GNU 11.4.0
[0.887s] -- The CXX compiler identification is GNU 11.4.0
[0.887s] -- Detecting C compiler ABI info
[0.887s] -- Detecting C compiler ABI info - done
[0.887s] -- Check for working C compiler: /usr/bin/cc - skipped
[0.887s] -- Detecting C compile features
[0.887s] -- Detecting C compile features - done
[0.888s] -- Detecting CXX compiler ABI info
[0.888s] -- Detecting CXX compiler ABI info - done
[0.888s] -- Check for working CXX compiler: /usr/bin/c++ - skipped
[0.888s] -- Detecting CXX compile features
[0.888s] -- Detecting CXX compile features - done
[0.888s] -- Found ament_cmake: 1.3.12 (/opt/ros/humble/share/ament_cmake/cmake)
[1.268s] -- Found Python3: /usr/bin/python3 (found version "3.10.12") found components: Interpreter 
[1.381s] -- Override CMake install command with custom implementation using symlinks instead of copying resources
[1.441s] -- Found ament_lint_auto: 0.12.14 (/opt/ros/humble/share/ament_lint_auto/cmake)
[1.666s] -- Added test 'lint_cmake' to check CMake code style
[1.667s] -- Added test 'xmllint' to check XML markup files
[1.669s] -- Configuring done
[1.672s] -- Generating done
[1.676s] -- Build files have been written to: /home/eia/repo/rbi_2025_2/abb/abb_ws/build/abb_gz_hardware
