[0.249s] Invoking command in '/home/eia/repo/rbi_2025_2/scara/scara_ws/build/scara_mujoco_description': CMAKE_PREFIX_PATH=${CMAKE_PREFIX_PATH}:/home/eia/repo/rbi_2025_2/scara/scara_ws/install/scara_mujoco:/opt/ros/humble /usr/bin/cmake --build /home/eia/repo/rbi_2025_2/scara/scara_ws/build/scara_mujoco_description -- -j12 -l12
[0.307s] Invoked command in '/home/eia/repo/rbi_2025_2/scara/scara_ws/build/scara_mujoco_description' returned '0': CMAKE_PREFIX_PATH=${CMAKE_PREFIX_PATH}:/home/eia/repo/rbi_2025_2/scara/scara_ws/install/scara_mujoco:/opt/ros/humble /usr/bin/cmake --build /home/eia/repo/rbi_2025_2/scara/scara_ws/build/scara_mujoco_description -- -j12 -l12
[0.310s] Invoking command in '/home/eia/repo/rbi_2025_2/scara/scara_ws/build/scara_mujoco_description': CMAKE_PREFIX_PATH=${CMAKE_PREFIX_PATH}:/home/eia/repo/rbi_2025_2/scara/scara_ws/install/scara_mujoco:/opt/ros/humble /usr/bin/cmake --install /home/eia/repo/rbi_2025_2/scara/scara_ws/build/scara_mujoco_description
[0.322s] -- Install configuration: ""
[0.323s] -- Up-to-date: /home/eia/repo/rbi_2025_2/scara/scara_ws/install/scara_mujoco_description/share/scara_mujoco_description//urdf
[0.323s] -- Up-to-date: /home/eia/repo/rbi_2025_2/scara/scara_ws/install/scara_mujoco_description/share/scara_mujoco_description//urdf/common_properties.xacro
[0.324s] -- Up-to-date: /home/eia/repo/rbi_2025_2/scara/scara_ws/install/scara_mujoco_description/share/scara_mujoco_description//urdf/rov_description.urdf.xacro
[0.324s] -- Up-to-date: /home/eia/repo/rbi_2025_2/scara/scara_ws/install/scara_mujoco_description/share/scara_mujoco_description//launch
[0.325s] -- Up-to-date: /home/eia/repo/rbi_2025_2/scara/scara_ws/install/scara_mujoco_description/share/scara_mujoco_description//launch/display.launch.xml
[0.325s] -- Up-to-date: /home/eia/repo/rbi_2025_2/scara/scara_ws/install/scara_mujoco_description/share/scara_mujoco_description//rviz
[0.325s] -- Up-to-date: /home/eia/repo/rbi_2025_2/scara/scara_ws/install/scara_mujoco_description/share/ament_index/resource_index/package_run_dependencies/scara_mujoco_description
[0.326s] -- Up-to-date: /home/eia/repo/rbi_2025_2/scara/scara_ws/install/scara_mujoco_description/share/ament_index/resource_index/parent_prefix_path/scara_mujoco_description
[0.326s] -- Up-to-date: /home/eia/repo/rbi_2025_2/scara/scara_ws/install/scara_mujoco_description/share/scara_mujoco_description/environment/ament_prefix_path.sh
[0.327s] -- Up-to-date: /home/eia/repo/rbi_2025_2/scara/scara_ws/install/scara_mujoco_description/share/scara_mujoco_description/environment/ament_prefix_path.dsv
[0.327s] -- Up-to-date: /home/eia/repo/rbi_2025_2/scara/scara_ws/install/scara_mujoco_description/share/scara_mujoco_description/environment/path.sh
[0.327s] -- Up-to-date: /home/eia/repo/rbi_2025_2/scara/scara_ws/install/scara_mujoco_description/share/scara_mujoco_description/environment/path.dsv
[0.328s] -- Up-to-date: /home/eia/repo/rbi_2025_2/scara/scara_ws/install/scara_mujoco_description/share/scara_mujoco_description/local_setup.bash
[0.329s] -- Up-to-date: /home/eia/repo/rbi_2025_2/scara/scara_ws/install/scara_mujoco_description/share/scara_mujoco_description/local_setup.sh
[0.329s] -- Up-to-date: /home/eia/repo/rbi_2025_2/scara/scara_ws/install/scara_mujoco_description/share/scara_mujoco_description/local_setup.zsh
[0.329s] -- Up-to-date: /home/eia/repo/rbi_2025_2/scara/scara_ws/install/scara_mujoco_description/share/scara_mujoco_description/local_setup.dsv
[0.329s] -- Up-to-date: /home/eia/repo/rbi_2025_2/scara/scara_ws/install/scara_mujoco_description/share/scara_mujoco_description/package.dsv
[0.329s] -- Up-to-date: /home/eia/repo/rbi_2025_2/scara/scara_ws/install/scara_mujoco_description/share/ament_index/resource_index/packages/scara_mujoco_description
[0.330s] -- Up-to-date: /home/eia/repo/rbi_2025_2/scara/scara_ws/install/scara_mujoco_description/share/scara_mujoco_description/cmake/scara_mujoco_descriptionConfig.cmake
[0.330s] -- Up-to-date: /home/eia/repo/rbi_2025_2/scara/scara_ws/install/scara_mujoco_description/share/scara_mujoco_description/cmake/scara_mujoco_descriptionConfig-version.cmake
[0.330s] -- Up-to-date: /home/eia/repo/rbi_2025_2/scara/scara_ws/install/scara_mujoco_description/share/scara_mujoco_description/package.xml
[0.350s] Invoked command in '/home/eia/repo/rbi_2025_2/scara/scara_ws/build/scara_mujoco_description' returned '0': CMAKE_PREFIX_PATH=${CMAKE_PREFIX_PATH}:/home/eia/repo/rbi_2025_2/scara/scara_ws/install/scara_mujoco:/opt/ros/humble /usr/bin/cmake --install /home/eia/repo/rbi_2025_2/scara/scara_ws/build/scara_mujoco_description
