-- Install configuration: ""
-- Up-to-date: /home/eia/repo/rbi_2025_2/abb/abb_ws/install/abb_mujoco_bringup/share/abb_mujoco_bringup//config
-- Up-to-date: /home/eia/repo/rbi_2025_2/abb/abb_ws/install/abb_mujoco_bringup/share/abb_mujoco_bringup//config/abb_controllers.yaml
-- Up-to-date: /home/eia/repo/rbi_2025_2/abb/abb_ws/install/abb_mujoco_bringup/share/abb_mujoco_bringup//launch
-- Up-to-date: /home/eia/repo/rbi_2025_2/abb/abb_ws/install/abb_mujoco_bringup/share/abb_mujoco_bringup//launch/abb_bringup_launch.launch.xml
-- Up-to-date: /home/eia/repo/rbi_2025_2/abb/abb_ws/install/abb_mujoco_bringup/share/ament_index/resource_index/package_run_dependencies/abb_mujoco_bringup
-- Up-to-date: /home/eia/repo/rbi_2025_2/abb/abb_ws/install/abb_mujoco_bringup/share/ament_index/resource_index/parent_prefix_path/abb_mujoco_bringup
-- Up-to-date: /home/eia/repo/rbi_2025_2/abb/abb_ws/install/abb_mujoco_bringup/share/abb_mujoco_bringup/environment/ament_prefix_path.sh
-- Up-to-date: /home/eia/repo/rbi_2025_2/abb/abb_ws/install/abb_mujoco_bringup/share/abb_mujoco_bringup/environment/ament_prefix_path.dsv
-- Up-to-date: /home/eia/repo/rbi_2025_2/abb/abb_ws/install/abb_mujoco_bringup/share/abb_mujoco_bringup/environment/path.sh
-- Up-to-date: /home/eia/repo/rbi_2025_2/abb/abb_ws/install/abb_mujoco_bringup/share/abb_mujoco_bringup/environment/path.dsv
-- Up-to-date: /home/eia/repo/rbi_2025_2/abb/abb_ws/install/abb_mujoco_bringup/share/abb_mujoco_bringup/local_setup.bash
-- Up-to-date: /home/eia/repo/rbi_2025_2/abb/abb_ws/install/abb_mujoco_bringup/share/abb_mujoco_bringup/local_setup.sh
-- Up-to-date: /home/eia/repo/rbi_2025_2/abb/abb_ws/install/abb_mujoco_bringup/share/abb_mujoco_bringup/local_setup.zsh
-- Up-to-date: /home/eia/repo/rbi_2025_2/abb/abb_ws/install/abb_mujoco_bringup/share/abb_mujoco_bringup/local_setup.dsv
-- Installing: /home/eia/repo/rbi_2025_2/abb/abb_ws/install/abb_mujoco_bringup/share/abb_mujoco_bringup/package.dsv
-- Up-to-date: /home/eia/repo/rbi_2025_2/abb/abb_ws/install/abb_mujoco_bringup/share/ament_index/resource_index/packages/abb_mujoco_bringup
-- Up-to-date: /home/eia/repo/rbi_2025_2/abb/abb_ws/install/abb_mujoco_bringup/share/abb_mujoco_bringup/cmake/abb_mujoco_bringupConfig.cmake
-- Up-to-date: /home/eia/repo/rbi_2025_2/abb/abb_ws/install/abb_mujoco_bringup/share/abb_mujoco_bringup/cmake/abb_mujoco_bringupConfig-version.cmake
-- Up-to-date: /home/eia/repo/rbi_2025_2/abb/abb_ws/install/abb_mujoco_bringup/share/abb_mujoco_bringup/package.xml
