[0.714s] Invoking command in '/home/eia/repo/rbi_2025_2/scara/scara_ws/build/scara_mujoco_description': CMAKE_PREFIX_PATH=${CMAKE_PREFIX_PATH}:/home/eia/repo/rbi_2025_2/scara/scara_ws/install/scara_mujoco:/home/eia/repo/rbi_2025_2/abb/abb_ws/install/abb_path_controller:/home/eia/repo/rbi_2025_2/abb/abb_ws/install/abb_mujoco_python:/home/eia/repo/rbi_2025_2/rov/rov_ws/install/rov_position_controller:/home/eia/repo/rbi_2025_2/rov/rov_ws/install/rov_path_generator:/home/eia/repo/rbi_2025_2/rov/rov_ws/install/rov_path_follower:/home/eia/repo/rbi_2025_2/rov/rov_ws/install/rov_attitude_controller:/opt/ros/humble /usr/bin/cmake /home/eia/repo/rbi_2025_2/scara/scara_ws/src/scara_mujoco_description -DAMENT_CMAKE_SYMLINK_INSTALL=1 -DCMAKE_INSTALL_PREFIX=/home/eia/repo/rbi_2025_2/scara/scara_ws/install/scara_mujoco_description
[0.764s] -- The C compiler identification is GNU 11.4.0
[0.823s] -- The CXX compiler identification is GNU 11.4.0
[0.832s] -- Detecting C compiler ABI info
[0.917s] -- Detecting C compiler ABI info - done
[0.929s] -- Check for working C compiler: /usr/bin/cc - skipped
[0.929s] -- Detecting C compile features
[0.930s] -- Detecting C compile features - done
[0.935s] -- Detecting CXX compiler ABI info
[1.029s] -- Detecting CXX compiler ABI info - done
[1.037s] -- Check for working CXX compiler: /usr/bin/c++ - skipped
[1.037s] -- Detecting CXX compile features
[1.037s] -- Detecting CXX compile features - done
[1.041s] -- Found ament_cmake: 1.3.12 (/opt/ros/humble/share/ament_cmake/cmake)
[1.232s] -- Found Python3: /usr/bin/python3 (found version "3.10.12") found components: Interpreter 
[1.328s] -- Override CMake install command with custom implementation using symlinks instead of copying resources
[1.478s] -- Configuring done
[1.482s] -- Generating done
[1.484s] -- Build files have been written to: /home/eia/repo/rbi_2025_2/scara/scara_ws/build/scara_mujoco_description
[1.489s] Invoked command in '/home/eia/repo/rbi_2025_2/scara/scara_ws/build/scara_mujoco_description' returned '0': CMAKE_PREFIX_PATH=${CMAKE_PREFIX_PATH}:/home/eia/repo/rbi_2025_2/scara/scara_ws/install/scara_mujoco:/home/eia/repo/rbi_2025_2/abb/abb_ws/install/abb_path_controller:/home/eia/repo/rbi_2025_2/abb/abb_ws/install/abb_mujoco_python:/home/eia/repo/rbi_2025_2/rov/rov_ws/install/rov_position_controller:/home/eia/repo/rbi_2025_2/rov/rov_ws/install/rov_path_generator:/home/eia/repo/rbi_2025_2/rov/rov_ws/install/rov_path_follower:/home/eia/repo/rbi_2025_2/rov/rov_ws/install/rov_attitude_controller:/opt/ros/humble /usr/bin/cmake /home/eia/repo/rbi_2025_2/scara/scara_ws/src/scara_mujoco_description -DAMENT_CMAKE_SYMLINK_INSTALL=1 -DCMAKE_INSTALL_PREFIX=/home/eia/repo/rbi_2025_2/scara/scara_ws/install/scara_mujoco_description
[1.491s] Invoking command in '/home/eia/repo/rbi_2025_2/scara/scara_ws/build/scara_mujoco_description': CMAKE_PREFIX_PATH=${CMAKE_PREFIX_PATH}:/home/eia/repo/rbi_2025_2/scara/scara_ws/install/scara_mujoco:/home/eia/repo/rbi_2025_2/abb/abb_ws/install/abb_path_controller:/home/eia/repo/rbi_2025_2/abb/abb_ws/install/abb_mujoco_python:/home/eia/repo/rbi_2025_2/rov/rov_ws/install/rov_position_controller:/home/eia/repo/rbi_2025_2/rov/rov_ws/install/rov_path_generator:/home/eia/repo/rbi_2025_2/rov/rov_ws/install/rov_path_follower:/home/eia/repo/rbi_2025_2/rov/rov_ws/install/rov_attitude_controller:/opt/ros/humble /usr/bin/cmake --build /home/eia/repo/rbi_2025_2/scara/scara_ws/build/scara_mujoco_description -- -j12 -l12
[1.524s] Invoked command in '/home/eia/repo/rbi_2025_2/scara/scara_ws/build/scara_mujoco_description' returned '0': CMAKE_PREFIX_PATH=${CMAKE_PREFIX_PATH}:/home/eia/repo/rbi_2025_2/scara/scara_ws/install/scara_mujoco:/home/eia/repo/rbi_2025_2/abb/abb_ws/install/abb_path_controller:/home/eia/repo/rbi_2025_2/abb/abb_ws/install/abb_mujoco_python:/home/eia/repo/rbi_2025_2/rov/rov_ws/install/rov_position_controller:/home/eia/repo/rbi_2025_2/rov/rov_ws/install/rov_path_generator:/home/eia/repo/rbi_2025_2/rov/rov_ws/install/rov_path_follower:/home/eia/repo/rbi_2025_2/rov/rov_ws/install/rov_attitude_controller:/opt/ros/humble /usr/bin/cmake --build /home/eia/repo/rbi_2025_2/scara/scara_ws/build/scara_mujoco_description -- -j12 -l12
[1.526s] Invoking command in '/home/eia/repo/rbi_2025_2/scara/scara_ws/build/scara_mujoco_description': CMAKE_PREFIX_PATH=${CMAKE_PREFIX_PATH}:/home/eia/repo/rbi_2025_2/scara/scara_ws/install/scara_mujoco:/home/eia/repo/rbi_2025_2/abb/abb_ws/install/abb_path_controller:/home/eia/repo/rbi_2025_2/abb/abb_ws/install/abb_mujoco_python:/home/eia/repo/rbi_2025_2/rov/rov_ws/install/rov_position_controller:/home/eia/repo/rbi_2025_2/rov/rov_ws/install/rov_path_generator:/home/eia/repo/rbi_2025_2/rov/rov_ws/install/rov_path_follower:/home/eia/repo/rbi_2025_2/rov/rov_ws/install/rov_attitude_controller:/opt/ros/humble /usr/bin/cmake --install /home/eia/repo/rbi_2025_2/scara/scara_ws/build/scara_mujoco_description
[1.532s] -- Install configuration: ""
[1.532s] -- Execute custom install script
[1.533s] -- Symlinking: /home/eia/repo/rbi_2025_2/scara/scara_ws/install/scara_mujoco_description/share/scara_mujoco_description//urdf/common_properties.xacro
[1.541s] -- Symlinking: /home/eia/repo/rbi_2025_2/scara/scara_ws/install/scara_mujoco_description/share/scara_mujoco_description//urdf/scara_description.urdf.xacro
[1.549s] -- Symlinking: /home/eia/repo/rbi_2025_2/scara/scara_ws/install/scara_mujoco_description/share/scara_mujoco_description//launch/display.launch.xml
[1.557s] -- Symlinking: /home/eia/repo/rbi_2025_2/scara/scara_ws/install/scara_mujoco_description/share/ament_index/resource_index/package_run_dependencies/scara_mujoco_description
[1.564s] -- Symlinking: /home/eia/repo/rbi_2025_2/scara/scara_ws/install/scara_mujoco_description/share/ament_index/resource_index/parent_prefix_path/scara_mujoco_description
[1.572s] -- Symlinking: /home/eia/repo/rbi_2025_2/scara/scara_ws/install/scara_mujoco_description/share/scara_mujoco_description/environment/ament_prefix_path.sh
[1.580s] -- Symlinking: /home/eia/repo/rbi_2025_2/scara/scara_ws/install/scara_mujoco_description/share/scara_mujoco_description/environment/ament_prefix_path.dsv
[1.588s] -- Symlinking: /home/eia/repo/rbi_2025_2/scara/scara_ws/install/scara_mujoco_description/share/scara_mujoco_description/environment/path.sh
[1.596s] -- Symlinking: /home/eia/repo/rbi_2025_2/scara/scara_ws/install/scara_mujoco_description/share/scara_mujoco_description/environment/path.dsv
[1.604s] -- Symlinking: /home/eia/repo/rbi_2025_2/scara/scara_ws/install/scara_mujoco_description/share/scara_mujoco_description/local_setup.bash
[1.612s] -- Symlinking: /home/eia/repo/rbi_2025_2/scara/scara_ws/install/scara_mujoco_description/share/scara_mujoco_description/local_setup.sh
[1.620s] -- Symlinking: /home/eia/repo/rbi_2025_2/scara/scara_ws/install/scara_mujoco_description/share/scara_mujoco_description/local_setup.zsh
[1.628s] -- Symlinking: /home/eia/repo/rbi_2025_2/scara/scara_ws/install/scara_mujoco_description/share/scara_mujoco_description/local_setup.dsv
[1.637s] -- Symlinking: /home/eia/repo/rbi_2025_2/scara/scara_ws/install/scara_mujoco_description/share/scara_mujoco_description/package.dsv
[1.645s] -- Symlinking: /home/eia/repo/rbi_2025_2/scara/scara_ws/install/scara_mujoco_description/share/ament_index/resource_index/packages/scara_mujoco_description
[1.653s] -- Symlinking: /home/eia/repo/rbi_2025_2/scara/scara_ws/install/scara_mujoco_description/share/scara_mujoco_description/cmake/scara_mujoco_descriptionConfig.cmake
[1.661s] -- Symlinking: /home/eia/repo/rbi_2025_2/scara/scara_ws/install/scara_mujoco_description/share/scara_mujoco_description/cmake/scara_mujoco_descriptionConfig-version.cmake
[1.669s] -- Symlinking: /home/eia/repo/rbi_2025_2/scara/scara_ws/install/scara_mujoco_description/share/scara_mujoco_description/package.xml
[1.679s] Invoked command in '/home/eia/repo/rbi_2025_2/scara/scara_ws/build/scara_mujoco_description' returned '0': CMAKE_PREFIX_PATH=${CMAKE_PREFIX_PATH}:/home/eia/repo/rbi_2025_2/scara/scara_ws/install/scara_mujoco:/home/eia/repo/rbi_2025_2/abb/abb_ws/install/abb_path_controller:/home/eia/repo/rbi_2025_2/abb/abb_ws/install/abb_mujoco_python:/home/eia/repo/rbi_2025_2/rov/rov_ws/install/rov_position_controller:/home/eia/repo/rbi_2025_2/rov/rov_ws/install/rov_path_generator:/home/eia/repo/rbi_2025_2/rov/rov_ws/install/rov_path_follower:/home/eia/repo/rbi_2025_2/rov/rov_ws/install/rov_attitude_controller:/opt/ros/humble /usr/bin/cmake --install /home/eia/repo/rbi_2025_2/scara/scara_ws/build/scara_mujoco_description
