[0.019s] Invoking command in '/home/eia/repo/rbi_2025_2/rov/rov_ws/build/rov_bringup': CMAKE_PREFIX_PATH=${CMAKE_PREFIX_PATH}:/opt/ros/humble /usr/bin/cmake /home/eia/repo/rbi_2025_2/rov/rov_ws/src/rov_bringup -DCMAKE_INSTALL_PREFIX=/home/eia/repo/rbi_2025_2/rov/rov_ws/install/rov_bringup
[0.073s] -- The C compiler identification is GNU 11.4.0
[0.128s] -- The CXX compiler identification is GNU 11.4.0
[0.136s] -- Detecting C compiler ABI info
[0.201s] -- Detecting C compiler ABI info - done
[0.210s] -- Check for working C compiler: /usr/bin/cc - skipped
[0.210s] -- Detecting C compile features
[0.211s] -- Detecting C compile features - done
[0.214s] -- Detecting CXX compiler ABI info
[0.292s] -- Detecting CXX compiler ABI info - done
[0.301s] -- Check for working CXX compiler: /usr/bin/c++ - skipped
[0.301s] -- Detecting CXX compile features
[0.302s] -- Detecting CXX compile features - done
[0.304s] -- Found ament_cmake: 1.3.11 (/opt/ros/humble/share/ament_cmake/cmake)
[0.710s] -- Found Python3: /usr/bin/python3 (found version "3.10.12") found components: Interpreter 
[0.812s] -- Found rclcpp: 16.0.12 (/opt/ros/humble/share/rclcpp/cmake)
[0.858s] -- Found rosidl_generator_c: 3.1.6 (/opt/ros/humble/share/rosidl_generator_c/cmake)
[0.864s] -- Found rosidl_adapter: 3.1.6 (/opt/ros/humble/share/rosidl_adapter/cmake)
[0.872s] -- Found rosidl_generator_cpp: 3.1.6 (/opt/ros/humble/share/rosidl_generator_cpp/cmake)
[0.884s] -- Using all available rosidl_typesupport_c: rosidl_typesupport_fastrtps_c;rosidl_typesupport_introspection_c
[0.900s] -- Using all available rosidl_typesupport_cpp: rosidl_typesupport_fastrtps_cpp;rosidl_typesupport_introspection_cpp
[0.953s] -- Found rmw_implementation_cmake: 6.1.2 (/opt/ros/humble/share/rmw_implementation_cmake/cmake)
[0.958s] -- Found rmw_fastrtps_cpp: 6.2.7 (/opt/ros/humble/share/rmw_fastrtps_cpp/cmake)
[1.039s] -- Found OpenSSL: /usr/lib/x86_64-linux-gnu/libcrypto.so (found version "3.0.2")  
[1.069s] -- Found FastRTPS: /opt/ros/humble/include  
[1.109s] -- Using RMW implementation 'rmw_fastrtps_cpp' as default
[1.119s] -- Looking for pthread.h
[1.184s] -- Looking for pthread.h - found
[1.185s] -- Performing Test CMAKE_HAVE_LIBC_PTHREAD
[1.253s] -- Performing Test CMAKE_HAVE_LIBC_PTHREAD - Success
[1.254s] -- Found Threads: TRUE  
[1.395s] -- Configuring done
[1.399s] -- Generating done
[1.401s] -- Build files have been written to: /home/eia/repo/rbi_2025_2/rov/rov_ws/build/rov_bringup
[1.408s] Invoked command in '/home/eia/repo/rbi_2025_2/rov/rov_ws/build/rov_bringup' returned '0': CMAKE_PREFIX_PATH=${CMAKE_PREFIX_PATH}:/opt/ros/humble /usr/bin/cmake /home/eia/repo/rbi_2025_2/rov/rov_ws/src/rov_bringup -DCMAKE_INSTALL_PREFIX=/home/eia/repo/rbi_2025_2/rov/rov_ws/install/rov_bringup
[1.410s] Invoking command in '/home/eia/repo/rbi_2025_2/rov/rov_ws/build/rov_bringup': CMAKE_PREFIX_PATH=${CMAKE_PREFIX_PATH}:/opt/ros/humble /usr/bin/cmake --build /home/eia/repo/rbi_2025_2/rov/rov_ws/build/rov_bringup -- -j12 -l12
[1.449s] Invoked command in '/home/eia/repo/rbi_2025_2/rov/rov_ws/build/rov_bringup' returned '0': CMAKE_PREFIX_PATH=${CMAKE_PREFIX_PATH}:/opt/ros/humble /usr/bin/cmake --build /home/eia/repo/rbi_2025_2/rov/rov_ws/build/rov_bringup -- -j12 -l12
[1.451s] Invoking command in '/home/eia/repo/rbi_2025_2/rov/rov_ws/build/rov_bringup': CMAKE_PREFIX_PATH=${CMAKE_PREFIX_PATH}:/opt/ros/humble /usr/bin/cmake --install /home/eia/repo/rbi_2025_2/rov/rov_ws/build/rov_bringup
[1.457s] -- Install configuration: ""
[1.457s] -- Installing: /home/eia/repo/rbi_2025_2/rov/rov_ws/install/rov_bringup/share/rov_bringup//config
[1.458s] -- Installing: /home/eia/repo/rbi_2025_2/rov/rov_ws/install/rov_bringup/share/rov_bringup//config/rov_controllers.yaml
[1.458s] -- Installing: /home/eia/repo/rbi_2025_2/rov/rov_ws/install/rov_bringup/share/rov_bringup//launch
[1.458s] -- Installing: /home/eia/repo/rbi_2025_2/rov/rov_ws/install/rov_bringup/share/rov_bringup//launch/rov_bringup_launch.launch.xml
[1.458s] -- Installing: /home/eia/repo/rbi_2025_2/rov/rov_ws/install/rov_bringup/share/ament_index/resource_index/package_run_dependencies/rov_bringup
[1.458s] -- Installing: /home/eia/repo/rbi_2025_2/rov/rov_ws/install/rov_bringup/share/ament_index/resource_index/parent_prefix_path/rov_bringup
[1.458s] -- Installing: /home/eia/repo/rbi_2025_2/rov/rov_ws/install/rov_bringup/share/rov_bringup/environment/ament_prefix_path.sh
[1.459s] -- Installing: /home/eia/repo/rbi_2025_2/rov/rov_ws/install/rov_bringup/share/rov_bringup/environment/ament_prefix_path.dsv
[1.459s] -- Installing: /home/eia/repo/rbi_2025_2/rov/rov_ws/install/rov_bringup/share/rov_bringup/environment/path.sh
[1.459s] -- Installing: /home/eia/repo/rbi_2025_2/rov/rov_ws/install/rov_bringup/share/rov_bringup/environment/path.dsv
[1.459s] -- Installing: /home/eia/repo/rbi_2025_2/rov/rov_ws/install/rov_bringup/share/rov_bringup/local_setup.bash
[1.459s] -- Installing: /home/eia/repo/rbi_2025_2/rov/rov_ws/install/rov_bringup/share/rov_bringup/local_setup.sh
[1.459s] -- Installing: /home/eia/repo/rbi_2025_2/rov/rov_ws/install/rov_bringup/share/rov_bringup/local_setup.zsh
[1.459s] -- Installing: /home/eia/repo/rbi_2025_2/rov/rov_ws/install/rov_bringup/share/rov_bringup/local_setup.dsv
[1.460s] -- Installing: /home/eia/repo/rbi_2025_2/rov/rov_ws/install/rov_bringup/share/rov_bringup/package.dsv
[1.460s] -- Installing: /home/eia/repo/rbi_2025_2/rov/rov_ws/install/rov_bringup/share/ament_index/resource_index/packages/rov_bringup
[1.460s] -- Installing: /home/eia/repo/rbi_2025_2/rov/rov_ws/install/rov_bringup/share/rov_bringup/cmake/rov_bringupConfig.cmake
[1.460s] -- Installing: /home/eia/repo/rbi_2025_2/rov/rov_ws/install/rov_bringup/share/rov_bringup/cmake/rov_bringupConfig-version.cmake
[1.460s] -- Installing: /home/eia/repo/rbi_2025_2/rov/rov_ws/install/rov_bringup/share/rov_bringup/package.xml
[1.462s] Invoked command in '/home/eia/repo/rbi_2025_2/rov/rov_ws/build/rov_bringup' returned '0': CMAKE_PREFIX_PATH=${CMAKE_PREFIX_PATH}:/opt/ros/humble /usr/bin/cmake --install /home/eia/repo/rbi_2025_2/rov/rov_ws/build/rov_bringup
