[0.750s] Invoking command in '/home/eia/repo/rbi_2025_2/abb/abb_ws/src/abb_mujoco': PYTHONPATH=/home/eia/repo/rbi_2025_2/abb/abb_ws/build/abb_mujoco/prefix_override:/home/eia/.local/lib/python3.10/site-packages/colcon_core/task/python/colcon_distutils_commands:/home/eia/repo/rbi_2025_2/abb/abb_ws/install/abb_mujoco/lib/python3.10/site-packages:${PYTHONPATH} /usr/bin/python3 -W ignore:setup.py install is deprecated -W ignore:easy_install command is deprecated setup.py egg_info --egg-base ../../build/abb_mujoco build --build-base /home/eia/repo/rbi_2025_2/abb/abb_ws/build/abb_mujoco/build install --record /home/eia/repo/rbi_2025_2/abb/abb_ws/build/abb_mujoco/install.log --single-version-externally-managed install_data
[0.967s] running egg_info
[0.982s] writing ../../build/abb_mujoco/abb_mujoco.egg-info/PKG-INFO
[0.983s] writing dependency_links to ../../build/abb_mujoco/abb_mujoco.egg-info/dependency_links.txt
[0.983s] writing entry points to ../../build/abb_mujoco/abb_mujoco.egg-info/entry_points.txt
[0.983s] writing requirements to ../../build/abb_mujoco/abb_mujoco.egg-info/requires.txt
[0.983s] writing top-level names to ../../build/abb_mujoco/abb_mujoco.egg-info/top_level.txt
[1.013s] reading manifest file '../../build/abb_mujoco/abb_mujoco.egg-info/SOURCES.txt'
[1.014s] writing manifest file '../../build/abb_mujoco/abb_mujoco.egg-info/SOURCES.txt'
[1.014s] running build
[1.014s] running build_py
[1.014s] copying abb_mujoco/simulation_init.py -> /home/eia/repo/rbi_2025_2/abb/abb_ws/build/abb_mujoco/build/lib/abb_mujoco
[1.014s] copying abb_mujoco/__init__.py -> /home/eia/repo/rbi_2025_2/abb/abb_ws/build/abb_mujoco/build/lib/abb_mujoco
[1.014s] running install
[1.019s] running install_lib
[1.035s] running install_data
[1.035s] copying resource/abb_mujoco -> /home/eia/repo/rbi_2025_2/abb/abb_ws/install/abb_mujoco/share/ament_index/resource_index/packages
[1.035s] copying package.xml -> /home/eia/repo/rbi_2025_2/abb/abb_ws/install/abb_mujoco/share/abb_mujoco
[1.035s] copying descriptions/basic_scenario.xml -> /home/eia/repo/rbi_2025_2/abb/abb_ws/install/abb_mujoco/share/abb_mujoco/descriptions
[1.035s] running install_egg_info
[1.051s] removing '/home/eia/repo/rbi_2025_2/abb/abb_ws/install/abb_mujoco/lib/python3.10/site-packages/abb_mujoco-0.0.0-py3.10.egg-info' (and everything under it)
[1.051s] Copying ../../build/abb_mujoco/abb_mujoco.egg-info to /home/eia/repo/rbi_2025_2/abb/abb_ws/install/abb_mujoco/lib/python3.10/site-packages/abb_mujoco-0.0.0-py3.10.egg-info
[1.052s] running install_scripts
[1.176s] Installing abb_sim_mujoco script to /home/eia/repo/rbi_2025_2/abb/abb_ws/install/abb_mujoco/lib/abb_mujoco
[1.176s] writing list of installed files to '/home/eia/repo/rbi_2025_2/abb/abb_ws/build/abb_mujoco/install.log'
[1.193s] Invoked command in '/home/eia/repo/rbi_2025_2/abb/abb_ws/src/abb_mujoco' returned '0': PYTHONPATH=/home/eia/repo/rbi_2025_2/abb/abb_ws/build/abb_mujoco/prefix_override:/home/eia/.local/lib/python3.10/site-packages/colcon_core/task/python/colcon_distutils_commands:/home/eia/repo/rbi_2025_2/abb/abb_ws/install/abb_mujoco/lib/python3.10/site-packages:${PYTHONPATH} /usr/bin/python3 -W ignore:setup.py install is deprecated -W ignore:easy_install command is deprecated setup.py egg_info --egg-base ../../build/abb_mujoco build --build-base /home/eia/repo/rbi_2025_2/abb/abb_ws/build/abb_mujoco/build install --record /home/eia/repo/rbi_2025_2/abb/abb_ws/build/abb_mujoco/install.log --single-version-externally-managed install_data
