[0.037s] Invoking command in '/home/eia/repo/rbi_2025_2/abb/abb_ws/build/abb_hardware': CMAKE_PREFIX_PATH=/opt/ros/humble /usr/bin/cmake --build /home/eia/repo/rbi_2025_2/abb/abb_ws/build/abb_hardware -- -j12 -l12
[0.331s] Invoked command in '/home/eia/repo/rbi_2025_2/abb/abb_ws/build/abb_hardware' returned '0': CMAKE_PREFIX_PATH=/opt/ros/humble /usr/bin/cmake --build /home/eia/repo/rbi_2025_2/abb/abb_ws/build/abb_hardware -- -j12 -l12
[0.333s] Invoking command in '/home/eia/repo/rbi_2025_2/abb/abb_ws/build/abb_hardware': CMAKE_PREFIX_PATH=/opt/ros/humble /usr/bin/cmake --install /home/eia/repo/rbi_2025_2/abb/abb_ws/build/abb_hardware
[0.347s] -- Install configuration: ""
[0.348s] -- Up-to-date: /home/eia/repo/rbi_2025_2/abb/abb_ws/install/abb_hardware/share/ament_index/resource_index/package_run_dependencies/abb_hardware
[0.349s] -- Up-to-date: /home/eia/repo/rbi_2025_2/abb/abb_ws/install/abb_hardware/share/ament_index/resource_index/parent_prefix_path/abb_hardware
[0.349s] -- Up-to-date: /home/eia/repo/rbi_2025_2/abb/abb_ws/install/abb_hardware/share/abb_hardware/environment/ament_prefix_path.sh
[0.349s] -- Up-to-date: /home/eia/repo/rbi_2025_2/abb/abb_ws/install/abb_hardware/share/abb_hardware/environment/ament_prefix_path.dsv
[0.349s] -- Up-to-date: /home/eia/repo/rbi_2025_2/abb/abb_ws/install/abb_hardware/share/abb_hardware/environment/path.sh
[0.349s] -- Up-to-date: /home/eia/repo/rbi_2025_2/abb/abb_ws/install/abb_hardware/share/abb_hardware/environment/path.dsv
[0.350s] -- Up-to-date: /home/eia/repo/rbi_2025_2/abb/abb_ws/install/abb_hardware/share/abb_hardware/local_setup.bash
[0.350s] -- Up-to-date: /home/eia/repo/rbi_2025_2/abb/abb_ws/install/abb_hardware/share/abb_hardware/local_setup.sh
[0.350s] -- Up-to-date: /home/eia/repo/rbi_2025_2/abb/abb_ws/install/abb_hardware/share/abb_hardware/local_setup.zsh
[0.350s] -- Up-to-date: /home/eia/repo/rbi_2025_2/abb/abb_ws/install/abb_hardware/share/abb_hardware/local_setup.dsv
[0.350s] -- Installing: /home/eia/repo/rbi_2025_2/abb/abb_ws/install/abb_hardware/share/abb_hardware/package.dsv
[0.350s] -- Up-to-date: /home/eia/repo/rbi_2025_2/abb/abb_ws/install/abb_hardware/share/ament_index/resource_index/packages/abb_hardware
[0.350s] -- Up-to-date: /home/eia/repo/rbi_2025_2/abb/abb_ws/install/abb_hardware/share/abb_hardware/cmake/abb_hardwareConfig.cmake
[0.350s] -- Up-to-date: /home/eia/repo/rbi_2025_2/abb/abb_ws/install/abb_hardware/share/abb_hardware/cmake/abb_hardwareConfig-version.cmake
[0.350s] -- Up-to-date: /home/eia/repo/rbi_2025_2/abb/abb_ws/install/abb_hardware/share/abb_hardware/package.xml
[0.356s] Invoked command in '/home/eia/repo/rbi_2025_2/abb/abb_ws/build/abb_hardware' returned '0': CMAKE_PREFIX_PATH=/opt/ros/humble /usr/bin/cmake --install /home/eia/repo/rbi_2025_2/abb/abb_ws/build/abb_hardware
