running develop
Removing /home/eia/repo/rbi_2025_2/abb/abb_ws/install/abb_mujoco_python/lib/python3.10/site-packages/abb-mujoco-python.egg-link (link to .)
running egg_info
writing ../../build/abb_mujoco_python/abb_mujoco_python.egg-info/PKG-INFO
writing dependency_links to ../../build/abb_mujoco_python/abb_mujoco_python.egg-info/dependency_links.txt
writing entry points to ../../build/abb_mujoco_python/abb_mujoco_python.egg-info/entry_points.txt
writing requirements to ../../build/abb_mujoco_python/abb_mujoco_python.egg-info/requires.txt
writing top-level names to ../../build/abb_mujoco_python/abb_mujoco_python.egg-info/top_level.txt
reading manifest file '../../build/abb_mujoco_python/abb_mujoco_python.egg-info/SOURCES.txt'
writing manifest file '../../build/abb_mujoco_python/abb_mujoco_python.egg-info/SOURCES.txt'
running build
running build_py
creating /home/eia/repo/rbi_2025_2/abb/abb_ws/build/abb_mujoco_python/build
creating /home/eia/repo/rbi_2025_2/abb/abb_ws/build/abb_mujoco_python/build/lib
creating /home/eia/repo/rbi_2025_2/abb/abb_ws/build/abb_mujoco_python/build/lib/abb_mujoco_python
copying abb_mujoco_python/simulation_init.py -> /home/eia/repo/rbi_2025_2/abb/abb_ws/build/abb_mujoco_python/build/lib/abb_mujoco_python
copying abb_mujoco_python/__init__.py -> /home/eia/repo/rbi_2025_2/abb/abb_ws/build/abb_mujoco_python/build/lib/abb_mujoco_python
running install
running install_lib
creating /home/eia/repo/rbi_2025_2/abb/abb_ws/install/abb_mujoco_python/lib/python3.10/site-packages/abb_mujoco_python
copying /home/eia/repo/rbi_2025_2/abb/abb_ws/build/abb_mujoco_python/build/lib/abb_mujoco_python/simulation_init.py -> /home/eia/repo/rbi_2025_2/abb/abb_ws/install/abb_mujoco_python/lib/python3.10/site-packages/abb_mujoco_python
copying /home/eia/repo/rbi_2025_2/abb/abb_ws/build/abb_mujoco_python/build/lib/abb_mujoco_python/__init__.py -> /home/eia/repo/rbi_2025_2/abb/abb_ws/install/abb_mujoco_python/lib/python3.10/site-packages/abb_mujoco_python
byte-compiling /home/eia/repo/rbi_2025_2/abb/abb_ws/install/abb_mujoco_python/lib/python3.10/site-packages/abb_mujoco_python/simulation_init.py to simulation_init.cpython-310.pyc
byte-compiling /home/eia/repo/rbi_2025_2/abb/abb_ws/install/abb_mujoco_python/lib/python3.10/site-packages/abb_mujoco_python/__init__.py to __init__.cpython-310.pyc
running install_data
copying resource/abb_mujoco_python -> /home/eia/repo/rbi_2025_2/abb/abb_ws/install/abb_mujoco_python/share/ament_index/resource_index/packages
copying package.xml -> /home/eia/repo/rbi_2025_2/abb/abb_ws/install/abb_mujoco_python/share/abb_mujoco_python
copying descriptions/abb.xml -> /home/eia/repo/rbi_2025_2/abb/abb_ws/install/abb_mujoco_python/share/abb_mujoco_python/descriptions
running install_egg_info
Copying ../../build/abb_mujoco_python/abb_mujoco_python.egg-info to /home/eia/repo/rbi_2025_2/abb/abb_ws/install/abb_mujoco_python/lib/python3.10/site-packages/abb_mujoco_python-0.0.0-py3.10.egg-info
running install_scripts
Installing abb_sim_mujoco script to /home/eia/repo/rbi_2025_2/abb/abb_ws/install/abb_mujoco_python/lib/abb_mujoco_python
writing list of installed files to '/home/eia/repo/rbi_2025_2/abb/abb_ws/build/abb_mujoco_python/install.log'
