[1.226s] Invoking command in '/home/eia/repo/rbi_2025_2/abb/abb_ws/build/abb_mujoco_python': PYTHONPATH=/home/eia/repo/rbi_2025_2/abb/abb_ws/build/abb_mujoco_python/prefix_override:/home/eia/.local/lib/python3.10/site-packages/colcon_core/task/python/colcon_distutils_commands:/home/eia/repo/rbi_2025_2/abb/abb_ws/install/abb_mujoco_python/lib/python3.10/site-packages:${PYTHONPATH} /usr/bin/python3 -W ignore:setup.py install is deprecated -W ignore:easy_install command is deprecated setup.py develop --uninstall --editable --build-directory /home/eia/repo/rbi_2025_2/abb/abb_ws/build/abb_mujoco_python/build
[1.563s] running develop
[1.817s] Removing /home/eia/repo/rbi_2025_2/abb/abb_ws/install/abb_mujoco_python/lib/python3.10/site-packages/abb-mujoco-python.egg-link (link to .)
[1.844s] Invoked command in '/home/eia/repo/rbi_2025_2/abb/abb_ws/build/abb_mujoco_python' returned '0': PYTHONPATH=/home/eia/repo/rbi_2025_2/abb/abb_ws/build/abb_mujoco_python/prefix_override:/home/eia/.local/lib/python3.10/site-packages/colcon_core/task/python/colcon_distutils_commands:/home/eia/repo/rbi_2025_2/abb/abb_ws/install/abb_mujoco_python/lib/python3.10/site-packages:${PYTHONPATH} /usr/bin/python3 -W ignore:setup.py install is deprecated -W ignore:easy_install command is deprecated setup.py develop --uninstall --editable --build-directory /home/eia/repo/rbi_2025_2/abb/abb_ws/build/abb_mujoco_python/build
[1.846s] Invoking command in '/home/eia/repo/rbi_2025_2/abb/abb_ws/src/abb_mujoco_python': PYTHONPATH=/home/eia/repo/rbi_2025_2/abb/abb_ws/build/abb_mujoco_python/prefix_override:/home/eia/.local/lib/python3.10/site-packages/colcon_core/task/python/colcon_distutils_commands:/home/eia/repo/rbi_2025_2/abb/abb_ws/install/abb_mujoco_python/lib/python3.10/site-packages:${PYTHONPATH} /usr/bin/python3 -W ignore:setup.py install is deprecated -W ignore:easy_install command is deprecated setup.py egg_info --egg-base ../../build/abb_mujoco_python build --build-base /home/eia/repo/rbi_2025_2/abb/abb_ws/build/abb_mujoco_python/build install --record /home/eia/repo/rbi_2025_2/abb/abb_ws/build/abb_mujoco_python/install.log --single-version-externally-managed install_data --force
[2.123s] running egg_info
[2.151s] writing ../../build/abb_mujoco_python/abb_mujoco_python.egg-info/PKG-INFO
[2.152s] writing dependency_links to ../../build/abb_mujoco_python/abb_mujoco_python.egg-info/dependency_links.txt
[2.152s] writing entry points to ../../build/abb_mujoco_python/abb_mujoco_python.egg-info/entry_points.txt
[2.153s] writing requirements to ../../build/abb_mujoco_python/abb_mujoco_python.egg-info/requires.txt
[2.153s] writing top-level names to ../../build/abb_mujoco_python/abb_mujoco_python.egg-info/top_level.txt
[2.214s] reading manifest file '../../build/abb_mujoco_python/abb_mujoco_python.egg-info/SOURCES.txt'
[2.215s] writing manifest file '../../build/abb_mujoco_python/abb_mujoco_python.egg-info/SOURCES.txt'
[2.215s] running build
[2.215s] running build_py
[2.216s] creating /home/eia/repo/rbi_2025_2/abb/abb_ws/build/abb_mujoco_python/build
[2.216s] creating /home/eia/repo/rbi_2025_2/abb/abb_ws/build/abb_mujoco_python/build/lib
[2.216s] creating /home/eia/repo/rbi_2025_2/abb/abb_ws/build/abb_mujoco_python/build/lib/abb_mujoco_python
[2.216s] copying abb_mujoco_python/simulation_init.py -> /home/eia/repo/rbi_2025_2/abb/abb_ws/build/abb_mujoco_python/build/lib/abb_mujoco_python
[2.216s] copying abb_mujoco_python/__init__.py -> /home/eia/repo/rbi_2025_2/abb/abb_ws/build/abb_mujoco_python/build/lib/abb_mujoco_python
[2.216s] running install
[2.222s] running install_lib
[2.243s] creating /home/eia/repo/rbi_2025_2/abb/abb_ws/install/abb_mujoco_python/lib/python3.10/site-packages/abb_mujoco_python
[2.243s] copying /home/eia/repo/rbi_2025_2/abb/abb_ws/build/abb_mujoco_python/build/lib/abb_mujoco_python/simulation_init.py -> /home/eia/repo/rbi_2025_2/abb/abb_ws/install/abb_mujoco_python/lib/python3.10/site-packages/abb_mujoco_python
[2.243s] copying /home/eia/repo/rbi_2025_2/abb/abb_ws/build/abb_mujoco_python/build/lib/abb_mujoco_python/__init__.py -> /home/eia/repo/rbi_2025_2/abb/abb_ws/install/abb_mujoco_python/lib/python3.10/site-packages/abb_mujoco_python
[2.244s] byte-compiling /home/eia/repo/rbi_2025_2/abb/abb_ws/install/abb_mujoco_python/lib/python3.10/site-packages/abb_mujoco_python/simulation_init.py to simulation_init.cpython-310.pyc
[2.245s] byte-compiling /home/eia/repo/rbi_2025_2/abb/abb_ws/install/abb_mujoco_python/lib/python3.10/site-packages/abb_mujoco_python/__init__.py to __init__.cpython-310.pyc
[2.245s] running install_data
[2.245s] copying resource/abb_mujoco_python -> /home/eia/repo/rbi_2025_2/abb/abb_ws/install/abb_mujoco_python/share/ament_index/resource_index/packages
[2.246s] copying package.xml -> /home/eia/repo/rbi_2025_2/abb/abb_ws/install/abb_mujoco_python/share/abb_mujoco_python
[2.246s] copying descriptions/abb.xml -> /home/eia/repo/rbi_2025_2/abb/abb_ws/install/abb_mujoco_python/share/abb_mujoco_python/descriptions
[2.246s] running install_egg_info
[2.267s] Copying ../../build/abb_mujoco_python/abb_mujoco_python.egg-info to /home/eia/repo/rbi_2025_2/abb/abb_ws/install/abb_mujoco_python/lib/python3.10/site-packages/abb_mujoco_python-0.0.0-py3.10.egg-info
[2.268s] running install_scripts
[2.433s] Installing abb_sim_mujoco script to /home/eia/repo/rbi_2025_2/abb/abb_ws/install/abb_mujoco_python/lib/abb_mujoco_python
[2.433s] writing list of installed files to '/home/eia/repo/rbi_2025_2/abb/abb_ws/build/abb_mujoco_python/install.log'
[2.454s] Invoked command in '/home/eia/repo/rbi_2025_2/abb/abb_ws/src/abb_mujoco_python' returned '0': PYTHONPATH=/home/eia/repo/rbi_2025_2/abb/abb_ws/build/abb_mujoco_python/prefix_override:/home/eia/.local/lib/python3.10/site-packages/colcon_core/task/python/colcon_distutils_commands:/home/eia/repo/rbi_2025_2/abb/abb_ws/install/abb_mujoco_python/lib/python3.10/site-packages:${PYTHONPATH} /usr/bin/python3 -W ignore:setup.py install is deprecated -W ignore:easy_install command is deprecated setup.py egg_info --egg-base ../../build/abb_mujoco_python build --build-base /home/eia/repo/rbi_2025_2/abb/abb_ws/build/abb_mujoco_python/build install --record /home/eia/repo/rbi_2025_2/abb/abb_ws/build/abb_mujoco_python/install.log --single-version-externally-managed install_data --force
