[0.260s] Invoking command in '/home/eia/repo/rbi_2025_2/abb/abb_ws/build/abb_mujoco_bringup': CMAKE_PREFIX_PATH=${CMAKE_PREFIX_PATH}:/home/eia/repo/rbi_2025_2/scara/scara_ws/install/scara_mujoco:/opt/ros/humble /usr/bin/cmake /home/eia/repo/rbi_2025_2/abb/abb_ws/src/abb_mujoco_bringup -DCMAKE_INSTALL_PREFIX=/home/eia/repo/rbi_2025_2/abb/abb_ws/install/abb_mujoco_bringup
[0.331s] -- The C compiler identification is GNU 11.4.0
[0.395s] -- The CXX compiler identification is GNU 11.4.0
[0.404s] -- Detecting C compiler ABI info
[0.472s] -- Detecting C compiler ABI info - done
[0.480s] -- Check for working C compiler: /usr/bin/cc - skipped
[0.480s] -- Detecting C compile features
[0.481s] -- Detecting C compile features - done
[0.484s] -- Detecting CXX compiler ABI info
[0.566s] -- Detecting CXX compiler ABI info - done
[0.582s] -- Check for working CXX compiler: /usr/bin/c++ - skipped
[0.582s] -- Detecting CXX compile features
[0.583s] -- Detecting CXX compile features - done
[0.588s] -- Found ament_cmake: 1.3.12 (/opt/ros/humble/share/ament_cmake/cmake)
[1.112s] -- Found Python3: /usr/bin/python3 (found version "3.10.12") found components: Interpreter 
[1.241s] -- Found rclcpp: 16.0.14 (/opt/ros/humble/share/rclcpp/cmake)
[1.292s] -- Found rosidl_generator_c: 3.1.7 (/opt/ros/humble/share/rosidl_generator_c/cmake)
[1.298s] -- Found rosidl_adapter: 3.1.7 (/opt/ros/humble/share/rosidl_adapter/cmake)
[1.309s] -- Found rosidl_generator_cpp: 3.1.7 (/opt/ros/humble/share/rosidl_generator_cpp/cmake)
[1.324s] -- Using all available rosidl_typesupport_c: rosidl_typesupport_fastrtps_c;rosidl_typesupport_introspection_c
[1.345s] -- Using all available rosidl_typesupport_cpp: rosidl_typesupport_fastrtps_cpp;rosidl_typesupport_introspection_cpp
[1.401s] -- Found rmw_implementation_cmake: 6.1.2 (/opt/ros/humble/share/rmw_implementation_cmake/cmake)
[1.405s] -- Found rmw_fastrtps_cpp: 6.2.8 (/opt/ros/humble/share/rmw_fastrtps_cpp/cmake)
[1.498s] -- Found OpenSSL: /usr/lib/x86_64-linux-gnu/libcrypto.so (found version "3.0.2")  
[1.528s] -- Found FastRTPS: /opt/ros/humble/include  
[1.570s] -- Using RMW implementation 'rmw_fastrtps_cpp' as default
[1.581s] -- Looking for pthread.h
[1.642s] -- Looking for pthread.h - found
[1.643s] -- Performing Test CMAKE_HAVE_LIBC_PTHREAD
[1.703s] -- Performing Test CMAKE_HAVE_LIBC_PTHREAD - Success
[1.704s] -- Found Threads: TRUE  
[1.835s] -- Configuring done
[1.838s] -- Generating done
[1.841s] -- Build files have been written to: /home/eia/repo/rbi_2025_2/abb/abb_ws/build/abb_mujoco_bringup
[1.849s] Invoked command in '/home/eia/repo/rbi_2025_2/abb/abb_ws/build/abb_mujoco_bringup' returned '0': CMAKE_PREFIX_PATH=${CMAKE_PREFIX_PATH}:/home/eia/repo/rbi_2025_2/scara/scara_ws/install/scara_mujoco:/opt/ros/humble /usr/bin/cmake /home/eia/repo/rbi_2025_2/abb/abb_ws/src/abb_mujoco_bringup -DCMAKE_INSTALL_PREFIX=/home/eia/repo/rbi_2025_2/abb/abb_ws/install/abb_mujoco_bringup
[1.850s] Invoking command in '/home/eia/repo/rbi_2025_2/abb/abb_ws/build/abb_mujoco_bringup': CMAKE_PREFIX_PATH=${CMAKE_PREFIX_PATH}:/home/eia/repo/rbi_2025_2/scara/scara_ws/install/scara_mujoco:/opt/ros/humble /usr/bin/cmake --build /home/eia/repo/rbi_2025_2/abb/abb_ws/build/abb_mujoco_bringup -- -j12 -l12
[1.882s] Invoked command in '/home/eia/repo/rbi_2025_2/abb/abb_ws/build/abb_mujoco_bringup' returned '0': CMAKE_PREFIX_PATH=${CMAKE_PREFIX_PATH}:/home/eia/repo/rbi_2025_2/scara/scara_ws/install/scara_mujoco:/opt/ros/humble /usr/bin/cmake --build /home/eia/repo/rbi_2025_2/abb/abb_ws/build/abb_mujoco_bringup -- -j12 -l12
[1.884s] Invoking command in '/home/eia/repo/rbi_2025_2/abb/abb_ws/build/abb_mujoco_bringup': CMAKE_PREFIX_PATH=${CMAKE_PREFIX_PATH}:/home/eia/repo/rbi_2025_2/scara/scara_ws/install/scara_mujoco:/opt/ros/humble /usr/bin/cmake --install /home/eia/repo/rbi_2025_2/abb/abb_ws/build/abb_mujoco_bringup
[1.890s] -- Install configuration: ""
[1.891s] -- Installing: /home/eia/repo/rbi_2025_2/abb/abb_ws/install/abb_mujoco_bringup/share/abb_mujoco_bringup//config
[1.891s] -- Installing: /home/eia/repo/rbi_2025_2/abb/abb_ws/install/abb_mujoco_bringup/share/abb_mujoco_bringup//config/abb_controllers.yaml
[1.891s] -- Installing: /home/eia/repo/rbi_2025_2/abb/abb_ws/install/abb_mujoco_bringup/share/abb_mujoco_bringup//launch
[1.891s] -- Installing: /home/eia/repo/rbi_2025_2/abb/abb_ws/install/abb_mujoco_bringup/share/abb_mujoco_bringup//launch/abb_bringup_launch.launch.xml
[1.891s] -- Installing: /home/eia/repo/rbi_2025_2/abb/abb_ws/install/abb_mujoco_bringup/share/ament_index/resource_index/package_run_dependencies/abb_mujoco_bringup
[1.891s] -- Installing: /home/eia/repo/rbi_2025_2/abb/abb_ws/install/abb_mujoco_bringup/share/ament_index/resource_index/parent_prefix_path/abb_mujoco_bringup
[1.891s] -- Installing: /home/eia/repo/rbi_2025_2/abb/abb_ws/install/abb_mujoco_bringup/share/abb_mujoco_bringup/environment/ament_prefix_path.sh
[1.892s] -- Installing: /home/eia/repo/rbi_2025_2/abb/abb_ws/install/abb_mujoco_bringup/share/abb_mujoco_bringup/environment/ament_prefix_path.dsv
[1.892s] -- Installing: /home/eia/repo/rbi_2025_2/abb/abb_ws/install/abb_mujoco_bringup/share/abb_mujoco_bringup/environment/path.sh
[1.892s] -- Installing: /home/eia/repo/rbi_2025_2/abb/abb_ws/install/abb_mujoco_bringup/share/abb_mujoco_bringup/environment/path.dsv
[1.892s] -- Installing: /home/eia/repo/rbi_2025_2/abb/abb_ws/install/abb_mujoco_bringup/share/abb_mujoco_bringup/local_setup.bash
[1.892s] -- Installing: /home/eia/repo/rbi_2025_2/abb/abb_ws/install/abb_mujoco_bringup/share/abb_mujoco_bringup/local_setup.sh
[1.892s] -- Installing: /home/eia/repo/rbi_2025_2/abb/abb_ws/install/abb_mujoco_bringup/share/abb_mujoco_bringup/local_setup.zsh
[1.892s] -- Installing: /home/eia/repo/rbi_2025_2/abb/abb_ws/install/abb_mujoco_bringup/share/abb_mujoco_bringup/local_setup.dsv
[1.892s] -- Installing: /home/eia/repo/rbi_2025_2/abb/abb_ws/install/abb_mujoco_bringup/share/abb_mujoco_bringup/package.dsv
[1.893s] -- Installing: /home/eia/repo/rbi_2025_2/abb/abb_ws/install/abb_mujoco_bringup/share/ament_index/resource_index/packages/abb_mujoco_bringup
[1.893s] -- Installing: /home/eia/repo/rbi_2025_2/abb/abb_ws/install/abb_mujoco_bringup/share/abb_mujoco_bringup/cmake/abb_mujoco_bringupConfig.cmake
[1.893s] -- Installing: /home/eia/repo/rbi_2025_2/abb/abb_ws/install/abb_mujoco_bringup/share/abb_mujoco_bringup/cmake/abb_mujoco_bringupConfig-version.cmake
[1.893s] -- Installing: /home/eia/repo/rbi_2025_2/abb/abb_ws/install/abb_mujoco_bringup/share/abb_mujoco_bringup/package.xml
[1.894s] Invoked command in '/home/eia/repo/rbi_2025_2/abb/abb_ws/build/abb_mujoco_bringup' returned '0': CMAKE_PREFIX_PATH=${CMAKE_PREFIX_PATH}:/home/eia/repo/rbi_2025_2/scara/scara_ws/install/scara_mujoco:/opt/ros/humble /usr/bin/cmake --install /home/eia/repo/rbi_2025_2/abb/abb_ws/build/abb_mujoco_bringup
