-- The C compiler identification is GNU 11.4.0
-- The CXX compiler identification is GNU 11.4.0
-- Detecting C compiler ABI info
-- Detecting C compiler ABI info - done
-- Check for working C compiler: /usr/bin/cc - skipped
-- Detecting C compile features
-- Detecting C compile features - done
-- Detecting CXX compiler ABI info
-- Detecting CXX compiler ABI info - done
-- Check for working CXX compiler: /usr/bin/c++ - skipped
-- Detecting CXX compile features
-- Detecting CXX compile features - done
-- Found ament_cmake: 1.3.12 (/opt/ros/humble/share/ament_cmake/cmake)
-- Found Python3: /usr/bin/python3 (found version "3.10.12") found components: Interpreter 
-- Configuring done
-- Generating done
-- Build files have been written to: /abb_ws/build/abb_gz_bringup
-- Install configuration: ""
-- Installing: /abb_ws/install/abb_gz_bringup/share/abb_gz_bringup//launch
-- Installing: /abb_ws/install/abb_gz_bringup/share/abb_gz_bringup//launch/abb_launch.launch.xml
-- Installing: /abb_ws/install/abb_gz_bringup/share/abb_gz_bringup//config
-- Installing: /abb_ws/install/abb_gz_bringup/share/abb_gz_bringup//config/abb_config.rviz
-- Installing: /abb_ws/install/abb_gz_bringup/share/abb_gz_bringup//config/gazebo_bridge.yaml
-- Installing: /abb_ws/install/abb_gz_bringup/share/abb_gz_bringup//config/controllers.yaml
-- Installing: /abb_ws/install/abb_gz_bringup/share/ament_index/resource_index/package_run_dependencies/abb_gz_bringup
-- Installing: /abb_ws/install/abb_gz_bringup/share/ament_index/resource_index/parent_prefix_path/abb_gz_bringup
-- Installing: /abb_ws/install/abb_gz_bringup/share/abb_gz_bringup/environment/ament_prefix_path.sh
-- Installing: /abb_ws/install/abb_gz_bringup/share/abb_gz_bringup/environment/ament_prefix_path.dsv
-- Installing: /abb_ws/install/abb_gz_bringup/share/abb_gz_bringup/environment/path.sh
-- Installing: /abb_ws/install/abb_gz_bringup/share/abb_gz_bringup/environment/path.dsv
-- Installing: /abb_ws/install/abb_gz_bringup/share/abb_gz_bringup/local_setup.bash
-- Installing: /abb_ws/install/abb_gz_bringup/share/abb_gz_bringup/local_setup.sh
-- Installing: /abb_ws/install/abb_gz_bringup/share/abb_gz_bringup/local_setup.zsh
-- Installing: /abb_ws/install/abb_gz_bringup/share/abb_gz_bringup/local_setup.dsv
-- Installing: /abb_ws/install/abb_gz_bringup/share/abb_gz_bringup/package.dsv
-- Installing: /abb_ws/install/abb_gz_bringup/share/ament_index/resource_index/packages/abb_gz_bringup
-- Installing: /abb_ws/install/abb_gz_bringup/share/abb_gz_bringup/cmake/abb_gz_bringupConfig.cmake
-- Installing: /abb_ws/install/abb_gz_bringup/share/abb_gz_bringup/cmake/abb_gz_bringupConfig-version.cmake
-- Installing: /abb_ws/install/abb_gz_bringup/share/abb_gz_bringup/package.xml
