[0.047s] Invoking command in '/abb_ws/build/abb_gz_bringup': CMAKE_PREFIX_PATH=/opt/ros/humble /usr/bin/cmake /abb_ws/src/abb_gz_bringup -DCMAKE_INSTALL_PREFIX=/abb_ws/install/abb_gz_bringup
[1.076s] -- The C compiler identification is GNU 11.4.0
[1.077s] -- The CXX compiler identification is GNU 11.4.0
[1.077s] -- Detecting C compiler ABI info
[1.077s] -- Detecting C compiler ABI info - done
[1.077s] -- Check for working C compiler: /usr/bin/cc - skipped
[1.077s] -- Detecting C compile features
[1.077s] -- Detecting C compile features - done
[1.077s] -- Detecting CXX compiler ABI info
[1.078s] -- Detecting CXX compiler ABI info - done
[1.078s] -- Check for working CXX compiler: /usr/bin/c++ - skipped
[1.078s] -- Detecting CXX compile features
[1.078s] -- Detecting CXX compile features - done
[1.078s] -- Found ament_cmake: 1.3.12 (/opt/ros/humble/share/ament_cmake/cmake)
[1.078s] -- Found Python3: /usr/bin/python3 (found version "3.10.12") found components: Interpreter 
[1.078s] -- Configuring done
[1.078s] -- Generating done
[1.078s] -- Build files have been written to: /abb_ws/build/abb_gz_bringup
[1.096s] Invoked command in '/abb_ws/build/abb_gz_bringup' returned '0': CMAKE_PREFIX_PATH=/opt/ros/humble /usr/bin/cmake /abb_ws/src/abb_gz_bringup -DCMAKE_INSTALL_PREFIX=/abb_ws/install/abb_gz_bringup
[1.098s] Invoking command in '/abb_ws/build/abb_gz_bringup': CMAKE_PREFIX_PATH=/opt/ros/humble /usr/bin/cmake --build /abb_ws/build/abb_gz_bringup -- -j12 -l12
[1.160s] Invoked command in '/abb_ws/build/abb_gz_bringup' returned '0': CMAKE_PREFIX_PATH=/opt/ros/humble /usr/bin/cmake --build /abb_ws/build/abb_gz_bringup -- -j12 -l12
[1.165s] Invoking command in '/abb_ws/build/abb_gz_bringup': CMAKE_PREFIX_PATH=/opt/ros/humble /usr/bin/cmake --install /abb_ws/build/abb_gz_bringup
[1.174s] -- Install configuration: ""
[1.174s] -- Installing: /abb_ws/install/abb_gz_bringup/share/abb_gz_bringup//launch
[1.178s] -- Installing: /abb_ws/install/abb_gz_bringup/share/abb_gz_bringup//launch/abb_launch.launch.xml
[1.179s] -- Installing: /abb_ws/install/abb_gz_bringup/share/abb_gz_bringup//config
[1.179s] -- Installing: /abb_ws/install/abb_gz_bringup/share/abb_gz_bringup//config/abb_config.rviz
[1.180s] -- Installing: /abb_ws/install/abb_gz_bringup/share/abb_gz_bringup//config/gazebo_bridge.yaml
[1.181s] -- Installing: /abb_ws/install/abb_gz_bringup/share/abb_gz_bringup//config/controllers.yaml
[1.183s] -- Installing: /abb_ws/install/abb_gz_bringup/share/ament_index/resource_index/package_run_dependencies/abb_gz_bringup
[1.183s] -- Installing: /abb_ws/install/abb_gz_bringup/share/ament_index/resource_index/parent_prefix_path/abb_gz_bringup
[1.184s] -- Installing: /abb_ws/install/abb_gz_bringup/share/abb_gz_bringup/environment/ament_prefix_path.sh
[1.185s] -- Installing: /abb_ws/install/abb_gz_bringup/share/abb_gz_bringup/environment/ament_prefix_path.dsv
[1.185s] -- Installing: /abb_ws/install/abb_gz_bringup/share/abb_gz_bringup/environment/path.sh
[1.187s] -- Installing: /abb_ws/install/abb_gz_bringup/share/abb_gz_bringup/environment/path.dsv
[1.187s] -- Installing: /abb_ws/install/abb_gz_bringup/share/abb_gz_bringup/local_setup.bash
[1.187s] -- Installing: /abb_ws/install/abb_gz_bringup/share/abb_gz_bringup/local_setup.sh
[1.188s] -- Installing: /abb_ws/install/abb_gz_bringup/share/abb_gz_bringup/local_setup.zsh
[1.188s] -- Installing: /abb_ws/install/abb_gz_bringup/share/abb_gz_bringup/local_setup.dsv
[1.188s] -- Installing: /abb_ws/install/abb_gz_bringup/share/abb_gz_bringup/package.dsv
[1.189s] -- Installing: /abb_ws/install/abb_gz_bringup/share/ament_index/resource_index/packages/abb_gz_bringup
[1.189s] -- Installing: /abb_ws/install/abb_gz_bringup/share/abb_gz_bringup/cmake/abb_gz_bringupConfig.cmake
[1.189s] -- Installing: /abb_ws/install/abb_gz_bringup/share/abb_gz_bringup/cmake/abb_gz_bringupConfig-version.cmake
[1.189s] -- Installing: /abb_ws/install/abb_gz_bringup/share/abb_gz_bringup/package.xml
[1.195s] Invoked command in '/abb_ws/build/abb_gz_bringup' returned '0': CMAKE_PREFIX_PATH=/opt/ros/humble /usr/bin/cmake --install /abb_ws/build/abb_gz_bringup
