-- Install configuration: ""
-- Up-to-date: /home/eia/repo/rbi_2025_2/rov/rov_ws/install/rov_bringup/share/rov_bringup//config
-- Up-to-date: /home/eia/repo/rbi_2025_2/rov/rov_ws/install/rov_bringup/share/rov_bringup//config/rov_controllers.yaml
-- Up-to-date: /home/eia/repo/rbi_2025_2/rov/rov_ws/install/rov_bringup/share/rov_bringup//launch
-- Installing: /home/eia/repo/rbi_2025_2/rov/rov_ws/install/rov_bringup/share/rov_bringup//launch/rov_bringup_launch.launch.xml
-- Up-to-date: /home/eia/repo/rbi_2025_2/rov/rov_ws/install/rov_bringup/share/ament_index/resource_index/package_run_dependencies/rov_bringup
-- Up-to-date: /home/eia/repo/rbi_2025_2/rov/rov_ws/install/rov_bringup/share/ament_index/resource_index/parent_prefix_path/rov_bringup
-- Up-to-date: /home/eia/repo/rbi_2025_2/rov/rov_ws/install/rov_bringup/share/rov_bringup/environment/ament_prefix_path.sh
-- Up-to-date: /home/eia/repo/rbi_2025_2/rov/rov_ws/install/rov_bringup/share/rov_bringup/environment/ament_prefix_path.dsv
-- Up-to-date: /home/eia/repo/rbi_2025_2/rov/rov_ws/install/rov_bringup/share/rov_bringup/environment/path.sh
-- Up-to-date: /home/eia/repo/rbi_2025_2/rov/rov_ws/install/rov_bringup/share/rov_bringup/environment/path.dsv
-- Up-to-date: /home/eia/repo/rbi_2025_2/rov/rov_ws/install/rov_bringup/share/rov_bringup/local_setup.bash
-- Up-to-date: /home/eia/repo/rbi_2025_2/rov/rov_ws/install/rov_bringup/share/rov_bringup/local_setup.sh
-- Up-to-date: /home/eia/repo/rbi_2025_2/rov/rov_ws/install/rov_bringup/share/rov_bringup/local_setup.zsh
-- Up-to-date: /home/eia/repo/rbi_2025_2/rov/rov_ws/install/rov_bringup/share/rov_bringup/local_setup.dsv
-- Installing: /home/eia/repo/rbi_2025_2/rov/rov_ws/install/rov_bringup/share/rov_bringup/package.dsv
-- Up-to-date: /home/eia/repo/rbi_2025_2/rov/rov_ws/install/rov_bringup/share/ament_index/resource_index/packages/rov_bringup
-- Up-to-date: /home/eia/repo/rbi_2025_2/rov/rov_ws/install/rov_bringup/share/rov_bringup/cmake/rov_bringupConfig.cmake
-- Up-to-date: /home/eia/repo/rbi_2025_2/rov/rov_ws/install/rov_bringup/share/rov_bringup/cmake/rov_bringupConfig-version.cmake
-- Up-to-date: /home/eia/repo/rbi_2025_2/rov/rov_ws/install/rov_bringup/share/rov_bringup/package.xml
