-- Found ament_cmake: 1.3.12 (/opt/ros/humble/share/ament_cmake/cmake)
-- Checking for module 'glfw3'
--   Found glfw3, version 3.3.6
-- Found rclcpp: 16.0.14 (/opt/ros/humble/share/rclcpp/cmake)
-- Found rosidl_generator_c: 3.1.7 (/opt/ros/humble/share/rosidl_generator_c/cmake)
-- Found rosidl_adapter: 3.1.7 (/opt/ros/humble/share/rosidl_adapter/cmake)
-- Found rosidl_generator_cpp: 3.1.7 (/opt/ros/humble/share/rosidl_generator_cpp/cmake)
-- Using all available rosidl_typesupport_c: rosidl_typesupport_fastrtps_c;rosidl_typesupport_introspection_c
-- Using all available rosidl_typesupport_cpp: rosidl_typesupport_fastrtps_cpp;rosidl_typesupport_introspection_cpp
-- Found rmw_implementation_cmake: 6.1.2 (/opt/ros/humble/share/rmw_implementation_cmake/cmake)
-- Found rmw_fastrtps_cpp: 6.2.8 (/opt/ros/humble/share/rmw_fastrtps_cpp/cmake)
-- Found OpenSSL: /usr/lib/x86_64-linux-gnu/libcrypto.so (found version "3.0.2")  
-- Found FastRTPS: /opt/ros/humble/include  
-- Using RMW implementation 'rmw_fastrtps_cpp' as default
-- Looking for pthread.h
-- Looking for pthread.h - found
-- Performing Test CMAKE_HAVE_LIBC_PTHREAD
-- Performing Test CMAKE_HAVE_LIBC_PTHREAD - Success
-- Found Threads: TRUE  
-- Found rclcpp_lifecycle: 16.0.14 (/opt/ros/humble/share/rclcpp_lifecycle/cmake)
-- Found pluginlib: 5.1.0 (/opt/ros/humble/share/pluginlib/cmake)
-- Found geometry_msgs: 4.9.0 (/opt/ros/humble/share/geometry_msgs/cmake)
-- Found hardware_interface: 2.51.0 (/opt/ros/humble/share/hardware_interface/cmake)
-- Configuring done
-- Generating done
-- Build files have been written to: /rov_ws/build/rov_mujoco_sim
[ 25%] [32mBuilding CXX object CMakeFiles/rov_mujoco_sim.dir/src/mujoco_sim_interface.cpp.o[0m
[ 50%] [32mBuilding CXX object CMakeFiles/rov_mujoco_sim_direct.dir/src/mujoco_interface.cpp.o[0m
[ 75%] [32m[1mLinking CXX shared library librov_mujoco_sim.so[0m
[ 75%] Built target rov_mujoco_sim
[100%] [32m[1mLinking CXX executable rov_mujoco_sim_direct[0m
[100%] Built target rov_mujoco_sim_direct
-- Install configuration: ""
-- Installing: /rov_ws/install/rov_mujoco_sim/share/rov_mujoco_sim/rov_hardware_interface.xml
-- Installing: /rov_ws/install/rov_mujoco_sim/lib/librov_mujoco_sim.so
-- Set runtime path of "/rov_ws/install/rov_mujoco_sim/lib/librov_mujoco_sim.so" to "/rov_ws/src/rov_mujoco_sim/../../mujoco/lib"
-- Installing: /rov_ws/install/rov_mujoco_sim/include/include
-- Installing: /rov_ws/install/rov_mujoco_sim/include/include/rov_sim
-- Installing: /rov_ws/install/rov_mujoco_sim/include/include/rov_sim/mujoco_sim_interface.hpp
-- Installing: /rov_ws/install/rov_mujoco_sim/include/include/rov_sim/mujoco_interface.hpp
-- Installing: /rov_ws/install/rov_mujoco_sim/share/rov_mujoco_sim/environment/library_path.sh
-- Installing: /rov_ws/install/rov_mujoco_sim/share/rov_mujoco_sim/environment/library_path.dsv
-- Installing: /rov_ws/install/rov_mujoco_sim/lib/rov_mujoco_sim/rov_mujoco_sim_direct
-- Set runtime path of "/rov_ws/install/rov_mujoco_sim/lib/rov_mujoco_sim/rov_mujoco_sim_direct" to "/rov_ws/src/rov_mujoco_sim/../../mujoco/lib"
-- Installing: /rov_ws/install/rov_mujoco_sim/share/ament_index/resource_index/package_run_dependencies/rov_mujoco_sim
-- Installing: /rov_ws/install/rov_mujoco_sim/share/ament_index/resource_index/parent_prefix_path/rov_mujoco_sim
-- Installing: /rov_ws/install/rov_mujoco_sim/share/rov_mujoco_sim/environment/ament_prefix_path.sh
-- Installing: /rov_ws/install/rov_mujoco_sim/share/rov_mujoco_sim/environment/ament_prefix_path.dsv
-- Installing: /rov_ws/install/rov_mujoco_sim/share/rov_mujoco_sim/environment/path.sh
-- Installing: /rov_ws/install/rov_mujoco_sim/share/rov_mujoco_sim/environment/path.dsv
-- Installing: /rov_ws/install/rov_mujoco_sim/share/rov_mujoco_sim/local_setup.bash
-- Installing: /rov_ws/install/rov_mujoco_sim/share/rov_mujoco_sim/local_setup.sh
-- Installing: /rov_ws/install/rov_mujoco_sim/share/rov_mujoco_sim/local_setup.zsh
-- Installing: /rov_ws/install/rov_mujoco_sim/share/rov_mujoco_sim/local_setup.dsv
-- Installing: /rov_ws/install/rov_mujoco_sim/share/rov_mujoco_sim/package.dsv
-- Installing: /rov_ws/install/rov_mujoco_sim/share/ament_index/resource_index/packages/rov_mujoco_sim
-- Installing: /rov_ws/install/rov_mujoco_sim/share/ament_index/resource_index/hardware_interface__pluginlib__plugin/rov_mujoco_sim
-- Installing: /rov_ws/install/rov_mujoco_sim/share/rov_mujoco_sim/cmake/ament_cmake_export_libraries-extras.cmake
-- Installing: /rov_ws/install/rov_mujoco_sim/share/rov_mujoco_sim/cmake/ament_cmake_export_dependencies-extras.cmake
-- Installing: /rov_ws/install/rov_mujoco_sim/share/rov_mujoco_sim/cmake/rov_mujoco_simConfig.cmake
-- Installing: /rov_ws/install/rov_mujoco_sim/share/rov_mujoco_sim/cmake/rov_mujoco_simConfig-version.cmake
-- Installing: /rov_ws/install/rov_mujoco_sim/share/rov_mujoco_sim/package.xml
