[0.413s] Invoking command in '/rov_ws/build/rov_mujoco_sim': CMAKE_PREFIX_PATH=/opt/ros/humble /usr/bin/cmake /rov_ws/src/rov_mujoco_sim -DCMAKE_INSTALL_PREFIX=/rov_ws/install/rov_mujoco_sim
[1.243s] -- Found ament_cmake: 1.3.12 (/opt/ros/humble/share/ament_cmake/cmake)
[1.244s] -- Checking for module 'glfw3'
[1.244s] --   Found glfw3, version 3.3.6
[1.244s] -- Found rclcpp: 16.0.14 (/opt/ros/humble/share/rclcpp/cmake)
[1.244s] -- Found rosidl_generator_c: 3.1.7 (/opt/ros/humble/share/rosidl_generator_c/cmake)
[1.244s] -- Found rosidl_adapter: 3.1.7 (/opt/ros/humble/share/rosidl_adapter/cmake)
[1.244s] -- Found rosidl_generator_cpp: 3.1.7 (/opt/ros/humble/share/rosidl_generator_cpp/cmake)
[1.245s] -- Using all available rosidl_typesupport_c: rosidl_typesupport_fastrtps_c;rosidl_typesupport_introspection_c
[1.245s] -- Using all available rosidl_typesupport_cpp: rosidl_typesupport_fastrtps_cpp;rosidl_typesupport_introspection_cpp
[1.245s] -- Found rmw_implementation_cmake: 6.1.2 (/opt/ros/humble/share/rmw_implementation_cmake/cmake)
[1.245s] -- Found rmw_fastrtps_cpp: 6.2.8 (/opt/ros/humble/share/rmw_fastrtps_cpp/cmake)
[1.245s] -- Found OpenSSL: /usr/lib/x86_64-linux-gnu/libcrypto.so (found version "3.0.2")  
[1.245s] -- Found FastRTPS: /opt/ros/humble/include  
[1.245s] -- Using RMW implementation 'rmw_fastrtps_cpp' as default
[1.245s] -- Looking for pthread.h
[1.245s] -- Looking for pthread.h - found
[1.245s] -- Performing Test CMAKE_HAVE_LIBC_PTHREAD
[1.245s] -- Performing Test CMAKE_HAVE_LIBC_PTHREAD - Success
[1.245s] -- Found Threads: TRUE  
[1.291s] -- Found rclcpp_lifecycle: 16.0.14 (/opt/ros/humble/share/rclcpp_lifecycle/cmake)
[1.320s] -- Found pluginlib: 5.1.0 (/opt/ros/humble/share/pluginlib/cmake)
[1.356s] -- Found geometry_msgs: 4.9.0 (/opt/ros/humble/share/geometry_msgs/cmake)
[1.371s] -- Found hardware_interface: 2.51.0 (/opt/ros/humble/share/hardware_interface/cmake)
[1.622s] -- Configuring done
[1.698s] -- Generating done
[1.715s] -- Build files have been written to: /rov_ws/build/rov_mujoco_sim
[1.772s] Invoked command in '/rov_ws/build/rov_mujoco_sim' returned '0': CMAKE_PREFIX_PATH=/opt/ros/humble /usr/bin/cmake /rov_ws/src/rov_mujoco_sim -DCMAKE_INSTALL_PREFIX=/rov_ws/install/rov_mujoco_sim
[1.773s] Invoking command in '/rov_ws/build/rov_mujoco_sim': CMAKE_PREFIX_PATH=/opt/ros/humble /usr/bin/cmake --build /rov_ws/build/rov_mujoco_sim -- -j12 -l12
[1.843s] [ 25%] [32mBuilding CXX object CMakeFiles/rov_mujoco_sim.dir/src/mujoco_sim_interface.cpp.o[0m
[1.848s] [ 50%] [32mBuilding CXX object CMakeFiles/rov_mujoco_sim_direct.dir/src/mujoco_interface.cpp.o[0m
[7.593s] [ 75%] [32m[1mLinking CXX shared library librov_mujoco_sim.so[0m
[7.820s] [ 75%] Built target rov_mujoco_sim
[11.661s] [100%] [32m[1mLinking CXX executable rov_mujoco_sim_direct[0m
[12.115s] [100%] Built target rov_mujoco_sim_direct
[12.124s] Invoked command in '/rov_ws/build/rov_mujoco_sim' returned '0': CMAKE_PREFIX_PATH=/opt/ros/humble /usr/bin/cmake --build /rov_ws/build/rov_mujoco_sim -- -j12 -l12
[12.126s] Invoking command in '/rov_ws/build/rov_mujoco_sim': CMAKE_PREFIX_PATH=/opt/ros/humble /usr/bin/cmake --install /rov_ws/build/rov_mujoco_sim
[12.136s] -- Install configuration: ""
[12.136s] -- Installing: /rov_ws/install/rov_mujoco_sim/share/rov_mujoco_sim/rov_hardware_interface.xml
[12.136s] -- Installing: /rov_ws/install/rov_mujoco_sim/lib/librov_mujoco_sim.so
[12.137s] -- Set runtime path of "/rov_ws/install/rov_mujoco_sim/lib/librov_mujoco_sim.so" to "/rov_ws/src/rov_mujoco_sim/../../mujoco/lib"
[12.137s] -- Installing: /rov_ws/install/rov_mujoco_sim/include/include
[12.137s] -- Installing: /rov_ws/install/rov_mujoco_sim/include/include/rov_sim
[12.138s] -- Installing: /rov_ws/install/rov_mujoco_sim/include/include/rov_sim/mujoco_sim_interface.hpp
[12.138s] -- Installing: /rov_ws/install/rov_mujoco_sim/include/include/rov_sim/mujoco_interface.hpp
[12.138s] -- Installing: /rov_ws/install/rov_mujoco_sim/share/rov_mujoco_sim/environment/library_path.sh
[12.138s] -- Installing: /rov_ws/install/rov_mujoco_sim/share/rov_mujoco_sim/environment/library_path.dsv
[12.138s] -- Installing: /rov_ws/install/rov_mujoco_sim/lib/rov_mujoco_sim/rov_mujoco_sim_direct
[12.142s] -- Set runtime path of "/rov_ws/install/rov_mujoco_sim/lib/rov_mujoco_sim/rov_mujoco_sim_direct" to "/rov_ws/src/rov_mujoco_sim/../../mujoco/lib"
[12.142s] -- Installing: /rov_ws/install/rov_mujoco_sim/share/ament_index/resource_index/package_run_dependencies/rov_mujoco_sim
[12.142s] -- Installing: /rov_ws/install/rov_mujoco_sim/share/ament_index/resource_index/parent_prefix_path/rov_mujoco_sim
[12.142s] -- Installing: /rov_ws/install/rov_mujoco_sim/share/rov_mujoco_sim/environment/ament_prefix_path.sh
[12.142s] -- Installing: /rov_ws/install/rov_mujoco_sim/share/rov_mujoco_sim/environment/ament_prefix_path.dsv
[12.142s] -- Installing: /rov_ws/install/rov_mujoco_sim/share/rov_mujoco_sim/environment/path.sh
[12.143s] -- Installing: /rov_ws/install/rov_mujoco_sim/share/rov_mujoco_sim/environment/path.dsv
[12.143s] -- Installing: /rov_ws/install/rov_mujoco_sim/share/rov_mujoco_sim/local_setup.bash
[12.143s] -- Installing: /rov_ws/install/rov_mujoco_sim/share/rov_mujoco_sim/local_setup.sh
[12.143s] -- Installing: /rov_ws/install/rov_mujoco_sim/share/rov_mujoco_sim/local_setup.zsh
[12.143s] -- Installing: /rov_ws/install/rov_mujoco_sim/share/rov_mujoco_sim/local_setup.dsv
[12.143s] -- Installing: /rov_ws/install/rov_mujoco_sim/share/rov_mujoco_sim/package.dsv
[12.144s] -- Installing: /rov_ws/install/rov_mujoco_sim/share/ament_index/resource_index/packages/rov_mujoco_sim
[12.144s] -- Installing: /rov_ws/install/rov_mujoco_sim/share/ament_index/resource_index/hardware_interface__pluginlib__plugin/rov_mujoco_sim
[12.144s] -- Installing: /rov_ws/install/rov_mujoco_sim/share/rov_mujoco_sim/cmake/ament_cmake_export_libraries-extras.cmake
[12.144s] -- Installing: /rov_ws/install/rov_mujoco_sim/share/rov_mujoco_sim/cmake/ament_cmake_export_dependencies-extras.cmake
[12.144s] -- Installing: /rov_ws/install/rov_mujoco_sim/share/rov_mujoco_sim/cmake/rov_mujoco_simConfig.cmake
[12.144s] -- Installing: /rov_ws/install/rov_mujoco_sim/share/rov_mujoco_sim/cmake/rov_mujoco_simConfig-version.cmake
[12.144s] -- Installing: /rov_ws/install/rov_mujoco_sim/share/rov_mujoco_sim/package.xml
[12.147s] Invoked command in '/rov_ws/build/rov_mujoco_sim' returned '0': CMAKE_PREFIX_PATH=/opt/ros/humble /usr/bin/cmake --install /rov_ws/build/rov_mujoco_sim
