[0.023s] Invoking command in '/home/eia/repo/rbi_2025_2/rov/rov_ws/build/rov_mujoco_bringup': CMAKE_PREFIX_PATH=${CMAKE_PREFIX_PATH}:/home/eia/repo/rbi_2025_2/scara/scara_ws/install/scara_mujoco:/opt/ros/humble /usr/bin/cmake /home/eia/repo/rbi_2025_2/rov/rov_ws/src/rov_mujoco_bringup -DCMAKE_INSTALL_PREFIX=/home/eia/repo/rbi_2025_2/rov/rov_ws/install/rov_mujoco_bringup
[0.087s] -- The C compiler identification is GNU 11.4.0
[0.153s] -- The CXX compiler identification is GNU 11.4.0
[0.163s] -- Detecting C compiler ABI info
[0.242s] -- Detecting C compiler ABI info - done
[0.253s] -- Check for working C compiler: /usr/bin/cc - skipped
[0.254s] -- Detecting C compile features
[0.254s] -- Detecting C compile features - done
[0.259s] -- Detecting CXX compiler ABI info
[0.361s] -- Detecting CXX compiler ABI info - done
[0.373s] -- Check for working CXX compiler: /usr/bin/c++ - skipped
[0.373s] -- Detecting CXX compile features
[0.374s] -- Detecting CXX compile features - done
[0.377s] -- Found ament_cmake: 1.3.12 (/opt/ros/humble/share/ament_cmake/cmake)
[0.841s] -- Found Python3: /usr/bin/python3 (found version "3.10.12") found components: Interpreter 
[0.972s] -- Found rclcpp: 16.0.14 (/opt/ros/humble/share/rclcpp/cmake)
[1.036s] -- Found rosidl_generator_c: 3.1.7 (/opt/ros/humble/share/rosidl_generator_c/cmake)
[1.044s] -- Found rosidl_adapter: 3.1.7 (/opt/ros/humble/share/rosidl_adapter/cmake)
[1.055s] -- Found rosidl_generator_cpp: 3.1.7 (/opt/ros/humble/share/rosidl_generator_cpp/cmake)
[1.072s] -- Using all available rosidl_typesupport_c: rosidl_typesupport_fastrtps_c;rosidl_typesupport_introspection_c
[1.094s] -- Using all available rosidl_typesupport_cpp: rosidl_typesupport_fastrtps_cpp;rosidl_typesupport_introspection_cpp
[1.160s] -- Found rmw_implementation_cmake: 6.1.2 (/opt/ros/humble/share/rmw_implementation_cmake/cmake)
[1.164s] -- Found rmw_fastrtps_cpp: 6.2.8 (/opt/ros/humble/share/rmw_fastrtps_cpp/cmake)
[1.267s] -- Found OpenSSL: /usr/lib/x86_64-linux-gnu/libcrypto.so (found version "3.0.2")  
[1.300s] -- Found FastRTPS: /opt/ros/humble/include  
[1.353s] -- Using RMW implementation 'rmw_fastrtps_cpp' as default
[1.367s] -- Looking for pthread.h
[1.447s] -- Looking for pthread.h - found
[1.448s] -- Performing Test CMAKE_HAVE_LIBC_PTHREAD
[1.529s] -- Performing Test CMAKE_HAVE_LIBC_PTHREAD - Success
[1.531s] -- Found Threads: TRUE  
[1.688s] -- Configuring done
[1.692s] -- Generating done
[1.694s] -- Build files have been written to: /home/eia/repo/rbi_2025_2/rov/rov_ws/build/rov_mujoco_bringup
[1.704s] Invoked command in '/home/eia/repo/rbi_2025_2/rov/rov_ws/build/rov_mujoco_bringup' returned '0': CMAKE_PREFIX_PATH=${CMAKE_PREFIX_PATH}:/home/eia/repo/rbi_2025_2/scara/scara_ws/install/scara_mujoco:/opt/ros/humble /usr/bin/cmake /home/eia/repo/rbi_2025_2/rov/rov_ws/src/rov_mujoco_bringup -DCMAKE_INSTALL_PREFIX=/home/eia/repo/rbi_2025_2/rov/rov_ws/install/rov_mujoco_bringup
[1.706s] Invoking command in '/home/eia/repo/rbi_2025_2/rov/rov_ws/build/rov_mujoco_bringup': CMAKE_PREFIX_PATH=${CMAKE_PREFIX_PATH}:/home/eia/repo/rbi_2025_2/scara/scara_ws/install/scara_mujoco:/opt/ros/humble /usr/bin/cmake --build /home/eia/repo/rbi_2025_2/rov/rov_ws/build/rov_mujoco_bringup -- -j12 -l12
[1.744s] Invoked command in '/home/eia/repo/rbi_2025_2/rov/rov_ws/build/rov_mujoco_bringup' returned '0': CMAKE_PREFIX_PATH=${CMAKE_PREFIX_PATH}:/home/eia/repo/rbi_2025_2/scara/scara_ws/install/scara_mujoco:/opt/ros/humble /usr/bin/cmake --build /home/eia/repo/rbi_2025_2/rov/rov_ws/build/rov_mujoco_bringup -- -j12 -l12
[1.746s] Invoking command in '/home/eia/repo/rbi_2025_2/rov/rov_ws/build/rov_mujoco_bringup': CMAKE_PREFIX_PATH=${CMAKE_PREFIX_PATH}:/home/eia/repo/rbi_2025_2/scara/scara_ws/install/scara_mujoco:/opt/ros/humble /usr/bin/cmake --install /home/eia/repo/rbi_2025_2/rov/rov_ws/build/rov_mujoco_bringup
[1.754s] -- Install configuration: ""
[1.754s] -- Installing: /home/eia/repo/rbi_2025_2/rov/rov_ws/install/rov_mujoco_bringup/share/rov_mujoco_bringup//config
[1.754s] -- Installing: /home/eia/repo/rbi_2025_2/rov/rov_ws/install/rov_mujoco_bringup/share/rov_mujoco_bringup//config/rov_controllers.yaml
[1.755s] -- Installing: /home/eia/repo/rbi_2025_2/rov/rov_ws/install/rov_mujoco_bringup/share/rov_mujoco_bringup//launch
[1.755s] -- Installing: /home/eia/repo/rbi_2025_2/rov/rov_ws/install/rov_mujoco_bringup/share/rov_mujoco_bringup//launch/rov_bringup_launch.launch.xml
[1.755s] -- Installing: /home/eia/repo/rbi_2025_2/rov/rov_ws/install/rov_mujoco_bringup/share/ament_index/resource_index/package_run_dependencies/rov_mujoco_bringup
[1.755s] -- Installing: /home/eia/repo/rbi_2025_2/rov/rov_ws/install/rov_mujoco_bringup/share/ament_index/resource_index/parent_prefix_path/rov_mujoco_bringup
[1.755s] -- Installing: /home/eia/repo/rbi_2025_2/rov/rov_ws/install/rov_mujoco_bringup/share/rov_mujoco_bringup/environment/ament_prefix_path.sh
[1.756s] -- Installing: /home/eia/repo/rbi_2025_2/rov/rov_ws/install/rov_mujoco_bringup/share/rov_mujoco_bringup/environment/ament_prefix_path.dsv
[1.756s] -- Installing: /home/eia/repo/rbi_2025_2/rov/rov_ws/install/rov_mujoco_bringup/share/rov_mujoco_bringup/environment/path.sh
[1.756s] -- Installing: /home/eia/repo/rbi_2025_2/rov/rov_ws/install/rov_mujoco_bringup/share/rov_mujoco_bringup/environment/path.dsv
[1.756s] -- Installing: /home/eia/repo/rbi_2025_2/rov/rov_ws/install/rov_mujoco_bringup/share/rov_mujoco_bringup/local_setup.bash
[1.756s] -- Installing: /home/eia/repo/rbi_2025_2/rov/rov_ws/install/rov_mujoco_bringup/share/rov_mujoco_bringup/local_setup.sh
[1.756s] -- Installing: /home/eia/repo/rbi_2025_2/rov/rov_ws/install/rov_mujoco_bringup/share/rov_mujoco_bringup/local_setup.zsh
[1.757s] -- Installing: /home/eia/repo/rbi_2025_2/rov/rov_ws/install/rov_mujoco_bringup/share/rov_mujoco_bringup/local_setup.dsv
[1.757s] -- Installing: /home/eia/repo/rbi_2025_2/rov/rov_ws/install/rov_mujoco_bringup/share/rov_mujoco_bringup/package.dsv
[1.757s] -- Installing: /home/eia/repo/rbi_2025_2/rov/rov_ws/install/rov_mujoco_bringup/share/ament_index/resource_index/packages/rov_mujoco_bringup
[1.757s] -- Installing: /home/eia/repo/rbi_2025_2/rov/rov_ws/install/rov_mujoco_bringup/share/rov_mujoco_bringup/cmake/rov_mujoco_bringupConfig.cmake
[1.757s] -- Installing: /home/eia/repo/rbi_2025_2/rov/rov_ws/install/rov_mujoco_bringup/share/rov_mujoco_bringup/cmake/rov_mujoco_bringupConfig-version.cmake
[1.757s] -- Installing: /home/eia/repo/rbi_2025_2/rov/rov_ws/install/rov_mujoco_bringup/share/rov_mujoco_bringup/package.xml
[1.760s] Invoked command in '/home/eia/repo/rbi_2025_2/rov/rov_ws/build/rov_mujoco_bringup' returned '0': CMAKE_PREFIX_PATH=${CMAKE_PREFIX_PATH}:/home/eia/repo/rbi_2025_2/scara/scara_ws/install/scara_mujoco:/opt/ros/humble /usr/bin/cmake --install /home/eia/repo/rbi_2025_2/rov/rov_ws/build/rov_mujoco_bringup
