[0.447s] Invoking command in '/scara_ws/build/scara_mujoco_sim': CMAKE_PREFIX_PATH=/opt/ros/humble /usr/bin/cmake --build /scara_ws/build/scara_mujoco_sim -- -j12 -l12
[0.476s] -- Found ament_cmake: 1.3.12 (/opt/ros/humble/share/ament_cmake/cmake)
[0.601s] -- Found rclcpp: 16.0.14 (/opt/ros/humble/share/rclcpp/cmake)
[0.628s] -- Found rosidl_generator_c: 3.1.7 (/opt/ros/humble/share/rosidl_generator_c/cmake)
[0.630s] -- Found rosidl_adapter: 3.1.7 (/opt/ros/humble/share/rosidl_adapter/cmake)
[0.636s] -- Found rosidl_generator_cpp: 3.1.7 (/opt/ros/humble/share/rosidl_generator_cpp/cmake)
[0.645s] -- Using all available rosidl_typesupport_c: rosidl_typesupport_fastrtps_c;rosidl_typesupport_introspection_c
[0.658s] -- Using all available rosidl_typesupport_cpp: rosidl_typesupport_fastrtps_cpp;rosidl_typesupport_introspection_cpp
[0.697s] -- Found rmw_implementation_cmake: 6.1.2 (/opt/ros/humble/share/rmw_implementation_cmake/cmake)
[0.698s] -- Found rmw_fastrtps_cpp: 6.2.8 (/opt/ros/humble/share/rmw_fastrtps_cpp/cmake)
[0.806s] -- Using RMW implementation 'rmw_fastrtps_cpp' as default
[0.858s] -- Found rclcpp_lifecycle: 16.0.14 (/opt/ros/humble/share/rclcpp_lifecycle/cmake)
[0.871s] -- Found pluginlib: 5.1.0 (/opt/ros/humble/share/pluginlib/cmake)
[0.888s] -- Found geometry_msgs: 4.9.0 (/opt/ros/humble/share/geometry_msgs/cmake)
[0.900s] -- Found hardware_interface: 2.51.0 (/opt/ros/humble/share/hardware_interface/cmake)
[0.980s] [31mCMake Error at CMakeLists.txt:38 (add_library):
[0.980s]   add_library cannot create target "scara_mujoco_sim" because another target
[0.980s]   with the same name already exists.  The existing target is an executable
[0.980s]   created in source directory "/scara_ws/src/scara_mujoco_sim".  See
[0.980s]   documentation for policy CMP0002 for more details.
[0.980s] 
[0.980s] [0m
[1.046s] -- Configuring incomplete, errors occurred!
[1.046s] See also "/scara_ws/build/scara_mujoco_sim/CMakeFiles/CMakeOutput.log".
[1.050s] gmake: *** [Makefile:267: cmake_check_build_system] Error 1
