[2.137s] Invoking command in '/home/eia/repo/rbi_2025_2/rov/rov_ws/build/rov_attitude_controller': PYTHONPATH=/home/eia/repo/rbi_2025_2/rov/rov_ws/build/rov_attitude_controller/prefix_override:/home/eia/.local/lib/python3.10/site-packages/colcon_core/task/python/colcon_distutils_commands:/home/eia/repo/rbi_2025_2/rov/rov_ws/install/rov_attitude_controller/lib/python3.10/site-packages:${PYTHONPATH} /usr/bin/python3 -W ignore:setup.py install is deprecated -W ignore:easy_install command is deprecated setup.py develop --editable --build-directory /home/eia/repo/rbi_2025_2/rov/rov_ws/build/rov_attitude_controller/build --no-deps symlink_data
[2.636s] running develop
[2.890s] running egg_info
[2.890s] creating rov_attitude_controller.egg-info
[2.890s] writing rov_attitude_controller.egg-info/PKG-INFO
[2.890s] writing dependency_links to rov_attitude_controller.egg-info/dependency_links.txt
[2.890s] writing entry points to rov_attitude_controller.egg-info/entry_points.txt
[2.890s] writing requirements to rov_attitude_controller.egg-info/requires.txt
[2.890s] writing top-level names to rov_attitude_controller.egg-info/top_level.txt
[2.891s] writing manifest file 'rov_attitude_controller.egg-info/SOURCES.txt'
[2.892s] reading manifest file 'rov_attitude_controller.egg-info/SOURCES.txt'
[2.893s] writing manifest file 'rov_attitude_controller.egg-info/SOURCES.txt'
[2.942s] running build_ext
[2.942s] Creating /home/eia/repo/rbi_2025_2/rov/rov_ws/install/rov_attitude_controller/lib/python3.10/site-packages/rov-attitude-controller.egg-link (link to .)
[2.943s] Installing rov_attitude_controller script to /home/eia/repo/rbi_2025_2/rov/rov_ws/install/rov_attitude_controller/lib/rov_attitude_controller
[2.944s] 
[2.944s] Installed /home/eia/repo/rbi_2025_2/rov/rov_ws/build/rov_attitude_controller
[2.944s] running symlink_data
[2.944s] creating /home/eia/repo/rbi_2025_2/rov/rov_ws/install/rov_attitude_controller/share/ament_index
[2.944s] creating /home/eia/repo/rbi_2025_2/rov/rov_ws/install/rov_attitude_controller/share/ament_index/resource_index
[2.944s] creating /home/eia/repo/rbi_2025_2/rov/rov_ws/install/rov_attitude_controller/share/ament_index/resource_index/packages
[2.944s] symbolically linking /home/eia/repo/rbi_2025_2/rov/rov_ws/build/rov_attitude_controller/resource/rov_attitude_controller -> /home/eia/repo/rbi_2025_2/rov/rov_ws/install/rov_attitude_controller/share/ament_index/resource_index/packages
[2.944s] symbolically linking /home/eia/repo/rbi_2025_2/rov/rov_ws/build/rov_attitude_controller/package.xml -> /home/eia/repo/rbi_2025_2/rov/rov_ws/install/rov_attitude_controller/share/rov_attitude_controller
[2.945s] creating /home/eia/repo/rbi_2025_2/rov/rov_ws/install/rov_attitude_controller/share/rov_attitude_controller/launch
[2.945s] creating /home/eia/repo/rbi_2025_2/rov/rov_ws/install/rov_attitude_controller/share/rov_attitude_controller/descriptions
[2.945s] creating /home/eia/repo/rbi_2025_2/rov/rov_ws/install/rov_attitude_controller/share/rov_attitude_controller/config
[3.029s] Invoked command in '/home/eia/repo/rbi_2025_2/rov/rov_ws/build/rov_attitude_controller' returned '0': PYTHONPATH=/home/eia/repo/rbi_2025_2/rov/rov_ws/build/rov_attitude_controller/prefix_override:/home/eia/.local/lib/python3.10/site-packages/colcon_core/task/python/colcon_distutils_commands:/home/eia/repo/rbi_2025_2/rov/rov_ws/install/rov_attitude_controller/lib/python3.10/site-packages:${PYTHONPATH} /usr/bin/python3 -W ignore:setup.py install is deprecated -W ignore:easy_install command is deprecated setup.py develop --editable --build-directory /home/eia/repo/rbi_2025_2/rov/rov_ws/build/rov_attitude_controller/build --no-deps symlink_data
