[0.034s] Invoking command in '/home/eia/repo/rbi_2025_2/abb/abb_bridge/build/abb_irb1200_support': CMAKE_PREFIX_PATH=/opt/ros/humble /usr/bin/cmake /home/eia/repo/rbi_2025_2/abb/abb_bridge/src/abb_ros2/robot_specific_config/abb_irb1200_support -DCMAKE_INSTALL_PREFIX=/home/eia/repo/rbi_2025_2/abb/abb_bridge/install/abb_irb1200_support
[0.103s] -- The C compiler identification is GNU 11.4.0
[0.185s] -- The CXX compiler identification is GNU 11.4.0
[0.194s] -- Detecting C compiler ABI info
[0.276s] -- Detecting C compiler ABI info - done
[0.287s] -- Check for working C compiler: /usr/bin/cc - skipped
[0.287s] -- Detecting C compile features
[0.287s] -- Detecting C compile features - done
[0.290s] -- Detecting CXX compiler ABI info
[0.390s] -- Detecting CXX compiler ABI info - done
[0.405s] -- Check for working CXX compiler: /usr/bin/c++ - skipped
[0.405s] -- Detecting CXX compile features
[0.406s] -- Detecting CXX compile features - done
[0.409s] -- Found ament_cmake: 1.3.12 (/opt/ros/humble/share/ament_cmake/cmake)
[1.066s] -- Found Python3: /usr/bin/python3 (found version "3.10.12") found components: Interpreter 
[1.484s] -- Configuring done
[1.488s] -- Generating done
[1.491s] -- Build files have been written to: /home/eia/repo/rbi_2025_2/abb/abb_bridge/build/abb_irb1200_support
[1.497s] Invoked command in '/home/eia/repo/rbi_2025_2/abb/abb_bridge/build/abb_irb1200_support' returned '0': CMAKE_PREFIX_PATH=/opt/ros/humble /usr/bin/cmake /home/eia/repo/rbi_2025_2/abb/abb_bridge/src/abb_ros2/robot_specific_config/abb_irb1200_support -DCMAKE_INSTALL_PREFIX=/home/eia/repo/rbi_2025_2/abb/abb_bridge/install/abb_irb1200_support
[1.503s] Invoking command in '/home/eia/repo/rbi_2025_2/abb/abb_bridge/build/abb_irb1200_support': CMAKE_PREFIX_PATH=/opt/ros/humble /usr/bin/cmake --build /home/eia/repo/rbi_2025_2/abb/abb_bridge/build/abb_irb1200_support -- -j12 -l12
[1.628s] Invoked command in '/home/eia/repo/rbi_2025_2/abb/abb_bridge/build/abb_irb1200_support' returned '0': CMAKE_PREFIX_PATH=/opt/ros/humble /usr/bin/cmake --build /home/eia/repo/rbi_2025_2/abb/abb_bridge/build/abb_irb1200_support -- -j12 -l12
[1.629s] Invoking command in '/home/eia/repo/rbi_2025_2/abb/abb_bridge/build/abb_irb1200_support': CMAKE_PREFIX_PATH=/opt/ros/humble /usr/bin/cmake --install /home/eia/repo/rbi_2025_2/abb/abb_bridge/build/abb_irb1200_support
[1.651s] -- Install configuration: ""
[1.652s] -- Installing: /home/eia/repo/rbi_2025_2/abb/abb_bridge/install/abb_irb1200_support/share/ament_index/resource_index/package_run_dependencies/abb_irb1200_support
[1.652s] -- Installing: /home/eia/repo/rbi_2025_2/abb/abb_bridge/install/abb_irb1200_support/share/ament_index/resource_index/parent_prefix_path/abb_irb1200_support
[1.652s] -- Installing: /home/eia/repo/rbi_2025_2/abb/abb_bridge/install/abb_irb1200_support/share/abb_irb1200_support/environment/ament_prefix_path.sh
[1.652s] -- Installing: /home/eia/repo/rbi_2025_2/abb/abb_bridge/install/abb_irb1200_support/share/abb_irb1200_support/environment/ament_prefix_path.dsv
[1.652s] -- Installing: /home/eia/repo/rbi_2025_2/abb/abb_bridge/install/abb_irb1200_support/share/abb_irb1200_support/environment/path.sh
[1.652s] -- Installing: /home/eia/repo/rbi_2025_2/abb/abb_bridge/install/abb_irb1200_support/share/abb_irb1200_support/environment/path.dsv
[1.673s] -- Installing: /home/eia/repo/rbi_2025_2/abb/abb_bridge/install/abb_irb1200_support/share/abb_irb1200_support/local_setup.bash
[1.673s] -- Installing: /home/eia/repo/rbi_2025_2/abb/abb_bridge/install/abb_irb1200_support/share/abb_irb1200_support/local_setup.sh
[1.673s] -- Installing: /home/eia/repo/rbi_2025_2/abb/abb_bridge/install/abb_irb1200_support/share/abb_irb1200_support/local_setup.zsh
[1.673s] -- Installing: /home/eia/repo/rbi_2025_2/abb/abb_bridge/install/abb_irb1200_support/share/abb_irb1200_support/local_setup.dsv
[1.674s] -- Installing: /home/eia/repo/rbi_2025_2/abb/abb_bridge/install/abb_irb1200_support/share/abb_irb1200_support/package.dsv
[1.674s] -- Installing: /home/eia/repo/rbi_2025_2/abb/abb_bridge/install/abb_irb1200_support/share/ament_index/resource_index/packages/abb_irb1200_support
[1.674s] -- Installing: /home/eia/repo/rbi_2025_2/abb/abb_bridge/install/abb_irb1200_support/share/abb_irb1200_support/cmake/abb_irb1200_supportConfig.cmake
[1.674s] -- Installing: /home/eia/repo/rbi_2025_2/abb/abb_bridge/install/abb_irb1200_support/share/abb_irb1200_support/cmake/abb_irb1200_supportConfig-version.cmake
[1.674s] -- Installing: /home/eia/repo/rbi_2025_2/abb/abb_bridge/install/abb_irb1200_support/share/abb_irb1200_support/package.xml
[1.674s] -- Installing: /home/eia/repo/rbi_2025_2/abb/abb_bridge/install/abb_irb1200_support/share/abb_irb1200_support/launch
[1.674s] -- Installing: /home/eia/repo/rbi_2025_2/abb/abb_bridge/install/abb_irb1200_support/share/abb_irb1200_support/launch/view_robot.launch.py
[1.675s] -- Installing: /home/eia/repo/rbi_2025_2/abb/abb_bridge/install/abb_irb1200_support/share/abb_irb1200_support/meshes
[1.675s] -- Installing: /home/eia/repo/rbi_2025_2/abb/abb_bridge/install/abb_irb1200_support/share/abb_irb1200_support/meshes/irb1200_5_90
[1.675s] -- Installing: /home/eia/repo/rbi_2025_2/abb/abb_bridge/install/abb_irb1200_support/share/abb_irb1200_support/meshes/irb1200_5_90/visual
[1.678s] -- Installing: /home/eia/repo/rbi_2025_2/abb/abb_bridge/install/abb_irb1200_support/share/abb_irb1200_support/meshes/irb1200_5_90/visual/base_link.dae
[1.679s] -- Installing: /home/eia/repo/rbi_2025_2/abb/abb_bridge/install/abb_irb1200_support/share/abb_irb1200_support/meshes/irb1200_5_90/visual/link_3.dae
[1.695s] -- Installing: /home/eia/repo/rbi_2025_2/abb/abb_bridge/install/abb_irb1200_support/share/abb_irb1200_support/meshes/irb1200_5_90/visual/link_2.dae
[1.696s] -- Installing: /home/eia/repo/rbi_2025_2/abb/abb_bridge/install/abb_irb1200_support/share/abb_irb1200_support/meshes/irb1200_5_90/visual/link_5.dae
[1.696s] -- Installing: /home/eia/repo/rbi_2025_2/abb/abb_bridge/install/abb_irb1200_support/share/abb_irb1200_support/meshes/irb1200_5_90/visual/link_1.dae
[1.712s] -- Installing: /home/eia/repo/rbi_2025_2/abb/abb_bridge/install/abb_irb1200_support/share/abb_irb1200_support/meshes/irb1200_5_90/visual/link_4.dae
[1.713s] -- Installing: /home/eia/repo/rbi_2025_2/abb/abb_bridge/install/abb_irb1200_support/share/abb_irb1200_support/meshes/irb1200_5_90/visual/link_6.dae
[1.713s] -- Installing: /home/eia/repo/rbi_2025_2/abb/abb_bridge/install/abb_irb1200_support/share/abb_irb1200_support/meshes/irb1200_5_90/collision
[1.713s] -- Installing: /home/eia/repo/rbi_2025_2/abb/abb_bridge/install/abb_irb1200_support/share/abb_irb1200_support/meshes/irb1200_5_90/collision/link_2.stl
[1.713s] -- Installing: /home/eia/repo/rbi_2025_2/abb/abb_bridge/install/abb_irb1200_support/share/abb_irb1200_support/meshes/irb1200_5_90/collision/link_6.stl
[1.713s] -- Installing: /home/eia/repo/rbi_2025_2/abb/abb_bridge/install/abb_irb1200_support/share/abb_irb1200_support/meshes/irb1200_5_90/collision/link_3.stl
[1.713s] -- Installing: /home/eia/repo/rbi_2025_2/abb/abb_bridge/install/abb_irb1200_support/share/abb_irb1200_support/meshes/irb1200_5_90/collision/link_5.stl
[1.713s] -- Installing: /home/eia/repo/rbi_2025_2/abb/abb_bridge/install/abb_irb1200_support/share/abb_irb1200_support/meshes/irb1200_5_90/collision/link_4.stl
[1.713s] -- Installing: /home/eia/repo/rbi_2025_2/abb/abb_bridge/install/abb_irb1200_support/share/abb_irb1200_support/meshes/irb1200_5_90/collision/base_link.stl
[1.714s] -- Installing: /home/eia/repo/rbi_2025_2/abb/abb_bridge/install/abb_irb1200_support/share/abb_irb1200_support/meshes/irb1200_5_90/collision/link_1.stl
[1.714s] -- Installing: /home/eia/repo/rbi_2025_2/abb/abb_bridge/install/abb_irb1200_support/share/abb_irb1200_support/rviz
[1.714s] -- Installing: /home/eia/repo/rbi_2025_2/abb/abb_bridge/install/abb_irb1200_support/share/abb_irb1200_support/rviz/urdf_description.rviz
[1.714s] -- Installing: /home/eia/repo/rbi_2025_2/abb/abb_bridge/install/abb_irb1200_support/share/abb_irb1200_support/urdf
[1.714s] -- Installing: /home/eia/repo/rbi_2025_2/abb/abb_bridge/install/abb_irb1200_support/share/abb_irb1200_support/urdf/irb1200_5_90_macro.xacro
[1.714s] -- Installing: /home/eia/repo/rbi_2025_2/abb/abb_bridge/install/abb_irb1200_support/share/abb_irb1200_support/urdf/irb1200.ros2_control.xacro
[1.714s] -- Installing: /home/eia/repo/rbi_2025_2/abb/abb_bridge/install/abb_irb1200_support/share/abb_irb1200_support/urdf/irb1200_5_90.xacro
[1.735s] Invoked command in '/home/eia/repo/rbi_2025_2/abb/abb_bridge/build/abb_irb1200_support' returned '0': CMAKE_PREFIX_PATH=/opt/ros/humble /usr/bin/cmake --install /home/eia/repo/rbi_2025_2/abb/abb_bridge/build/abb_irb1200_support
