[0.032s] Invoking command in '/home/eia/repo/rbi_2025_2/abb/abb_bridge/build/abb_rapid_msgs': CMAKE_PREFIX_PATH=/opt/ros/humble /usr/bin/cmake /home/eia/repo/rbi_2025_2/abb/abb_bridge/src/abb_ros2_msgs/abb_rapid_msgs -DCMAKE_INSTALL_PREFIX=/home/eia/repo/rbi_2025_2/abb/abb_bridge/install/abb_rapid_msgs
[0.095s] -- The C compiler identification is GNU 11.4.0
[0.168s] -- The CXX compiler identification is GNU 11.4.0
[0.176s] -- Detecting C compiler ABI info
[0.252s] -- Detecting C compiler ABI info - done
[0.266s] -- Check for working C compiler: /usr/bin/cc - skipped
[0.266s] -- Detecting C compile features
[0.266s] -- Detecting C compile features - done
[0.270s] -- Detecting CXX compiler ABI info
[0.352s] -- Detecting CXX compiler ABI info - done
[0.367s] -- Check for working CXX compiler: /usr/bin/c++ - skipped
[0.367s] -- Detecting CXX compile features
[0.368s] -- Detecting CXX compile features - done
[0.372s] -- Found rosidl_default_generators: 1.2.0 (/opt/ros/humble/share/rosidl_default_generators/cmake)
[0.375s] -- Found ament_cmake_core: 1.3.12 (/opt/ros/humble/share/ament_cmake_core/cmake)
[1.068s] -- Found Python3: /usr/bin/python3 (found version "3.10.12") found components: Interpreter 
[1.187s] -- Using all available rosidl_typesupport_c: rosidl_typesupport_fastrtps_c;rosidl_typesupport_introspection_c
[1.215s] -- Found rosidl_adapter: 3.1.7 (/opt/ros/humble/share/rosidl_adapter/cmake)
[1.367s] -- Using all available rosidl_typesupport_cpp: rosidl_typesupport_fastrtps_cpp;rosidl_typesupport_introspection_cpp
[2.690s] -- Found ament_cmake_ros: 0.10.0 (/opt/ros/humble/share/ament_cmake_ros/cmake)
[3.224s] -- Using all available rosidl_typesupport_c: rosidl_typesupport_fastrtps_c;rosidl_typesupport_introspection_c
[3.965s] -- Using all available rosidl_typesupport_cpp: rosidl_typesupport_fastrtps_cpp;rosidl_typesupport_introspection_cpp
[4.005s] -- Found PythonInterp: /usr/bin/python3 (found suitable version "3.10.12", minimum required is "3.6") 
[4.009s] -- Found python_cmake_module: 0.10.0 (/opt/ros/humble/share/python_cmake_module/cmake)
[4.063s] -- Found PythonLibs: /usr/lib/x86_64-linux-gnu/libpython3.10.so (found suitable version "3.10.12", minimum required is "3.5") 
[4.064s] -- Using PYTHON_EXECUTABLE: /usr/bin/python3
[4.065s] -- Using PYTHON_INCLUDE_DIRS: /usr/include/python3.10
[4.065s] -- Using PYTHON_LIBRARIES: /usr/lib/x86_64-linux-gnu/libpython3.10.so
[4.140s] -- Found PythonExtra: .so  
[4.277s] -- Configuring done
[4.431s] -- Generating done
[4.467s] -- Build files have been written to: /home/eia/repo/rbi_2025_2/abb/abb_bridge/build/abb_rapid_msgs
[4.533s] Invoked command in '/home/eia/repo/rbi_2025_2/abb/abb_bridge/build/abb_rapid_msgs' returned '0': CMAKE_PREFIX_PATH=/opt/ros/humble /usr/bin/cmake /home/eia/repo/rbi_2025_2/abb/abb_bridge/src/abb_ros2_msgs/abb_rapid_msgs -DCMAKE_INSTALL_PREFIX=/home/eia/repo/rbi_2025_2/abb/abb_bridge/install/abb_rapid_msgs
[4.534s] Invoking command in '/home/eia/repo/rbi_2025_2/abb/abb_bridge/build/abb_rapid_msgs': CMAKE_PREFIX_PATH=/opt/ros/humble /usr/bin/cmake --build /home/eia/repo/rbi_2025_2/abb/abb_bridge/build/abb_rapid_msgs -- -j12 -l12
[4.643s] [  1%] [34m[1mGenerating C code for ROS interfaces[0m
[4.666s] [  1%] [34m[1mGenerating C++ code for ROS interfaces[0m
[4.713s] [  1%] Built target ament_cmake_python_copy_abb_rapid_msgs
[5.437s] running egg_info
[5.439s] creating abb_rapid_msgs.egg-info
[5.478s] writing abb_rapid_msgs.egg-info/PKG-INFO
[5.479s] writing dependency_links to abb_rapid_msgs.egg-info/dependency_links.txt
[5.480s] writing top-level names to abb_rapid_msgs.egg-info/top_level.txt
[5.481s] writing manifest file 'abb_rapid_msgs.egg-info/SOURCES.txt'
[5.607s] reading manifest file 'abb_rapid_msgs.egg-info/SOURCES.txt'
[5.608s] writing manifest file 'abb_rapid_msgs.egg-info/SOURCES.txt'
[5.666s] [  1%] Built target ament_cmake_python_build_abb_rapid_msgs_egg
[7.870s] [  2%] [32mBuilding C object CMakeFiles/abb_rapid_msgs__rosidl_generator_c.dir/rosidl_generator_c/abb_rapid_msgs/msg/detail/conf_data__functions.c.o[0m
[7.883s] [  3%] [32mBuilding C object CMakeFiles/abb_rapid_msgs__rosidl_generator_c.dir/rosidl_generator_c/abb_rapid_msgs/msg/detail/ext_joint__functions.c.o[0m
[7.884s] [  4%] [32mBuilding C object CMakeFiles/abb_rapid_msgs__rosidl_generator_c.dir/rosidl_generator_c/abb_rapid_msgs/msg/detail/load_data__functions.c.o[0m
[7.884s] [  6%] [32mBuilding C object CMakeFiles/abb_rapid_msgs__rosidl_generator_c.dir/rosidl_generator_c/abb_rapid_msgs/msg/detail/orient__functions.c.o[0m
[7.884s] [  5%] [32mBuilding C object CMakeFiles/abb_rapid_msgs__rosidl_generator_c.dir/rosidl_generator_c/abb_rapid_msgs/msg/detail/joint_target__functions.c.o[0m
[7.895s] [  7%] [32mBuilding C object CMakeFiles/abb_rapid_msgs__rosidl_generator_c.dir/rosidl_generator_c/abb_rapid_msgs/msg/detail/pos__functions.c.o[0m
[7.902s] [  8%] [32mBuilding C object CMakeFiles/abb_rapid_msgs__rosidl_generator_c.dir/rosidl_generator_c/abb_rapid_msgs/msg/detail/pose__functions.c.o[0m
[7.903s] [  8%] [32mBuilding C object CMakeFiles/abb_rapid_msgs__rosidl_generator_c.dir/rosidl_generator_c/abb_rapid_msgs/msg/detail/rob_joint__functions.c.o[0m
[7.904s] [  9%] [32mBuilding C object CMakeFiles/abb_rapid_msgs__rosidl_generator_c.dir/rosidl_generator_c/abb_rapid_msgs/msg/detail/w_obj_data__functions.c.o[0m
[7.906s] [ 10%] [32mBuilding C object CMakeFiles/abb_rapid_msgs__rosidl_generator_c.dir/rosidl_generator_c/abb_rapid_msgs/msg/detail/rob_target__functions.c.o[0m
[7.906s] [ 11%] [32mBuilding C object CMakeFiles/abb_rapid_msgs__rosidl_generator_c.dir/rosidl_generator_c/abb_rapid_msgs/msg/detail/tool_data__functions.c.o[0m
[8.089s] [ 12%] [32m[1mLinking C shared library libabb_rapid_msgs__rosidl_generator_c.so[0m
[8.152s] [ 12%] Built target abb_rapid_msgs__rosidl_generator_c
[8.179s] [ 14%] [34m[1mGenerating C introspection for ROS interfaces[0m
[8.183s] [ 13%] [34m[1mGenerating C type support dispatch for ROS interfaces[0m
[8.187s] [ 15%] [34m[1mGenerating C type support for eProsima Fast-RTPS[0m
[8.876s] [ 15%] Built target abb_rapid_msgs__cpp
[8.895s] [ 15%] [34m[1mGenerating C++ type support for eProsima Fast-RTPS[0m
[8.902s] [ 16%] [34m[1mGenerating C++ introspection for ROS interfaces[0m
[8.908s] [ 17%] [34m[1mGenerating C++ type support dispatch for ROS interfaces[0m
[10.795s] [ 18%] [32mBuilding CXX object CMakeFiles/abb_rapid_msgs__rosidl_typesupport_c.dir/rosidl_typesupport_c/abb_rapid_msgs/msg/conf_data__type_support.cpp.o[0m
[10.801s] [ 19%] [32mBuilding CXX object CMakeFiles/abb_rapid_msgs__rosidl_typesupport_c.dir/rosidl_typesupport_c/abb_rapid_msgs/msg/ext_joint__type_support.cpp.o[0m
[10.801s] [ 19%] [32mBuilding CXX object CMakeFiles/abb_rapid_msgs__rosidl_typesupport_c.dir/rosidl_typesupport_c/abb_rapid_msgs/msg/joint_target__type_support.cpp.o[0m
[10.812s] [ 20%] [32mBuilding CXX object CMakeFiles/abb_rapid_msgs__rosidl_typesupport_c.dir/rosidl_typesupport_c/abb_rapid_msgs/msg/orient__type_support.cpp.o[0m
[10.815s] [ 21%] [32mBuilding CXX object CMakeFiles/abb_rapid_msgs__rosidl_typesupport_c.dir/rosidl_typesupport_c/abb_rapid_msgs/msg/load_data__type_support.cpp.o[0m
[10.843s] [ 22%] [32mBuilding CXX object CMakeFiles/abb_rapid_msgs__rosidl_typesupport_c.dir/rosidl_typesupport_c/abb_rapid_msgs/msg/pos__type_support.cpp.o[0m
[10.853s] [ 23%] [32mBuilding CXX object CMakeFiles/abb_rapid_msgs__rosidl_typesupport_c.dir/rosidl_typesupport_c/abb_rapid_msgs/msg/pose__type_support.cpp.o[0m
[10.892s] [ 24%] [32mBuilding CXX object CMakeFiles/abb_rapid_msgs__rosidl_typesupport_c.dir/rosidl_typesupport_c/abb_rapid_msgs/msg/rob_joint__type_support.cpp.o[0m
[10.904s] [ 25%] [32mBuilding CXX object CMakeFiles/abb_rapid_msgs__rosidl_typesupport_c.dir/rosidl_typesupport_c/abb_rapid_msgs/msg/rob_target__type_support.cpp.o[0m
[10.911s] [ 26%] [32mBuilding CXX object CMakeFiles/abb_rapid_msgs__rosidl_typesupport_c.dir/rosidl_typesupport_c/abb_rapid_msgs/msg/tool_data__type_support.cpp.o[0m
[10.935s] [ 27%] [32mBuilding CXX object CMakeFiles/abb_rapid_msgs__rosidl_typesupport_c.dir/rosidl_typesupport_c/abb_rapid_msgs/msg/w_obj_data__type_support.cpp.o[0m
[10.968s] [ 28%] [32mBuilding CXX object CMakeFiles/abb_rapid_msgs__rosidl_typesupport_fastrtps_c.dir/rosidl_typesupport_fastrtps_c/abb_rapid_msgs/msg/detail/ext_joint__type_support_c.cpp.o[0m
[10.968s] [ 29%] [32mBuilding CXX object CMakeFiles/abb_rapid_msgs__rosidl_typesupport_fastrtps_c.dir/rosidl_typesupport_fastrtps_c/abb_rapid_msgs/msg/detail/conf_data__type_support_c.cpp.o[0m
[10.997s] [ 30%] [32mBuilding CXX object CMakeFiles/abb_rapid_msgs__rosidl_typesupport_fastrtps_c.dir/rosidl_typesupport_fastrtps_c/abb_rapid_msgs/msg/detail/joint_target__type_support_c.cpp.o[0m
[10.998s] [ 31%] [32mBuilding CXX object CMakeFiles/abb_rapid_msgs__rosidl_typesupport_fastrtps_c.dir/rosidl_typesupport_fastrtps_c/abb_rapid_msgs/msg/detail/load_data__type_support_c.cpp.o[0m
[10.998s] [ 31%] [32mBuilding CXX object CMakeFiles/abb_rapid_msgs__rosidl_typesupport_fastrtps_c.dir/rosidl_typesupport_fastrtps_c/abb_rapid_msgs/msg/detail/orient__type_support_c.cpp.o[0m
[11.011s] [ 32%] [32mBuilding CXX object CMakeFiles/abb_rapid_msgs__rosidl_typesupport_fastrtps_c.dir/rosidl_typesupport_fastrtps_c/abb_rapid_msgs/msg/detail/pos__type_support_c.cpp.o[0m
[11.027s] [ 33%] [32m[1mLinking CXX shared library libabb_rapid_msgs__rosidl_typesupport_c.so[0m
[11.029s] [ 34%] [32mBuilding CXX object CMakeFiles/abb_rapid_msgs__rosidl_typesupport_fastrtps_c.dir/rosidl_typesupport_fastrtps_c/abb_rapid_msgs/msg/detail/pose__type_support_c.cpp.o[0m
[11.128s] [ 34%] Built target abb_rapid_msgs__rosidl_typesupport_c
[11.158s] [ 35%] [32mBuilding CXX object CMakeFiles/abb_rapid_msgs__rosidl_typesupport_fastrtps_c.dir/rosidl_typesupport_fastrtps_c/abb_rapid_msgs/msg/detail/rob_joint__type_support_c.cpp.o[0m
[11.160s] [ 36%] [32mBuilding C object CMakeFiles/abb_rapid_msgs__rosidl_typesupport_introspection_c.dir/rosidl_typesupport_introspection_c/abb_rapid_msgs/msg/detail/conf_data__type_support.c.o[0m
[11.258s] [ 37%] [32mBuilding C object CMakeFiles/abb_rapid_msgs__rosidl_typesupport_introspection_c.dir/rosidl_typesupport_introspection_c/abb_rapid_msgs/msg/detail/ext_joint__type_support.c.o[0m
[11.348s] [ 38%] [32mBuilding C object CMakeFiles/abb_rapid_msgs__rosidl_typesupport_introspection_c.dir/rosidl_typesupport_introspection_c/abb_rapid_msgs/msg/detail/joint_target__type_support.c.o[0m
[11.390s] [ 39%] [32mBuilding CXX object CMakeFiles/abb_rapid_msgs__rosidl_typesupport_cpp.dir/rosidl_typesupport_cpp/abb_rapid_msgs/msg/conf_data__type_support.cpp.o[0m
[11.438s] [ 40%] [32mBuilding C object CMakeFiles/abb_rapid_msgs__rosidl_typesupport_introspection_c.dir/rosidl_typesupport_introspection_c/abb_rapid_msgs/msg/detail/load_data__type_support.c.o[0m
[11.556s] [ 41%] [32mBuilding C object CMakeFiles/abb_rapid_msgs__rosidl_typesupport_introspection_c.dir/rosidl_typesupport_introspection_c/abb_rapid_msgs/msg/detail/orient__type_support.c.o[0m
[11.616s] [ 42%] [32mBuilding C object CMakeFiles/abb_rapid_msgs__rosidl_typesupport_introspection_c.dir/rosidl_typesupport_introspection_c/abb_rapid_msgs/msg/detail/pos__type_support.c.o[0m
[11.696s] [ 42%] [32mBuilding C object CMakeFiles/abb_rapid_msgs__rosidl_typesupport_introspection_c.dir/rosidl_typesupport_introspection_c/abb_rapid_msgs/msg/detail/pose__type_support.c.o[0m
[11.742s] [ 43%] [32mBuilding C object CMakeFiles/abb_rapid_msgs__rosidl_typesupport_introspection_c.dir/rosidl_typesupport_introspection_c/abb_rapid_msgs/msg/detail/rob_joint__type_support.c.o[0m
[11.782s] [ 44%] [32mBuilding CXX object CMakeFiles/abb_rapid_msgs__rosidl_typesupport_fastrtps_c.dir/rosidl_typesupport_fastrtps_c/abb_rapid_msgs/msg/detail/rob_target__type_support_c.cpp.o[0m
[11.823s] [ 45%] [32mBuilding CXX object CMakeFiles/abb_rapid_msgs__rosidl_typesupport_cpp.dir/rosidl_typesupport_cpp/abb_rapid_msgs/msg/ext_joint__type_support.cpp.o[0m
[11.839s] [ 46%] [32mBuilding C object CMakeFiles/abb_rapid_msgs__rosidl_typesupport_introspection_c.dir/rosidl_typesupport_introspection_c/abb_rapid_msgs/msg/detail/rob_target__type_support.c.o[0m
[11.852s] [ 47%] [32mBuilding C object CMakeFiles/abb_rapid_msgs__rosidl_typesupport_introspection_c.dir/rosidl_typesupport_introspection_c/abb_rapid_msgs/msg/detail/tool_data__type_support.c.o[0m
[11.858s] [ 48%] [32mBuilding CXX object CMakeFiles/abb_rapid_msgs__rosidl_typesupport_cpp.dir/rosidl_typesupport_cpp/abb_rapid_msgs/msg/joint_target__type_support.cpp.o[0m
[11.858s] [ 49%] [32mBuilding CXX object CMakeFiles/abb_rapid_msgs__rosidl_typesupport_introspection_cpp.dir/rosidl_typesupport_introspection_cpp/abb_rapid_msgs/msg/detail/conf_data__type_support.cpp.o[0m
[11.928s] [ 50%] [32mBuilding CXX object CMakeFiles/abb_rapid_msgs__rosidl_typesupport_fastrtps_c.dir/rosidl_typesupport_fastrtps_c/abb_rapid_msgs/msg/detail/tool_data__type_support_c.cpp.o[0m
[11.947s] [ 51%] [32mBuilding C object CMakeFiles/abb_rapid_msgs__rosidl_typesupport_introspection_c.dir/rosidl_typesupport_introspection_c/abb_rapid_msgs/msg/detail/w_obj_data__type_support.c.o[0m
[11.991s] [ 51%] [32mBuilding CXX object CMakeFiles/abb_rapid_msgs__rosidl_typesupport_introspection_cpp.dir/rosidl_typesupport_introspection_cpp/abb_rapid_msgs/msg/detail/ext_joint__type_support.cpp.o[0m
[11.999s] [ 52%] [32mBuilding CXX object CMakeFiles/abb_rapid_msgs__rosidl_typesupport_fastrtps_c.dir/rosidl_typesupport_fastrtps_c/abb_rapid_msgs/msg/detail/w_obj_data__type_support_c.cpp.o[0m
[12.001s] [ 53%] [32mBuilding CXX object CMakeFiles/abb_rapid_msgs__rosidl_typesupport_cpp.dir/rosidl_typesupport_cpp/abb_rapid_msgs/msg/load_data__type_support.cpp.o[0m
[12.045s] [ 54%] [32m[1mLinking C shared library libabb_rapid_msgs__rosidl_typesupport_introspection_c.so[0m
[12.084s] [ 55%] [32mBuilding CXX object CMakeFiles/abb_rapid_msgs__rosidl_typesupport_cpp.dir/rosidl_typesupport_cpp/abb_rapid_msgs/msg/orient__type_support.cpp.o[0m
[12.149s] [ 55%] Built target abb_rapid_msgs__rosidl_typesupport_introspection_c
[12.172s] [ 56%] [32mBuilding CXX object CMakeFiles/abb_rapid_msgs__rosidl_typesupport_cpp.dir/rosidl_typesupport_cpp/abb_rapid_msgs/msg/pos__type_support.cpp.o[0m
[12.247s] [ 57%] [32mBuilding CXX object CMakeFiles/abb_rapid_msgs__rosidl_typesupport_cpp.dir/rosidl_typesupport_cpp/abb_rapid_msgs/msg/pose__type_support.cpp.o[0m
[12.432s] [ 58%] [32mBuilding CXX object CMakeFiles/abb_rapid_msgs__rosidl_typesupport_fastrtps_cpp.dir/rosidl_typesupport_fastrtps_cpp/abb_rapid_msgs/msg/detail/dds_fastrtps/conf_data__type_support.cpp.o[0m
[12.460s] [ 58%] [32mBuilding CXX object CMakeFiles/abb_rapid_msgs__rosidl_typesupport_cpp.dir/rosidl_typesupport_cpp/abb_rapid_msgs/msg/rob_joint__type_support.cpp.o[0m
[12.533s] [ 59%] [32mBuilding CXX object CMakeFiles/abb_rapid_msgs__rosidl_typesupport_introspection_cpp.dir/rosidl_typesupport_introspection_cpp/abb_rapid_msgs/msg/detail/joint_target__type_support.cpp.o[0m
[12.580s] [ 60%] [32mBuilding CXX object CMakeFiles/abb_rapid_msgs__rosidl_typesupport_cpp.dir/rosidl_typesupport_cpp/abb_rapid_msgs/msg/rob_target__type_support.cpp.o[0m
[12.688s] [ 61%] [32mBuilding CXX object CMakeFiles/abb_rapid_msgs__rosidl_typesupport_fastrtps_cpp.dir/rosidl_typesupport_fastrtps_cpp/abb_rapid_msgs/msg/detail/dds_fastrtps/ext_joint__type_support.cpp.o[0m
[12.734s] [ 62%] [32mBuilding CXX object CMakeFiles/abb_rapid_msgs__rosidl_typesupport_introspection_cpp.dir/rosidl_typesupport_introspection_cpp/abb_rapid_msgs/msg/detail/load_data__type_support.cpp.o[0m
[12.778s] [ 63%] [32mBuilding CXX object CMakeFiles/abb_rapid_msgs__rosidl_typesupport_fastrtps_cpp.dir/rosidl_typesupport_fastrtps_cpp/abb_rapid_msgs/msg/detail/dds_fastrtps/joint_target__type_support.cpp.o[0m
[12.796s] [ 64%] [32m[1mLinking CXX shared library libabb_rapid_msgs__rosidl_typesupport_fastrtps_c.so[0m
[12.817s] [ 65%] [32mBuilding CXX object CMakeFiles/abb_rapid_msgs__rosidl_typesupport_introspection_cpp.dir/rosidl_typesupport_introspection_cpp/abb_rapid_msgs/msg/detail/orient__type_support.cpp.o[0m
[12.857s] [ 66%] [32mBuilding CXX object CMakeFiles/abb_rapid_msgs__rosidl_typesupport_cpp.dir/rosidl_typesupport_cpp/abb_rapid_msgs/msg/tool_data__type_support.cpp.o[0m
[12.863s] [ 67%] [32mBuilding CXX object CMakeFiles/abb_rapid_msgs__rosidl_typesupport_fastrtps_cpp.dir/rosidl_typesupport_fastrtps_cpp/abb_rapid_msgs/msg/detail/dds_fastrtps/load_data__type_support.cpp.o[0m
[12.887s] [ 68%] [32mBuilding CXX object CMakeFiles/abb_rapid_msgs__rosidl_typesupport_cpp.dir/rosidl_typesupport_cpp/abb_rapid_msgs/msg/w_obj_data__type_support.cpp.o[0m
[13.062s] [ 68%] Built target abb_rapid_msgs__rosidl_typesupport_fastrtps_c
[13.091s] [ 69%] [32mBuilding CXX object CMakeFiles/abb_rapid_msgs__rosidl_typesupport_introspection_cpp.dir/rosidl_typesupport_introspection_cpp/abb_rapid_msgs/msg/detail/pos__type_support.cpp.o[0m
[13.217s] [ 70%] [32mBuilding CXX object CMakeFiles/abb_rapid_msgs__rosidl_typesupport_fastrtps_cpp.dir/rosidl_typesupport_fastrtps_cpp/abb_rapid_msgs/msg/detail/dds_fastrtps/orient__type_support.cpp.o[0m
[13.291s] [ 71%] [32mBuilding CXX object CMakeFiles/abb_rapid_msgs__rosidl_typesupport_introspection_cpp.dir/rosidl_typesupport_introspection_cpp/abb_rapid_msgs/msg/detail/pose__type_support.cpp.o[0m
[13.331s] [ 72%] [32mBuilding CXX object CMakeFiles/abb_rapid_msgs__rosidl_typesupport_fastrtps_cpp.dir/rosidl_typesupport_fastrtps_cpp/abb_rapid_msgs/msg/detail/dds_fastrtps/pos__type_support.cpp.o[0m
[13.409s] [ 73%] [32mBuilding CXX object CMakeFiles/abb_rapid_msgs__rosidl_typesupport_introspection_cpp.dir/rosidl_typesupport_introspection_cpp/abb_rapid_msgs/msg/detail/rob_joint__type_support.cpp.o[0m
[13.427s] [ 74%] [32mBuilding CXX object CMakeFiles/abb_rapid_msgs__rosidl_typesupport_fastrtps_cpp.dir/rosidl_typesupport_fastrtps_cpp/abb_rapid_msgs/msg/detail/dds_fastrtps/pose__type_support.cpp.o[0m
[13.560s] [ 75%] [32mBuilding CXX object CMakeFiles/abb_rapid_msgs__rosidl_typesupport_introspection_cpp.dir/rosidl_typesupport_introspection_cpp/abb_rapid_msgs/msg/detail/rob_target__type_support.cpp.o[0m
[13.681s] [ 76%] [32m[1mLinking CXX shared library libabb_rapid_msgs__rosidl_typesupport_cpp.so[0m
[13.714s] [ 77%] [32mBuilding CXX object CMakeFiles/abb_rapid_msgs__rosidl_typesupport_fastrtps_cpp.dir/rosidl_typesupport_fastrtps_cpp/abb_rapid_msgs/msg/detail/dds_fastrtps/rob_joint__type_support.cpp.o[0m
[13.714s] [ 78%] [32mBuilding CXX object CMakeFiles/abb_rapid_msgs__rosidl_typesupport_introspection_cpp.dir/rosidl_typesupport_introspection_cpp/abb_rapid_msgs/msg/detail/tool_data__type_support.cpp.o[0m
[13.741s] [ 79%] [32mBuilding CXX object CMakeFiles/abb_rapid_msgs__rosidl_typesupport_fastrtps_cpp.dir/rosidl_typesupport_fastrtps_cpp/abb_rapid_msgs/msg/detail/dds_fastrtps/rob_target__type_support.cpp.o[0m
[13.766s] [ 79%] [32mBuilding CXX object CMakeFiles/abb_rapid_msgs__rosidl_typesupport_fastrtps_cpp.dir/rosidl_typesupport_fastrtps_cpp/abb_rapid_msgs/msg/detail/dds_fastrtps/tool_data__type_support.cpp.o[0m
[13.861s] [ 79%] Built target abb_rapid_msgs__rosidl_typesupport_cpp
[13.888s] [ 80%] [32mBuilding CXX object CMakeFiles/abb_rapid_msgs__rosidl_typesupport_introspection_cpp.dir/rosidl_typesupport_introspection_cpp/abb_rapid_msgs/msg/detail/w_obj_data__type_support.cpp.o[0m
[14.280s] [ 81%] [32mBuilding CXX object CMakeFiles/abb_rapid_msgs__rosidl_typesupport_fastrtps_cpp.dir/rosidl_typesupport_fastrtps_cpp/abb_rapid_msgs/msg/detail/dds_fastrtps/w_obj_data__type_support.cpp.o[0m
[15.151s] [ 82%] [32m[1mLinking CXX shared library libabb_rapid_msgs__rosidl_typesupport_introspection_cpp.so[0m
[15.272s] [ 83%] [32m[1mLinking CXX shared library libabb_rapid_msgs__rosidl_typesupport_fastrtps_cpp.so[0m
[15.278s] [ 83%] Built target abb_rapid_msgs__rosidl_typesupport_introspection_cpp
[15.404s] [ 83%] Built target abb_rapid_msgs__rosidl_typesupport_fastrtps_cpp
[15.473s] [ 83%] Built target abb_rapid_msgs
[15.527s] [ 84%] [34m[1mGenerating Python code for ROS interfaces[0m
[21.177s] [ 84%] Built target abb_rapid_msgs__py
[21.239s] [ 85%] [32mBuilding C object CMakeFiles/abb_rapid_msgs__rosidl_generator_py.dir/rosidl_generator_py/abb_rapid_msgs/msg/_conf_data_s.c.o[0m
[21.240s] [ 86%] [32mBuilding C object CMakeFiles/abb_rapid_msgs__rosidl_generator_py.dir/rosidl_generator_py/abb_rapid_msgs/msg/_joint_target_s.c.o[0m
[21.242s] [ 87%] [32mBuilding C object CMakeFiles/abb_rapid_msgs__rosidl_generator_py.dir/rosidl_generator_py/abb_rapid_msgs/msg/_ext_joint_s.c.o[0m
[21.253s] [ 88%] [32mBuilding C object CMakeFiles/abb_rapid_msgs__rosidl_generator_py.dir/rosidl_generator_py/abb_rapid_msgs/msg/_load_data_s.c.o[0m
[21.253s] [ 89%] [32mBuilding C object CMakeFiles/abb_rapid_msgs__rosidl_generator_py.dir/rosidl_generator_py/abb_rapid_msgs/msg/_orient_s.c.o[0m
[21.258s] [ 89%] [32mBuilding C object CMakeFiles/abb_rapid_msgs__rosidl_generator_py.dir/rosidl_generator_py/abb_rapid_msgs/msg/_pos_s.c.o[0m
[21.262s] [ 90%] [32mBuilding C object CMakeFiles/abb_rapid_msgs__rosidl_generator_py.dir/rosidl_generator_py/abb_rapid_msgs/msg/_rob_joint_s.c.o[0m
[21.274s] [ 91%] [32mBuilding C object CMakeFiles/abb_rapid_msgs__rosidl_generator_py.dir/rosidl_generator_py/abb_rapid_msgs/msg/_pose_s.c.o[0m
[21.276s] [ 92%] [32mBuilding C object CMakeFiles/abb_rapid_msgs__rosidl_generator_py.dir/rosidl_generator_py/abb_rapid_msgs/msg/_rob_target_s.c.o[0m
[21.289s] [ 93%] [32mBuilding C object CMakeFiles/abb_rapid_msgs__rosidl_generator_py.dir/rosidl_generator_py/abb_rapid_msgs/msg/_tool_data_s.c.o[0m
[21.303s] [ 94%] [32mBuilding C object CMakeFiles/abb_rapid_msgs__rosidl_generator_py.dir/rosidl_generator_py/abb_rapid_msgs/msg/_w_obj_data_s.c.o[0m
[21.800s] [ 95%] [32m[1mLinking C shared library rosidl_generator_py/abb_rapid_msgs/libabb_rapid_msgs__rosidl_generator_py.so[0m
[21.937s] [ 95%] Built target abb_rapid_msgs__rosidl_generator_py
[21.994s] [ 96%] [32mBuilding C object CMakeFiles/abb_rapid_msgs__rosidl_typesupport_fastrtps_c__pyext.dir/rosidl_generator_py/abb_rapid_msgs/_abb_rapid_msgs_s.ep.rosidl_typesupport_fastrtps_c.c.o[0m
[21.998s] [ 97%] [32mBuilding C object CMakeFiles/abb_rapid_msgs__rosidl_typesupport_introspection_c__pyext.dir/rosidl_generator_py/abb_rapid_msgs/_abb_rapid_msgs_s.ep.rosidl_typesupport_introspection_c.c.o[0m
[22.014s] [ 97%] [32mBuilding C object CMakeFiles/abb_rapid_msgs__rosidl_typesupport_c__pyext.dir/rosidl_generator_py/abb_rapid_msgs/_abb_rapid_msgs_s.ep.rosidl_typesupport_c.c.o[0m
[22.302s] [ 98%] [32m[1mLinking C shared library rosidl_generator_py/abb_rapid_msgs/abb_rapid_msgs_s__rosidl_typesupport_introspection_c.cpython-310-x86_64-linux-gnu.so[0m
[22.417s] [ 98%] Built target abb_rapid_msgs__rosidl_typesupport_introspection_c__pyext
[22.489s] [ 99%] [32m[1mLinking C shared library rosidl_generator_py/abb_rapid_msgs/abb_rapid_msgs_s__rosidl_typesupport_c.cpython-310-x86_64-linux-gnu.so[0m
[22.504s] [100%] [32m[1mLinking C shared library rosidl_generator_py/abb_rapid_msgs/abb_rapid_msgs_s__rosidl_typesupport_fastrtps_c.cpython-310-x86_64-linux-gnu.so[0m
[22.597s] [100%] Built target abb_rapid_msgs__rosidl_typesupport_fastrtps_c__pyext
[22.602s] [100%] Built target abb_rapid_msgs__rosidl_typesupport_c__pyext
[22.649s] Invoked command in '/home/eia/repo/rbi_2025_2/abb/abb_bridge/build/abb_rapid_msgs' returned '0': CMAKE_PREFIX_PATH=/opt/ros/humble /usr/bin/cmake --build /home/eia/repo/rbi_2025_2/abb/abb_bridge/build/abb_rapid_msgs -- -j12 -l12
[22.650s] Invoking command in '/home/eia/repo/rbi_2025_2/abb/abb_bridge/build/abb_rapid_msgs': CMAKE_PREFIX_PATH=/opt/ros/humble /usr/bin/cmake --install /home/eia/repo/rbi_2025_2/abb/abb_bridge/build/abb_rapid_msgs
[22.668s] -- Install configuration: ""
[22.672s] -- Installing: /home/eia/repo/rbi_2025_2/abb/abb_bridge/install/abb_rapid_msgs/share/ament_index/resource_index/rosidl_interfaces/abb_rapid_msgs
[22.672s] -- Installing: /home/eia/repo/rbi_2025_2/abb/abb_bridge/install/abb_rapid_msgs/include/abb_rapid_msgs/abb_rapid_msgs
[22.672s] -- Installing: /home/eia/repo/rbi_2025_2/abb/abb_bridge/install/abb_rapid_msgs/include/abb_rapid_msgs/abb_rapid_msgs/msg
[22.672s] -- Installing: /home/eia/repo/rbi_2025_2/abb/abb_bridge/install/abb_rapid_msgs/include/abb_rapid_msgs/abb_rapid_msgs/msg/rob_target.h
[22.672s] -- Installing: /home/eia/repo/rbi_2025_2/abb/abb_bridge/install/abb_rapid_msgs/include/abb_rapid_msgs/abb_rapid_msgs/msg/pose.h
[22.672s] -- Installing: /home/eia/repo/rbi_2025_2/abb/abb_bridge/install/abb_rapid_msgs/include/abb_rapid_msgs/abb_rapid_msgs/msg/w_obj_data.h
[22.672s] -- Installing: /home/eia/repo/rbi_2025_2/abb/abb_bridge/install/abb_rapid_msgs/include/abb_rapid_msgs/abb_rapid_msgs/msg/rosidl_generator_c__visibility_control.h
[22.673s] -- Installing: /home/eia/repo/rbi_2025_2/abb/abb_bridge/install/abb_rapid_msgs/include/abb_rapid_msgs/abb_rapid_msgs/msg/pos.h
[22.673s] -- Installing: /home/eia/repo/rbi_2025_2/abb/abb_bridge/install/abb_rapid_msgs/include/abb_rapid_msgs/abb_rapid_msgs/msg/detail
[22.673s] -- Installing: /home/eia/repo/rbi_2025_2/abb/abb_bridge/install/abb_rapid_msgs/include/abb_rapid_msgs/abb_rapid_msgs/msg/detail/conf_data__functions.h
[22.677s] -- Installing: /home/eia/repo/rbi_2025_2/abb/abb_bridge/install/abb_rapid_msgs/include/abb_rapid_msgs/abb_rapid_msgs/msg/detail/joint_target__struct.h
[22.677s] -- Installing: /home/eia/repo/rbi_2025_2/abb/abb_bridge/install/abb_rapid_msgs/include/abb_rapid_msgs/abb_rapid_msgs/msg/detail/ext_joint__struct.h
[22.677s] -- Installing: /home/eia/repo/rbi_2025_2/abb/abb_bridge/install/abb_rapid_msgs/include/abb_rapid_msgs/abb_rapid_msgs/msg/detail/rob_target__functions.c
[22.677s] -- Installing: /home/eia/repo/rbi_2025_2/abb/abb_bridge/install/abb_rapid_msgs/include/abb_rapid_msgs/abb_rapid_msgs/msg/detail/tool_data__functions.c
[22.677s] -- Installing: /home/eia/repo/rbi_2025_2/abb/abb_bridge/install/abb_rapid_msgs/include/abb_rapid_msgs/abb_rapid_msgs/msg/detail/rob_target__functions.h
[22.677s] -- Installing: /home/eia/repo/rbi_2025_2/abb/abb_bridge/install/abb_rapid_msgs/include/abb_rapid_msgs/abb_rapid_msgs/msg/detail/ext_joint__type_support.h
[22.678s] -- Installing: /home/eia/repo/rbi_2025_2/abb/abb_bridge/install/abb_rapid_msgs/include/abb_rapid_msgs/abb_rapid_msgs/msg/detail/pos__functions.c
[22.678s] -- Installing: /home/eia/repo/rbi_2025_2/abb/abb_bridge/install/abb_rapid_msgs/include/abb_rapid_msgs/abb_rapid_msgs/msg/detail/orient__struct.h
[22.678s] -- Installing: /home/eia/repo/rbi_2025_2/abb/abb_bridge/install/abb_rapid_msgs/include/abb_rapid_msgs/abb_rapid_msgs/msg/detail/rob_joint__functions.h
[22.678s] -- Installing: /home/eia/repo/rbi_2025_2/abb/abb_bridge/install/abb_rapid_msgs/include/abb_rapid_msgs/abb_rapid_msgs/msg/detail/w_obj_data__type_support.h
[22.678s] -- Installing: /home/eia/repo/rbi_2025_2/abb/abb_bridge/install/abb_rapid_msgs/include/abb_rapid_msgs/abb_rapid_msgs/msg/detail/rob_joint__struct.h
[22.681s] -- Installing: /home/eia/repo/rbi_2025_2/abb/abb_bridge/install/abb_rapid_msgs/include/abb_rapid_msgs/abb_rapid_msgs/msg/detail/rob_joint__functions.c
[22.682s] -- Installing: /home/eia/repo/rbi_2025_2/abb/abb_bridge/install/abb_rapid_msgs/include/abb_rapid_msgs/abb_rapid_msgs/msg/detail/load_data__functions.h
[22.682s] -- Installing: /home/eia/repo/rbi_2025_2/abb/abb_bridge/install/abb_rapid_msgs/include/abb_rapid_msgs/abb_rapid_msgs/msg/detail/tool_data__type_support.h
[22.682s] -- Installing: /home/eia/repo/rbi_2025_2/abb/abb_bridge/install/abb_rapid_msgs/include/abb_rapid_msgs/abb_rapid_msgs/msg/detail/ext_joint__functions.h
[22.682s] -- Installing: /home/eia/repo/rbi_2025_2/abb/abb_bridge/install/abb_rapid_msgs/include/abb_rapid_msgs/abb_rapid_msgs/msg/detail/conf_data__struct.h
[22.682s] -- Installing: /home/eia/repo/rbi_2025_2/abb/abb_bridge/install/abb_rapid_msgs/include/abb_rapid_msgs/abb_rapid_msgs/msg/detail/load_data__type_support.h
[22.682s] -- Installing: /home/eia/repo/rbi_2025_2/abb/abb_bridge/install/abb_rapid_msgs/include/abb_rapid_msgs/abb_rapid_msgs/msg/detail/pose__functions.h
[22.682s] -- Installing: /home/eia/repo/rbi_2025_2/abb/abb_bridge/install/abb_rapid_msgs/include/abb_rapid_msgs/abb_rapid_msgs/msg/detail/w_obj_data__functions.h
[22.683s] -- Installing: /home/eia/repo/rbi_2025_2/abb/abb_bridge/install/abb_rapid_msgs/include/abb_rapid_msgs/abb_rapid_msgs/msg/detail/joint_target__type_support.h
[22.683s] -- Installing: /home/eia/repo/rbi_2025_2/abb/abb_bridge/install/abb_rapid_msgs/include/abb_rapid_msgs/abb_rapid_msgs/msg/detail/pos__functions.h
[22.683s] -- Installing: /home/eia/repo/rbi_2025_2/abb/abb_bridge/install/abb_rapid_msgs/include/abb_rapid_msgs/abb_rapid_msgs/msg/detail/pose__functions.c
[22.683s] -- Installing: /home/eia/repo/rbi_2025_2/abb/abb_bridge/install/abb_rapid_msgs/include/abb_rapid_msgs/abb_rapid_msgs/msg/detail/conf_data__functions.c
[22.683s] -- Installing: /home/eia/repo/rbi_2025_2/abb/abb_bridge/install/abb_rapid_msgs/include/abb_rapid_msgs/abb_rapid_msgs/msg/detail/rob_joint__type_support.h
[22.683s] -- Installing: /home/eia/repo/rbi_2025_2/abb/abb_bridge/install/abb_rapid_msgs/include/abb_rapid_msgs/abb_rapid_msgs/msg/detail/rob_target__type_support.h
[22.683s] -- Installing: /home/eia/repo/rbi_2025_2/abb/abb_bridge/install/abb_rapid_msgs/include/abb_rapid_msgs/abb_rapid_msgs/msg/detail/w_obj_data__functions.c
[22.683s] -- Installing: /home/eia/repo/rbi_2025_2/abb/abb_bridge/install/abb_rapid_msgs/include/abb_rapid_msgs/abb_rapid_msgs/msg/detail/orient__functions.c
[22.683s] -- Installing: /home/eia/repo/rbi_2025_2/abb/abb_bridge/install/abb_rapid_msgs/include/abb_rapid_msgs/abb_rapid_msgs/msg/detail/pos__struct.h
[22.683s] -- Installing: /home/eia/repo/rbi_2025_2/abb/abb_bridge/install/abb_rapid_msgs/include/abb_rapid_msgs/abb_rapid_msgs/msg/detail/tool_data__functions.h
[22.685s] -- Installing: /home/eia/repo/rbi_2025_2/abb/abb_bridge/install/abb_rapid_msgs/include/abb_rapid_msgs/abb_rapid_msgs/msg/detail/rob_target__struct.h
[22.685s] -- Installing: /home/eia/repo/rbi_2025_2/abb/abb_bridge/install/abb_rapid_msgs/include/abb_rapid_msgs/abb_rapid_msgs/msg/detail/w_obj_data__struct.h
[22.685s] -- Installing: /home/eia/repo/rbi_2025_2/abb/abb_bridge/install/abb_rapid_msgs/include/abb_rapid_msgs/abb_rapid_msgs/msg/detail/pose__type_support.h
[22.685s] -- Installing: /home/eia/repo/rbi_2025_2/abb/abb_bridge/install/abb_rapid_msgs/include/abb_rapid_msgs/abb_rapid_msgs/msg/detail/ext_joint__functions.c
[22.686s] -- Installing: /home/eia/repo/rbi_2025_2/abb/abb_bridge/install/abb_rapid_msgs/include/abb_rapid_msgs/abb_rapid_msgs/msg/detail/conf_data__type_support.h
[22.688s] -- Installing: /home/eia/repo/rbi_2025_2/abb/abb_bridge/install/abb_rapid_msgs/include/abb_rapid_msgs/abb_rapid_msgs/msg/detail/pos__type_support.h
[22.688s] -- Installing: /home/eia/repo/rbi_2025_2/abb/abb_bridge/install/abb_rapid_msgs/include/abb_rapid_msgs/abb_rapid_msgs/msg/detail/load_data__struct.h
[22.688s] -- Installing: /home/eia/repo/rbi_2025_2/abb/abb_bridge/install/abb_rapid_msgs/include/abb_rapid_msgs/abb_rapid_msgs/msg/detail/pose__struct.h
[22.688s] -- Installing: /home/eia/repo/rbi_2025_2/abb/abb_bridge/install/abb_rapid_msgs/include/abb_rapid_msgs/abb_rapid_msgs/msg/detail/joint_target__functions.h
[22.688s] -- Installing: /home/eia/repo/rbi_2025_2/abb/abb_bridge/install/abb_rapid_msgs/include/abb_rapid_msgs/abb_rapid_msgs/msg/detail/orient__type_support.h
[22.688s] -- Installing: /home/eia/repo/rbi_2025_2/abb/abb_bridge/install/abb_rapid_msgs/include/abb_rapid_msgs/abb_rapid_msgs/msg/detail/tool_data__struct.h
[22.688s] -- Installing: /home/eia/repo/rbi_2025_2/abb/abb_bridge/install/abb_rapid_msgs/include/abb_rapid_msgs/abb_rapid_msgs/msg/detail/load_data__functions.c
[22.689s] -- Installing: /home/eia/repo/rbi_2025_2/abb/abb_bridge/install/abb_rapid_msgs/include/abb_rapid_msgs/abb_rapid_msgs/msg/detail/joint_target__functions.c
[22.689s] -- Installing: /home/eia/repo/rbi_2025_2/abb/abb_bridge/install/abb_rapid_msgs/include/abb_rapid_msgs/abb_rapid_msgs/msg/detail/orient__functions.h
[22.689s] -- Installing: /home/eia/repo/rbi_2025_2/abb/abb_bridge/install/abb_rapid_msgs/include/abb_rapid_msgs/abb_rapid_msgs/msg/rob_joint.h
[22.689s] -- Installing: /home/eia/repo/rbi_2025_2/abb/abb_bridge/install/abb_rapid_msgs/include/abb_rapid_msgs/abb_rapid_msgs/msg/load_data.h
[22.689s] -- Installing: /home/eia/repo/rbi_2025_2/abb/abb_bridge/install/abb_rapid_msgs/include/abb_rapid_msgs/abb_rapid_msgs/msg/joint_target.h
[22.689s] -- Installing: /home/eia/repo/rbi_2025_2/abb/abb_bridge/install/abb_rapid_msgs/include/abb_rapid_msgs/abb_rapid_msgs/msg/orient.h
[22.693s] -- Installing: /home/eia/repo/rbi_2025_2/abb/abb_bridge/install/abb_rapid_msgs/include/abb_rapid_msgs/abb_rapid_msgs/msg/conf_data.h
[22.693s] -- Installing: /home/eia/repo/rbi_2025_2/abb/abb_bridge/install/abb_rapid_msgs/include/abb_rapid_msgs/abb_rapid_msgs/msg/tool_data.h
[22.693s] -- Installing: /home/eia/repo/rbi_2025_2/abb/abb_bridge/install/abb_rapid_msgs/include/abb_rapid_msgs/abb_rapid_msgs/msg/ext_joint.h
[22.693s] -- Installing: /home/eia/repo/rbi_2025_2/abb/abb_bridge/install/abb_rapid_msgs/share/abb_rapid_msgs/environment/library_path.sh
[22.693s] -- Installing: /home/eia/repo/rbi_2025_2/abb/abb_bridge/install/abb_rapid_msgs/share/abb_rapid_msgs/environment/library_path.dsv
[22.693s] -- Installing: /home/eia/repo/rbi_2025_2/abb/abb_bridge/install/abb_rapid_msgs/lib/libabb_rapid_msgs__rosidl_generator_c.so
[22.693s] -- Set runtime path of "/home/eia/repo/rbi_2025_2/abb/abb_bridge/install/abb_rapid_msgs/lib/libabb_rapid_msgs__rosidl_generator_c.so" to ""
[22.693s] -- Up-to-date: /home/eia/repo/rbi_2025_2/abb/abb_bridge/install/abb_rapid_msgs/include/abb_rapid_msgs/abb_rapid_msgs
[22.693s] -- Up-to-date: /home/eia/repo/rbi_2025_2/abb/abb_bridge/install/abb_rapid_msgs/include/abb_rapid_msgs/abb_rapid_msgs/msg
[22.694s] -- Up-to-date: /home/eia/repo/rbi_2025_2/abb/abb_bridge/install/abb_rapid_msgs/include/abb_rapid_msgs/abb_rapid_msgs/msg/detail
[22.694s] -- Installing: /home/eia/repo/rbi_2025_2/abb/abb_bridge/install/abb_rapid_msgs/include/abb_rapid_msgs/abb_rapid_msgs/msg/detail/tool_data__rosidl_typesupport_fastrtps_c.h
[22.695s] -- Installing: /home/eia/repo/rbi_2025_2/abb/abb_bridge/install/abb_rapid_msgs/include/abb_rapid_msgs/abb_rapid_msgs/msg/detail/w_obj_data__rosidl_typesupport_fastrtps_c.h
[22.696s] -- Installing: /home/eia/repo/rbi_2025_2/abb/abb_bridge/install/abb_rapid_msgs/include/abb_rapid_msgs/abb_rapid_msgs/msg/detail/joint_target__rosidl_typesupport_fastrtps_c.h
[22.696s] -- Installing: /home/eia/repo/rbi_2025_2/abb/abb_bridge/install/abb_rapid_msgs/include/abb_rapid_msgs/abb_rapid_msgs/msg/detail/ext_joint__rosidl_typesupport_fastrtps_c.h
[22.696s] -- Installing: /home/eia/repo/rbi_2025_2/abb/abb_bridge/install/abb_rapid_msgs/include/abb_rapid_msgs/abb_rapid_msgs/msg/detail/pose__rosidl_typesupport_fastrtps_c.h
[22.696s] -- Installing: /home/eia/repo/rbi_2025_2/abb/abb_bridge/install/abb_rapid_msgs/include/abb_rapid_msgs/abb_rapid_msgs/msg/detail/load_data__rosidl_typesupport_fastrtps_c.h
[22.696s] -- Installing: /home/eia/repo/rbi_2025_2/abb/abb_bridge/install/abb_rapid_msgs/include/abb_rapid_msgs/abb_rapid_msgs/msg/detail/orient__rosidl_typesupport_fastrtps_c.h
[22.696s] -- Installing: /home/eia/repo/rbi_2025_2/abb/abb_bridge/install/abb_rapid_msgs/include/abb_rapid_msgs/abb_rapid_msgs/msg/detail/pos__rosidl_typesupport_fastrtps_c.h
[22.697s] -- Installing: /home/eia/repo/rbi_2025_2/abb/abb_bridge/install/abb_rapid_msgs/include/abb_rapid_msgs/abb_rapid_msgs/msg/detail/conf_data__rosidl_typesupport_fastrtps_c.h
[22.697s] -- Installing: /home/eia/repo/rbi_2025_2/abb/abb_bridge/install/abb_rapid_msgs/include/abb_rapid_msgs/abb_rapid_msgs/msg/detail/rob_target__rosidl_typesupport_fastrtps_c.h
[22.698s] -- Installing: /home/eia/repo/rbi_2025_2/abb/abb_bridge/install/abb_rapid_msgs/include/abb_rapid_msgs/abb_rapid_msgs/msg/detail/rob_joint__rosidl_typesupport_fastrtps_c.h
[22.699s] -- Installing: /home/eia/repo/rbi_2025_2/abb/abb_bridge/install/abb_rapid_msgs/include/abb_rapid_msgs/abb_rapid_msgs/msg/rosidl_typesupport_fastrtps_c__visibility_control.h
[22.699s] -- Installing: /home/eia/repo/rbi_2025_2/abb/abb_bridge/install/abb_rapid_msgs/lib/libabb_rapid_msgs__rosidl_typesupport_fastrtps_c.so
[22.700s] -- Set runtime path of "/home/eia/repo/rbi_2025_2/abb/abb_bridge/install/abb_rapid_msgs/lib/libabb_rapid_msgs__rosidl_typesupport_fastrtps_c.so" to ""
[22.701s] -- Up-to-date: /home/eia/repo/rbi_2025_2/abb/abb_bridge/install/abb_rapid_msgs/include/abb_rapid_msgs/abb_rapid_msgs
[22.701s] -- Up-to-date: /home/eia/repo/rbi_2025_2/abb/abb_bridge/install/abb_rapid_msgs/include/abb_rapid_msgs/abb_rapid_msgs/msg
[22.701s] -- Installing: /home/eia/repo/rbi_2025_2/abb/abb_bridge/install/abb_rapid_msgs/include/abb_rapid_msgs/abb_rapid_msgs/msg/rosidl_typesupport_introspection_c__visibility_control.h
[22.701s] -- Up-to-date: /home/eia/repo/rbi_2025_2/abb/abb_bridge/install/abb_rapid_msgs/include/abb_rapid_msgs/abb_rapid_msgs/msg/detail
[22.701s] -- Installing: /home/eia/repo/rbi_2025_2/abb/abb_bridge/install/abb_rapid_msgs/include/abb_rapid_msgs/abb_rapid_msgs/msg/detail/joint_target__rosidl_typesupport_introspection_c.h
[22.701s] -- Installing: /home/eia/repo/rbi_2025_2/abb/abb_bridge/install/abb_rapid_msgs/include/abb_rapid_msgs/abb_rapid_msgs/msg/detail/w_obj_data__type_support.c
[22.702s] -- Installing: /home/eia/repo/rbi_2025_2/abb/abb_bridge/install/abb_rapid_msgs/include/abb_rapid_msgs/abb_rapid_msgs/msg/detail/conf_data__rosidl_typesupport_introspection_c.h
[22.702s] -- Installing: /home/eia/repo/rbi_2025_2/abb/abb_bridge/install/abb_rapid_msgs/include/abb_rapid_msgs/abb_rapid_msgs/msg/detail/orient__rosidl_typesupport_introspection_c.h
[22.702s] -- Installing: /home/eia/repo/rbi_2025_2/abb/abb_bridge/install/abb_rapid_msgs/include/abb_rapid_msgs/abb_rapid_msgs/msg/detail/tool_data__type_support.c
[22.705s] -- Installing: /home/eia/repo/rbi_2025_2/abb/abb_bridge/install/abb_rapid_msgs/include/abb_rapid_msgs/abb_rapid_msgs/msg/detail/ext_joint__rosidl_typesupport_introspection_c.h
[22.705s] -- Installing: /home/eia/repo/rbi_2025_2/abb/abb_bridge/install/abb_rapid_msgs/include/abb_rapid_msgs/abb_rapid_msgs/msg/detail/pos__type_support.c
[22.705s] -- Installing: /home/eia/repo/rbi_2025_2/abb/abb_bridge/install/abb_rapid_msgs/include/abb_rapid_msgs/abb_rapid_msgs/msg/detail/load_data__rosidl_typesupport_introspection_c.h
[22.705s] -- Installing: /home/eia/repo/rbi_2025_2/abb/abb_bridge/install/abb_rapid_msgs/include/abb_rapid_msgs/abb_rapid_msgs/msg/detail/rob_joint__type_support.c
[22.705s] -- Installing: /home/eia/repo/rbi_2025_2/abb/abb_bridge/install/abb_rapid_msgs/include/abb_rapid_msgs/abb_rapid_msgs/msg/detail/w_obj_data__rosidl_typesupport_introspection_c.h
[22.705s] -- Installing: /home/eia/repo/rbi_2025_2/abb/abb_bridge/install/abb_rapid_msgs/include/abb_rapid_msgs/abb_rapid_msgs/msg/detail/ext_joint__type_support.c
[22.705s] -- Installing: /home/eia/repo/rbi_2025_2/abb/abb_bridge/install/abb_rapid_msgs/include/abb_rapid_msgs/abb_rapid_msgs/msg/detail/load_data__type_support.c
[22.705s] -- Installing: /home/eia/repo/rbi_2025_2/abb/abb_bridge/install/abb_rapid_msgs/include/abb_rapid_msgs/abb_rapid_msgs/msg/detail/pos__rosidl_typesupport_introspection_c.h
[22.706s] -- Installing: /home/eia/repo/rbi_2025_2/abb/abb_bridge/install/abb_rapid_msgs/include/abb_rapid_msgs/abb_rapid_msgs/msg/detail/conf_data__type_support.c
[22.706s] -- Installing: /home/eia/repo/rbi_2025_2/abb/abb_bridge/install/abb_rapid_msgs/include/abb_rapid_msgs/abb_rapid_msgs/msg/detail/rob_target__type_support.c
[22.706s] -- Installing: /home/eia/repo/rbi_2025_2/abb/abb_bridge/install/abb_rapid_msgs/include/abb_rapid_msgs/abb_rapid_msgs/msg/detail/pose__rosidl_typesupport_introspection_c.h
[22.706s] -- Installing: /home/eia/repo/rbi_2025_2/abb/abb_bridge/install/abb_rapid_msgs/include/abb_rapid_msgs/abb_rapid_msgs/msg/detail/tool_data__rosidl_typesupport_introspection_c.h
[22.706s] -- Installing: /home/eia/repo/rbi_2025_2/abb/abb_bridge/install/abb_rapid_msgs/include/abb_rapid_msgs/abb_rapid_msgs/msg/detail/joint_target__type_support.c
[22.706s] -- Installing: /home/eia/repo/rbi_2025_2/abb/abb_bridge/install/abb_rapid_msgs/include/abb_rapid_msgs/abb_rapid_msgs/msg/detail/rob_joint__rosidl_typesupport_introspection_c.h
[22.706s] -- Installing: /home/eia/repo/rbi_2025_2/abb/abb_bridge/install/abb_rapid_msgs/include/abb_rapid_msgs/abb_rapid_msgs/msg/detail/pose__type_support.c
[22.706s] -- Installing: /home/eia/repo/rbi_2025_2/abb/abb_bridge/install/abb_rapid_msgs/include/abb_rapid_msgs/abb_rapid_msgs/msg/detail/rob_target__rosidl_typesupport_introspection_c.h
[22.706s] -- Installing: /home/eia/repo/rbi_2025_2/abb/abb_bridge/install/abb_rapid_msgs/include/abb_rapid_msgs/abb_rapid_msgs/msg/detail/orient__type_support.c
[22.711s] -- Installing: /home/eia/repo/rbi_2025_2/abb/abb_bridge/install/abb_rapid_msgs/lib/libabb_rapid_msgs__rosidl_typesupport_introspection_c.so
[22.711s] -- Set runtime path of "/home/eia/repo/rbi_2025_2/abb/abb_bridge/install/abb_rapid_msgs/lib/libabb_rapid_msgs__rosidl_typesupport_introspection_c.so" to ""
[22.711s] -- Installing: /home/eia/repo/rbi_2025_2/abb/abb_bridge/install/abb_rapid_msgs/lib/libabb_rapid_msgs__rosidl_typesupport_c.so
[22.711s] -- Set runtime path of "/home/eia/repo/rbi_2025_2/abb/abb_bridge/install/abb_rapid_msgs/lib/libabb_rapid_msgs__rosidl_typesupport_c.so" to ""
[22.711s] -- Up-to-date: /home/eia/repo/rbi_2025_2/abb/abb_bridge/install/abb_rapid_msgs/include/abb_rapid_msgs/abb_rapid_msgs
[22.711s] -- Up-to-date: /home/eia/repo/rbi_2025_2/abb/abb_bridge/install/abb_rapid_msgs/include/abb_rapid_msgs/abb_rapid_msgs/msg
[22.711s] -- Installing: /home/eia/repo/rbi_2025_2/abb/abb_bridge/install/abb_rapid_msgs/include/abb_rapid_msgs/abb_rapid_msgs/msg/pos.hpp
[22.715s] -- Installing: /home/eia/repo/rbi_2025_2/abb/abb_bridge/install/abb_rapid_msgs/include/abb_rapid_msgs/abb_rapid_msgs/msg/w_obj_data.hpp
[22.715s] -- Installing: /home/eia/repo/rbi_2025_2/abb/abb_bridge/install/abb_rapid_msgs/include/abb_rapid_msgs/abb_rapid_msgs/msg/rob_joint.hpp
[22.715s] -- Installing: /home/eia/repo/rbi_2025_2/abb/abb_bridge/install/abb_rapid_msgs/include/abb_rapid_msgs/abb_rapid_msgs/msg/rosidl_generator_cpp__visibility_control.hpp
[22.715s] -- Installing: /home/eia/repo/rbi_2025_2/abb/abb_bridge/install/abb_rapid_msgs/include/abb_rapid_msgs/abb_rapid_msgs/msg/ext_joint.hpp
[22.715s] -- Installing: /home/eia/repo/rbi_2025_2/abb/abb_bridge/install/abb_rapid_msgs/include/abb_rapid_msgs/abb_rapid_msgs/msg/load_data.hpp
[22.715s] -- Installing: /home/eia/repo/rbi_2025_2/abb/abb_bridge/install/abb_rapid_msgs/include/abb_rapid_msgs/abb_rapid_msgs/msg/pose.hpp
[22.715s] -- Up-to-date: /home/eia/repo/rbi_2025_2/abb/abb_bridge/install/abb_rapid_msgs/include/abb_rapid_msgs/abb_rapid_msgs/msg/detail
[22.716s] -- Installing: /home/eia/repo/rbi_2025_2/abb/abb_bridge/install/abb_rapid_msgs/include/abb_rapid_msgs/abb_rapid_msgs/msg/detail/pose__struct.hpp
[22.716s] -- Installing: /home/eia/repo/rbi_2025_2/abb/abb_bridge/install/abb_rapid_msgs/include/abb_rapid_msgs/abb_rapid_msgs/msg/detail/w_obj_data__struct.hpp
[22.716s] -- Installing: /home/eia/repo/rbi_2025_2/abb/abb_bridge/install/abb_rapid_msgs/include/abb_rapid_msgs/abb_rapid_msgs/msg/detail/ext_joint__traits.hpp
[22.716s] -- Installing: /home/eia/repo/rbi_2025_2/abb/abb_bridge/install/abb_rapid_msgs/include/abb_rapid_msgs/abb_rapid_msgs/msg/detail/ext_joint__type_support.hpp
[22.716s] -- Installing: /home/eia/repo/rbi_2025_2/abb/abb_bridge/install/abb_rapid_msgs/include/abb_rapid_msgs/abb_rapid_msgs/msg/detail/pos__type_support.hpp
[22.716s] -- Installing: /home/eia/repo/rbi_2025_2/abb/abb_bridge/install/abb_rapid_msgs/include/abb_rapid_msgs/abb_rapid_msgs/msg/detail/rob_joint__traits.hpp
[22.716s] -- Installing: /home/eia/repo/rbi_2025_2/abb/abb_bridge/install/abb_rapid_msgs/include/abb_rapid_msgs/abb_rapid_msgs/msg/detail/w_obj_data__type_support.hpp
[22.716s] -- Installing: /home/eia/repo/rbi_2025_2/abb/abb_bridge/install/abb_rapid_msgs/include/abb_rapid_msgs/abb_rapid_msgs/msg/detail/joint_target__traits.hpp
[22.717s] -- Installing: /home/eia/repo/rbi_2025_2/abb/abb_bridge/install/abb_rapid_msgs/include/abb_rapid_msgs/abb_rapid_msgs/msg/detail/tool_data__type_support.hpp
[22.717s] -- Installing: /home/eia/repo/rbi_2025_2/abb/abb_bridge/install/abb_rapid_msgs/include/abb_rapid_msgs/abb_rapid_msgs/msg/detail/pos__builder.hpp
[22.717s] -- Installing: /home/eia/repo/rbi_2025_2/abb/abb_bridge/install/abb_rapid_msgs/include/abb_rapid_msgs/abb_rapid_msgs/msg/detail/joint_target__struct.hpp
[22.717s] -- Installing: /home/eia/repo/rbi_2025_2/abb/abb_bridge/install/abb_rapid_msgs/include/abb_rapid_msgs/abb_rapid_msgs/msg/detail/orient__struct.hpp
[22.721s] -- Installing: /home/eia/repo/rbi_2025_2/abb/abb_bridge/install/abb_rapid_msgs/include/abb_rapid_msgs/abb_rapid_msgs/msg/detail/orient__type_support.hpp
[22.721s] -- Installing: /home/eia/repo/rbi_2025_2/abb/abb_bridge/install/abb_rapid_msgs/include/abb_rapid_msgs/abb_rapid_msgs/msg/detail/rob_joint__type_support.hpp
[22.721s] -- Installing: /home/eia/repo/rbi_2025_2/abb/abb_bridge/install/abb_rapid_msgs/include/abb_rapid_msgs/abb_rapid_msgs/msg/detail/w_obj_data__traits.hpp
[22.721s] -- Installing: /home/eia/repo/rbi_2025_2/abb/abb_bridge/install/abb_rapid_msgs/include/abb_rapid_msgs/abb_rapid_msgs/msg/detail/joint_target__type_support.hpp
[22.721s] -- Installing: /home/eia/repo/rbi_2025_2/abb/abb_bridge/install/abb_rapid_msgs/include/abb_rapid_msgs/abb_rapid_msgs/msg/detail/rob_target__struct.hpp
[22.721s] -- Installing: /home/eia/repo/rbi_2025_2/abb/abb_bridge/install/abb_rapid_msgs/include/abb_rapid_msgs/abb_rapid_msgs/msg/detail/tool_data__traits.hpp
[22.722s] -- Installing: /home/eia/repo/rbi_2025_2/abb/abb_bridge/install/abb_rapid_msgs/include/abb_rapid_msgs/abb_rapid_msgs/msg/detail/tool_data__builder.hpp
[22.722s] -- Installing: /home/eia/repo/rbi_2025_2/abb/abb_bridge/install/abb_rapid_msgs/include/abb_rapid_msgs/abb_rapid_msgs/msg/detail/orient__traits.hpp
[22.722s] -- Installing: /home/eia/repo/rbi_2025_2/abb/abb_bridge/install/abb_rapid_msgs/include/abb_rapid_msgs/abb_rapid_msgs/msg/detail/joint_target__builder.hpp
[22.722s] -- Installing: /home/eia/repo/rbi_2025_2/abb/abb_bridge/install/abb_rapid_msgs/include/abb_rapid_msgs/abb_rapid_msgs/msg/detail/ext_joint__builder.hpp
[22.722s] -- Installing: /home/eia/repo/rbi_2025_2/abb/abb_bridge/install/abb_rapid_msgs/include/abb_rapid_msgs/abb_rapid_msgs/msg/detail/rob_target__type_support.hpp
[22.722s] -- Installing: /home/eia/repo/rbi_2025_2/abb/abb_bridge/install/abb_rapid_msgs/include/abb_rapid_msgs/abb_rapid_msgs/msg/detail/tool_data__struct.hpp
[22.722s] -- Installing: /home/eia/repo/rbi_2025_2/abb/abb_bridge/install/abb_rapid_msgs/include/abb_rapid_msgs/abb_rapid_msgs/msg/detail/conf_data__type_support.hpp
[22.722s] -- Installing: /home/eia/repo/rbi_2025_2/abb/abb_bridge/install/abb_rapid_msgs/include/abb_rapid_msgs/abb_rapid_msgs/msg/detail/w_obj_data__builder.hpp
[22.723s] -- Installing: /home/eia/repo/rbi_2025_2/abb/abb_bridge/install/abb_rapid_msgs/include/abb_rapid_msgs/abb_rapid_msgs/msg/detail/conf_data__traits.hpp
[22.723s] -- Installing: /home/eia/repo/rbi_2025_2/abb/abb_bridge/install/abb_rapid_msgs/include/abb_rapid_msgs/abb_rapid_msgs/msg/detail/orient__builder.hpp
[22.723s] -- Installing: /home/eia/repo/rbi_2025_2/abb/abb_bridge/install/abb_rapid_msgs/include/abb_rapid_msgs/abb_rapid_msgs/msg/detail/load_data__traits.hpp
[22.723s] -- Installing: /home/eia/repo/rbi_2025_2/abb/abb_bridge/install/abb_rapid_msgs/include/abb_rapid_msgs/abb_rapid_msgs/msg/detail/rob_joint__builder.hpp
[22.724s] -- Installing: /home/eia/repo/rbi_2025_2/abb/abb_bridge/install/abb_rapid_msgs/include/abb_rapid_msgs/abb_rapid_msgs/msg/detail/pose__type_support.hpp
[22.727s] -- Installing: /home/eia/repo/rbi_2025_2/abb/abb_bridge/install/abb_rapid_msgs/include/abb_rapid_msgs/abb_rapid_msgs/msg/detail/rob_target__traits.hpp
[22.727s] -- Installing: /home/eia/repo/rbi_2025_2/abb/abb_bridge/install/abb_rapid_msgs/include/abb_rapid_msgs/abb_rapid_msgs/msg/detail/load_data__builder.hpp
[22.727s] -- Installing: /home/eia/repo/rbi_2025_2/abb/abb_bridge/install/abb_rapid_msgs/include/abb_rapid_msgs/abb_rapid_msgs/msg/detail/conf_data__struct.hpp
[22.727s] -- Installing: /home/eia/repo/rbi_2025_2/abb/abb_bridge/install/abb_rapid_msgs/include/abb_rapid_msgs/abb_rapid_msgs/msg/detail/rob_target__builder.hpp
[22.727s] -- Installing: /home/eia/repo/rbi_2025_2/abb/abb_bridge/install/abb_rapid_msgs/include/abb_rapid_msgs/abb_rapid_msgs/msg/detail/load_data__type_support.hpp
[22.727s] -- Installing: /home/eia/repo/rbi_2025_2/abb/abb_bridge/install/abb_rapid_msgs/include/abb_rapid_msgs/abb_rapid_msgs/msg/detail/pos__struct.hpp
[22.727s] -- Installing: /home/eia/repo/rbi_2025_2/abb/abb_bridge/install/abb_rapid_msgs/include/abb_rapid_msgs/abb_rapid_msgs/msg/detail/load_data__struct.hpp
[22.727s] -- Installing: /home/eia/repo/rbi_2025_2/abb/abb_bridge/install/abb_rapid_msgs/include/abb_rapid_msgs/abb_rapid_msgs/msg/detail/pose__builder.hpp
[22.730s] -- Installing: /home/eia/repo/rbi_2025_2/abb/abb_bridge/install/abb_rapid_msgs/include/abb_rapid_msgs/abb_rapid_msgs/msg/detail/pose__traits.hpp
[22.730s] -- Installing: /home/eia/repo/rbi_2025_2/abb/abb_bridge/install/abb_rapid_msgs/include/abb_rapid_msgs/abb_rapid_msgs/msg/detail/conf_data__builder.hpp
[22.730s] -- Installing: /home/eia/repo/rbi_2025_2/abb/abb_bridge/install/abb_rapid_msgs/include/abb_rapid_msgs/abb_rapid_msgs/msg/detail/rob_joint__struct.hpp
[22.730s] -- Installing: /home/eia/repo/rbi_2025_2/abb/abb_bridge/install/abb_rapid_msgs/include/abb_rapid_msgs/abb_rapid_msgs/msg/detail/ext_joint__struct.hpp
[22.730s] -- Installing: /home/eia/repo/rbi_2025_2/abb/abb_bridge/install/abb_rapid_msgs/include/abb_rapid_msgs/abb_rapid_msgs/msg/detail/pos__traits.hpp
[22.730s] -- Installing: /home/eia/repo/rbi_2025_2/abb/abb_bridge/install/abb_rapid_msgs/include/abb_rapid_msgs/abb_rapid_msgs/msg/tool_data.hpp
[22.730s] -- Installing: /home/eia/repo/rbi_2025_2/abb/abb_bridge/install/abb_rapid_msgs/include/abb_rapid_msgs/abb_rapid_msgs/msg/joint_target.hpp
[22.730s] -- Installing: /home/eia/repo/rbi_2025_2/abb/abb_bridge/install/abb_rapid_msgs/include/abb_rapid_msgs/abb_rapid_msgs/msg/rob_target.hpp
[22.733s] -- Installing: /home/eia/repo/rbi_2025_2/abb/abb_bridge/install/abb_rapid_msgs/include/abb_rapid_msgs/abb_rapid_msgs/msg/orient.hpp
[22.733s] -- Installing: /home/eia/repo/rbi_2025_2/abb/abb_bridge/install/abb_rapid_msgs/include/abb_rapid_msgs/abb_rapid_msgs/msg/conf_data.hpp
[22.733s] -- Up-to-date: /home/eia/repo/rbi_2025_2/abb/abb_bridge/install/abb_rapid_msgs/include/abb_rapid_msgs/abb_rapid_msgs
[22.733s] -- Up-to-date: /home/eia/repo/rbi_2025_2/abb/abb_bridge/install/abb_rapid_msgs/include/abb_rapid_msgs/abb_rapid_msgs/msg
[22.733s] -- Installing: /home/eia/repo/rbi_2025_2/abb/abb_bridge/install/abb_rapid_msgs/include/abb_rapid_msgs/abb_rapid_msgs/msg/rosidl_typesupport_fastrtps_cpp__visibility_control.h
[22.733s] -- Up-to-date: /home/eia/repo/rbi_2025_2/abb/abb_bridge/install/abb_rapid_msgs/include/abb_rapid_msgs/abb_rapid_msgs/msg/detail
[22.734s] -- Installing: /home/eia/repo/rbi_2025_2/abb/abb_bridge/install/abb_rapid_msgs/include/abb_rapid_msgs/abb_rapid_msgs/msg/detail/w_obj_data__rosidl_typesupport_fastrtps_cpp.hpp
[22.734s] -- Installing: /home/eia/repo/rbi_2025_2/abb/abb_bridge/install/abb_rapid_msgs/include/abb_rapid_msgs/abb_rapid_msgs/msg/detail/tool_data__rosidl_typesupport_fastrtps_cpp.hpp
[22.734s] -- Installing: /home/eia/repo/rbi_2025_2/abb/abb_bridge/install/abb_rapid_msgs/include/abb_rapid_msgs/abb_rapid_msgs/msg/detail/joint_target__rosidl_typesupport_fastrtps_cpp.hpp
[22.734s] -- Installing: /home/eia/repo/rbi_2025_2/abb/abb_bridge/install/abb_rapid_msgs/include/abb_rapid_msgs/abb_rapid_msgs/msg/detail/load_data__rosidl_typesupport_fastrtps_cpp.hpp
[22.734s] -- Installing: /home/eia/repo/rbi_2025_2/abb/abb_bridge/install/abb_rapid_msgs/include/abb_rapid_msgs/abb_rapid_msgs/msg/detail/pos__rosidl_typesupport_fastrtps_cpp.hpp
[22.734s] -- Installing: /home/eia/repo/rbi_2025_2/abb/abb_bridge/install/abb_rapid_msgs/include/abb_rapid_msgs/abb_rapid_msgs/msg/detail/orient__rosidl_typesupport_fastrtps_cpp.hpp
[22.735s] -- Installing: /home/eia/repo/rbi_2025_2/abb/abb_bridge/install/abb_rapid_msgs/include/abb_rapid_msgs/abb_rapid_msgs/msg/detail/conf_data__rosidl_typesupport_fastrtps_cpp.hpp
[22.735s] -- Installing: /home/eia/repo/rbi_2025_2/abb/abb_bridge/install/abb_rapid_msgs/include/abb_rapid_msgs/abb_rapid_msgs/msg/detail/pose__rosidl_typesupport_fastrtps_cpp.hpp
[22.735s] -- Installing: /home/eia/repo/rbi_2025_2/abb/abb_bridge/install/abb_rapid_msgs/include/abb_rapid_msgs/abb_rapid_msgs/msg/detail/dds_fastrtps
[22.737s] -- Installing: /home/eia/repo/rbi_2025_2/abb/abb_bridge/install/abb_rapid_msgs/include/abb_rapid_msgs/abb_rapid_msgs/msg/detail/ext_joint__rosidl_typesupport_fastrtps_cpp.hpp
[22.739s] -- Installing: /home/eia/repo/rbi_2025_2/abb/abb_bridge/install/abb_rapid_msgs/include/abb_rapid_msgs/abb_rapid_msgs/msg/detail/rob_target__rosidl_typesupport_fastrtps_cpp.hpp
[22.739s] -- Installing: /home/eia/repo/rbi_2025_2/abb/abb_bridge/install/abb_rapid_msgs/include/abb_rapid_msgs/abb_rapid_msgs/msg/detail/rob_joint__rosidl_typesupport_fastrtps_cpp.hpp
[22.739s] -- Installing: /home/eia/repo/rbi_2025_2/abb/abb_bridge/install/abb_rapid_msgs/lib/libabb_rapid_msgs__rosidl_typesupport_fastrtps_cpp.so
[22.739s] -- Set runtime path of "/home/eia/repo/rbi_2025_2/abb/abb_bridge/install/abb_rapid_msgs/lib/libabb_rapid_msgs__rosidl_typesupport_fastrtps_cpp.so" to ""
[22.747s] -- Up-to-date: /home/eia/repo/rbi_2025_2/abb/abb_bridge/install/abb_rapid_msgs/include/abb_rapid_msgs/abb_rapid_msgs
[22.747s] -- Up-to-date: /home/eia/repo/rbi_2025_2/abb/abb_bridge/install/abb_rapid_msgs/include/abb_rapid_msgs/abb_rapid_msgs/msg
[22.747s] -- Up-to-date: /home/eia/repo/rbi_2025_2/abb/abb_bridge/install/abb_rapid_msgs/include/abb_rapid_msgs/abb_rapid_msgs/msg/detail
[22.747s] -- Installing: /home/eia/repo/rbi_2025_2/abb/abb_bridge/install/abb_rapid_msgs/include/abb_rapid_msgs/abb_rapid_msgs/msg/detail/load_data__rosidl_typesupport_introspection_cpp.hpp
[22.747s] -- Installing: /home/eia/repo/rbi_2025_2/abb/abb_bridge/install/abb_rapid_msgs/include/abb_rapid_msgs/abb_rapid_msgs/msg/detail/pos__type_support.cpp
[22.747s] -- Installing: /home/eia/repo/rbi_2025_2/abb/abb_bridge/install/abb_rapid_msgs/include/abb_rapid_msgs/abb_rapid_msgs/msg/detail/load_data__type_support.cpp
[22.747s] -- Installing: /home/eia/repo/rbi_2025_2/abb/abb_bridge/install/abb_rapid_msgs/include/abb_rapid_msgs/abb_rapid_msgs/msg/detail/pos__rosidl_typesupport_introspection_cpp.hpp
[22.747s] -- Installing: /home/eia/repo/rbi_2025_2/abb/abb_bridge/install/abb_rapid_msgs/include/abb_rapid_msgs/abb_rapid_msgs/msg/detail/orient__type_support.cpp
[22.747s] -- Installing: /home/eia/repo/rbi_2025_2/abb/abb_bridge/install/abb_rapid_msgs/include/abb_rapid_msgs/abb_rapid_msgs/msg/detail/conf_data__type_support.cpp
[22.747s] -- Installing: /home/eia/repo/rbi_2025_2/abb/abb_bridge/install/abb_rapid_msgs/include/abb_rapid_msgs/abb_rapid_msgs/msg/detail/pose__type_support.cpp
[22.748s] -- Installing: /home/eia/repo/rbi_2025_2/abb/abb_bridge/install/abb_rapid_msgs/include/abb_rapid_msgs/abb_rapid_msgs/msg/detail/tool_data__rosidl_typesupport_introspection_cpp.hpp
[22.748s] -- Installing: /home/eia/repo/rbi_2025_2/abb/abb_bridge/install/abb_rapid_msgs/include/abb_rapid_msgs/abb_rapid_msgs/msg/detail/conf_data__rosidl_typesupport_introspection_cpp.hpp
[22.748s] -- Installing: /home/eia/repo/rbi_2025_2/abb/abb_bridge/install/abb_rapid_msgs/include/abb_rapid_msgs/abb_rapid_msgs/msg/detail/orient__rosidl_typesupport_introspection_cpp.hpp
[22.748s] -- Installing: /home/eia/repo/rbi_2025_2/abb/abb_bridge/install/abb_rapid_msgs/include/abb_rapid_msgs/abb_rapid_msgs/msg/detail/tool_data__type_support.cpp
[22.748s] -- Installing: /home/eia/repo/rbi_2025_2/abb/abb_bridge/install/abb_rapid_msgs/include/abb_rapid_msgs/abb_rapid_msgs/msg/detail/joint_target__type_support.cpp
[22.748s] -- Installing: /home/eia/repo/rbi_2025_2/abb/abb_bridge/install/abb_rapid_msgs/include/abb_rapid_msgs/abb_rapid_msgs/msg/detail/rob_target__type_support.cpp
[22.748s] -- Installing: /home/eia/repo/rbi_2025_2/abb/abb_bridge/install/abb_rapid_msgs/include/abb_rapid_msgs/abb_rapid_msgs/msg/detail/w_obj_data__type_support.cpp
[22.748s] -- Installing: /home/eia/repo/rbi_2025_2/abb/abb_bridge/install/abb_rapid_msgs/include/abb_rapid_msgs/abb_rapid_msgs/msg/detail/ext_joint__rosidl_typesupport_introspection_cpp.hpp
[22.748s] -- Installing: /home/eia/repo/rbi_2025_2/abb/abb_bridge/install/abb_rapid_msgs/include/abb_rapid_msgs/abb_rapid_msgs/msg/detail/rob_target__rosidl_typesupport_introspection_cpp.hpp
[22.748s] -- Installing: /home/eia/repo/rbi_2025_2/abb/abb_bridge/install/abb_rapid_msgs/include/abb_rapid_msgs/abb_rapid_msgs/msg/detail/joint_target__rosidl_typesupport_introspection_cpp.hpp
[22.749s] -- Installing: /home/eia/repo/rbi_2025_2/abb/abb_bridge/install/abb_rapid_msgs/include/abb_rapid_msgs/abb_rapid_msgs/msg/detail/ext_joint__type_support.cpp
[22.753s] -- Installing: /home/eia/repo/rbi_2025_2/abb/abb_bridge/install/abb_rapid_msgs/include/abb_rapid_msgs/abb_rapid_msgs/msg/detail/rob_joint__rosidl_typesupport_introspection_cpp.hpp
[22.753s] -- Installing: /home/eia/repo/rbi_2025_2/abb/abb_bridge/install/abb_rapid_msgs/include/abb_rapid_msgs/abb_rapid_msgs/msg/detail/w_obj_data__rosidl_typesupport_introspection_cpp.hpp
[22.753s] -- Installing: /home/eia/repo/rbi_2025_2/abb/abb_bridge/install/abb_rapid_msgs/include/abb_rapid_msgs/abb_rapid_msgs/msg/detail/pose__rosidl_typesupport_introspection_cpp.hpp
[22.753s] -- Installing: /home/eia/repo/rbi_2025_2/abb/abb_bridge/install/abb_rapid_msgs/include/abb_rapid_msgs/abb_rapid_msgs/msg/detail/rob_joint__type_support.cpp
[22.753s] -- Installing: /home/eia/repo/rbi_2025_2/abb/abb_bridge/install/abb_rapid_msgs/lib/libabb_rapid_msgs__rosidl_typesupport_introspection_cpp.so
[22.753s] -- Set runtime path of "/home/eia/repo/rbi_2025_2/abb/abb_bridge/install/abb_rapid_msgs/lib/libabb_rapid_msgs__rosidl_typesupport_introspection_cpp.so" to ""
[22.753s] -- Installing: /home/eia/repo/rbi_2025_2/abb/abb_bridge/install/abb_rapid_msgs/lib/libabb_rapid_msgs__rosidl_typesupport_cpp.so
[22.754s] -- Set runtime path of "/home/eia/repo/rbi_2025_2/abb/abb_bridge/install/abb_rapid_msgs/lib/libabb_rapid_msgs__rosidl_typesupport_cpp.so" to ""
[22.754s] -- Installing: /home/eia/repo/rbi_2025_2/abb/abb_bridge/install/abb_rapid_msgs/share/abb_rapid_msgs/environment/pythonpath.sh
[22.754s] -- Installing: /home/eia/repo/rbi_2025_2/abb/abb_bridge/install/abb_rapid_msgs/share/abb_rapid_msgs/environment/pythonpath.dsv
[22.754s] -- Installing: /home/eia/repo/rbi_2025_2/abb/abb_bridge/install/abb_rapid_msgs/local/lib/python3.10/dist-packages/abb_rapid_msgs-1.0.0-py3.10.egg-info
[22.754s] -- Installing: /home/eia/repo/rbi_2025_2/abb/abb_bridge/install/abb_rapid_msgs/local/lib/python3.10/dist-packages/abb_rapid_msgs-1.0.0-py3.10.egg-info/PKG-INFO
[22.754s] -- Installing: /home/eia/repo/rbi_2025_2/abb/abb_bridge/install/abb_rapid_msgs/local/lib/python3.10/dist-packages/abb_rapid_msgs-1.0.0-py3.10.egg-info/SOURCES.txt
[22.754s] -- Installing: /home/eia/repo/rbi_2025_2/abb/abb_bridge/install/abb_rapid_msgs/local/lib/python3.10/dist-packages/abb_rapid_msgs-1.0.0-py3.10.egg-info/dependency_links.txt
[22.755s] -- Installing: /home/eia/repo/rbi_2025_2/abb/abb_bridge/install/abb_rapid_msgs/local/lib/python3.10/dist-packages/abb_rapid_msgs-1.0.0-py3.10.egg-info/top_level.txt
[22.755s] -- Installing: /home/eia/repo/rbi_2025_2/abb/abb_bridge/install/abb_rapid_msgs/local/lib/python3.10/dist-packages/abb_rapid_msgs
[22.755s] -- Installing: /home/eia/repo/rbi_2025_2/abb/abb_bridge/install/abb_rapid_msgs/local/lib/python3.10/dist-packages/abb_rapid_msgs/abb_rapid_msgs_s__rosidl_typesupport_fastrtps_c.cpython-310-x86_64-linux-gnu.so
[22.758s] -- Installing: /home/eia/repo/rbi_2025_2/abb/abb_bridge/install/abb_rapid_msgs/local/lib/python3.10/dist-packages/abb_rapid_msgs/msg
[22.758s] -- Installing: /home/eia/repo/rbi_2025_2/abb/abb_bridge/install/abb_rapid_msgs/local/lib/python3.10/dist-packages/abb_rapid_msgs/msg/_tool_data_s.c
[22.758s] -- Installing: /home/eia/repo/rbi_2025_2/abb/abb_bridge/install/abb_rapid_msgs/local/lib/python3.10/dist-packages/abb_rapid_msgs/msg/_pos.py
[22.758s] -- Installing: /home/eia/repo/rbi_2025_2/abb/abb_bridge/install/abb_rapid_msgs/local/lib/python3.10/dist-packages/abb_rapid_msgs/msg/_conf_data_s.c
[22.758s] -- Installing: /home/eia/repo/rbi_2025_2/abb/abb_bridge/install/abb_rapid_msgs/local/lib/python3.10/dist-packages/abb_rapid_msgs/msg/_rob_joint_s.c
[22.759s] -- Installing: /home/eia/repo/rbi_2025_2/abb/abb_bridge/install/abb_rapid_msgs/local/lib/python3.10/dist-packages/abb_rapid_msgs/msg/_joint_target_s.c
[22.759s] -- Installing: /home/eia/repo/rbi_2025_2/abb/abb_bridge/install/abb_rapid_msgs/local/lib/python3.10/dist-packages/abb_rapid_msgs/msg/_rob_target_s.c
[22.759s] -- Installing: /home/eia/repo/rbi_2025_2/abb/abb_bridge/install/abb_rapid_msgs/local/lib/python3.10/dist-packages/abb_rapid_msgs/msg/_ext_joint.py
[22.759s] -- Installing: /home/eia/repo/rbi_2025_2/abb/abb_bridge/install/abb_rapid_msgs/local/lib/python3.10/dist-packages/abb_rapid_msgs/msg/_orient.py
[22.759s] -- Installing: /home/eia/repo/rbi_2025_2/abb/abb_bridge/install/abb_rapid_msgs/local/lib/python3.10/dist-packages/abb_rapid_msgs/msg/_joint_target.py
[22.759s] -- Installing: /home/eia/repo/rbi_2025_2/abb/abb_bridge/install/abb_rapid_msgs/local/lib/python3.10/dist-packages/abb_rapid_msgs/msg/_pose.py
[22.760s] -- Installing: /home/eia/repo/rbi_2025_2/abb/abb_bridge/install/abb_rapid_msgs/local/lib/python3.10/dist-packages/abb_rapid_msgs/msg/_w_obj_data_s.c
[22.760s] -- Installing: /home/eia/repo/rbi_2025_2/abb/abb_bridge/install/abb_rapid_msgs/local/lib/python3.10/dist-packages/abb_rapid_msgs/msg/_conf_data.py
[22.760s] -- Installing: /home/eia/repo/rbi_2025_2/abb/abb_bridge/install/abb_rapid_msgs/local/lib/python3.10/dist-packages/abb_rapid_msgs/msg/_w_obj_data.py
[22.760s] -- Installing: /home/eia/repo/rbi_2025_2/abb/abb_bridge/install/abb_rapid_msgs/local/lib/python3.10/dist-packages/abb_rapid_msgs/msg/_load_data.py
[22.760s] -- Installing: /home/eia/repo/rbi_2025_2/abb/abb_bridge/install/abb_rapid_msgs/local/lib/python3.10/dist-packages/abb_rapid_msgs/msg/_pos_s.c
[22.761s] -- Installing: /home/eia/repo/rbi_2025_2/abb/abb_bridge/install/abb_rapid_msgs/local/lib/python3.10/dist-packages/abb_rapid_msgs/msg/_orient_s.c
[22.762s] -- Installing: /home/eia/repo/rbi_2025_2/abb/abb_bridge/install/abb_rapid_msgs/local/lib/python3.10/dist-packages/abb_rapid_msgs/msg/_pose_s.c
[22.762s] -- Installing: /home/eia/repo/rbi_2025_2/abb/abb_bridge/install/abb_rapid_msgs/local/lib/python3.10/dist-packages/abb_rapid_msgs/msg/_rob_target.py
[22.762s] -- Installing: /home/eia/repo/rbi_2025_2/abb/abb_bridge/install/abb_rapid_msgs/local/lib/python3.10/dist-packages/abb_rapid_msgs/msg/_rob_joint.py
[22.762s] -- Installing: /home/eia/repo/rbi_2025_2/abb/abb_bridge/install/abb_rapid_msgs/local/lib/python3.10/dist-packages/abb_rapid_msgs/msg/__init__.py
[22.762s] -- Installing: /home/eia/repo/rbi_2025_2/abb/abb_bridge/install/abb_rapid_msgs/local/lib/python3.10/dist-packages/abb_rapid_msgs/msg/_tool_data.py
[22.766s] -- Installing: /home/eia/repo/rbi_2025_2/abb/abb_bridge/install/abb_rapid_msgs/local/lib/python3.10/dist-packages/abb_rapid_msgs/msg/_ext_joint_s.c
[22.766s] -- Installing: /home/eia/repo/rbi_2025_2/abb/abb_bridge/install/abb_rapid_msgs/local/lib/python3.10/dist-packages/abb_rapid_msgs/msg/_load_data_s.c
[22.766s] -- Installing: /home/eia/repo/rbi_2025_2/abb/abb_bridge/install/abb_rapid_msgs/local/lib/python3.10/dist-packages/abb_rapid_msgs/_abb_rapid_msgs_s.ep.rosidl_typesupport_fastrtps_c.c
[22.766s] -- Installing: /home/eia/repo/rbi_2025_2/abb/abb_bridge/install/abb_rapid_msgs/local/lib/python3.10/dist-packages/abb_rapid_msgs/abb_rapid_msgs_s__rosidl_typesupport_c.cpython-310-x86_64-linux-gnu.so
[22.766s] -- Installing: /home/eia/repo/rbi_2025_2/abb/abb_bridge/install/abb_rapid_msgs/local/lib/python3.10/dist-packages/abb_rapid_msgs/abb_rapid_msgs_s__rosidl_typesupport_introspection_c.cpython-310-x86_64-linux-gnu.so
[22.767s] -- Installing: /home/eia/repo/rbi_2025_2/abb/abb_bridge/install/abb_rapid_msgs/local/lib/python3.10/dist-packages/abb_rapid_msgs/_abb_rapid_msgs_s.ep.rosidl_typesupport_introspection_c.c
[22.767s] -- Installing: /home/eia/repo/rbi_2025_2/abb/abb_bridge/install/abb_rapid_msgs/local/lib/python3.10/dist-packages/abb_rapid_msgs/_abb_rapid_msgs_s.ep.rosidl_typesupport_c.c
[22.767s] -- Installing: /home/eia/repo/rbi_2025_2/abb/abb_bridge/install/abb_rapid_msgs/local/lib/python3.10/dist-packages/abb_rapid_msgs/libabb_rapid_msgs__rosidl_generator_py.so
[22.767s] -- Installing: /home/eia/repo/rbi_2025_2/abb/abb_bridge/install/abb_rapid_msgs/local/lib/python3.10/dist-packages/abb_rapid_msgs/__init__.py
[22.909s] Listing '/home/eia/repo/rbi_2025_2/abb/abb_bridge/install/abb_rapid_msgs/local/lib/python3.10/dist-packages/abb_rapid_msgs'...
[22.909s] Compiling '/home/eia/repo/rbi_2025_2/abb/abb_bridge/install/abb_rapid_msgs/local/lib/python3.10/dist-packages/abb_rapid_msgs/__init__.py'...
[22.909s] Listing '/home/eia/repo/rbi_2025_2/abb/abb_bridge/install/abb_rapid_msgs/local/lib/python3.10/dist-packages/abb_rapid_msgs/msg'...
[22.909s] Compiling '/home/eia/repo/rbi_2025_2/abb/abb_bridge/install/abb_rapid_msgs/local/lib/python3.10/dist-packages/abb_rapid_msgs/msg/__init__.py'...
[22.909s] Compiling '/home/eia/repo/rbi_2025_2/abb/abb_bridge/install/abb_rapid_msgs/local/lib/python3.10/dist-packages/abb_rapid_msgs/msg/_conf_data.py'...
[22.909s] Compiling '/home/eia/repo/rbi_2025_2/abb/abb_bridge/install/abb_rapid_msgs/local/lib/python3.10/dist-packages/abb_rapid_msgs/msg/_ext_joint.py'...
[22.911s] Compiling '/home/eia/repo/rbi_2025_2/abb/abb_bridge/install/abb_rapid_msgs/local/lib/python3.10/dist-packages/abb_rapid_msgs/msg/_joint_target.py'...
[22.912s] Compiling '/home/eia/repo/rbi_2025_2/abb/abb_bridge/install/abb_rapid_msgs/local/lib/python3.10/dist-packages/abb_rapid_msgs/msg/_load_data.py'...
[22.912s] Compiling '/home/eia/repo/rbi_2025_2/abb/abb_bridge/install/abb_rapid_msgs/local/lib/python3.10/dist-packages/abb_rapid_msgs/msg/_orient.py'...
[22.912s] Compiling '/home/eia/repo/rbi_2025_2/abb/abb_bridge/install/abb_rapid_msgs/local/lib/python3.10/dist-packages/abb_rapid_msgs/msg/_pos.py'...
[22.912s] Compiling '/home/eia/repo/rbi_2025_2/abb/abb_bridge/install/abb_rapid_msgs/local/lib/python3.10/dist-packages/abb_rapid_msgs/msg/_pose.py'...
[22.912s] Compiling '/home/eia/repo/rbi_2025_2/abb/abb_bridge/install/abb_rapid_msgs/local/lib/python3.10/dist-packages/abb_rapid_msgs/msg/_rob_joint.py'...
[22.912s] Compiling '/home/eia/repo/rbi_2025_2/abb/abb_bridge/install/abb_rapid_msgs/local/lib/python3.10/dist-packages/abb_rapid_msgs/msg/_rob_target.py'...
[22.912s] Compiling '/home/eia/repo/rbi_2025_2/abb/abb_bridge/install/abb_rapid_msgs/local/lib/python3.10/dist-packages/abb_rapid_msgs/msg/_tool_data.py'...
[22.912s] Compiling '/home/eia/repo/rbi_2025_2/abb/abb_bridge/install/abb_rapid_msgs/local/lib/python3.10/dist-packages/abb_rapid_msgs/msg/_w_obj_data.py'...
[22.925s] -- Installing: /home/eia/repo/rbi_2025_2/abb/abb_bridge/install/abb_rapid_msgs/local/lib/python3.10/dist-packages/abb_rapid_msgs/abb_rapid_msgs_s__rosidl_typesupport_fastrtps_c.cpython-310-x86_64-linux-gnu.so
[22.925s] -- Set runtime path of "/home/eia/repo/rbi_2025_2/abb/abb_bridge/install/abb_rapid_msgs/local/lib/python3.10/dist-packages/abb_rapid_msgs/abb_rapid_msgs_s__rosidl_typesupport_fastrtps_c.cpython-310-x86_64-linux-gnu.so" to ""
[22.925s] -- Installing: /home/eia/repo/rbi_2025_2/abb/abb_bridge/install/abb_rapid_msgs/local/lib/python3.10/dist-packages/abb_rapid_msgs/abb_rapid_msgs_s__rosidl_typesupport_introspection_c.cpython-310-x86_64-linux-gnu.so
[22.931s] -- Set runtime path of "/home/eia/repo/rbi_2025_2/abb/abb_bridge/install/abb_rapid_msgs/local/lib/python3.10/dist-packages/abb_rapid_msgs/abb_rapid_msgs_s__rosidl_typesupport_introspection_c.cpython-310-x86_64-linux-gnu.so" to ""
[22.933s] -- Installing: /home/eia/repo/rbi_2025_2/abb/abb_bridge/install/abb_rapid_msgs/local/lib/python3.10/dist-packages/abb_rapid_msgs/abb_rapid_msgs_s__rosidl_typesupport_c.cpython-310-x86_64-linux-gnu.so
[22.934s] -- Set runtime path of "/home/eia/repo/rbi_2025_2/abb/abb_bridge/install/abb_rapid_msgs/local/lib/python3.10/dist-packages/abb_rapid_msgs/abb_rapid_msgs_s__rosidl_typesupport_c.cpython-310-x86_64-linux-gnu.so" to ""
[22.934s] -- Installing: /home/eia/repo/rbi_2025_2/abb/abb_bridge/install/abb_rapid_msgs/lib/libabb_rapid_msgs__rosidl_generator_py.so
[22.934s] -- Set runtime path of "/home/eia/repo/rbi_2025_2/abb/abb_bridge/install/abb_rapid_msgs/lib/libabb_rapid_msgs__rosidl_generator_py.so" to ""
[22.934s] -- Installing: /home/eia/repo/rbi_2025_2/abb/abb_bridge/install/abb_rapid_msgs/share/abb_rapid_msgs/msg/ConfData.idl
[22.934s] -- Installing: /home/eia/repo/rbi_2025_2/abb/abb_bridge/install/abb_rapid_msgs/share/abb_rapid_msgs/msg/ExtJoint.idl
[22.934s] -- Installing: /home/eia/repo/rbi_2025_2/abb/abb_bridge/install/abb_rapid_msgs/share/abb_rapid_msgs/msg/JointTarget.idl
[22.934s] -- Installing: /home/eia/repo/rbi_2025_2/abb/abb_bridge/install/abb_rapid_msgs/share/abb_rapid_msgs/msg/LoadData.idl
[22.934s] -- Installing: /home/eia/repo/rbi_2025_2/abb/abb_bridge/install/abb_rapid_msgs/share/abb_rapid_msgs/msg/Orient.idl
[22.935s] -- Installing: /home/eia/repo/rbi_2025_2/abb/abb_bridge/install/abb_rapid_msgs/share/abb_rapid_msgs/msg/Pos.idl
[22.935s] -- Installing: /home/eia/repo/rbi_2025_2/abb/abb_bridge/install/abb_rapid_msgs/share/abb_rapid_msgs/msg/Pose.idl
[22.935s] -- Installing: /home/eia/repo/rbi_2025_2/abb/abb_bridge/install/abb_rapid_msgs/share/abb_rapid_msgs/msg/RobJoint.idl
[22.939s] -- Installing: /home/eia/repo/rbi_2025_2/abb/abb_bridge/install/abb_rapid_msgs/share/abb_rapid_msgs/msg/RobTarget.idl
[22.942s] -- Installing: /home/eia/repo/rbi_2025_2/abb/abb_bridge/install/abb_rapid_msgs/share/abb_rapid_msgs/msg/ToolData.idl
[22.942s] -- Installing: /home/eia/repo/rbi_2025_2/abb/abb_bridge/install/abb_rapid_msgs/share/abb_rapid_msgs/msg/WObjData.idl
[22.942s] -- Installing: /home/eia/repo/rbi_2025_2/abb/abb_bridge/install/abb_rapid_msgs/share/abb_rapid_msgs/msg/ConfData.msg
[22.942s] -- Installing: /home/eia/repo/rbi_2025_2/abb/abb_bridge/install/abb_rapid_msgs/share/abb_rapid_msgs/msg/ExtJoint.msg
[22.942s] -- Installing: /home/eia/repo/rbi_2025_2/abb/abb_bridge/install/abb_rapid_msgs/share/abb_rapid_msgs/msg/JointTarget.msg
[22.942s] -- Installing: /home/eia/repo/rbi_2025_2/abb/abb_bridge/install/abb_rapid_msgs/share/abb_rapid_msgs/msg/LoadData.msg
[22.943s] -- Installing: /home/eia/repo/rbi_2025_2/abb/abb_bridge/install/abb_rapid_msgs/share/abb_rapid_msgs/msg/Orient.msg
[22.943s] -- Installing: /home/eia/repo/rbi_2025_2/abb/abb_bridge/install/abb_rapid_msgs/share/abb_rapid_msgs/msg/Pos.msg
[22.943s] -- Installing: /home/eia/repo/rbi_2025_2/abb/abb_bridge/install/abb_rapid_msgs/share/abb_rapid_msgs/msg/Pose.msg
[22.943s] -- Installing: /home/eia/repo/rbi_2025_2/abb/abb_bridge/install/abb_rapid_msgs/share/abb_rapid_msgs/msg/RobJoint.msg
[22.943s] -- Installing: /home/eia/repo/rbi_2025_2/abb/abb_bridge/install/abb_rapid_msgs/share/abb_rapid_msgs/msg/RobTarget.msg
[22.943s] -- Installing: /home/eia/repo/rbi_2025_2/abb/abb_bridge/install/abb_rapid_msgs/share/abb_rapid_msgs/msg/ToolData.msg
[22.943s] -- Installing: /home/eia/repo/rbi_2025_2/abb/abb_bridge/install/abb_rapid_msgs/share/abb_rapid_msgs/msg/WObjData.msg
[22.943s] -- Installing: /home/eia/repo/rbi_2025_2/abb/abb_bridge/install/abb_rapid_msgs/share/ament_index/resource_index/package_run_dependencies/abb_rapid_msgs
[22.944s] -- Installing: /home/eia/repo/rbi_2025_2/abb/abb_bridge/install/abb_rapid_msgs/share/ament_index/resource_index/parent_prefix_path/abb_rapid_msgs
[22.945s] -- Installing: /home/eia/repo/rbi_2025_2/abb/abb_bridge/install/abb_rapid_msgs/share/abb_rapid_msgs/environment/ament_prefix_path.sh
[22.945s] -- Installing: /home/eia/repo/rbi_2025_2/abb/abb_bridge/install/abb_rapid_msgs/share/abb_rapid_msgs/environment/ament_prefix_path.dsv
[22.945s] -- Installing: /home/eia/repo/rbi_2025_2/abb/abb_bridge/install/abb_rapid_msgs/share/abb_rapid_msgs/environment/path.sh
[22.945s] -- Installing: /home/eia/repo/rbi_2025_2/abb/abb_bridge/install/abb_rapid_msgs/share/abb_rapid_msgs/environment/path.dsv
[22.945s] -- Installing: /home/eia/repo/rbi_2025_2/abb/abb_bridge/install/abb_rapid_msgs/share/abb_rapid_msgs/local_setup.bash
[22.946s] -- Installing: /home/eia/repo/rbi_2025_2/abb/abb_bridge/install/abb_rapid_msgs/share/abb_rapid_msgs/local_setup.sh
[22.946s] -- Installing: /home/eia/repo/rbi_2025_2/abb/abb_bridge/install/abb_rapid_msgs/share/abb_rapid_msgs/local_setup.zsh
[22.946s] -- Installing: /home/eia/repo/rbi_2025_2/abb/abb_bridge/install/abb_rapid_msgs/share/abb_rapid_msgs/local_setup.dsv
[22.946s] -- Installing: /home/eia/repo/rbi_2025_2/abb/abb_bridge/install/abb_rapid_msgs/share/abb_rapid_msgs/package.dsv
[22.949s] -- Installing: /home/eia/repo/rbi_2025_2/abb/abb_bridge/install/abb_rapid_msgs/share/ament_index/resource_index/packages/abb_rapid_msgs
[22.949s] -- Installing: /home/eia/repo/rbi_2025_2/abb/abb_bridge/install/abb_rapid_msgs/share/abb_rapid_msgs/cmake/export_abb_rapid_msgs__rosidl_generator_cExport.cmake
[22.949s] -- Installing: /home/eia/repo/rbi_2025_2/abb/abb_bridge/install/abb_rapid_msgs/share/abb_rapid_msgs/cmake/export_abb_rapid_msgs__rosidl_generator_cExport-noconfig.cmake
[22.956s] -- Installing: /home/eia/repo/rbi_2025_2/abb/abb_bridge/install/abb_rapid_msgs/share/abb_rapid_msgs/cmake/export_abb_rapid_msgs__rosidl_typesupport_fastrtps_cExport.cmake
[22.956s] -- Installing: /home/eia/repo/rbi_2025_2/abb/abb_bridge/install/abb_rapid_msgs/share/abb_rapid_msgs/cmake/export_abb_rapid_msgs__rosidl_typesupport_fastrtps_cExport-noconfig.cmake
[22.956s] -- Installing: /home/eia/repo/rbi_2025_2/abb/abb_bridge/install/abb_rapid_msgs/share/abb_rapid_msgs/cmake/abb_rapid_msgs__rosidl_typesupport_introspection_cExport.cmake
[22.957s] -- Installing: /home/eia/repo/rbi_2025_2/abb/abb_bridge/install/abb_rapid_msgs/share/abb_rapid_msgs/cmake/abb_rapid_msgs__rosidl_typesupport_introspection_cExport-noconfig.cmake
[22.957s] -- Installing: /home/eia/repo/rbi_2025_2/abb/abb_bridge/install/abb_rapid_msgs/share/abb_rapid_msgs/cmake/abb_rapid_msgs__rosidl_typesupport_cExport.cmake
[22.957s] -- Installing: /home/eia/repo/rbi_2025_2/abb/abb_bridge/install/abb_rapid_msgs/share/abb_rapid_msgs/cmake/abb_rapid_msgs__rosidl_typesupport_cExport-noconfig.cmake
[22.957s] -- Installing: /home/eia/repo/rbi_2025_2/abb/abb_bridge/install/abb_rapid_msgs/share/abb_rapid_msgs/cmake/export_abb_rapid_msgs__rosidl_generator_cppExport.cmake
[22.957s] -- Installing: /home/eia/repo/rbi_2025_2/abb/abb_bridge/install/abb_rapid_msgs/share/abb_rapid_msgs/cmake/export_abb_rapid_msgs__rosidl_typesupport_fastrtps_cppExport.cmake
[22.959s] -- Installing: /home/eia/repo/rbi_2025_2/abb/abb_bridge/install/abb_rapid_msgs/share/abb_rapid_msgs/cmake/export_abb_rapid_msgs__rosidl_typesupport_fastrtps_cppExport-noconfig.cmake
[22.960s] -- Installing: /home/eia/repo/rbi_2025_2/abb/abb_bridge/install/abb_rapid_msgs/share/abb_rapid_msgs/cmake/abb_rapid_msgs__rosidl_typesupport_introspection_cppExport.cmake
[22.960s] -- Installing: /home/eia/repo/rbi_2025_2/abb/abb_bridge/install/abb_rapid_msgs/share/abb_rapid_msgs/cmake/abb_rapid_msgs__rosidl_typesupport_introspection_cppExport-noconfig.cmake
[22.960s] -- Installing: /home/eia/repo/rbi_2025_2/abb/abb_bridge/install/abb_rapid_msgs/share/abb_rapid_msgs/cmake/abb_rapid_msgs__rosidl_typesupport_cppExport.cmake
[22.960s] -- Installing: /home/eia/repo/rbi_2025_2/abb/abb_bridge/install/abb_rapid_msgs/share/abb_rapid_msgs/cmake/abb_rapid_msgs__rosidl_typesupport_cppExport-noconfig.cmake
[22.962s] -- Installing: /home/eia/repo/rbi_2025_2/abb/abb_bridge/install/abb_rapid_msgs/share/abb_rapid_msgs/cmake/export_abb_rapid_msgs__rosidl_generator_pyExport.cmake
[22.964s] -- Installing: /home/eia/repo/rbi_2025_2/abb/abb_bridge/install/abb_rapid_msgs/share/abb_rapid_msgs/cmake/export_abb_rapid_msgs__rosidl_generator_pyExport-noconfig.cmake
[22.964s] -- Installing: /home/eia/repo/rbi_2025_2/abb/abb_bridge/install/abb_rapid_msgs/share/abb_rapid_msgs/cmake/rosidl_cmake-extras.cmake
[22.964s] -- Installing: /home/eia/repo/rbi_2025_2/abb/abb_bridge/install/abb_rapid_msgs/share/abb_rapid_msgs/cmake/ament_cmake_export_include_directories-extras.cmake
[22.964s] -- Installing: /home/eia/repo/rbi_2025_2/abb/abb_bridge/install/abb_rapid_msgs/share/abb_rapid_msgs/cmake/ament_cmake_export_libraries-extras.cmake
[22.964s] -- Installing: /home/eia/repo/rbi_2025_2/abb/abb_bridge/install/abb_rapid_msgs/share/abb_rapid_msgs/cmake/ament_cmake_export_targets-extras.cmake
[22.964s] -- Installing: /home/eia/repo/rbi_2025_2/abb/abb_bridge/install/abb_rapid_msgs/share/abb_rapid_msgs/cmake/rosidl_cmake_export_typesupport_targets-extras.cmake
[22.967s] -- Installing: /home/eia/repo/rbi_2025_2/abb/abb_bridge/install/abb_rapid_msgs/share/abb_rapid_msgs/cmake/ament_cmake_export_dependencies-extras.cmake
[22.968s] -- Installing: /home/eia/repo/rbi_2025_2/abb/abb_bridge/install/abb_rapid_msgs/share/abb_rapid_msgs/cmake/rosidl_cmake_export_typesupport_libraries-extras.cmake
[22.968s] -- Installing: /home/eia/repo/rbi_2025_2/abb/abb_bridge/install/abb_rapid_msgs/share/abb_rapid_msgs/cmake/abb_rapid_msgsConfig.cmake
[22.969s] -- Installing: /home/eia/repo/rbi_2025_2/abb/abb_bridge/install/abb_rapid_msgs/share/abb_rapid_msgs/cmake/abb_rapid_msgsConfig-version.cmake
[22.969s] -- Installing: /home/eia/repo/rbi_2025_2/abb/abb_bridge/install/abb_rapid_msgs/share/abb_rapid_msgs/package.xml
[22.969s] Invoked command in '/home/eia/repo/rbi_2025_2/abb/abb_bridge/build/abb_rapid_msgs' returned '0': CMAKE_PREFIX_PATH=/opt/ros/humble /usr/bin/cmake --install /home/eia/repo/rbi_2025_2/abb/abb_bridge/build/abb_rapid_msgs
