[0.053s] Invoking command in '/home/eia/repo/rbi_2025_2/scara/scara_ws/build/scara_gz_bringup': CMAKE_PREFIX_PATH=${CMAKE_PREFIX_PATH}:/home/eia/repo/rbi_2025_2/scara/scara_ws/install/scara_mujoco:/home/eia/repo/rbi_2025_2/scara/scara_ws/install/scara_ik_solver:/home/eia/repo/rbi_2025_2/abb/abb_ws/install/abb_path_controller:/home/eia/repo/rbi_2025_2/abb/abb_ws/install/abb_mujoco_python:/home/eia/repo/rbi_2025_2/rov/rov_ws/install/rov_position_controller:/home/eia/repo/rbi_2025_2/rov/rov_ws/install/rov_path_generator:/home/eia/repo/rbi_2025_2/rov/rov_ws/install/rov_path_follower:/home/eia/repo/rbi_2025_2/rov/rov_ws/install/rov_attitude_controller:/opt/ros/humble /usr/bin/cmake --build /home/eia/repo/rbi_2025_2/scara/scara_ws/build/scara_gz_bringup -- -j12 -l12
[0.703s] Invoked command in '/home/eia/repo/rbi_2025_2/scara/scara_ws/build/scara_gz_bringup' returned '0': CMAKE_PREFIX_PATH=${CMAKE_PREFIX_PATH}:/home/eia/repo/rbi_2025_2/scara/scara_ws/install/scara_mujoco:/home/eia/repo/rbi_2025_2/scara/scara_ws/install/scara_ik_solver:/home/eia/repo/rbi_2025_2/abb/abb_ws/install/abb_path_controller:/home/eia/repo/rbi_2025_2/abb/abb_ws/install/abb_mujoco_python:/home/eia/repo/rbi_2025_2/rov/rov_ws/install/rov_position_controller:/home/eia/repo/rbi_2025_2/rov/rov_ws/install/rov_path_generator:/home/eia/repo/rbi_2025_2/rov/rov_ws/install/rov_path_follower:/home/eia/repo/rbi_2025_2/rov/rov_ws/install/rov_attitude_controller:/opt/ros/humble /usr/bin/cmake --build /home/eia/repo/rbi_2025_2/scara/scara_ws/build/scara_gz_bringup -- -j12 -l12
[0.704s] Invoking command in '/home/eia/repo/rbi_2025_2/scara/scara_ws/build/scara_gz_bringup': CMAKE_PREFIX_PATH=${CMAKE_PREFIX_PATH}:/home/eia/repo/rbi_2025_2/scara/scara_ws/install/scara_mujoco:/home/eia/repo/rbi_2025_2/scara/scara_ws/install/scara_ik_solver:/home/eia/repo/rbi_2025_2/abb/abb_ws/install/abb_path_controller:/home/eia/repo/rbi_2025_2/abb/abb_ws/install/abb_mujoco_python:/home/eia/repo/rbi_2025_2/rov/rov_ws/install/rov_position_controller:/home/eia/repo/rbi_2025_2/rov/rov_ws/install/rov_path_generator:/home/eia/repo/rbi_2025_2/rov/rov_ws/install/rov_path_follower:/home/eia/repo/rbi_2025_2/rov/rov_ws/install/rov_attitude_controller:/opt/ros/humble /usr/bin/cmake --install /home/eia/repo/rbi_2025_2/scara/scara_ws/build/scara_gz_bringup
[0.711s] -- Install configuration: ""
[0.712s] -- Execute custom install script
[0.715s] -- Up-to-date symlink: /home/eia/repo/rbi_2025_2/scara/scara_ws/install/scara_gz_bringup/share/scara_gz_bringup//launch/scara_bringup.launch.xml
[0.716s] [33mCMake Warning (dev) at ament_cmake_symlink_install/ament_cmake_symlink_install.cmake:62 (file):
[0.716s]   Policy CMP0009 is not set: FILE GLOB_RECURSE calls should not follow
[0.716s]   symlinks by default.  Run "cmake --help-policy CMP0009" for policy details.
[0.716s]   Use the cmake_policy command to set the policy and suppress this warning.
[0.716s] Call Stack (most recent call first):
[0.716s]   ament_cmake_symlink_install/ament_cmake_symlink_install.cmake:314 (ament_cmake_symlink_install_directory)
[0.716s]   cmake_install.cmake:46 (include)
[0.716s] This warning is for project developers.  Use -Wno-dev to suppress it.
[0.716s] [0m
[0.717s] -- Up-to-date symlink: /home/eia/repo/rbi_2025_2/scara/scara_ws/install/scara_gz_bringup/share/scara_gz_bringup//config/build/.built_by
[0.717s] -- Up-to-date symlink: /home/eia/repo/rbi_2025_2/scara/scara_ws/install/scara_gz_bringup/share/scara_gz_bringup//config/build/COLCON_IGNORE
[0.717s] -- Up-to-date symlink: /home/eia/repo/rbi_2025_2/scara/scara_ws/install/scara_gz_bringup/share/scara_gz_bringup//config/controllers.yaml
[0.717s] -- Up-to-date symlink: /home/eia/repo/rbi_2025_2/scara/scara_ws/install/scara_gz_bringup/share/scara_gz_bringup//config/gazebo_bridge.yaml
[0.717s] -- Up-to-date symlink: /home/eia/repo/rbi_2025_2/scara/scara_ws/install/scara_gz_bringup/share/scara_gz_bringup//config/install/.colcon_install_layout
[0.717s] -- Up-to-date symlink: /home/eia/repo/rbi_2025_2/scara/scara_ws/install/scara_gz_bringup/share/scara_gz_bringup//config/install/COLCON_IGNORE
[0.717s] -- Up-to-date symlink: /home/eia/repo/rbi_2025_2/scara/scara_ws/install/scara_gz_bringup/share/scara_gz_bringup//config/install/_local_setup_util_ps1.py
[0.717s] -- Up-to-date symlink: /home/eia/repo/rbi_2025_2/scara/scara_ws/install/scara_gz_bringup/share/scara_gz_bringup//config/install/_local_setup_util_sh.py
[0.718s] -- Up-to-date symlink: /home/eia/repo/rbi_2025_2/scara/scara_ws/install/scara_gz_bringup/share/scara_gz_bringup//config/install/local_setup.bash
[0.718s] -- Up-to-date symlink: /home/eia/repo/rbi_2025_2/scara/scara_ws/install/scara_gz_bringup/share/scara_gz_bringup//config/install/local_setup.ps1
[0.718s] -- Up-to-date symlink: /home/eia/repo/rbi_2025_2/scara/scara_ws/install/scara_gz_bringup/share/scara_gz_bringup//config/install/local_setup.sh
[0.718s] -- Up-to-date symlink: /home/eia/repo/rbi_2025_2/scara/scara_ws/install/scara_gz_bringup/share/scara_gz_bringup//config/install/local_setup.zsh
[0.718s] -- Up-to-date symlink: /home/eia/repo/rbi_2025_2/scara/scara_ws/install/scara_gz_bringup/share/scara_gz_bringup//config/install/setup.bash
[0.718s] -- Up-to-date symlink: /home/eia/repo/rbi_2025_2/scara/scara_ws/install/scara_gz_bringup/share/scara_gz_bringup//config/install/setup.ps1
[0.718s] -- Up-to-date symlink: /home/eia/repo/rbi_2025_2/scara/scara_ws/install/scara_gz_bringup/share/scara_gz_bringup//config/install/setup.sh
[0.719s] -- Up-to-date symlink: /home/eia/repo/rbi_2025_2/scara/scara_ws/install/scara_gz_bringup/share/scara_gz_bringup//config/install/setup.zsh
[0.719s] -- Up-to-date symlink: /home/eia/repo/rbi_2025_2/scara/scara_ws/install/scara_gz_bringup/share/scara_gz_bringup//config/log/COLCON_IGNORE
[0.719s] -- Up-to-date symlink: /home/eia/repo/rbi_2025_2/scara/scara_ws/install/scara_gz_bringup/share/scara_gz_bringup//config/log/build_2025-08-13_22-40-07/events.log
[0.719s] -- Up-to-date symlink: /home/eia/repo/rbi_2025_2/scara/scara_ws/install/scara_gz_bringup/share/scara_gz_bringup//config/log/build_2025-08-13_22-40-07/logger_all.log
[0.719s] -- Up-to-date symlink: /home/eia/repo/rbi_2025_2/scara/scara_ws/install/scara_gz_bringup/share/scara_gz_bringup//config/log/latest/events.log
[0.719s] -- Up-to-date symlink: /home/eia/repo/rbi_2025_2/scara/scara_ws/install/scara_gz_bringup/share/scara_gz_bringup//config/log/latest/logger_all.log
[0.719s] -- Up-to-date symlink: /home/eia/repo/rbi_2025_2/scara/scara_ws/install/scara_gz_bringup/share/scara_gz_bringup//config/log/latest_build/events.log
[0.720s] -- Up-to-date symlink: /home/eia/repo/rbi_2025_2/scara/scara_ws/install/scara_gz_bringup/share/scara_gz_bringup//config/log/latest_build/logger_all.log
[0.720s] -- Up-to-date symlink: /home/eia/repo/rbi_2025_2/scara/scara_ws/install/scara_gz_bringup/share/scara_gz_bringup//config/scara_config.rviz
[0.720s] -- Up-to-date symlink: /home/eia/repo/rbi_2025_2/scara/scara_ws/install/scara_gz_bringup/share/ament_index/resource_index/package_run_dependencies/scara_gz_bringup
[0.720s] -- Up-to-date symlink: /home/eia/repo/rbi_2025_2/scara/scara_ws/install/scara_gz_bringup/share/ament_index/resource_index/parent_prefix_path/scara_gz_bringup
[0.720s] -- Up-to-date symlink: /home/eia/repo/rbi_2025_2/scara/scara_ws/install/scara_gz_bringup/share/scara_gz_bringup/environment/ament_prefix_path.sh
[0.720s] -- Up-to-date symlink: /home/eia/repo/rbi_2025_2/scara/scara_ws/install/scara_gz_bringup/share/scara_gz_bringup/environment/ament_prefix_path.dsv
[0.720s] -- Up-to-date symlink: /home/eia/repo/rbi_2025_2/scara/scara_ws/install/scara_gz_bringup/share/scara_gz_bringup/environment/path.sh
[0.720s] -- Up-to-date symlink: /home/eia/repo/rbi_2025_2/scara/scara_ws/install/scara_gz_bringup/share/scara_gz_bringup/environment/path.dsv
[0.721s] -- Up-to-date symlink: /home/eia/repo/rbi_2025_2/scara/scara_ws/install/scara_gz_bringup/share/scara_gz_bringup/local_setup.bash
[0.722s] -- Up-to-date symlink: /home/eia/repo/rbi_2025_2/scara/scara_ws/install/scara_gz_bringup/share/scara_gz_bringup/local_setup.sh
[0.722s] -- Up-to-date symlink: /home/eia/repo/rbi_2025_2/scara/scara_ws/install/scara_gz_bringup/share/scara_gz_bringup/local_setup.zsh
[0.722s] -- Up-to-date symlink: /home/eia/repo/rbi_2025_2/scara/scara_ws/install/scara_gz_bringup/share/scara_gz_bringup/local_setup.dsv
[0.723s] -- Symlinking: /home/eia/repo/rbi_2025_2/scara/scara_ws/install/scara_gz_bringup/share/scara_gz_bringup/package.dsv
[0.727s] -- Up-to-date symlink: /home/eia/repo/rbi_2025_2/scara/scara_ws/install/scara_gz_bringup/share/ament_index/resource_index/packages/scara_gz_bringup
[0.727s] -- Up-to-date symlink: /home/eia/repo/rbi_2025_2/scara/scara_ws/install/scara_gz_bringup/share/scara_gz_bringup/cmake/scara_gz_bringupConfig.cmake
[0.727s] -- Up-to-date symlink: /home/eia/repo/rbi_2025_2/scara/scara_ws/install/scara_gz_bringup/share/scara_gz_bringup/cmake/scara_gz_bringupConfig-version.cmake
[0.728s] -- Up-to-date symlink: /home/eia/repo/rbi_2025_2/scara/scara_ws/install/scara_gz_bringup/share/scara_gz_bringup/package.xml
[0.775s] Invoked command in '/home/eia/repo/rbi_2025_2/scara/scara_ws/build/scara_gz_bringup' returned '0': CMAKE_PREFIX_PATH=${CMAKE_PREFIX_PATH}:/home/eia/repo/rbi_2025_2/scara/scara_ws/install/scara_mujoco:/home/eia/repo/rbi_2025_2/scara/scara_ws/install/scara_ik_solver:/home/eia/repo/rbi_2025_2/abb/abb_ws/install/abb_path_controller:/home/eia/repo/rbi_2025_2/abb/abb_ws/install/abb_mujoco_python:/home/eia/repo/rbi_2025_2/rov/rov_ws/install/rov_position_controller:/home/eia/repo/rbi_2025_2/rov/rov_ws/install/rov_path_generator:/home/eia/repo/rbi_2025_2/rov/rov_ws/install/rov_path_follower:/home/eia/repo/rbi_2025_2/rov/rov_ws/install/rov_attitude_controller:/opt/ros/humble /usr/bin/cmake --install /home/eia/repo/rbi_2025_2/scara/scara_ws/build/scara_gz_bringup
