[0.462s] Invoking command in '/rov_ws/build/rov_mujoco_sim': CMAKE_PREFIX_PATH=${CMAKE_PREFIX_PATH}:/rov_ws/install/rov_position_controller:/rov_ws/install/rov_path_generator:/rov_ws/install/rov_path_follower:/rov_ws/install/rov_attitude_controller:/opt/ros/humble /usr/bin/cmake /rov_ws/src/rov_mujoco_sim -DCMAKE_INSTALL_PREFIX=/rov_ws/install/rov_mujoco_sim
[1.503s] -- The C compiler identification is GNU 11.4.0
[1.504s] -- The CXX compiler identification is GNU 11.4.0
[1.504s] -- Detecting C compiler ABI info
[1.504s] -- Detecting C compiler ABI info - done
[1.504s] -- Check for working C compiler: /usr/bin/cc - skipped
[1.504s] -- Detecting C compile features
[1.504s] -- Detecting C compile features - done
[1.505s] -- Detecting CXX compiler ABI info
[1.505s] -- Detecting CXX compiler ABI info - done
[1.505s] -- Check for working CXX compiler: /usr/bin/c++ - skipped
[1.505s] -- Detecting CXX compile features
[1.505s] -- Detecting CXX compile features - done
[1.505s] -- Found ament_cmake: 1.3.12 (/opt/ros/humble/share/ament_cmake/cmake)
[1.505s] -- Found Python3: /usr/bin/python3 (found version "3.10.12") found components: Interpreter 
[1.506s] -- Found PkgConfig: /usr/bin/pkg-config (found version "0.29.2") 
[1.506s] -- Checking for module 'glfw3'
[1.506s] --   No package 'glfw3' found
[1.506s] -- Configuring incomplete, errors occurred!
[1.506s] See also "/rov_ws/build/rov_mujoco_sim/CMakeFiles/CMakeOutput.log".
[1.506s] [31mCMake Error at /usr/share/cmake-3.22/Modules/FindPkgConfig.cmake:603 (message):
[1.507s]   A required package was not found
[1.507s] Call Stack (most recent call first):
[1.507s]   /usr/share/cmake-3.22/Modules/FindPkgConfig.cmake:825 (_pkg_check_modules_internal)
[1.507s]   CMakeLists.txt:22 (pkg_check_modules)
[1.507s] 
[1.507s] [0m
[1.972s] Invoked command in '/rov_ws/build/rov_mujoco_sim' returned '1': CMAKE_PREFIX_PATH=${CMAKE_PREFIX_PATH}:/rov_ws/install/rov_position_controller:/rov_ws/install/rov_path_generator:/rov_ws/install/rov_path_follower:/rov_ws/install/rov_attitude_controller:/opt/ros/humble /usr/bin/cmake /rov_ws/src/rov_mujoco_sim -DCMAKE_INSTALL_PREFIX=/rov_ws/install/rov_mujoco_sim
