[1.576s] Invoking command in '/abb_ws/src/abb_ik_solver': PYTHONPATH=/abb_ws/build/abb_ik_solver/prefix_override:/usr/lib/python3/dist-packages/colcon_core/task/python/colcon_distutils_commands:/abb_ws/install/abb_ik_solver/lib/python3.10/site-packages:${PYTHONPATH} /usr/bin/python3 -W ignore:setup.py install is deprecated -W ignore:easy_install command is deprecated setup.py egg_info --egg-base ../../build/abb_ik_solver build --build-base /abb_ws/build/abb_ik_solver/build install --record /abb_ws/build/abb_ik_solver/install.log --single-version-externally-managed install_data
[1.835s] running egg_info
[1.836s] creating ../../build/abb_ik_solver/abb_ik_solver.egg-info
[1.836s] writing ../../build/abb_ik_solver/abb_ik_solver.egg-info/PKG-INFO
[1.836s] writing dependency_links to ../../build/abb_ik_solver/abb_ik_solver.egg-info/dependency_links.txt
[1.836s] writing entry points to ../../build/abb_ik_solver/abb_ik_solver.egg-info/entry_points.txt
[1.837s] writing requirements to ../../build/abb_ik_solver/abb_ik_solver.egg-info/requires.txt
[1.837s] writing top-level names to ../../build/abb_ik_solver/abb_ik_solver.egg-info/top_level.txt
[1.837s] writing manifest file '../../build/abb_ik_solver/abb_ik_solver.egg-info/SOURCES.txt'
[1.839s] reading manifest file '../../build/abb_ik_solver/abb_ik_solver.egg-info/SOURCES.txt'
[1.840s] writing manifest file '../../build/abb_ik_solver/abb_ik_solver.egg-info/SOURCES.txt'
[1.840s] running build
[1.840s] running build_py
[1.840s] creating /abb_ws/build/abb_ik_solver/build
[1.840s] creating /abb_ws/build/abb_ik_solver/build/lib
[1.840s] creating /abb_ws/build/abb_ik_solver/build/lib/abb_ik_solver
[1.840s] copying abb_ik_solver/abb_ik_solver.py -> /abb_ws/build/abb_ik_solver/build/lib/abb_ik_solver
[1.849s] copying abb_ik_solver/__init__.py -> /abb_ws/build/abb_ik_solver/build/lib/abb_ik_solver
[1.850s] running install
[1.850s] running install_lib
[1.851s] creating /abb_ws/install/abb_ik_solver/lib/python3.10/site-packages/abb_ik_solver
[1.851s] copying /abb_ws/build/abb_ik_solver/build/lib/abb_ik_solver/abb_ik_solver.py -> /abb_ws/install/abb_ik_solver/lib/python3.10/site-packages/abb_ik_solver
[1.852s] copying /abb_ws/build/abb_ik_solver/build/lib/abb_ik_solver/__init__.py -> /abb_ws/install/abb_ik_solver/lib/python3.10/site-packages/abb_ik_solver
[1.852s] byte-compiling /abb_ws/install/abb_ik_solver/lib/python3.10/site-packages/abb_ik_solver/abb_ik_solver.py to abb_ik_solver.cpython-310.pyc
[1.854s] byte-compiling /abb_ws/install/abb_ik_solver/lib/python3.10/site-packages/abb_ik_solver/__init__.py to __init__.cpython-310.pyc
[1.854s] running install_data
[1.854s] creating /abb_ws/install/abb_ik_solver/share/ament_index
[1.854s] creating /abb_ws/install/abb_ik_solver/share/ament_index/resource_index
[1.854s] creating /abb_ws/install/abb_ik_solver/share/ament_index/resource_index/packages
[1.854s] copying resource/abb_ik_solver -> /abb_ws/install/abb_ik_solver/share/ament_index/resource_index/packages
[1.854s] copying package.xml -> /abb_ws/install/abb_ik_solver/share/abb_ik_solver
[1.854s] creating /abb_ws/install/abb_ik_solver/share/abb_ik_solver/launch
[1.855s] creating /abb_ws/install/abb_ik_solver/share/abb_ik_solver/descriptions
[1.855s] creating /abb_ws/install/abb_ik_solver/share/abb_ik_solver/config
[1.855s] running install_egg_info
[1.858s] Copying ../../build/abb_ik_solver/abb_ik_solver.egg-info to /abb_ws/install/abb_ik_solver/lib/python3.10/site-packages/abb_ik_solver-0.0.0-py3.10.egg-info
[1.859s] running install_scripts
[1.890s] Installing abb_ik_solver script to /abb_ws/install/abb_ik_solver/lib/abb_ik_solver
[1.890s] writing list of installed files to '/abb_ws/build/abb_ik_solver/install.log'
[1.930s] Invoked command in '/abb_ws/src/abb_ik_solver' returned '0': PYTHONPATH=/abb_ws/build/abb_ik_solver/prefix_override:/usr/lib/python3/dist-packages/colcon_core/task/python/colcon_distutils_commands:/abb_ws/install/abb_ik_solver/lib/python3.10/site-packages:${PYTHONPATH} /usr/bin/python3 -W ignore:setup.py install is deprecated -W ignore:easy_install command is deprecated setup.py egg_info --egg-base ../../build/abb_ik_solver build --build-base /abb_ws/build/abb_ik_solver/build install --record /abb_ws/build/abb_ik_solver/install.log --single-version-externally-managed install_data
