[0.259s] Invoking command in '/home/eia/repo/rbi_2025_2/abb/abb_ws/build/abb_mujoco_description': CMAKE_PREFIX_PATH=${CMAKE_PREFIX_PATH}:/home/eia/repo/rbi_2025_2/scara/scara_ws/install/scara_mujoco:/opt/ros/humble /usr/bin/cmake /home/eia/repo/rbi_2025_2/abb/abb_ws/src/abb_mujoco_description -DCMAKE_INSTALL_PREFIX=/home/eia/repo/rbi_2025_2/abb/abb_ws/install/abb_mujoco_description
[0.326s] -- The C compiler identification is GNU 11.4.0
[0.393s] -- The CXX compiler identification is GNU 11.4.0
[0.403s] -- Detecting C compiler ABI info
[0.480s] -- Detecting C compiler ABI info - done
[0.492s] -- Check for working C compiler: /usr/bin/cc - skipped
[0.492s] -- Detecting C compile features
[0.492s] -- Detecting C compile features - done
[0.495s] -- Detecting CXX compiler ABI info
[0.578s] -- Detecting CXX compiler ABI info - done
[0.593s] -- Check for working CXX compiler: /usr/bin/c++ - skipped
[0.593s] -- Detecting CXX compile features
[0.593s] -- Detecting CXX compile features - done
[0.598s] -- Found ament_cmake: 1.3.12 (/opt/ros/humble/share/ament_cmake/cmake)
[1.055s] -- Found Python3: /usr/bin/python3 (found version "3.10.12") found components: Interpreter 
[1.248s] -- Configuring done
[1.250s] -- Generating done
[1.252s] -- Build files have been written to: /home/eia/repo/rbi_2025_2/abb/abb_ws/build/abb_mujoco_description
[1.256s] Invoked command in '/home/eia/repo/rbi_2025_2/abb/abb_ws/build/abb_mujoco_description' returned '0': CMAKE_PREFIX_PATH=${CMAKE_PREFIX_PATH}:/home/eia/repo/rbi_2025_2/scara/scara_ws/install/scara_mujoco:/opt/ros/humble /usr/bin/cmake /home/eia/repo/rbi_2025_2/abb/abb_ws/src/abb_mujoco_description -DCMAKE_INSTALL_PREFIX=/home/eia/repo/rbi_2025_2/abb/abb_ws/install/abb_mujoco_description
[1.257s] Invoking command in '/home/eia/repo/rbi_2025_2/abb/abb_ws/build/abb_mujoco_description': CMAKE_PREFIX_PATH=${CMAKE_PREFIX_PATH}:/home/eia/repo/rbi_2025_2/scara/scara_ws/install/scara_mujoco:/opt/ros/humble /usr/bin/cmake --build /home/eia/repo/rbi_2025_2/abb/abb_ws/build/abb_mujoco_description -- -j12 -l12
[1.290s] Invoked command in '/home/eia/repo/rbi_2025_2/abb/abb_ws/build/abb_mujoco_description' returned '0': CMAKE_PREFIX_PATH=${CMAKE_PREFIX_PATH}:/home/eia/repo/rbi_2025_2/scara/scara_ws/install/scara_mujoco:/opt/ros/humble /usr/bin/cmake --build /home/eia/repo/rbi_2025_2/abb/abb_ws/build/abb_mujoco_description -- -j12 -l12
[1.291s] Invoking command in '/home/eia/repo/rbi_2025_2/abb/abb_ws/build/abb_mujoco_description': CMAKE_PREFIX_PATH=${CMAKE_PREFIX_PATH}:/home/eia/repo/rbi_2025_2/scara/scara_ws/install/scara_mujoco:/opt/ros/humble /usr/bin/cmake --install /home/eia/repo/rbi_2025_2/abb/abb_ws/build/abb_mujoco_description
[1.297s] -- Install configuration: ""
[1.297s] -- Installing: /home/eia/repo/rbi_2025_2/abb/abb_ws/install/abb_mujoco_description/share/abb_mujoco_description//urdf
[1.297s] -- Installing: /home/eia/repo/rbi_2025_2/abb/abb_ws/install/abb_mujoco_description/share/abb_mujoco_description//urdf/common_properties.xacro
[1.298s] -- Installing: /home/eia/repo/rbi_2025_2/abb/abb_ws/install/abb_mujoco_description/share/abb_mujoco_description//urdf/abb_description.urdf.xacro
[1.298s] -- Installing: /home/eia/repo/rbi_2025_2/abb/abb_ws/install/abb_mujoco_description/share/abb_mujoco_description//launch
[1.298s] -- Installing: /home/eia/repo/rbi_2025_2/abb/abb_ws/install/abb_mujoco_description/share/abb_mujoco_description//launch/display.launch.xml
[1.298s] -- Installing: /home/eia/repo/rbi_2025_2/abb/abb_ws/install/abb_mujoco_description/share/abb_mujoco_description//rviz
[1.298s] -- Installing: /home/eia/repo/rbi_2025_2/abb/abb_ws/install/abb_mujoco_description/share/ament_index/resource_index/package_run_dependencies/abb_mujoco_description
[1.298s] -- Installing: /home/eia/repo/rbi_2025_2/abb/abb_ws/install/abb_mujoco_description/share/ament_index/resource_index/parent_prefix_path/abb_mujoco_description
[1.298s] -- Installing: /home/eia/repo/rbi_2025_2/abb/abb_ws/install/abb_mujoco_description/share/abb_mujoco_description/environment/ament_prefix_path.sh
[1.298s] -- Installing: /home/eia/repo/rbi_2025_2/abb/abb_ws/install/abb_mujoco_description/share/abb_mujoco_description/environment/ament_prefix_path.dsv
[1.298s] -- Installing: /home/eia/repo/rbi_2025_2/abb/abb_ws/install/abb_mujoco_description/share/abb_mujoco_description/environment/path.sh
[1.298s] -- Installing: /home/eia/repo/rbi_2025_2/abb/abb_ws/install/abb_mujoco_description/share/abb_mujoco_description/environment/path.dsv
[1.298s] -- Installing: /home/eia/repo/rbi_2025_2/abb/abb_ws/install/abb_mujoco_description/share/abb_mujoco_description/local_setup.bash
[1.299s] -- Installing: /home/eia/repo/rbi_2025_2/abb/abb_ws/install/abb_mujoco_description/share/abb_mujoco_description/local_setup.sh
[1.299s] -- Installing: /home/eia/repo/rbi_2025_2/abb/abb_ws/install/abb_mujoco_description/share/abb_mujoco_description/local_setup.zsh
[1.299s] -- Installing: /home/eia/repo/rbi_2025_2/abb/abb_ws/install/abb_mujoco_description/share/abb_mujoco_description/local_setup.dsv
[1.299s] -- Installing: /home/eia/repo/rbi_2025_2/abb/abb_ws/install/abb_mujoco_description/share/abb_mujoco_description/package.dsv
[1.299s] -- Installing: /home/eia/repo/rbi_2025_2/abb/abb_ws/install/abb_mujoco_description/share/ament_index/resource_index/packages/abb_mujoco_description
[1.299s] -- Installing: /home/eia/repo/rbi_2025_2/abb/abb_ws/install/abb_mujoco_description/share/abb_mujoco_description/cmake/abb_mujoco_descriptionConfig.cmake
[1.299s] -- Installing: /home/eia/repo/rbi_2025_2/abb/abb_ws/install/abb_mujoco_description/share/abb_mujoco_description/cmake/abb_mujoco_descriptionConfig-version.cmake
[1.299s] -- Installing: /home/eia/repo/rbi_2025_2/abb/abb_ws/install/abb_mujoco_description/share/abb_mujoco_description/package.xml
[1.301s] Invoked command in '/home/eia/repo/rbi_2025_2/abb/abb_ws/build/abb_mujoco_description' returned '0': CMAKE_PREFIX_PATH=${CMAKE_PREFIX_PATH}:/home/eia/repo/rbi_2025_2/scara/scara_ws/install/scara_mujoco:/opt/ros/humble /usr/bin/cmake --install /home/eia/repo/rbi_2025_2/abb/abb_ws/build/abb_mujoco_description
