-- The C compiler identification is GNU 11.4.0
-- The CXX compiler identification is GNU 11.4.0
-- Detecting C compiler ABI info
-- Detecting C compiler ABI info - done
-- Check for working C compiler: /usr/bin/cc - skipped
-- Detecting C compile features
-- Detecting C compile features - done
-- Detecting CXX compiler ABI info
-- Detecting CXX compiler ABI info - done
-- Check for working CXX compiler: /usr/bin/c++ - skipped
-- Detecting CXX compile features
-- Detecting CXX compile features - done
-- Found ament_cmake: 1.3.11 (/opt/ros/humble/share/ament_cmake/cmake)
-- Found Python3: /usr/bin/python3 (found version "3.10.12") found components: Interpreter 
-- Override CMake install command with custom implementation using symlinks instead of copying resources
-- Configuring done
-- Generating done
-- Build files have been written to: /home/eia/repo/rbi_2025_2/abb/abb_ws/build/abb_bringup
-- Install configuration: ""
-- Execute custom install script
-- Symlinking: /home/eia/repo/rbi_2025_2/abb/abb_ws/install/abb_bringup/share/abb_bringup//launch/abb_launch.launch.xml
-- Symlinking: /home/eia/repo/rbi_2025_2/abb/abb_ws/install/abb_bringup/share/abb_bringup//config/controllers.yaml
-- Symlinking: /home/eia/repo/rbi_2025_2/abb/abb_ws/install/abb_bringup/share/abb_bringup//config/gazebo_bridge.yaml
-- Symlinking: /home/eia/repo/rbi_2025_2/abb/abb_ws/install/abb_bringup/share/ament_index/resource_index/package_run_dependencies/abb_bringup
-- Symlinking: /home/eia/repo/rbi_2025_2/abb/abb_ws/install/abb_bringup/share/ament_index/resource_index/parent_prefix_path/abb_bringup
-- Symlinking: /home/eia/repo/rbi_2025_2/abb/abb_ws/install/abb_bringup/share/abb_bringup/environment/ament_prefix_path.sh
-- Symlinking: /home/eia/repo/rbi_2025_2/abb/abb_ws/install/abb_bringup/share/abb_bringup/environment/ament_prefix_path.dsv
-- Symlinking: /home/eia/repo/rbi_2025_2/abb/abb_ws/install/abb_bringup/share/abb_bringup/environment/path.sh
-- Symlinking: /home/eia/repo/rbi_2025_2/abb/abb_ws/install/abb_bringup/share/abb_bringup/environment/path.dsv
-- Symlinking: /home/eia/repo/rbi_2025_2/abb/abb_ws/install/abb_bringup/share/abb_bringup/local_setup.bash
-- Symlinking: /home/eia/repo/rbi_2025_2/abb/abb_ws/install/abb_bringup/share/abb_bringup/local_setup.sh
-- Symlinking: /home/eia/repo/rbi_2025_2/abb/abb_ws/install/abb_bringup/share/abb_bringup/local_setup.zsh
-- Symlinking: /home/eia/repo/rbi_2025_2/abb/abb_ws/install/abb_bringup/share/abb_bringup/local_setup.dsv
-- Symlinking: /home/eia/repo/rbi_2025_2/abb/abb_ws/install/abb_bringup/share/abb_bringup/package.dsv
-- Symlinking: /home/eia/repo/rbi_2025_2/abb/abb_ws/install/abb_bringup/share/ament_index/resource_index/packages/abb_bringup
-- Symlinking: /home/eia/repo/rbi_2025_2/abb/abb_ws/install/abb_bringup/share/abb_bringup/cmake/abb_bringupConfig.cmake
-- Symlinking: /home/eia/repo/rbi_2025_2/abb/abb_ws/install/abb_bringup/share/abb_bringup/cmake/abb_bringupConfig-version.cmake
-- Symlinking: /home/eia/repo/rbi_2025_2/abb/abb_ws/install/abb_bringup/share/abb_bringup/package.xml
