[0.021s] Invoking command in '/home/eia/repo/rbi_2025_2/abb/abb_ws/build/abb_bringup': CMAKE_PREFIX_PATH=/opt/ros/humble /usr/bin/cmake /home/eia/repo/rbi_2025_2/abb/abb_ws/src/abb_bringup -DAMENT_CMAKE_SYMLINK_INSTALL=1 -DCMAKE_INSTALL_PREFIX=/home/eia/repo/rbi_2025_2/abb/abb_ws/install/abb_bringup
[0.063s] -- The C compiler identification is GNU 11.4.0
[0.109s] -- The CXX compiler identification is GNU 11.4.0
[0.116s] -- Detecting C compiler ABI info
[0.171s] -- Detecting C compiler ABI info - done
[0.178s] -- Check for working C compiler: /usr/bin/cc - skipped
[0.178s] -- Detecting C compile features
[0.179s] -- Detecting C compile features - done
[0.182s] -- Detecting CXX compiler ABI info
[0.248s] -- Detecting CXX compiler ABI info - done
[0.256s] -- Check for working CXX compiler: /usr/bin/c++ - skipped
[0.257s] -- Detecting CXX compile features
[0.257s] -- Detecting CXX compile features - done
[0.260s] -- Found ament_cmake: 1.3.11 (/opt/ros/humble/share/ament_cmake/cmake)
[0.652s] -- Found Python3: /usr/bin/python3 (found version "3.10.12") found components: Interpreter 
[0.712s] -- Override CMake install command with custom implementation using symlinks instead of copying resources
[0.828s] -- Configuring done
[0.832s] -- Generating done
[0.834s] -- Build files have been written to: /home/eia/repo/rbi_2025_2/abb/abb_ws/build/abb_bringup
[0.839s] Invoked command in '/home/eia/repo/rbi_2025_2/abb/abb_ws/build/abb_bringup' returned '0': CMAKE_PREFIX_PATH=/opt/ros/humble /usr/bin/cmake /home/eia/repo/rbi_2025_2/abb/abb_ws/src/abb_bringup -DAMENT_CMAKE_SYMLINK_INSTALL=1 -DCMAKE_INSTALL_PREFIX=/home/eia/repo/rbi_2025_2/abb/abb_ws/install/abb_bringup
[0.841s] Invoking command in '/home/eia/repo/rbi_2025_2/abb/abb_ws/build/abb_bringup': CMAKE_PREFIX_PATH=/opt/ros/humble /usr/bin/cmake --build /home/eia/repo/rbi_2025_2/abb/abb_ws/build/abb_bringup -- -j12 -l12
[0.874s] Invoked command in '/home/eia/repo/rbi_2025_2/abb/abb_ws/build/abb_bringup' returned '0': CMAKE_PREFIX_PATH=/opt/ros/humble /usr/bin/cmake --build /home/eia/repo/rbi_2025_2/abb/abb_ws/build/abb_bringup -- -j12 -l12
[0.883s] Invoking command in '/home/eia/repo/rbi_2025_2/abb/abb_ws/build/abb_bringup': CMAKE_PREFIX_PATH=/opt/ros/humble /usr/bin/cmake --install /home/eia/repo/rbi_2025_2/abb/abb_ws/build/abb_bringup
[0.889s] -- Install configuration: ""
[0.889s] -- Execute custom install script
[0.890s] -- Symlinking: /home/eia/repo/rbi_2025_2/abb/abb_ws/install/abb_bringup/share/abb_bringup//launch/abb_launch.launch.xml
[0.897s] -- Symlinking: /home/eia/repo/rbi_2025_2/abb/abb_ws/install/abb_bringup/share/abb_bringup//config/controllers.yaml
[0.904s] -- Symlinking: /home/eia/repo/rbi_2025_2/abb/abb_ws/install/abb_bringup/share/abb_bringup//config/gazebo_bridge.yaml
[0.912s] -- Symlinking: /home/eia/repo/rbi_2025_2/abb/abb_ws/install/abb_bringup/share/ament_index/resource_index/package_run_dependencies/abb_bringup
[0.919s] -- Symlinking: /home/eia/repo/rbi_2025_2/abb/abb_ws/install/abb_bringup/share/ament_index/resource_index/parent_prefix_path/abb_bringup
[0.927s] -- Symlinking: /home/eia/repo/rbi_2025_2/abb/abb_ws/install/abb_bringup/share/abb_bringup/environment/ament_prefix_path.sh
[0.936s] -- Symlinking: /home/eia/repo/rbi_2025_2/abb/abb_ws/install/abb_bringup/share/abb_bringup/environment/ament_prefix_path.dsv
[0.943s] -- Symlinking: /home/eia/repo/rbi_2025_2/abb/abb_ws/install/abb_bringup/share/abb_bringup/environment/path.sh
[0.954s] -- Symlinking: /home/eia/repo/rbi_2025_2/abb/abb_ws/install/abb_bringup/share/abb_bringup/environment/path.dsv
[0.961s] -- Symlinking: /home/eia/repo/rbi_2025_2/abb/abb_ws/install/abb_bringup/share/abb_bringup/local_setup.bash
[0.969s] -- Symlinking: /home/eia/repo/rbi_2025_2/abb/abb_ws/install/abb_bringup/share/abb_bringup/local_setup.sh
[0.978s] -- Symlinking: /home/eia/repo/rbi_2025_2/abb/abb_ws/install/abb_bringup/share/abb_bringup/local_setup.zsh
[0.986s] -- Symlinking: /home/eia/repo/rbi_2025_2/abb/abb_ws/install/abb_bringup/share/abb_bringup/local_setup.dsv
[0.994s] -- Symlinking: /home/eia/repo/rbi_2025_2/abb/abb_ws/install/abb_bringup/share/abb_bringup/package.dsv
[1.002s] -- Symlinking: /home/eia/repo/rbi_2025_2/abb/abb_ws/install/abb_bringup/share/ament_index/resource_index/packages/abb_bringup
[1.010s] -- Symlinking: /home/eia/repo/rbi_2025_2/abb/abb_ws/install/abb_bringup/share/abb_bringup/cmake/abb_bringupConfig.cmake
[1.017s] -- Symlinking: /home/eia/repo/rbi_2025_2/abb/abb_ws/install/abb_bringup/share/abb_bringup/cmake/abb_bringupConfig-version.cmake
[1.025s] -- Symlinking: /home/eia/repo/rbi_2025_2/abb/abb_ws/install/abb_bringup/share/abb_bringup/package.xml
[1.034s] Invoked command in '/home/eia/repo/rbi_2025_2/abb/abb_ws/build/abb_bringup' returned '0': CMAKE_PREFIX_PATH=/opt/ros/humble /usr/bin/cmake --install /home/eia/repo/rbi_2025_2/abb/abb_ws/build/abb_bringup
