[0.436s] Invoking command in '/scara_ws/build/scara_mujoco_sim': CMAKE_PREFIX_PATH=/opt/ros/humble /usr/bin/cmake --build /scara_ws/build/scara_mujoco_sim -- -j12 -l12
[0.457s] -- Found ament_cmake: 1.3.12 (/opt/ros/humble/share/ament_cmake/cmake)
[0.575s] -- Found rclcpp: 16.0.14 (/opt/ros/humble/share/rclcpp/cmake)
[0.603s] -- Found rosidl_generator_c: 3.1.7 (/opt/ros/humble/share/rosidl_generator_c/cmake)
[0.606s] -- Found rosidl_adapter: 3.1.7 (/opt/ros/humble/share/rosidl_adapter/cmake)
[0.612s] -- Found rosidl_generator_cpp: 3.1.7 (/opt/ros/humble/share/rosidl_generator_cpp/cmake)
[0.621s] -- Using all available rosidl_typesupport_c: rosidl_typesupport_fastrtps_c;rosidl_typesupport_introspection_c
[0.634s] -- Using all available rosidl_typesupport_cpp: rosidl_typesupport_fastrtps_cpp;rosidl_typesupport_introspection_cpp
[0.668s] -- Found rmw_implementation_cmake: 6.1.2 (/opt/ros/humble/share/rmw_implementation_cmake/cmake)
[0.670s] -- Found rmw_fastrtps_cpp: 6.2.8 (/opt/ros/humble/share/rmw_fastrtps_cpp/cmake)
[0.785s] -- Using RMW implementation 'rmw_fastrtps_cpp' as default
[0.837s] -- Found rclcpp_lifecycle: 16.0.14 (/opt/ros/humble/share/rclcpp_lifecycle/cmake)
[0.854s] -- Found pluginlib: 5.1.0 (/opt/ros/humble/share/pluginlib/cmake)
[0.872s] -- Found geometry_msgs: 4.9.0 (/opt/ros/humble/share/geometry_msgs/cmake)
[0.884s] -- Found hardware_interface: 2.51.0 (/opt/ros/humble/share/hardware_interface/cmake)
[0.973s] [31mCMake Error at CMakeLists.txt:42 (add_library):
[0.973s]   add_library cannot create target "scara_mujoco_sim" because another target
[0.973s]   with the same name already exists.  The existing target is an executable
[0.973s]   created in source directory "/scara_ws/src/scara_mujoco_sim".  See
[0.973s]   documentation for policy CMP0002 for more details.
[0.973s] 
[0.974s] [0m
[1.039s] -- Configuring incomplete, errors occurred!
[1.039s] See also "/scara_ws/build/scara_mujoco_sim/CMakeFiles/CMakeOutput.log".
[1.043s] gmake: *** [Makefile:267: cmake_check_build_system] Error 1
