[0.013s] Invoking command in '/home/eia/repo/rbi_2025_2/rov_ws/build/rov_sim': CMAKE_PREFIX_PATH=${CMAKE_PREFIX_PATH}:/opt/ros/humble /usr/bin/cmake --build /home/eia/repo/rbi_2025_2/rov_ws/build/rov_sim -- -j12 -l12
[0.048s] [35m[1mConsolidate compiler generated dependencies of target rov_mujoco_sim[0m
[0.063s] [ 50%] [32mBuilding CXX object CMakeFiles/rov_mujoco_sim.dir/src/mujoco_interface.cpp.o[0m
[8.457s] [100%] [32m[1mLinking CXX executable rov_mujoco_sim[0m
[8.846s] [100%] Built target rov_mujoco_sim
[8.865s] Invoked command in '/home/eia/repo/rbi_2025_2/rov_ws/build/rov_sim' returned '0': CMAKE_PREFIX_PATH=${CMAKE_PREFIX_PATH}:/opt/ros/humble /usr/bin/cmake --build /home/eia/repo/rbi_2025_2/rov_ws/build/rov_sim -- -j12 -l12
[8.880s] Invoking command in '/home/eia/repo/rbi_2025_2/rov_ws/build/rov_sim': CMAKE_PREFIX_PATH=${CMAKE_PREFIX_PATH}:/opt/ros/humble /usr/bin/cmake --install /home/eia/repo/rbi_2025_2/rov_ws/build/rov_sim
[8.889s] -- Install configuration: ""
[8.890s] -- Execute custom install script
[8.891s] -- Up-to-date symlink: /home/eia/repo/rbi_2025_2/rov_ws/install/rov_sim/lib/rov_sim/rov_mujoco_sim
[8.891s] -- Up-to-date symlink: /home/eia/repo/rbi_2025_2/rov_ws/install/rov_sim/share/ament_index/resource_index/package_run_dependencies/rov_sim
[8.892s] -- Up-to-date symlink: /home/eia/repo/rbi_2025_2/rov_ws/install/rov_sim/share/ament_index/resource_index/parent_prefix_path/rov_sim
[8.892s] -- Up-to-date symlink: /home/eia/repo/rbi_2025_2/rov_ws/install/rov_sim/share/rov_sim/environment/ament_prefix_path.sh
[8.892s] -- Up-to-date symlink: /home/eia/repo/rbi_2025_2/rov_ws/install/rov_sim/share/rov_sim/environment/ament_prefix_path.dsv
[8.893s] -- Up-to-date symlink: /home/eia/repo/rbi_2025_2/rov_ws/install/rov_sim/share/rov_sim/environment/path.sh
[8.893s] -- Up-to-date symlink: /home/eia/repo/rbi_2025_2/rov_ws/install/rov_sim/share/rov_sim/environment/path.dsv
[8.894s] -- Up-to-date symlink: /home/eia/repo/rbi_2025_2/rov_ws/install/rov_sim/share/rov_sim/local_setup.bash
[8.894s] -- Up-to-date symlink: /home/eia/repo/rbi_2025_2/rov_ws/install/rov_sim/share/rov_sim/local_setup.sh
[8.894s] -- Up-to-date symlink: /home/eia/repo/rbi_2025_2/rov_ws/install/rov_sim/share/rov_sim/local_setup.zsh
[8.894s] -- Up-to-date symlink: /home/eia/repo/rbi_2025_2/rov_ws/install/rov_sim/share/rov_sim/local_setup.dsv
[8.895s] -- Symlinking: /home/eia/repo/rbi_2025_2/rov_ws/install/rov_sim/share/rov_sim/package.dsv
[8.908s] -- Up-to-date symlink: /home/eia/repo/rbi_2025_2/rov_ws/install/rov_sim/share/ament_index/resource_index/packages/rov_sim
[8.908s] -- Up-to-date symlink: /home/eia/repo/rbi_2025_2/rov_ws/install/rov_sim/share/rov_sim/cmake/rov_simConfig.cmake
[8.908s] -- Up-to-date symlink: /home/eia/repo/rbi_2025_2/rov_ws/install/rov_sim/share/rov_sim/cmake/rov_simConfig-version.cmake
[8.909s] -- Up-to-date symlink: /home/eia/repo/rbi_2025_2/rov_ws/install/rov_sim/share/rov_sim/package.xml
[8.912s] Invoked command in '/home/eia/repo/rbi_2025_2/rov_ws/build/rov_sim' returned '0': CMAKE_PREFIX_PATH=${CMAKE_PREFIX_PATH}:/opt/ros/humble /usr/bin/cmake --install /home/eia/repo/rbi_2025_2/rov_ws/build/rov_sim
