[0.015s] Invoking command in '/home/eia/repo/rbi_2025_2/rov/rov_ws/build/rov_description': CMAKE_PREFIX_PATH=/opt/ros/humble /usr/bin/cmake --build /home/eia/repo/rbi_2025_2/rov/rov_ws/build/rov_description -- -j12 -l12
[0.042s] Invoked command in '/home/eia/repo/rbi_2025_2/rov/rov_ws/build/rov_description' returned '0': CMAKE_PREFIX_PATH=/opt/ros/humble /usr/bin/cmake --build /home/eia/repo/rbi_2025_2/rov/rov_ws/build/rov_description -- -j12 -l12
[0.050s] Invoking command in '/home/eia/repo/rbi_2025_2/rov/rov_ws/build/rov_description': CMAKE_PREFIX_PATH=/opt/ros/humble /usr/bin/cmake --install /home/eia/repo/rbi_2025_2/rov/rov_ws/build/rov_description
[0.056s] -- Install configuration: ""
[0.056s] -- Up-to-date: /home/eia/repo/rbi_2025_2/rov/rov_ws/install/rov_description/share/rov_description//urdf
[0.056s] -- Up-to-date: /home/eia/repo/rbi_2025_2/rov/rov_ws/install/rov_description/share/rov_description//urdf/common_properties.xacro
[0.056s] -- Up-to-date: /home/eia/repo/rbi_2025_2/rov/rov_ws/install/rov_description/share/rov_description//urdf/rov_description.urdf.xacro
[0.057s] -- Up-to-date: /home/eia/repo/rbi_2025_2/rov/rov_ws/install/rov_description/share/rov_description//launch
[0.057s] -- Up-to-date: /home/eia/repo/rbi_2025_2/rov/rov_ws/install/rov_description/share/rov_description//launch/display.launch.xml
[0.057s] -- Up-to-date: /home/eia/repo/rbi_2025_2/rov/rov_ws/install/rov_description/share/rov_description//rviz
[0.057s] -- Up-to-date: /home/eia/repo/rbi_2025_2/rov/rov_ws/install/rov_description/share/ament_index/resource_index/package_run_dependencies/rov_description
[0.057s] -- Up-to-date: /home/eia/repo/rbi_2025_2/rov/rov_ws/install/rov_description/share/ament_index/resource_index/parent_prefix_path/rov_description
[0.057s] -- Up-to-date: /home/eia/repo/rbi_2025_2/rov/rov_ws/install/rov_description/share/rov_description/environment/ament_prefix_path.sh
[0.057s] -- Up-to-date: /home/eia/repo/rbi_2025_2/rov/rov_ws/install/rov_description/share/rov_description/environment/ament_prefix_path.dsv
[0.057s] -- Up-to-date: /home/eia/repo/rbi_2025_2/rov/rov_ws/install/rov_description/share/rov_description/environment/path.sh
[0.057s] -- Up-to-date: /home/eia/repo/rbi_2025_2/rov/rov_ws/install/rov_description/share/rov_description/environment/path.dsv
[0.057s] -- Up-to-date: /home/eia/repo/rbi_2025_2/rov/rov_ws/install/rov_description/share/rov_description/local_setup.bash
[0.057s] -- Up-to-date: /home/eia/repo/rbi_2025_2/rov/rov_ws/install/rov_description/share/rov_description/local_setup.sh
[0.057s] -- Up-to-date: /home/eia/repo/rbi_2025_2/rov/rov_ws/install/rov_description/share/rov_description/local_setup.zsh
[0.057s] -- Up-to-date: /home/eia/repo/rbi_2025_2/rov/rov_ws/install/rov_description/share/rov_description/local_setup.dsv
[0.057s] -- Installing: /home/eia/repo/rbi_2025_2/rov/rov_ws/install/rov_description/share/rov_description/package.dsv
[0.057s] -- Up-to-date: /home/eia/repo/rbi_2025_2/rov/rov_ws/install/rov_description/share/ament_index/resource_index/packages/rov_description
[0.058s] -- Up-to-date: /home/eia/repo/rbi_2025_2/rov/rov_ws/install/rov_description/share/rov_description/cmake/rov_descriptionConfig.cmake
[0.058s] -- Up-to-date: /home/eia/repo/rbi_2025_2/rov/rov_ws/install/rov_description/share/rov_description/cmake/rov_descriptionConfig-version.cmake
[0.058s] -- Up-to-date: /home/eia/repo/rbi_2025_2/rov/rov_ws/install/rov_description/share/rov_description/package.xml
[0.059s] Invoked command in '/home/eia/repo/rbi_2025_2/rov/rov_ws/build/rov_description' returned '0': CMAKE_PREFIX_PATH=/opt/ros/humble /usr/bin/cmake --install /home/eia/repo/rbi_2025_2/rov/rov_ws/build/rov_description
