-- Install configuration: ""
-- Execute custom install script
-- Symlinking: /home/eia/repo/rbi_2025_2/abb/abb_ws/install/abb_gz_bringup/share/abb_gz_bringup//launch/abb_launch.launch.xml
-- Symlinking: /home/eia/repo/rbi_2025_2/abb/abb_ws/install/abb_gz_bringup/share/abb_gz_bringup//config/abb_config.rviz
-- Symlinking: /home/eia/repo/rbi_2025_2/abb/abb_ws/install/abb_gz_bringup/share/abb_gz_bringup//config/controllers.yaml
-- Symlinking: /home/eia/repo/rbi_2025_2/abb/abb_ws/install/abb_gz_bringup/share/abb_gz_bringup//config/gazebo_bridge.yaml
-- Symlinking: /home/eia/repo/rbi_2025_2/abb/abb_ws/install/abb_gz_bringup/share/ament_index/resource_index/package_run_dependencies/abb_gz_bringup
-- Symlinking: /home/eia/repo/rbi_2025_2/abb/abb_ws/install/abb_gz_bringup/share/ament_index/resource_index/parent_prefix_path/abb_gz_bringup
-- Symlinking: /home/eia/repo/rbi_2025_2/abb/abb_ws/install/abb_gz_bringup/share/abb_gz_bringup/environment/ament_prefix_path.sh
-- Symlinking: /home/eia/repo/rbi_2025_2/abb/abb_ws/install/abb_gz_bringup/share/abb_gz_bringup/environment/ament_prefix_path.dsv
-- Symlinking: /home/eia/repo/rbi_2025_2/abb/abb_ws/install/abb_gz_bringup/share/abb_gz_bringup/environment/path.sh
-- Symlinking: /home/eia/repo/rbi_2025_2/abb/abb_ws/install/abb_gz_bringup/share/abb_gz_bringup/environment/path.dsv
-- Symlinking: /home/eia/repo/rbi_2025_2/abb/abb_ws/install/abb_gz_bringup/share/abb_gz_bringup/local_setup.bash
-- Symlinking: /home/eia/repo/rbi_2025_2/abb/abb_ws/install/abb_gz_bringup/share/abb_gz_bringup/local_setup.sh
-- Symlinking: /home/eia/repo/rbi_2025_2/abb/abb_ws/install/abb_gz_bringup/share/abb_gz_bringup/local_setup.zsh
-- Symlinking: /home/eia/repo/rbi_2025_2/abb/abb_ws/install/abb_gz_bringup/share/abb_gz_bringup/local_setup.dsv
-- Symlinking: /home/eia/repo/rbi_2025_2/abb/abb_ws/install/abb_gz_bringup/share/abb_gz_bringup/package.dsv
-- Symlinking: /home/eia/repo/rbi_2025_2/abb/abb_ws/install/abb_gz_bringup/share/ament_index/resource_index/packages/abb_gz_bringup
-- Symlinking: /home/eia/repo/rbi_2025_2/abb/abb_ws/install/abb_gz_bringup/share/abb_gz_bringup/cmake/abb_gz_bringupConfig.cmake
-- Symlinking: /home/eia/repo/rbi_2025_2/abb/abb_ws/install/abb_gz_bringup/share/abb_gz_bringup/cmake/abb_gz_bringupConfig-version.cmake
-- Symlinking: /home/eia/repo/rbi_2025_2/abb/abb_ws/install/abb_gz_bringup/share/abb_gz_bringup/package.xml
