running develop
running egg_info
creating scara_tf_generator.egg-info
writing scara_tf_generator.egg-info/PKG-INFO
writing dependency_links to scara_tf_generator.egg-info/dependency_links.txt
writing entry points to scara_tf_generator.egg-info/entry_points.txt
writing requirements to scara_tf_generator.egg-info/requires.txt
writing top-level names to scara_tf_generator.egg-info/top_level.txt
writing manifest file 'scara_tf_generator.egg-info/SOURCES.txt'
reading manifest file 'scara_tf_generator.egg-info/SOURCES.txt'
writing manifest file 'scara_tf_generator.egg-info/SOURCES.txt'
running build_ext
Creating /home/eia/repo/rbi_2025_2/scara/scara_ws/install/scara_tf_generator/lib/python3.10/site-packages/scara-tf-generator.egg-link (link to .)
Installing scara_tf_generator script to /home/eia/repo/rbi_2025_2/scara/scara_ws/install/scara_tf_generator/lib/scara_tf_generator

Installed /home/eia/repo/rbi_2025_2/scara/scara_ws/build/scara_tf_generator
running symlink_data
creating /home/eia/repo/rbi_2025_2/scara/scara_ws/install/scara_tf_generator/share/ament_index
creating /home/eia/repo/rbi_2025_2/scara/scara_ws/install/scara_tf_generator/share/ament_index/resource_index
creating /home/eia/repo/rbi_2025_2/scara/scara_ws/install/scara_tf_generator/share/ament_index/resource_index/packages
symbolically linking /home/eia/repo/rbi_2025_2/scara/scara_ws/build/scara_tf_generator/resource/scara_tf_generator -> /home/eia/repo/rbi_2025_2/scara/scara_ws/install/scara_tf_generator/share/ament_index/resource_index/packages
symbolically linking /home/eia/repo/rbi_2025_2/scara/scara_ws/build/scara_tf_generator/package.xml -> /home/eia/repo/rbi_2025_2/scara/scara_ws/install/scara_tf_generator/share/scara_tf_generator
creating /home/eia/repo/rbi_2025_2/scara/scara_ws/install/scara_tf_generator/share/scara_tf_generator/launch
creating /home/eia/repo/rbi_2025_2/scara/scara_ws/install/scara_tf_generator/share/scara_tf_generator/descriptions
creating /home/eia/repo/rbi_2025_2/scara/scara_ws/install/scara_tf_generator/share/scara_tf_generator/config
