[1.626s] Invoking command in '/home/eia/repo/rbi_2025_2/scara/scara_ws/build/scara_tf_generator': PYTHONPATH=/home/eia/repo/rbi_2025_2/scara/scara_ws/build/scara_tf_generator/prefix_override:/home/eia/.local/lib/python3.10/site-packages/colcon_core/task/python/colcon_distutils_commands:/home/eia/repo/rbi_2025_2/scara/scara_ws/install/scara_tf_generator/lib/python3.10/site-packages:${PYTHONPATH} /usr/bin/python3 -W ignore:setup.py install is deprecated -W ignore:easy_install command is deprecated setup.py develop --editable --build-directory /home/eia/repo/rbi_2025_2/scara/scara_ws/build/scara_tf_generator/build --no-deps symlink_data
[2.008s] running develop
[2.250s] running egg_info
[2.250s] creating scara_tf_generator.egg-info
[2.250s] writing scara_tf_generator.egg-info/PKG-INFO
[2.250s] writing dependency_links to scara_tf_generator.egg-info/dependency_links.txt
[2.250s] writing entry points to scara_tf_generator.egg-info/entry_points.txt
[2.250s] writing requirements to scara_tf_generator.egg-info/requires.txt
[2.251s] writing top-level names to scara_tf_generator.egg-info/top_level.txt
[2.251s] writing manifest file 'scara_tf_generator.egg-info/SOURCES.txt'
[2.252s] reading manifest file 'scara_tf_generator.egg-info/SOURCES.txt'
[2.253s] writing manifest file 'scara_tf_generator.egg-info/SOURCES.txt'
[2.298s] running build_ext
[2.299s] Creating /home/eia/repo/rbi_2025_2/scara/scara_ws/install/scara_tf_generator/lib/python3.10/site-packages/scara-tf-generator.egg-link (link to .)
[2.299s] Installing scara_tf_generator script to /home/eia/repo/rbi_2025_2/scara/scara_ws/install/scara_tf_generator/lib/scara_tf_generator
[2.300s] 
[2.300s] Installed /home/eia/repo/rbi_2025_2/scara/scara_ws/build/scara_tf_generator
[2.300s] running symlink_data
[2.300s] creating /home/eia/repo/rbi_2025_2/scara/scara_ws/install/scara_tf_generator/share/ament_index
[2.300s] creating /home/eia/repo/rbi_2025_2/scara/scara_ws/install/scara_tf_generator/share/ament_index/resource_index
[2.300s] creating /home/eia/repo/rbi_2025_2/scara/scara_ws/install/scara_tf_generator/share/ament_index/resource_index/packages
[2.301s] symbolically linking /home/eia/repo/rbi_2025_2/scara/scara_ws/build/scara_tf_generator/resource/scara_tf_generator -> /home/eia/repo/rbi_2025_2/scara/scara_ws/install/scara_tf_generator/share/ament_index/resource_index/packages
[2.301s] symbolically linking /home/eia/repo/rbi_2025_2/scara/scara_ws/build/scara_tf_generator/package.xml -> /home/eia/repo/rbi_2025_2/scara/scara_ws/install/scara_tf_generator/share/scara_tf_generator
[2.301s] creating /home/eia/repo/rbi_2025_2/scara/scara_ws/install/scara_tf_generator/share/scara_tf_generator/launch
[2.301s] creating /home/eia/repo/rbi_2025_2/scara/scara_ws/install/scara_tf_generator/share/scara_tf_generator/descriptions
[2.301s] creating /home/eia/repo/rbi_2025_2/scara/scara_ws/install/scara_tf_generator/share/scara_tf_generator/config
[2.332s] Invoked command in '/home/eia/repo/rbi_2025_2/scara/scara_ws/build/scara_tf_generator' returned '0': PYTHONPATH=/home/eia/repo/rbi_2025_2/scara/scara_ws/build/scara_tf_generator/prefix_override:/home/eia/.local/lib/python3.10/site-packages/colcon_core/task/python/colcon_distutils_commands:/home/eia/repo/rbi_2025_2/scara/scara_ws/install/scara_tf_generator/lib/python3.10/site-packages:${PYTHONPATH} /usr/bin/python3 -W ignore:setup.py install is deprecated -W ignore:easy_install command is deprecated setup.py develop --editable --build-directory /home/eia/repo/rbi_2025_2/scara/scara_ws/build/scara_tf_generator/build --no-deps symlink_data
