[2.319s] Invoking command in '/rov_ws/src/rov_attitude_controller': PYTHONPATH=/rov_ws/build/rov_attitude_controller/prefix_override:/usr/lib/python3/dist-packages/colcon_core/task/python/colcon_distutils_commands:/rov_ws/install/rov_attitude_controller/lib/python3.10/site-packages:${PYTHONPATH} /usr/bin/python3 -W ignore:setup.py install is deprecated -W ignore:easy_install command is deprecated setup.py egg_info --egg-base ../../build/rov_attitude_controller build --build-base /rov_ws/build/rov_attitude_controller/build install --record /rov_ws/build/rov_attitude_controller/install.log --single-version-externally-managed install_data
[2.748s] running egg_info
[2.749s] creating ../../build/rov_attitude_controller/rov_attitude_controller.egg-info
[2.749s] writing ../../build/rov_attitude_controller/rov_attitude_controller.egg-info/PKG-INFO
[2.750s] writing dependency_links to ../../build/rov_attitude_controller/rov_attitude_controller.egg-info/dependency_links.txt
[2.750s] writing entry points to ../../build/rov_attitude_controller/rov_attitude_controller.egg-info/entry_points.txt
[2.750s] writing requirements to ../../build/rov_attitude_controller/rov_attitude_controller.egg-info/requires.txt
[2.750s] writing top-level names to ../../build/rov_attitude_controller/rov_attitude_controller.egg-info/top_level.txt
[2.751s] writing manifest file '../../build/rov_attitude_controller/rov_attitude_controller.egg-info/SOURCES.txt'
[2.754s] reading manifest file '../../build/rov_attitude_controller/rov_attitude_controller.egg-info/SOURCES.txt'
[2.756s] writing manifest file '../../build/rov_attitude_controller/rov_attitude_controller.egg-info/SOURCES.txt'
[2.756s] running build
[2.756s] running build_py
[2.756s] creating /rov_ws/build/rov_attitude_controller/build
[2.757s] creating /rov_ws/build/rov_attitude_controller/build/lib
[2.757s] creating /rov_ws/build/rov_attitude_controller/build/lib/rov_attitude_controller
[2.757s] copying rov_attitude_controller/rov_attitude_controller.py -> /rov_ws/build/rov_attitude_controller/build/lib/rov_attitude_controller
[2.757s] copying rov_attitude_controller/__init__.py -> /rov_ws/build/rov_attitude_controller/build/lib/rov_attitude_controller
[2.757s] running install
[2.757s] running install_lib
[2.759s] creating /rov_ws/install/rov_attitude_controller/lib/python3.10/site-packages/rov_attitude_controller
[2.759s] copying /rov_ws/build/rov_attitude_controller/build/lib/rov_attitude_controller/rov_attitude_controller.py -> /rov_ws/install/rov_attitude_controller/lib/python3.10/site-packages/rov_attitude_controller
[2.759s] copying /rov_ws/build/rov_attitude_controller/build/lib/rov_attitude_controller/__init__.py -> /rov_ws/install/rov_attitude_controller/lib/python3.10/site-packages/rov_attitude_controller
[2.760s] byte-compiling /rov_ws/install/rov_attitude_controller/lib/python3.10/site-packages/rov_attitude_controller/rov_attitude_controller.py to rov_attitude_controller.cpython-310.pyc
[2.764s] byte-compiling /rov_ws/install/rov_attitude_controller/lib/python3.10/site-packages/rov_attitude_controller/__init__.py to __init__.cpython-310.pyc
[2.764s] running install_data
[2.764s] creating /rov_ws/install/rov_attitude_controller/share/ament_index
[2.764s] creating /rov_ws/install/rov_attitude_controller/share/ament_index/resource_index
[2.765s] creating /rov_ws/install/rov_attitude_controller/share/ament_index/resource_index/packages
[2.765s] copying resource/rov_attitude_controller -> /rov_ws/install/rov_attitude_controller/share/ament_index/resource_index/packages
[2.765s] copying package.xml -> /rov_ws/install/rov_attitude_controller/share/rov_attitude_controller
[2.765s] creating /rov_ws/install/rov_attitude_controller/share/rov_attitude_controller/launch
[2.765s] creating /rov_ws/install/rov_attitude_controller/share/rov_attitude_controller/descriptions
[2.766s] creating /rov_ws/install/rov_attitude_controller/share/rov_attitude_controller/config
[2.766s] running install_egg_info
[2.769s] Copying ../../build/rov_attitude_controller/rov_attitude_controller.egg-info to /rov_ws/install/rov_attitude_controller/lib/python3.10/site-packages/rov_attitude_controller-0.0.0-py3.10.egg-info
[2.771s] running install_scripts
[2.807s] Installing rov_attitude_controller script to /rov_ws/install/rov_attitude_controller/lib/rov_attitude_controller
[2.807s] writing list of installed files to '/rov_ws/build/rov_attitude_controller/install.log'
[2.873s] Invoked command in '/rov_ws/src/rov_attitude_controller' returned '0': PYTHONPATH=/rov_ws/build/rov_attitude_controller/prefix_override:/usr/lib/python3/dist-packages/colcon_core/task/python/colcon_distutils_commands:/rov_ws/install/rov_attitude_controller/lib/python3.10/site-packages:${PYTHONPATH} /usr/bin/python3 -W ignore:setup.py install is deprecated -W ignore:easy_install command is deprecated setup.py egg_info --egg-base ../../build/rov_attitude_controller build --build-base /rov_ws/build/rov_attitude_controller/build install --record /rov_ws/build/rov_attitude_controller/install.log --single-version-externally-managed install_data
