[0.038s] Invoking command in '/home/eia/repo/rbi_2025_2/scara/scara_ws/build/abb_hardware': CMAKE_PREFIX_PATH=${CMAKE_PREFIX_PATH}:/home/eia/repo/rbi_2025_2/abb/abb_ws/install/abb_mujoco:/home/eia/repo/rbi_2025_2/scara/scara_ws/install/scara_mujoco:/opt/ros/humble /usr/bin/cmake /home/eia/repo/rbi_2025_2/scara/scara_ws/src/scara_gz_hardware -DCMAKE_INSTALL_PREFIX=/home/eia/repo/rbi_2025_2/scara/scara_ws/install/abb_hardware
[0.347s] -- The C compiler identification is GNU 11.4.0
[0.347s] -- The CXX compiler identification is GNU 11.4.0
[0.347s] -- Detecting C compiler ABI info
[0.348s] -- Detecting C compiler ABI info - done
[0.348s] -- Check for working C compiler: /usr/bin/cc - skipped
[0.348s] -- Detecting C compile features
[0.348s] -- Detecting C compile features - done
[0.348s] -- Detecting CXX compiler ABI info
[0.348s] -- Detecting CXX compiler ABI info - done
[0.349s] -- Check for working CXX compiler: /usr/bin/c++ - skipped
[0.349s] -- Detecting CXX compile features
[0.349s] -- Detecting CXX compile features - done
[0.349s] -- Found ament_cmake: 1.3.12 (/opt/ros/humble/share/ament_cmake/cmake)
[0.723s] -- Found Python3: /usr/bin/python3 (found version "3.10.12") found components: Interpreter 
[0.829s] -- Found ament_lint_auto: 0.12.14 (/opt/ros/humble/share/ament_lint_auto/cmake)
[0.932s] -- Added test 'lint_cmake' to check CMake code style
[0.933s] -- Added test 'xmllint' to check XML markup files
[0.934s] -- Configuring done
[0.936s] -- Generating done
[0.938s] -- Build files have been written to: /home/eia/repo/rbi_2025_2/scara/scara_ws/build/abb_hardware
[0.945s] Invoked command in '/home/eia/repo/rbi_2025_2/scara/scara_ws/build/abb_hardware' returned '0': CMAKE_PREFIX_PATH=${CMAKE_PREFIX_PATH}:/home/eia/repo/rbi_2025_2/abb/abb_ws/install/abb_mujoco:/home/eia/repo/rbi_2025_2/scara/scara_ws/install/scara_mujoco:/opt/ros/humble /usr/bin/cmake /home/eia/repo/rbi_2025_2/scara/scara_ws/src/scara_gz_hardware -DCMAKE_INSTALL_PREFIX=/home/eia/repo/rbi_2025_2/scara/scara_ws/install/abb_hardware
[0.946s] Invoking command in '/home/eia/repo/rbi_2025_2/scara/scara_ws/build/abb_hardware': CMAKE_PREFIX_PATH=${CMAKE_PREFIX_PATH}:/home/eia/repo/rbi_2025_2/abb/abb_ws/install/abb_mujoco:/home/eia/repo/rbi_2025_2/scara/scara_ws/install/scara_mujoco:/opt/ros/humble /usr/bin/cmake --build /home/eia/repo/rbi_2025_2/scara/scara_ws/build/abb_hardware -- -j12 -l12
[0.979s] Invoked command in '/home/eia/repo/rbi_2025_2/scara/scara_ws/build/abb_hardware' returned '0': CMAKE_PREFIX_PATH=${CMAKE_PREFIX_PATH}:/home/eia/repo/rbi_2025_2/abb/abb_ws/install/abb_mujoco:/home/eia/repo/rbi_2025_2/scara/scara_ws/install/scara_mujoco:/opt/ros/humble /usr/bin/cmake --build /home/eia/repo/rbi_2025_2/scara/scara_ws/build/abb_hardware -- -j12 -l12
[0.981s] Invoking command in '/home/eia/repo/rbi_2025_2/scara/scara_ws/build/abb_hardware': CMAKE_PREFIX_PATH=${CMAKE_PREFIX_PATH}:/home/eia/repo/rbi_2025_2/abb/abb_ws/install/abb_mujoco:/home/eia/repo/rbi_2025_2/scara/scara_ws/install/scara_mujoco:/opt/ros/humble /usr/bin/cmake --install /home/eia/repo/rbi_2025_2/scara/scara_ws/build/abb_hardware
[0.988s] -- Install configuration: ""
[0.988s] -- Installing: /home/eia/repo/rbi_2025_2/scara/scara_ws/install/abb_hardware/share/ament_index/resource_index/package_run_dependencies/abb_hardware
[0.989s] -- Installing: /home/eia/repo/rbi_2025_2/scara/scara_ws/install/abb_hardware/share/ament_index/resource_index/parent_prefix_path/abb_hardware
[0.990s] -- Installing: /home/eia/repo/rbi_2025_2/scara/scara_ws/install/abb_hardware/share/abb_hardware/environment/ament_prefix_path.sh
[0.990s] -- Installing: /home/eia/repo/rbi_2025_2/scara/scara_ws/install/abb_hardware/share/abb_hardware/environment/ament_prefix_path.dsv
[0.990s] -- Installing: /home/eia/repo/rbi_2025_2/scara/scara_ws/install/abb_hardware/share/abb_hardware/environment/path.sh
[0.991s] -- Installing: /home/eia/repo/rbi_2025_2/scara/scara_ws/install/abb_hardware/share/abb_hardware/environment/path.dsv
[0.992s] -- Installing: /home/eia/repo/rbi_2025_2/scara/scara_ws/install/abb_hardware/share/abb_hardware/local_setup.bash
[0.992s] -- Installing: /home/eia/repo/rbi_2025_2/scara/scara_ws/install/abb_hardware/share/abb_hardware/local_setup.sh
[0.994s] -- Installing: /home/eia/repo/rbi_2025_2/scara/scara_ws/install/abb_hardware/share/abb_hardware/local_setup.zsh
[0.994s] -- Installing: /home/eia/repo/rbi_2025_2/scara/scara_ws/install/abb_hardware/share/abb_hardware/local_setup.dsv
[0.995s] -- Installing: /home/eia/repo/rbi_2025_2/scara/scara_ws/install/abb_hardware/share/abb_hardware/package.dsv
[0.995s] -- Installing: /home/eia/repo/rbi_2025_2/scara/scara_ws/install/abb_hardware/share/ament_index/resource_index/packages/abb_hardware
[0.996s] -- Installing: /home/eia/repo/rbi_2025_2/scara/scara_ws/install/abb_hardware/share/abb_hardware/cmake/abb_hardwareConfig.cmake
[0.996s] -- Installing: /home/eia/repo/rbi_2025_2/scara/scara_ws/install/abb_hardware/share/abb_hardware/cmake/abb_hardwareConfig-version.cmake
[0.997s] -- Installing: /home/eia/repo/rbi_2025_2/scara/scara_ws/install/abb_hardware/share/abb_hardware/package.xml
[1.004s] Invoked command in '/home/eia/repo/rbi_2025_2/scara/scara_ws/build/abb_hardware' returned '0': CMAKE_PREFIX_PATH=${CMAKE_PREFIX_PATH}:/home/eia/repo/rbi_2025_2/abb/abb_ws/install/abb_mujoco:/home/eia/repo/rbi_2025_2/scara/scara_ws/install/scara_mujoco:/opt/ros/humble /usr/bin/cmake --install /home/eia/repo/rbi_2025_2/scara/scara_ws/build/abb_hardware
