running develop
Removing /home/eia/repo/rbi_2025_2/scara/scara_ws/install/scara_ik_solver/lib/python3.10/site-packages/scara-ik-solver.egg-link (link to .)
running egg_info
writing ../../build/scara_ik_solver/scara_ik_solver.egg-info/PKG-INFO
writing dependency_links to ../../build/scara_ik_solver/scara_ik_solver.egg-info/dependency_links.txt
writing entry points to ../../build/scara_ik_solver/scara_ik_solver.egg-info/entry_points.txt
writing requirements to ../../build/scara_ik_solver/scara_ik_solver.egg-info/requires.txt
writing top-level names to ../../build/scara_ik_solver/scara_ik_solver.egg-info/top_level.txt
reading manifest file '../../build/scara_ik_solver/scara_ik_solver.egg-info/SOURCES.txt'
writing manifest file '../../build/scara_ik_solver/scara_ik_solver.egg-info/SOURCES.txt'
running build
running build_py
creating /home/eia/repo/rbi_2025_2/scara/scara_ws/build/scara_ik_solver/build
creating /home/eia/repo/rbi_2025_2/scara/scara_ws/build/scara_ik_solver/build/lib
creating /home/eia/repo/rbi_2025_2/scara/scara_ws/build/scara_ik_solver/build/lib/scara_ik_solver
copying scara_ik_solver/scara_ik_solver.py -> /home/eia/repo/rbi_2025_2/scara/scara_ws/build/scara_ik_solver/build/lib/scara_ik_solver
copying scara_ik_solver/__init__.py -> /home/eia/repo/rbi_2025_2/scara/scara_ws/build/scara_ik_solver/build/lib/scara_ik_solver
running install
running install_lib
creating /home/eia/repo/rbi_2025_2/scara/scara_ws/install/scara_ik_solver/lib/python3.10/site-packages/scara_ik_solver
copying /home/eia/repo/rbi_2025_2/scara/scara_ws/build/scara_ik_solver/build/lib/scara_ik_solver/scara_ik_solver.py -> /home/eia/repo/rbi_2025_2/scara/scara_ws/install/scara_ik_solver/lib/python3.10/site-packages/scara_ik_solver
copying /home/eia/repo/rbi_2025_2/scara/scara_ws/build/scara_ik_solver/build/lib/scara_ik_solver/__init__.py -> /home/eia/repo/rbi_2025_2/scara/scara_ws/install/scara_ik_solver/lib/python3.10/site-packages/scara_ik_solver
byte-compiling /home/eia/repo/rbi_2025_2/scara/scara_ws/install/scara_ik_solver/lib/python3.10/site-packages/scara_ik_solver/scara_ik_solver.py to scara_ik_solver.cpython-310.pyc
byte-compiling /home/eia/repo/rbi_2025_2/scara/scara_ws/install/scara_ik_solver/lib/python3.10/site-packages/scara_ik_solver/__init__.py to __init__.cpython-310.pyc
running install_data
copying resource/scara_ik_solver -> /home/eia/repo/rbi_2025_2/scara/scara_ws/install/scara_ik_solver/share/ament_index/resource_index/packages
copying package.xml -> /home/eia/repo/rbi_2025_2/scara/scara_ws/install/scara_ik_solver/share/scara_ik_solver
running install_egg_info
Copying ../../build/scara_ik_solver/scara_ik_solver.egg-info to /home/eia/repo/rbi_2025_2/scara/scara_ws/install/scara_ik_solver/lib/python3.10/site-packages/scara_ik_solver-0.0.0-py3.10.egg-info
running install_scripts
Installing scara_ik_solver script to /home/eia/repo/rbi_2025_2/scara/scara_ws/install/scara_ik_solver/lib/scara_ik_solver
writing list of installed files to '/home/eia/repo/rbi_2025_2/scara/scara_ws/build/scara_ik_solver/install.log'
