[0.243s] Invoking command in '/home/eia/repo/rbi_2025_2/scara/scara_ws/build/scara_mujoco_bringup': CMAKE_PREFIX_PATH=${CMAKE_PREFIX_PATH}:/home/eia/repo/rbi_2025_2/scara/scara_ws/install/scara_mujoco:/opt/ros/humble /usr/bin/cmake /home/eia/repo/rbi_2025_2/scara/scara_ws/src/scara_mujoco_bringup -DCMAKE_INSTALL_PREFIX=/home/eia/repo/rbi_2025_2/scara/scara_ws/install/scara_mujoco_bringup
[0.311s] -- The C compiler identification is GNU 11.4.0
[0.385s] -- The CXX compiler identification is GNU 11.4.0
[0.394s] -- Detecting C compiler ABI info
[0.479s] -- Detecting C compiler ABI info - done
[0.490s] -- Check for working C compiler: /usr/bin/cc - skipped
[0.491s] -- Detecting C compile features
[0.491s] -- Detecting C compile features - done
[0.496s] -- Detecting CXX compiler ABI info
[0.595s] -- Detecting CXX compiler ABI info - done
[0.606s] -- Check for working CXX compiler: /usr/bin/c++ - skipped
[0.606s] -- Detecting CXX compile features
[0.607s] -- Detecting CXX compile features - done
[0.611s] -- Found ament_cmake: 1.3.12 (/opt/ros/humble/share/ament_cmake/cmake)
[1.148s] -- Found Python3: /usr/bin/python3 (found version "3.10.12") found components: Interpreter 
[1.286s] -- Found rclcpp: 16.0.14 (/opt/ros/humble/share/rclcpp/cmake)
[1.361s] -- Found rosidl_generator_c: 3.1.7 (/opt/ros/humble/share/rosidl_generator_c/cmake)
[1.370s] -- Found rosidl_adapter: 3.1.7 (/opt/ros/humble/share/rosidl_adapter/cmake)
[1.384s] -- Found rosidl_generator_cpp: 3.1.7 (/opt/ros/humble/share/rosidl_generator_cpp/cmake)
[1.403s] -- Using all available rosidl_typesupport_c: rosidl_typesupport_fastrtps_c;rosidl_typesupport_introspection_c
[1.429s] -- Using all available rosidl_typesupport_cpp: rosidl_typesupport_fastrtps_cpp;rosidl_typesupport_introspection_cpp
[1.506s] -- Found rmw_implementation_cmake: 6.1.2 (/opt/ros/humble/share/rmw_implementation_cmake/cmake)
[1.511s] -- Found rmw_fastrtps_cpp: 6.2.8 (/opt/ros/humble/share/rmw_fastrtps_cpp/cmake)
[1.636s] -- Found OpenSSL: /usr/lib/x86_64-linux-gnu/libcrypto.so (found version "3.0.2")  
[1.684s] -- Found FastRTPS: /opt/ros/humble/include  
[1.761s] -- Using RMW implementation 'rmw_fastrtps_cpp' as default
[1.774s] -- Looking for pthread.h
[1.861s] -- Looking for pthread.h - found
[1.861s] -- Performing Test CMAKE_HAVE_LIBC_PTHREAD
[1.951s] -- Performing Test CMAKE_HAVE_LIBC_PTHREAD - Success
[1.952s] -- Found Threads: TRUE  
[2.126s] -- Configuring done
[2.130s] -- Generating done
[2.133s] -- Build files have been written to: /home/eia/repo/rbi_2025_2/scara/scara_ws/build/scara_mujoco_bringup
[2.144s] Invoked command in '/home/eia/repo/rbi_2025_2/scara/scara_ws/build/scara_mujoco_bringup' returned '0': CMAKE_PREFIX_PATH=${CMAKE_PREFIX_PATH}:/home/eia/repo/rbi_2025_2/scara/scara_ws/install/scara_mujoco:/opt/ros/humble /usr/bin/cmake /home/eia/repo/rbi_2025_2/scara/scara_ws/src/scara_mujoco_bringup -DCMAKE_INSTALL_PREFIX=/home/eia/repo/rbi_2025_2/scara/scara_ws/install/scara_mujoco_bringup
[2.147s] Invoking command in '/home/eia/repo/rbi_2025_2/scara/scara_ws/build/scara_mujoco_bringup': CMAKE_PREFIX_PATH=${CMAKE_PREFIX_PATH}:/home/eia/repo/rbi_2025_2/scara/scara_ws/install/scara_mujoco:/opt/ros/humble /usr/bin/cmake --build /home/eia/repo/rbi_2025_2/scara/scara_ws/build/scara_mujoco_bringup -- -j12 -l12
[2.194s] Invoked command in '/home/eia/repo/rbi_2025_2/scara/scara_ws/build/scara_mujoco_bringup' returned '0': CMAKE_PREFIX_PATH=${CMAKE_PREFIX_PATH}:/home/eia/repo/rbi_2025_2/scara/scara_ws/install/scara_mujoco:/opt/ros/humble /usr/bin/cmake --build /home/eia/repo/rbi_2025_2/scara/scara_ws/build/scara_mujoco_bringup -- -j12 -l12
[2.196s] Invoking command in '/home/eia/repo/rbi_2025_2/scara/scara_ws/build/scara_mujoco_bringup': CMAKE_PREFIX_PATH=${CMAKE_PREFIX_PATH}:/home/eia/repo/rbi_2025_2/scara/scara_ws/install/scara_mujoco:/opt/ros/humble /usr/bin/cmake --install /home/eia/repo/rbi_2025_2/scara/scara_ws/build/scara_mujoco_bringup
[2.204s] -- Install configuration: ""
[2.204s] -- Installing: /home/eia/repo/rbi_2025_2/scara/scara_ws/install/scara_mujoco_bringup/share/scara_mujoco_bringup//config
[2.204s] -- Installing: /home/eia/repo/rbi_2025_2/scara/scara_ws/install/scara_mujoco_bringup/share/scara_mujoco_bringup//config/scara_controllers.yaml
[2.204s] -- Installing: /home/eia/repo/rbi_2025_2/scara/scara_ws/install/scara_mujoco_bringup/share/scara_mujoco_bringup//launch
[2.205s] -- Installing: /home/eia/repo/rbi_2025_2/scara/scara_ws/install/scara_mujoco_bringup/share/scara_mujoco_bringup//launch/rov_bringup_launch.launch.xml
[2.205s] -- Installing: /home/eia/repo/rbi_2025_2/scara/scara_ws/install/scara_mujoco_bringup/share/ament_index/resource_index/package_run_dependencies/scara_mujoco_bringup
[2.205s] -- Installing: /home/eia/repo/rbi_2025_2/scara/scara_ws/install/scara_mujoco_bringup/share/ament_index/resource_index/parent_prefix_path/scara_mujoco_bringup
[2.205s] -- Installing: /home/eia/repo/rbi_2025_2/scara/scara_ws/install/scara_mujoco_bringup/share/scara_mujoco_bringup/environment/ament_prefix_path.sh
[2.205s] -- Installing: /home/eia/repo/rbi_2025_2/scara/scara_ws/install/scara_mujoco_bringup/share/scara_mujoco_bringup/environment/ament_prefix_path.dsv
[2.205s] -- Installing: /home/eia/repo/rbi_2025_2/scara/scara_ws/install/scara_mujoco_bringup/share/scara_mujoco_bringup/environment/path.sh
[2.206s] -- Installing: /home/eia/repo/rbi_2025_2/scara/scara_ws/install/scara_mujoco_bringup/share/scara_mujoco_bringup/environment/path.dsv
[2.206s] -- Installing: /home/eia/repo/rbi_2025_2/scara/scara_ws/install/scara_mujoco_bringup/share/scara_mujoco_bringup/local_setup.bash
[2.206s] -- Installing: /home/eia/repo/rbi_2025_2/scara/scara_ws/install/scara_mujoco_bringup/share/scara_mujoco_bringup/local_setup.sh
[2.206s] -- Installing: /home/eia/repo/rbi_2025_2/scara/scara_ws/install/scara_mujoco_bringup/share/scara_mujoco_bringup/local_setup.zsh
[2.206s] -- Installing: /home/eia/repo/rbi_2025_2/scara/scara_ws/install/scara_mujoco_bringup/share/scara_mujoco_bringup/local_setup.dsv
[2.206s] -- Installing: /home/eia/repo/rbi_2025_2/scara/scara_ws/install/scara_mujoco_bringup/share/scara_mujoco_bringup/package.dsv
[2.207s] -- Installing: /home/eia/repo/rbi_2025_2/scara/scara_ws/install/scara_mujoco_bringup/share/ament_index/resource_index/packages/scara_mujoco_bringup
[2.207s] -- Installing: /home/eia/repo/rbi_2025_2/scara/scara_ws/install/scara_mujoco_bringup/share/scara_mujoco_bringup/cmake/scara_mujoco_bringupConfig.cmake
[2.207s] -- Installing: /home/eia/repo/rbi_2025_2/scara/scara_ws/install/scara_mujoco_bringup/share/scara_mujoco_bringup/cmake/scara_mujoco_bringupConfig-version.cmake
[2.207s] -- Installing: /home/eia/repo/rbi_2025_2/scara/scara_ws/install/scara_mujoco_bringup/share/scara_mujoco_bringup/package.xml
[2.210s] Invoked command in '/home/eia/repo/rbi_2025_2/scara/scara_ws/build/scara_mujoco_bringup' returned '0': CMAKE_PREFIX_PATH=${CMAKE_PREFIX_PATH}:/home/eia/repo/rbi_2025_2/scara/scara_ws/install/scara_mujoco:/opt/ros/humble /usr/bin/cmake --install /home/eia/repo/rbi_2025_2/scara/scara_ws/build/scara_mujoco_bringup
