[0.987s] Invoking command in '/home/eia/repo/rbi_2025_2/scara/scara_ws/src/scara_mujoco': PYTHONPATH=/home/eia/repo/rbi_2025_2/scara/scara_ws/build/scara_mujoco/prefix_override:/home/eia/.local/lib/python3.10/site-packages/colcon_core/task/python/colcon_distutils_commands:/home/eia/repo/rbi_2025_2/scara/scara_ws/install/scara_mujoco/lib/python3.10/site-packages:${PYTHONPATH} /usr/bin/python3 -W ignore:setup.py install is deprecated -W ignore:easy_install command is deprecated setup.py egg_info --egg-base ../../build/scara_mujoco build --build-base /home/eia/repo/rbi_2025_2/scara/scara_ws/build/scara_mujoco/build install --record /home/eia/repo/rbi_2025_2/scara/scara_ws/build/scara_mujoco/install.log --single-version-externally-managed install_data
[1.274s] running egg_info
[1.294s] writing ../../build/scara_mujoco/scara_mujoco.egg-info/PKG-INFO
[1.294s] writing dependency_links to ../../build/scara_mujoco/scara_mujoco.egg-info/dependency_links.txt
[1.294s] writing entry points to ../../build/scara_mujoco/scara_mujoco.egg-info/entry_points.txt
[1.294s] writing requirements to ../../build/scara_mujoco/scara_mujoco.egg-info/requires.txt
[1.294s] writing top-level names to ../../build/scara_mujoco/scara_mujoco.egg-info/top_level.txt
[1.334s] reading manifest file '../../build/scara_mujoco/scara_mujoco.egg-info/SOURCES.txt'
[1.335s] writing manifest file '../../build/scara_mujoco/scara_mujoco.egg-info/SOURCES.txt'
[1.335s] running build
[1.335s] running build_py
[1.336s] copying scara_mujoco/simulation_init.py -> /home/eia/repo/rbi_2025_2/scara/scara_ws/build/scara_mujoco/build/lib/scara_mujoco
[1.336s] copying scara_mujoco/__init__.py -> /home/eia/repo/rbi_2025_2/scara/scara_ws/build/scara_mujoco/build/lib/scara_mujoco
[1.336s] running install
[1.342s] running install_lib
[1.363s] running install_data
[1.363s] copying resource/scara_mujoco -> /home/eia/repo/rbi_2025_2/scara/scara_ws/install/scara_mujoco/share/ament_index/resource_index/packages
[1.363s] copying package.xml -> /home/eia/repo/rbi_2025_2/scara/scara_ws/install/scara_mujoco/share/scara_mujoco
[1.363s] copying descriptions/basic_scenario.xml -> /home/eia/repo/rbi_2025_2/scara/scara_ws/install/scara_mujoco/share/scara_mujoco/descriptions
[1.363s] running install_egg_info
[1.384s] removing '/home/eia/repo/rbi_2025_2/scara/scara_ws/install/scara_mujoco/lib/python3.10/site-packages/scara_mujoco-0.0.0-py3.10.egg-info' (and everything under it)
[1.385s] Copying ../../build/scara_mujoco/scara_mujoco.egg-info to /home/eia/repo/rbi_2025_2/scara/scara_ws/install/scara_mujoco/lib/python3.10/site-packages/scara_mujoco-0.0.0-py3.10.egg-info
[1.385s] running install_scripts
[1.553s] Installing scara_sim_mujoco script to /home/eia/repo/rbi_2025_2/scara/scara_ws/install/scara_mujoco/lib/scara_mujoco
[1.553s] writing list of installed files to '/home/eia/repo/rbi_2025_2/scara/scara_ws/build/scara_mujoco/install.log'
[1.576s] Invoked command in '/home/eia/repo/rbi_2025_2/scara/scara_ws/src/scara_mujoco' returned '0': PYTHONPATH=/home/eia/repo/rbi_2025_2/scara/scara_ws/build/scara_mujoco/prefix_override:/home/eia/.local/lib/python3.10/site-packages/colcon_core/task/python/colcon_distutils_commands:/home/eia/repo/rbi_2025_2/scara/scara_ws/install/scara_mujoco/lib/python3.10/site-packages:${PYTHONPATH} /usr/bin/python3 -W ignore:setup.py install is deprecated -W ignore:easy_install command is deprecated setup.py egg_info --egg-base ../../build/scara_mujoco build --build-base /home/eia/repo/rbi_2025_2/scara/scara_ws/build/scara_mujoco/build install --record /home/eia/repo/rbi_2025_2/scara/scara_ws/build/scara_mujoco/install.log --single-version-externally-managed install_data
