[0.114s] DEBUG:colcon:Command line arguments: ['/home/eia/.local/bin/colcon', 'build', '--symlink-install']
[0.114s] DEBUG:colcon:Parsed command line arguments: Namespace(log_base=None, log_level=None, verb_name='build', build_base='build', install_base='install', merge_install=False, symlink_install=True, test_result_base=None, continue_on_error=False, executor='parallel', parallel_workers=12, event_handlers=None, ignore_user_meta=False, metas=['./colcon.meta'], base_paths=['.'], packages_ignore=None, packages_ignore_regex=None, paths=None, packages_up_to=None, packages_up_to_regex=None, packages_above=None, packages_above_and_dependencies=None, packages_above_depth=None, packages_select_by_dep=None, packages_skip_by_dep=None, packages_skip_up_to=None, packages_select_build_failed=False, packages_skip_build_finished=False, packages_select_test_failures=False, packages_skip_test_passed=False, packages_select=None, packages_skip=None, packages_select_regex=None, packages_skip_regex=None, packages_start=None, packages_end=None, cmake_args=None, cmake_target=None, cmake_target_skip_unavailable=False, cmake_clean_cache=False, cmake_clean_first=False, cmake_force_configure=False, ament_cmake_args=None, catkin_cmake_args=None, catkin_skip_building_tests=False, verb_parser=<colcon_defaults.argument_parser.defaults.DefaultArgumentsDecorator object at 0x711570345510>, verb_extension=<colcon_core.verb.build.BuildVerb object at 0x7115704ca0e0>, main=<bound method BuildVerb.main of <colcon_core.verb.build.BuildVerb object at 0x7115704ca0e0>>)
[0.150s] Level 1:colcon.colcon_core.package_discovery:discover_packages(colcon_meta) check parameters
[0.150s] Level 1:colcon.colcon_core.package_discovery:discover_packages(recursive) check parameters
[0.150s] Level 1:colcon.colcon_core.package_discovery:discover_packages(ignore) check parameters
[0.150s] Level 1:colcon.colcon_core.package_discovery:discover_packages(path) check parameters
[0.150s] Level 1:colcon.colcon_core.package_discovery:discover_packages(colcon_meta) discover
[0.150s] Level 1:colcon.colcon_core.package_discovery:discover_packages(recursive) discover
[0.150s] INFO:colcon.colcon_core.package_discovery:Crawling recursively for packages in '/home/eia/repo/rbi_2025_2/abb/abb_ws'
[0.150s] Level 1:colcon.colcon_core.package_identification:_identify(.) by extensions ['ignore', 'ignore_ament_install']
[0.150s] Level 1:colcon.colcon_core.package_identification:_identify(.) by extension 'ignore'
[0.150s] Level 1:colcon.colcon_core.package_identification:_identify(.) by extension 'ignore_ament_install'
[0.150s] Level 1:colcon.colcon_core.package_identification:_identify(.) by extensions ['colcon_pkg']
[0.150s] Level 1:colcon.colcon_core.package_identification:_identify(.) by extension 'colcon_pkg'
[0.150s] Level 1:colcon.colcon_core.package_identification:_identify(.) by extensions ['colcon_meta']
[0.150s] Level 1:colcon.colcon_core.package_identification:_identify(.) by extension 'colcon_meta'
[0.150s] Level 1:colcon.colcon_core.package_identification:_identify(.) by extensions ['ros']
[0.151s] Level 1:colcon.colcon_core.package_identification:_identify(.) by extension 'ros'
[0.173s] Level 1:colcon.colcon_core.package_identification:_identify(.) by extensions ['cmake', 'python']
[0.174s] Level 1:colcon.colcon_core.package_identification:_identify(.) by extension 'cmake'
[0.174s] Level 1:colcon.colcon_core.package_identification:_identify(.) by extension 'python'
[0.174s] Level 1:colcon.colcon_core.package_identification:_identify(.) by extensions ['python_setup_py']
[0.174s] Level 1:colcon.colcon_core.package_identification:_identify(.) by extension 'python_setup_py'
[0.174s] Level 1:colcon.colcon_core.package_identification:_identify(build) by extensions ['ignore', 'ignore_ament_install']
[0.174s] Level 1:colcon.colcon_core.package_identification:_identify(build) by extension 'ignore'
[0.174s] Level 1:colcon.colcon_core.package_identification:_identify(build) ignored
[0.174s] Level 1:colcon.colcon_core.package_identification:_identify(install) by extensions ['ignore', 'ignore_ament_install']
[0.174s] Level 1:colcon.colcon_core.package_identification:_identify(install) by extension 'ignore'
[0.174s] Level 1:colcon.colcon_core.package_identification:_identify(install) ignored
[0.174s] Level 1:colcon.colcon_core.package_identification:_identify(log) by extensions ['ignore', 'ignore_ament_install']
[0.174s] Level 1:colcon.colcon_core.package_identification:_identify(log) by extension 'ignore'
[0.174s] Level 1:colcon.colcon_core.package_identification:_identify(log) ignored
[0.174s] Level 1:colcon.colcon_core.package_identification:_identify(scripts) by extensions ['ignore', 'ignore_ament_install']
[0.174s] Level 1:colcon.colcon_core.package_identification:_identify(scripts) by extension 'ignore'
[0.174s] Level 1:colcon.colcon_core.package_identification:_identify(scripts) by extension 'ignore_ament_install'
[0.175s] Level 1:colcon.colcon_core.package_identification:_identify(scripts) by extensions ['colcon_pkg']
[0.175s] Level 1:colcon.colcon_core.package_identification:_identify(scripts) by extension 'colcon_pkg'
[0.175s] Level 1:colcon.colcon_core.package_identification:_identify(scripts) by extensions ['colcon_meta']
[0.175s] Level 1:colcon.colcon_core.package_identification:_identify(scripts) by extension 'colcon_meta'
[0.175s] Level 1:colcon.colcon_core.package_identification:_identify(scripts) by extensions ['ros']
[0.175s] Level 1:colcon.colcon_core.package_identification:_identify(scripts) by extension 'ros'
[0.175s] Level 1:colcon.colcon_core.package_identification:_identify(scripts) by extensions ['cmake', 'python']
[0.175s] Level 1:colcon.colcon_core.package_identification:_identify(scripts) by extension 'cmake'
[0.175s] Level 1:colcon.colcon_core.package_identification:_identify(scripts) by extension 'python'
[0.175s] Level 1:colcon.colcon_core.package_identification:_identify(scripts) by extensions ['python_setup_py']
[0.175s] Level 1:colcon.colcon_core.package_identification:_identify(scripts) by extension 'python_setup_py'
[0.175s] Level 1:colcon.colcon_core.package_identification:_identify(src) by extensions ['ignore', 'ignore_ament_install']
[0.175s] Level 1:colcon.colcon_core.package_identification:_identify(src) by extension 'ignore'
[0.175s] Level 1:colcon.colcon_core.package_identification:_identify(src) by extension 'ignore_ament_install'
[0.175s] Level 1:colcon.colcon_core.package_identification:_identify(src) by extensions ['colcon_pkg']
[0.175s] Level 1:colcon.colcon_core.package_identification:_identify(src) by extension 'colcon_pkg'
[0.175s] Level 1:colcon.colcon_core.package_identification:_identify(src) by extensions ['colcon_meta']
[0.175s] Level 1:colcon.colcon_core.package_identification:_identify(src) by extension 'colcon_meta'
[0.175s] Level 1:colcon.colcon_core.package_identification:_identify(src) by extensions ['ros']
[0.175s] Level 1:colcon.colcon_core.package_identification:_identify(src) by extension 'ros'
[0.175s] Level 1:colcon.colcon_core.package_identification:_identify(src) by extensions ['cmake', 'python']
[0.175s] Level 1:colcon.colcon_core.package_identification:_identify(src) by extension 'cmake'
[0.175s] Level 1:colcon.colcon_core.package_identification:_identify(src) by extension 'python'
[0.175s] Level 1:colcon.colcon_core.package_identification:_identify(src) by extensions ['python_setup_py']
[0.176s] Level 1:colcon.colcon_core.package_identification:_identify(src) by extension 'python_setup_py'
[0.176s] Level 1:colcon.colcon_core.package_identification:_identify(src/abb_bringup) by extensions ['ignore', 'ignore_ament_install']
[0.176s] Level 1:colcon.colcon_core.package_identification:_identify(src/abb_bringup) by extension 'ignore'
[0.176s] Level 1:colcon.colcon_core.package_identification:_identify(src/abb_bringup) by extension 'ignore_ament_install'
[0.176s] Level 1:colcon.colcon_core.package_identification:_identify(src/abb_bringup) by extensions ['colcon_pkg']
[0.176s] Level 1:colcon.colcon_core.package_identification:_identify(src/abb_bringup) by extension 'colcon_pkg'
[0.176s] Level 1:colcon.colcon_core.package_identification:_identify(src/abb_bringup) by extensions ['colcon_meta']
[0.176s] Level 1:colcon.colcon_core.package_identification:_identify(src/abb_bringup) by extension 'colcon_meta'
[0.176s] Level 1:colcon.colcon_core.package_identification:_identify(src/abb_bringup) by extensions ['ros']
[0.176s] Level 1:colcon.colcon_core.package_identification:_identify(src/abb_bringup) by extension 'ros'
[0.178s] DEBUG:colcon.colcon_core.package_identification:Package 'src/abb_bringup' with type 'ros.ament_cmake' and name 'abb_bringup'
[0.178s] Level 1:colcon.colcon_core.package_identification:_identify(src/abb_description) by extensions ['ignore', 'ignore_ament_install']
[0.178s] Level 1:colcon.colcon_core.package_identification:_identify(src/abb_description) by extension 'ignore'
[0.178s] Level 1:colcon.colcon_core.package_identification:_identify(src/abb_description) by extension 'ignore_ament_install'
[0.178s] Level 1:colcon.colcon_core.package_identification:_identify(src/abb_description) by extensions ['colcon_pkg']
[0.178s] Level 1:colcon.colcon_core.package_identification:_identify(src/abb_description) by extension 'colcon_pkg'
[0.178s] Level 1:colcon.colcon_core.package_identification:_identify(src/abb_description) by extensions ['colcon_meta']
[0.178s] Level 1:colcon.colcon_core.package_identification:_identify(src/abb_description) by extension 'colcon_meta'
[0.178s] Level 1:colcon.colcon_core.package_identification:_identify(src/abb_description) by extensions ['ros']
[0.178s] Level 1:colcon.colcon_core.package_identification:_identify(src/abb_description) by extension 'ros'
[0.179s] DEBUG:colcon.colcon_core.package_identification:Package 'src/abb_description' with type 'ros.ament_cmake' and name 'abb_description'
[0.179s] Level 1:colcon.colcon_core.package_identification:_identify(src/abb_hardware) by extensions ['ignore', 'ignore_ament_install']
[0.179s] Level 1:colcon.colcon_core.package_identification:_identify(src/abb_hardware) by extension 'ignore'
[0.179s] Level 1:colcon.colcon_core.package_identification:_identify(src/abb_hardware) by extension 'ignore_ament_install'
[0.179s] Level 1:colcon.colcon_core.package_identification:_identify(src/abb_hardware) by extensions ['colcon_pkg']
[0.179s] Level 1:colcon.colcon_core.package_identification:_identify(src/abb_hardware) by extension 'colcon_pkg'
[0.179s] Level 1:colcon.colcon_core.package_identification:_identify(src/abb_hardware) by extensions ['colcon_meta']
[0.179s] Level 1:colcon.colcon_core.package_identification:_identify(src/abb_hardware) by extension 'colcon_meta'
[0.179s] Level 1:colcon.colcon_core.package_identification:_identify(src/abb_hardware) by extensions ['ros']
[0.179s] Level 1:colcon.colcon_core.package_identification:_identify(src/abb_hardware) by extension 'ros'
[0.180s] DEBUG:colcon.colcon_core.package_identification:Package 'src/abb_hardware' with type 'ros.ament_cmake' and name 'abb_hardware'
[0.180s] Level 1:colcon.colcon_core.package_identification:_identify(src/rbi_ABB_simulation) by extensions ['ignore', 'ignore_ament_install']
[0.180s] Level 1:colcon.colcon_core.package_identification:_identify(src/rbi_ABB_simulation) by extension 'ignore'
[0.180s] Level 1:colcon.colcon_core.package_identification:_identify(src/rbi_ABB_simulation) by extension 'ignore_ament_install'
[0.180s] Level 1:colcon.colcon_core.package_identification:_identify(src/rbi_ABB_simulation) by extensions ['colcon_pkg']
[0.180s] Level 1:colcon.colcon_core.package_identification:_identify(src/rbi_ABB_simulation) by extension 'colcon_pkg'
[0.180s] Level 1:colcon.colcon_core.package_identification:_identify(src/rbi_ABB_simulation) by extensions ['colcon_meta']
[0.180s] Level 1:colcon.colcon_core.package_identification:_identify(src/rbi_ABB_simulation) by extension 'colcon_meta'
[0.180s] Level 1:colcon.colcon_core.package_identification:_identify(src/rbi_ABB_simulation) by extensions ['ros']
[0.180s] Level 1:colcon.colcon_core.package_identification:_identify(src/rbi_ABB_simulation) by extension 'ros'
[0.181s] DEBUG:colcon.colcon_core.package_identification:Package 'src/rbi_ABB_simulation' with type 'ros.ament_python' and name 'rbi_ABB_simulation'
[0.181s] Level 1:colcon.colcon_core.package_discovery:discover_packages(recursive) using defaults
[0.181s] Level 1:colcon.colcon_core.package_discovery:discover_packages(ignore) discover
[0.181s] Level 1:colcon.colcon_core.package_discovery:discover_packages(ignore) using defaults
[0.181s] Level 1:colcon.colcon_core.package_discovery:discover_packages(path) discover
[0.181s] Level 1:colcon.colcon_core.package_discovery:discover_packages(path) using defaults
[0.197s] Level 5:colcon.colcon_core.verb:set package 'abb_bringup' build argument 'cmake_args' from command line to 'None'
[0.198s] Level 5:colcon.colcon_core.verb:set package 'abb_bringup' build argument 'cmake_target' from command line to 'None'
[0.198s] Level 5:colcon.colcon_core.verb:set package 'abb_bringup' build argument 'cmake_target_skip_unavailable' from command line to 'False'
[0.198s] Level 5:colcon.colcon_core.verb:set package 'abb_bringup' build argument 'cmake_clean_cache' from command line to 'False'
[0.198s] Level 5:colcon.colcon_core.verb:set package 'abb_bringup' build argument 'cmake_clean_first' from command line to 'False'
[0.198s] Level 5:colcon.colcon_core.verb:set package 'abb_bringup' build argument 'cmake_force_configure' from command line to 'False'
[0.198s] Level 5:colcon.colcon_core.verb:set package 'abb_bringup' build argument 'ament_cmake_args' from command line to 'None'
[0.198s] Level 5:colcon.colcon_core.verb:set package 'abb_bringup' build argument 'catkin_cmake_args' from command line to 'None'
[0.198s] Level 5:colcon.colcon_core.verb:set package 'abb_bringup' build argument 'catkin_skip_building_tests' from command line to 'False'
[0.198s] DEBUG:colcon.colcon_core.verb:Building package 'abb_bringup' with the following arguments: {'ament_cmake_args': None, 'build_base': '/home/eia/repo/rbi_2025_2/abb/abb_ws/build/abb_bringup', 'catkin_cmake_args': None, 'catkin_skip_building_tests': False, 'cmake_args': None, 'cmake_clean_cache': False, 'cmake_clean_first': False, 'cmake_force_configure': False, 'cmake_target': None, 'cmake_target_skip_unavailable': False, 'install_base': '/home/eia/repo/rbi_2025_2/abb/abb_ws/install/abb_bringup', 'merge_install': False, 'path': '/home/eia/repo/rbi_2025_2/abb/abb_ws/src/abb_bringup', 'symlink_install': True, 'test_result_base': None}
[0.198s] Level 5:colcon.colcon_core.verb:set package 'abb_description' build argument 'cmake_args' from command line to 'None'
[0.198s] Level 5:colcon.colcon_core.verb:set package 'abb_description' build argument 'cmake_target' from command line to 'None'
[0.198s] Level 5:colcon.colcon_core.verb:set package 'abb_description' build argument 'cmake_target_skip_unavailable' from command line to 'False'
[0.198s] Level 5:colcon.colcon_core.verb:set package 'abb_description' build argument 'cmake_clean_cache' from command line to 'False'
[0.198s] Level 5:colcon.colcon_core.verb:set package 'abb_description' build argument 'cmake_clean_first' from command line to 'False'
[0.198s] Level 5:colcon.colcon_core.verb:set package 'abb_description' build argument 'cmake_force_configure' from command line to 'False'
[0.198s] Level 5:colcon.colcon_core.verb:set package 'abb_description' build argument 'ament_cmake_args' from command line to 'None'
[0.198s] Level 5:colcon.colcon_core.verb:set package 'abb_description' build argument 'catkin_cmake_args' from command line to 'None'
[0.198s] Level 5:colcon.colcon_core.verb:set package 'abb_description' build argument 'catkin_skip_building_tests' from command line to 'False'
[0.198s] DEBUG:colcon.colcon_core.verb:Building package 'abb_description' with the following arguments: {'ament_cmake_args': None, 'build_base': '/home/eia/repo/rbi_2025_2/abb/abb_ws/build/abb_description', 'catkin_cmake_args': None, 'catkin_skip_building_tests': False, 'cmake_args': None, 'cmake_clean_cache': False, 'cmake_clean_first': False, 'cmake_force_configure': False, 'cmake_target': None, 'cmake_target_skip_unavailable': False, 'install_base': '/home/eia/repo/rbi_2025_2/abb/abb_ws/install/abb_description', 'merge_install': False, 'path': '/home/eia/repo/rbi_2025_2/abb/abb_ws/src/abb_description', 'symlink_install': True, 'test_result_base': None}
[0.199s] Level 5:colcon.colcon_core.verb:set package 'abb_hardware' build argument 'cmake_args' from command line to 'None'
[0.199s] Level 5:colcon.colcon_core.verb:set package 'abb_hardware' build argument 'cmake_target' from command line to 'None'
[0.199s] Level 5:colcon.colcon_core.verb:set package 'abb_hardware' build argument 'cmake_target_skip_unavailable' from command line to 'False'
[0.199s] Level 5:colcon.colcon_core.verb:set package 'abb_hardware' build argument 'cmake_clean_cache' from command line to 'False'
[0.199s] Level 5:colcon.colcon_core.verb:set package 'abb_hardware' build argument 'cmake_clean_first' from command line to 'False'
[0.199s] Level 5:colcon.colcon_core.verb:set package 'abb_hardware' build argument 'cmake_force_configure' from command line to 'False'
[0.199s] Level 5:colcon.colcon_core.verb:set package 'abb_hardware' build argument 'ament_cmake_args' from command line to 'None'
[0.199s] Level 5:colcon.colcon_core.verb:set package 'abb_hardware' build argument 'catkin_cmake_args' from command line to 'None'
[0.199s] Level 5:colcon.colcon_core.verb:set package 'abb_hardware' build argument 'catkin_skip_building_tests' from command line to 'False'
[0.199s] DEBUG:colcon.colcon_core.verb:Building package 'abb_hardware' with the following arguments: {'ament_cmake_args': None, 'build_base': '/home/eia/repo/rbi_2025_2/abb/abb_ws/build/abb_hardware', 'catkin_cmake_args': None, 'catkin_skip_building_tests': False, 'cmake_args': None, 'cmake_clean_cache': False, 'cmake_clean_first': False, 'cmake_force_configure': False, 'cmake_target': None, 'cmake_target_skip_unavailable': False, 'install_base': '/home/eia/repo/rbi_2025_2/abb/abb_ws/install/abb_hardware', 'merge_install': False, 'path': '/home/eia/repo/rbi_2025_2/abb/abb_ws/src/abb_hardware', 'symlink_install': True, 'test_result_base': None}
[0.199s] Level 5:colcon.colcon_core.verb:set package 'rbi_ABB_simulation' build argument 'cmake_args' from command line to 'None'
[0.199s] Level 5:colcon.colcon_core.verb:set package 'rbi_ABB_simulation' build argument 'cmake_target' from command line to 'None'
[0.199s] Level 5:colcon.colcon_core.verb:set package 'rbi_ABB_simulation' build argument 'cmake_target_skip_unavailable' from command line to 'False'
[0.199s] Level 5:colcon.colcon_core.verb:set package 'rbi_ABB_simulation' build argument 'cmake_clean_cache' from command line to 'False'
[0.199s] Level 5:colcon.colcon_core.verb:set package 'rbi_ABB_simulation' build argument 'cmake_clean_first' from command line to 'False'
[0.199s] Level 5:colcon.colcon_core.verb:set package 'rbi_ABB_simulation' build argument 'cmake_force_configure' from command line to 'False'
[0.199s] Level 5:colcon.colcon_core.verb:set package 'rbi_ABB_simulation' build argument 'ament_cmake_args' from command line to 'None'
[0.199s] Level 5:colcon.colcon_core.verb:set package 'rbi_ABB_simulation' build argument 'catkin_cmake_args' from command line to 'None'
[0.199s] Level 5:colcon.colcon_core.verb:set package 'rbi_ABB_simulation' build argument 'catkin_skip_building_tests' from command line to 'False'
[0.199s] DEBUG:colcon.colcon_core.verb:Building package 'rbi_ABB_simulation' with the following arguments: {'ament_cmake_args': None, 'build_base': '/home/eia/repo/rbi_2025_2/abb/abb_ws/build/rbi_ABB_simulation', 'catkin_cmake_args': None, 'catkin_skip_building_tests': False, 'cmake_args': None, 'cmake_clean_cache': False, 'cmake_clean_first': False, 'cmake_force_configure': False, 'cmake_target': None, 'cmake_target_skip_unavailable': False, 'install_base': '/home/eia/repo/rbi_2025_2/abb/abb_ws/install/rbi_ABB_simulation', 'merge_install': False, 'path': '/home/eia/repo/rbi_2025_2/abb/abb_ws/src/rbi_ABB_simulation', 'symlink_install': True, 'test_result_base': None}
[0.200s] INFO:colcon.colcon_core.executor:Executing jobs using 'parallel' executor
[0.200s] DEBUG:colcon.colcon_parallel_executor.executor.parallel:run_until_complete
[0.201s] INFO:colcon.colcon_ros.task.ament_cmake.build:Building ROS package in '/home/eia/repo/rbi_2025_2/abb/abb_ws/src/abb_bringup' with build type 'ament_cmake'
[0.201s] INFO:colcon.colcon_cmake.task.cmake.build:Building CMake package in '/home/eia/repo/rbi_2025_2/abb/abb_ws/src/abb_bringup'
[0.202s] INFO:colcon.colcon_core.plugin_system:Skipping extension 'colcon_core.shell.bat': Not used on non-Windows systems
[0.203s] INFO:colcon.colcon_core.shell:Skip shell extension 'powershell' for command environment: Not usable outside of PowerShell
[0.203s] DEBUG:colcon.colcon_core.shell:Skip shell extension 'dsv' for command environment
[0.206s] INFO:colcon.colcon_ros.task.ament_cmake.build:Building ROS package in '/home/eia/repo/rbi_2025_2/abb/abb_ws/src/abb_description' with build type 'ament_cmake'
[0.206s] INFO:colcon.colcon_cmake.task.cmake.build:Building CMake package in '/home/eia/repo/rbi_2025_2/abb/abb_ws/src/abb_description'
[0.207s] INFO:colcon.colcon_core.shell:Skip shell extension 'powershell' for command environment: Not usable outside of PowerShell
[0.207s] DEBUG:colcon.colcon_core.shell:Skip shell extension 'dsv' for command environment
[0.209s] INFO:colcon.colcon_ros.task.ament_cmake.build:Building ROS package in '/home/eia/repo/rbi_2025_2/abb/abb_ws/src/abb_hardware' with build type 'ament_cmake'
[0.210s] INFO:colcon.colcon_cmake.task.cmake.build:Building CMake package in '/home/eia/repo/rbi_2025_2/abb/abb_ws/src/abb_hardware'
[0.210s] INFO:colcon.colcon_core.shell:Skip shell extension 'powershell' for command environment: Not usable outside of PowerShell
[0.210s] DEBUG:colcon.colcon_core.shell:Skip shell extension 'dsv' for command environment
[0.213s] INFO:colcon.colcon_ros.task.ament_python.build:Building ROS package in '/home/eia/repo/rbi_2025_2/abb/abb_ws/src/rbi_ABB_simulation' with build type 'ament_python'
[0.213s] Level 1:colcon.colcon_core.shell:create_environment_hook('rbi_ABB_simulation', 'ament_prefix_path')
[0.213s] INFO:colcon.colcon_core.shell:Creating environment hook '/home/eia/repo/rbi_2025_2/abb/abb_ws/install/rbi_ABB_simulation/share/rbi_ABB_simulation/hook/ament_prefix_path.ps1'
[0.214s] INFO:colcon.colcon_core.shell:Creating environment descriptor '/home/eia/repo/rbi_2025_2/abb/abb_ws/install/rbi_ABB_simulation/share/rbi_ABB_simulation/hook/ament_prefix_path.dsv'
[0.214s] INFO:colcon.colcon_core.shell:Creating environment hook '/home/eia/repo/rbi_2025_2/abb/abb_ws/install/rbi_ABB_simulation/share/rbi_ABB_simulation/hook/ament_prefix_path.sh'
[0.215s] INFO:colcon.colcon_core.shell:Skip shell extension 'powershell' for command environment: Not usable outside of PowerShell
[0.215s] DEBUG:colcon.colcon_core.shell:Skip shell extension 'dsv' for command environment
[0.222s] DEBUG:colcon.colcon_core.event_handler.log_command:Invoking command in '/home/eia/repo/rbi_2025_2/abb/abb_ws/build/abb_bringup': CMAKE_PREFIX_PATH=/opt/ros/humble /usr/bin/cmake /home/eia/repo/rbi_2025_2/abb/abb_ws/src/abb_bringup -DAMENT_CMAKE_SYMLINK_INSTALL=1 -DCMAKE_INSTALL_PREFIX=/home/eia/repo/rbi_2025_2/abb/abb_ws/install/abb_bringup
[0.224s] DEBUG:colcon.colcon_core.event_handler.log_command:Invoking command in '/home/eia/repo/rbi_2025_2/abb/abb_ws/build/abb_description': CMAKE_PREFIX_PATH=/opt/ros/humble /usr/bin/cmake /home/eia/repo/rbi_2025_2/abb/abb_ws/src/abb_description -DAMENT_CMAKE_SYMLINK_INSTALL=1 -DCMAKE_INSTALL_PREFIX=/home/eia/repo/rbi_2025_2/abb/abb_ws/install/abb_description
[0.227s] DEBUG:colcon.colcon_core.event_handler.log_command:Invoking command in '/home/eia/repo/rbi_2025_2/abb/abb_ws/build/abb_hardware': CMAKE_PREFIX_PATH=/opt/ros/humble /usr/bin/cmake /home/eia/repo/rbi_2025_2/abb/abb_ws/src/abb_hardware -DAMENT_CMAKE_SYMLINK_INSTALL=1 -DCMAKE_INSTALL_PREFIX=/home/eia/repo/rbi_2025_2/abb/abb_ws/install/abb_hardware
[0.471s] INFO:colcon.colcon_core.task.python.build:Building Python package in '/home/eia/repo/rbi_2025_2/abb/abb_ws/src/rbi_ABB_simulation'
[0.471s] INFO:colcon.colcon_core.shell:Skip shell extension 'powershell' for command environment: Not usable outside of PowerShell
[0.471s] DEBUG:colcon.colcon_core.shell:Skip shell extension 'dsv' for command environment
[1.040s] DEBUG:colcon.colcon_core.event_handler.log_command:Invoked command in '/home/eia/repo/rbi_2025_2/abb/abb_ws/build/abb_bringup' returned '0': CMAKE_PREFIX_PATH=/opt/ros/humble /usr/bin/cmake /home/eia/repo/rbi_2025_2/abb/abb_ws/src/abb_bringup -DAMENT_CMAKE_SYMLINK_INSTALL=1 -DCMAKE_INSTALL_PREFIX=/home/eia/repo/rbi_2025_2/abb/abb_ws/install/abb_bringup
[1.042s] DEBUG:colcon.colcon_core.event_handler.log_command:Invoking command in '/home/eia/repo/rbi_2025_2/abb/abb_ws/build/abb_bringup': CMAKE_PREFIX_PATH=/opt/ros/humble /usr/bin/cmake --build /home/eia/repo/rbi_2025_2/abb/abb_ws/build/abb_bringup -- -j12 -l12
[1.059s] DEBUG:colcon.colcon_core.event_handler.log_command:Invoked command in '/home/eia/repo/rbi_2025_2/abb/abb_ws/build/abb_description' returned '0': CMAKE_PREFIX_PATH=/opt/ros/humble /usr/bin/cmake /home/eia/repo/rbi_2025_2/abb/abb_ws/src/abb_description -DAMENT_CMAKE_SYMLINK_INSTALL=1 -DCMAKE_INSTALL_PREFIX=/home/eia/repo/rbi_2025_2/abb/abb_ws/install/abb_description
[1.060s] DEBUG:colcon.colcon_core.event_handler.log_command:Invoking command in '/home/eia/repo/rbi_2025_2/abb/abb_ws/build/abb_description': CMAKE_PREFIX_PATH=/opt/ros/humble /usr/bin/cmake --build /home/eia/repo/rbi_2025_2/abb/abb_ws/build/abb_description -- -j12 -l12
[1.075s] DEBUG:colcon.colcon_core.event_handler.log_command:Invoked command in '/home/eia/repo/rbi_2025_2/abb/abb_ws/build/abb_bringup' returned '0': CMAKE_PREFIX_PATH=/opt/ros/humble /usr/bin/cmake --build /home/eia/repo/rbi_2025_2/abb/abb_ws/build/abb_bringup -- -j12 -l12
[1.084s] DEBUG:colcon.colcon_core.event_handler.log_command:Invoking command in '/home/eia/repo/rbi_2025_2/abb/abb_ws/build/abb_bringup': CMAKE_PREFIX_PATH=/opt/ros/humble /usr/bin/cmake --install /home/eia/repo/rbi_2025_2/abb/abb_ws/build/abb_bringup
[1.085s] DEBUG:colcon.colcon_core.event_handler.log_command:Invoked command in '/home/eia/repo/rbi_2025_2/abb/abb_ws/build/abb_hardware' returned '0': CMAKE_PREFIX_PATH=/opt/ros/humble /usr/bin/cmake /home/eia/repo/rbi_2025_2/abb/abb_ws/src/abb_hardware -DAMENT_CMAKE_SYMLINK_INSTALL=1 -DCMAKE_INSTALL_PREFIX=/home/eia/repo/rbi_2025_2/abb/abb_ws/install/abb_hardware
[1.087s] DEBUG:colcon.colcon_core.event_handler.log_command:Invoking command in '/home/eia/repo/rbi_2025_2/abb/abb_ws/build/abb_hardware': CMAKE_PREFIX_PATH=/opt/ros/humble /usr/bin/cmake --build /home/eia/repo/rbi_2025_2/abb/abb_ws/build/abb_hardware -- -j12 -l12
[1.092s] DEBUG:colcon.colcon_core.event_handler.log_command:Invoked command in '/home/eia/repo/rbi_2025_2/abb/abb_ws/build/abb_description' returned '0': CMAKE_PREFIX_PATH=/opt/ros/humble /usr/bin/cmake --build /home/eia/repo/rbi_2025_2/abb/abb_ws/build/abb_description -- -j12 -l12
[1.093s] DEBUG:colcon.colcon_core.event_handler.log_command:Invoking command in '/home/eia/repo/rbi_2025_2/abb/abb_ws/build/abb_description': CMAKE_PREFIX_PATH=/opt/ros/humble /usr/bin/cmake --install /home/eia/repo/rbi_2025_2/abb/abb_ws/build/abb_description
[1.118s] DEBUG:colcon.colcon_core.event_handler.log_command:Invoked command in '/home/eia/repo/rbi_2025_2/abb/abb_ws/build/abb_hardware' returned '0': CMAKE_PREFIX_PATH=/opt/ros/humble /usr/bin/cmake --build /home/eia/repo/rbi_2025_2/abb/abb_ws/build/abb_hardware -- -j12 -l12
[1.120s] DEBUG:colcon.colcon_core.event_handler.log_command:Invoking command in '/home/eia/repo/rbi_2025_2/abb/abb_ws/build/abb_hardware': CMAKE_PREFIX_PATH=/opt/ros/humble /usr/bin/cmake --install /home/eia/repo/rbi_2025_2/abb/abb_ws/build/abb_hardware
[1.147s] DEBUG:colcon.colcon_core.event_handler.log_command:Invoking command in '/home/eia/repo/rbi_2025_2/abb/abb_ws/build/rbi_ABB_simulation': PYTHONPATH=/home/eia/repo/rbi_2025_2/abb/abb_ws/build/rbi_ABB_simulation/prefix_override:/home/eia/.local/lib/python3.10/site-packages/colcon_core/task/python/colcon_distutils_commands:/home/eia/repo/rbi_2025_2/abb/abb_ws/install/rbi_ABB_simulation/lib/python3.10/site-packages:${PYTHONPATH} /usr/bin/python3 -W ignore:setup.py install is deprecated -W ignore:easy_install command is deprecated setup.py develop --editable --build-directory /home/eia/repo/rbi_2025_2/abb/abb_ws/build/rbi_ABB_simulation/build --no-deps symlink_data
[1.234s] Level 1:colcon.colcon_core.environment:create_environment_scripts_only(abb_bringup)
[1.235s] DEBUG:colcon.colcon_core.event_handler.log_command:Invoked command in '/home/eia/repo/rbi_2025_2/abb/abb_ws/build/abb_bringup' returned '0': CMAKE_PREFIX_PATH=/opt/ros/humble /usr/bin/cmake --install /home/eia/repo/rbi_2025_2/abb/abb_ws/build/abb_bringup
[1.239s] Level 1:colcon.colcon_core.environment:checking '/home/eia/repo/rbi_2025_2/abb/abb_ws/install/abb_bringup' for CMake module files
[1.239s] Level 1:colcon.colcon_core.environment:checking '/home/eia/repo/rbi_2025_2/abb/abb_ws/install/abb_bringup' for CMake config files
[1.240s] Level 1:colcon.colcon_core.shell:create_environment_hook('abb_bringup', 'cmake_prefix_path')
[1.240s] INFO:colcon.colcon_core.shell:Creating environment hook '/home/eia/repo/rbi_2025_2/abb/abb_ws/install/abb_bringup/share/abb_bringup/hook/cmake_prefix_path.ps1'
[1.241s] INFO:colcon.colcon_core.shell:Creating environment descriptor '/home/eia/repo/rbi_2025_2/abb/abb_ws/install/abb_bringup/share/abb_bringup/hook/cmake_prefix_path.dsv'
[1.241s] INFO:colcon.colcon_core.shell:Creating environment hook '/home/eia/repo/rbi_2025_2/abb/abb_ws/install/abb_bringup/share/abb_bringup/hook/cmake_prefix_path.sh'
[1.242s] Level 1:colcon.colcon_core.environment:checking '/home/eia/repo/rbi_2025_2/abb/abb_ws/install/abb_bringup/bin'
[1.242s] Level 1:colcon.colcon_core.environment:checking '/home/eia/repo/rbi_2025_2/abb/abb_ws/install/abb_bringup/lib/pkgconfig/abb_bringup.pc'
[1.243s] Level 1:colcon.colcon_core.environment:checking '/home/eia/repo/rbi_2025_2/abb/abb_ws/install/abb_bringup/lib/python3.10/site-packages'
[1.243s] Level 1:colcon.colcon_core.environment:checking '/home/eia/repo/rbi_2025_2/abb/abb_ws/install/abb_bringup/bin'
[1.244s] INFO:colcon.colcon_core.shell:Creating package script '/home/eia/repo/rbi_2025_2/abb/abb_ws/install/abb_bringup/share/abb_bringup/package.ps1'
[1.245s] INFO:colcon.colcon_core.shell:Creating package descriptor '/home/eia/repo/rbi_2025_2/abb/abb_ws/install/abb_bringup/share/abb_bringup/package.dsv'
[1.245s] INFO:colcon.colcon_core.shell:Creating package script '/home/eia/repo/rbi_2025_2/abb/abb_ws/install/abb_bringup/share/abb_bringup/package.sh'
[1.246s] INFO:colcon.colcon_core.shell:Creating package script '/home/eia/repo/rbi_2025_2/abb/abb_ws/install/abb_bringup/share/abb_bringup/package.bash'
[1.247s] INFO:colcon.colcon_core.shell:Creating package script '/home/eia/repo/rbi_2025_2/abb/abb_ws/install/abb_bringup/share/abb_bringup/package.zsh'
[1.247s] Level 1:colcon.colcon_core.environment:create_file_with_runtime_dependencies(/home/eia/repo/rbi_2025_2/abb/abb_ws/install/abb_bringup/share/colcon-core/packages/abb_bringup)
[1.248s] Level 1:colcon.colcon_core.environment:create_environment_scripts_only(abb_bringup)
[1.248s] Level 1:colcon.colcon_core.environment:checking '/home/eia/repo/rbi_2025_2/abb/abb_ws/install/abb_bringup' for CMake module files
[1.249s] Level 1:colcon.colcon_core.environment:checking '/home/eia/repo/rbi_2025_2/abb/abb_ws/install/abb_bringup' for CMake config files
[1.249s] Level 1:colcon.colcon_core.shell:create_environment_hook('abb_bringup', 'cmake_prefix_path')
[1.250s] INFO:colcon.colcon_core.shell:Creating environment hook '/home/eia/repo/rbi_2025_2/abb/abb_ws/install/abb_bringup/share/abb_bringup/hook/cmake_prefix_path.ps1'
[1.250s] INFO:colcon.colcon_core.shell:Creating environment descriptor '/home/eia/repo/rbi_2025_2/abb/abb_ws/install/abb_bringup/share/abb_bringup/hook/cmake_prefix_path.dsv'
[1.250s] INFO:colcon.colcon_core.shell:Creating environment hook '/home/eia/repo/rbi_2025_2/abb/abb_ws/install/abb_bringup/share/abb_bringup/hook/cmake_prefix_path.sh'
[1.251s] Level 1:colcon.colcon_core.environment:checking '/home/eia/repo/rbi_2025_2/abb/abb_ws/install/abb_bringup/bin'
[1.251s] Level 1:colcon.colcon_core.environment:checking '/home/eia/repo/rbi_2025_2/abb/abb_ws/install/abb_bringup/lib/pkgconfig/abb_bringup.pc'
[1.251s] Level 1:colcon.colcon_core.environment:checking '/home/eia/repo/rbi_2025_2/abb/abb_ws/install/abb_bringup/lib/python3.10/site-packages'
[1.251s] Level 1:colcon.colcon_core.environment:checking '/home/eia/repo/rbi_2025_2/abb/abb_ws/install/abb_bringup/bin'
[1.252s] INFO:colcon.colcon_core.shell:Creating package script '/home/eia/repo/rbi_2025_2/abb/abb_ws/install/abb_bringup/share/abb_bringup/package.ps1'
[1.252s] INFO:colcon.colcon_core.shell:Creating package descriptor '/home/eia/repo/rbi_2025_2/abb/abb_ws/install/abb_bringup/share/abb_bringup/package.dsv'
[1.253s] INFO:colcon.colcon_core.shell:Creating package script '/home/eia/repo/rbi_2025_2/abb/abb_ws/install/abb_bringup/share/abb_bringup/package.sh'
[1.253s] INFO:colcon.colcon_core.shell:Creating package script '/home/eia/repo/rbi_2025_2/abb/abb_ws/install/abb_bringup/share/abb_bringup/package.bash'
[1.254s] INFO:colcon.colcon_core.shell:Creating package script '/home/eia/repo/rbi_2025_2/abb/abb_ws/install/abb_bringup/share/abb_bringup/package.zsh'
[1.254s] Level 1:colcon.colcon_core.environment:create_file_with_runtime_dependencies(/home/eia/repo/rbi_2025_2/abb/abb_ws/install/abb_bringup/share/colcon-core/packages/abb_bringup)
[1.255s] Level 1:colcon.colcon_core.environment:create_environment_scripts_only(abb_hardware)
[1.255s] Level 1:colcon.colcon_core.environment:checking '/home/eia/repo/rbi_2025_2/abb/abb_ws/install/abb_hardware' for CMake module files
[1.256s] DEBUG:colcon.colcon_core.event_handler.log_command:Invoked command in '/home/eia/repo/rbi_2025_2/abb/abb_ws/build/abb_hardware' returned '0': CMAKE_PREFIX_PATH=/opt/ros/humble /usr/bin/cmake --install /home/eia/repo/rbi_2025_2/abb/abb_ws/build/abb_hardware
[1.256s] Level 1:colcon.colcon_core.environment:checking '/home/eia/repo/rbi_2025_2/abb/abb_ws/install/abb_hardware' for CMake config files
[1.256s] Level 1:colcon.colcon_core.shell:create_environment_hook('abb_hardware', 'cmake_prefix_path')
[1.257s] INFO:colcon.colcon_core.shell:Creating environment hook '/home/eia/repo/rbi_2025_2/abb/abb_ws/install/abb_hardware/share/abb_hardware/hook/cmake_prefix_path.ps1'
[1.257s] INFO:colcon.colcon_core.shell:Creating environment descriptor '/home/eia/repo/rbi_2025_2/abb/abb_ws/install/abb_hardware/share/abb_hardware/hook/cmake_prefix_path.dsv'
[1.258s] INFO:colcon.colcon_core.shell:Creating environment hook '/home/eia/repo/rbi_2025_2/abb/abb_ws/install/abb_hardware/share/abb_hardware/hook/cmake_prefix_path.sh'
[1.258s] Level 1:colcon.colcon_core.environment:checking '/home/eia/repo/rbi_2025_2/abb/abb_ws/install/abb_hardware/bin'
[1.258s] Level 1:colcon.colcon_core.environment:checking '/home/eia/repo/rbi_2025_2/abb/abb_ws/install/abb_hardware/lib/pkgconfig/abb_hardware.pc'
[1.258s] Level 1:colcon.colcon_core.environment:checking '/home/eia/repo/rbi_2025_2/abb/abb_ws/install/abb_hardware/lib/python3.10/site-packages'
[1.259s] Level 1:colcon.colcon_core.environment:checking '/home/eia/repo/rbi_2025_2/abb/abb_ws/install/abb_hardware/bin'
[1.259s] INFO:colcon.colcon_core.shell:Creating package script '/home/eia/repo/rbi_2025_2/abb/abb_ws/install/abb_hardware/share/abb_hardware/package.ps1'
[1.260s] INFO:colcon.colcon_core.shell:Creating package descriptor '/home/eia/repo/rbi_2025_2/abb/abb_ws/install/abb_hardware/share/abb_hardware/package.dsv'
[1.260s] INFO:colcon.colcon_core.shell:Creating package script '/home/eia/repo/rbi_2025_2/abb/abb_ws/install/abb_hardware/share/abb_hardware/package.sh'
[1.261s] INFO:colcon.colcon_core.shell:Creating package script '/home/eia/repo/rbi_2025_2/abb/abb_ws/install/abb_hardware/share/abb_hardware/package.bash'
[1.261s] INFO:colcon.colcon_core.shell:Creating package script '/home/eia/repo/rbi_2025_2/abb/abb_ws/install/abb_hardware/share/abb_hardware/package.zsh'
[1.261s] Level 1:colcon.colcon_core.environment:create_file_with_runtime_dependencies(/home/eia/repo/rbi_2025_2/abb/abb_ws/install/abb_hardware/share/colcon-core/packages/abb_hardware)
[1.262s] Level 1:colcon.colcon_core.environment:create_environment_scripts_only(abb_hardware)
[1.262s] Level 1:colcon.colcon_core.environment:checking '/home/eia/repo/rbi_2025_2/abb/abb_ws/install/abb_hardware' for CMake module files
[1.262s] Level 1:colcon.colcon_core.environment:checking '/home/eia/repo/rbi_2025_2/abb/abb_ws/install/abb_hardware' for CMake config files
[1.263s] Level 1:colcon.colcon_core.shell:create_environment_hook('abb_hardware', 'cmake_prefix_path')
[1.263s] INFO:colcon.colcon_core.shell:Creating environment hook '/home/eia/repo/rbi_2025_2/abb/abb_ws/install/abb_hardware/share/abb_hardware/hook/cmake_prefix_path.ps1'
[1.263s] INFO:colcon.colcon_core.shell:Creating environment descriptor '/home/eia/repo/rbi_2025_2/abb/abb_ws/install/abb_hardware/share/abb_hardware/hook/cmake_prefix_path.dsv'
[1.264s] INFO:colcon.colcon_core.shell:Creating environment hook '/home/eia/repo/rbi_2025_2/abb/abb_ws/install/abb_hardware/share/abb_hardware/hook/cmake_prefix_path.sh'
[1.264s] Level 1:colcon.colcon_core.environment:checking '/home/eia/repo/rbi_2025_2/abb/abb_ws/install/abb_hardware/bin'
[1.264s] Level 1:colcon.colcon_core.environment:checking '/home/eia/repo/rbi_2025_2/abb/abb_ws/install/abb_hardware/lib/pkgconfig/abb_hardware.pc'
[1.264s] Level 1:colcon.colcon_core.environment:checking '/home/eia/repo/rbi_2025_2/abb/abb_ws/install/abb_hardware/lib/python3.10/site-packages'
[1.265s] Level 1:colcon.colcon_core.environment:checking '/home/eia/repo/rbi_2025_2/abb/abb_ws/install/abb_hardware/bin'
[1.265s] INFO:colcon.colcon_core.shell:Creating package script '/home/eia/repo/rbi_2025_2/abb/abb_ws/install/abb_hardware/share/abb_hardware/package.ps1'
[1.266s] INFO:colcon.colcon_core.shell:Creating package descriptor '/home/eia/repo/rbi_2025_2/abb/abb_ws/install/abb_hardware/share/abb_hardware/package.dsv'
[1.266s] INFO:colcon.colcon_core.shell:Creating package script '/home/eia/repo/rbi_2025_2/abb/abb_ws/install/abb_hardware/share/abb_hardware/package.sh'
[1.267s] INFO:colcon.colcon_core.shell:Creating package script '/home/eia/repo/rbi_2025_2/abb/abb_ws/install/abb_hardware/share/abb_hardware/package.bash'
[1.267s] INFO:colcon.colcon_core.shell:Creating package script '/home/eia/repo/rbi_2025_2/abb/abb_ws/install/abb_hardware/share/abb_hardware/package.zsh'
[1.267s] Level 1:colcon.colcon_core.environment:create_file_with_runtime_dependencies(/home/eia/repo/rbi_2025_2/abb/abb_ws/install/abb_hardware/share/colcon-core/packages/abb_hardware)
[1.354s] Level 1:colcon.colcon_core.environment:create_environment_scripts_only(abb_description)
[1.355s] Level 1:colcon.colcon_core.environment:checking '/home/eia/repo/rbi_2025_2/abb/abb_ws/install/abb_description' for CMake module files
[1.355s] DEBUG:colcon.colcon_core.event_handler.log_command:Invoked command in '/home/eia/repo/rbi_2025_2/abb/abb_ws/build/abb_description' returned '0': CMAKE_PREFIX_PATH=/opt/ros/humble /usr/bin/cmake --install /home/eia/repo/rbi_2025_2/abb/abb_ws/build/abb_description
[1.355s] Level 1:colcon.colcon_core.environment:checking '/home/eia/repo/rbi_2025_2/abb/abb_ws/install/abb_description' for CMake config files
[1.356s] Level 1:colcon.colcon_core.shell:create_environment_hook('abb_description', 'cmake_prefix_path')
[1.356s] INFO:colcon.colcon_core.shell:Creating environment hook '/home/eia/repo/rbi_2025_2/abb/abb_ws/install/abb_description/share/abb_description/hook/cmake_prefix_path.ps1'
[1.356s] INFO:colcon.colcon_core.shell:Creating environment descriptor '/home/eia/repo/rbi_2025_2/abb/abb_ws/install/abb_description/share/abb_description/hook/cmake_prefix_path.dsv'
[1.357s] INFO:colcon.colcon_core.shell:Creating environment hook '/home/eia/repo/rbi_2025_2/abb/abb_ws/install/abb_description/share/abb_description/hook/cmake_prefix_path.sh'
[1.357s] Level 1:colcon.colcon_core.environment:checking '/home/eia/repo/rbi_2025_2/abb/abb_ws/install/abb_description/bin'
[1.357s] Level 1:colcon.colcon_core.environment:checking '/home/eia/repo/rbi_2025_2/abb/abb_ws/install/abb_description/lib/pkgconfig/abb_description.pc'
[1.357s] Level 1:colcon.colcon_core.environment:checking '/home/eia/repo/rbi_2025_2/abb/abb_ws/install/abb_description/lib/python3.10/site-packages'
[1.358s] Level 1:colcon.colcon_core.environment:checking '/home/eia/repo/rbi_2025_2/abb/abb_ws/install/abb_description/bin'
[1.358s] INFO:colcon.colcon_core.shell:Creating package script '/home/eia/repo/rbi_2025_2/abb/abb_ws/install/abb_description/share/abb_description/package.ps1'
[1.358s] INFO:colcon.colcon_core.shell:Creating package descriptor '/home/eia/repo/rbi_2025_2/abb/abb_ws/install/abb_description/share/abb_description/package.dsv'
[1.359s] INFO:colcon.colcon_core.shell:Creating package script '/home/eia/repo/rbi_2025_2/abb/abb_ws/install/abb_description/share/abb_description/package.sh'
[1.359s] INFO:colcon.colcon_core.shell:Creating package script '/home/eia/repo/rbi_2025_2/abb/abb_ws/install/abb_description/share/abb_description/package.bash'
[1.359s] INFO:colcon.colcon_core.shell:Creating package script '/home/eia/repo/rbi_2025_2/abb/abb_ws/install/abb_description/share/abb_description/package.zsh'
[1.360s] Level 1:colcon.colcon_core.environment:create_file_with_runtime_dependencies(/home/eia/repo/rbi_2025_2/abb/abb_ws/install/abb_description/share/colcon-core/packages/abb_description)
[1.360s] Level 1:colcon.colcon_core.environment:create_environment_scripts_only(abb_description)
[1.360s] Level 1:colcon.colcon_core.environment:checking '/home/eia/repo/rbi_2025_2/abb/abb_ws/install/abb_description' for CMake module files
[1.361s] Level 1:colcon.colcon_core.environment:checking '/home/eia/repo/rbi_2025_2/abb/abb_ws/install/abb_description' for CMake config files
[1.361s] Level 1:colcon.colcon_core.shell:create_environment_hook('abb_description', 'cmake_prefix_path')
[1.361s] INFO:colcon.colcon_core.shell:Creating environment hook '/home/eia/repo/rbi_2025_2/abb/abb_ws/install/abb_description/share/abb_description/hook/cmake_prefix_path.ps1'
[1.362s] INFO:colcon.colcon_core.shell:Creating environment descriptor '/home/eia/repo/rbi_2025_2/abb/abb_ws/install/abb_description/share/abb_description/hook/cmake_prefix_path.dsv'
[1.362s] INFO:colcon.colcon_core.shell:Creating environment hook '/home/eia/repo/rbi_2025_2/abb/abb_ws/install/abb_description/share/abb_description/hook/cmake_prefix_path.sh'
[1.362s] Level 1:colcon.colcon_core.environment:checking '/home/eia/repo/rbi_2025_2/abb/abb_ws/install/abb_description/bin'
[1.362s] Level 1:colcon.colcon_core.environment:checking '/home/eia/repo/rbi_2025_2/abb/abb_ws/install/abb_description/lib/pkgconfig/abb_description.pc'
[1.363s] Level 1:colcon.colcon_core.environment:checking '/home/eia/repo/rbi_2025_2/abb/abb_ws/install/abb_description/lib/python3.10/site-packages'
[1.363s] Level 1:colcon.colcon_core.environment:checking '/home/eia/repo/rbi_2025_2/abb/abb_ws/install/abb_description/bin'
[1.363s] INFO:colcon.colcon_core.shell:Creating package script '/home/eia/repo/rbi_2025_2/abb/abb_ws/install/abb_description/share/abb_description/package.ps1'
[1.364s] INFO:colcon.colcon_core.shell:Creating package descriptor '/home/eia/repo/rbi_2025_2/abb/abb_ws/install/abb_description/share/abb_description/package.dsv'
[1.364s] INFO:colcon.colcon_core.shell:Creating package script '/home/eia/repo/rbi_2025_2/abb/abb_ws/install/abb_description/share/abb_description/package.sh'
[1.364s] INFO:colcon.colcon_core.shell:Creating package script '/home/eia/repo/rbi_2025_2/abb/abb_ws/install/abb_description/share/abb_description/package.bash'
[1.365s] INFO:colcon.colcon_core.shell:Creating package script '/home/eia/repo/rbi_2025_2/abb/abb_ws/install/abb_description/share/abb_description/package.zsh'
[1.365s] Level 1:colcon.colcon_core.environment:create_file_with_runtime_dependencies(/home/eia/repo/rbi_2025_2/abb/abb_ws/install/abb_description/share/colcon-core/packages/abb_description)
[1.901s] Level 1:colcon.colcon_core.shell:create_environment_hook('rbi_ABB_simulation', 'pythonpath_develop')
[1.902s] INFO:colcon.colcon_core.shell:Creating environment hook '/home/eia/repo/rbi_2025_2/abb/abb_ws/build/rbi_ABB_simulation/share/rbi_ABB_simulation/hook/pythonpath_develop.ps1'
[1.902s] DEBUG:colcon.colcon_core.event_handler.log_command:Invoked command in '/home/eia/repo/rbi_2025_2/abb/abb_ws/build/rbi_ABB_simulation' returned '0': PYTHONPATH=/home/eia/repo/rbi_2025_2/abb/abb_ws/build/rbi_ABB_simulation/prefix_override:/home/eia/.local/lib/python3.10/site-packages/colcon_core/task/python/colcon_distutils_commands:/home/eia/repo/rbi_2025_2/abb/abb_ws/install/rbi_ABB_simulation/lib/python3.10/site-packages:${PYTHONPATH} /usr/bin/python3 -W ignore:setup.py install is deprecated -W ignore:easy_install command is deprecated setup.py develop --editable --build-directory /home/eia/repo/rbi_2025_2/abb/abb_ws/build/rbi_ABB_simulation/build --no-deps symlink_data
[1.903s] INFO:colcon.colcon_core.shell:Creating environment descriptor '/home/eia/repo/rbi_2025_2/abb/abb_ws/build/rbi_ABB_simulation/share/rbi_ABB_simulation/hook/pythonpath_develop.dsv'
[1.903s] INFO:colcon.colcon_core.shell:Creating environment hook '/home/eia/repo/rbi_2025_2/abb/abb_ws/build/rbi_ABB_simulation/share/rbi_ABB_simulation/hook/pythonpath_develop.sh'
[1.903s] Level 1:colcon.colcon_core.environment:checking '/home/eia/repo/rbi_2025_2/abb/abb_ws/install/rbi_ABB_simulation' for CMake module files
[1.904s] Level 1:colcon.colcon_core.environment:checking '/home/eia/repo/rbi_2025_2/abb/abb_ws/install/rbi_ABB_simulation' for CMake config files
[1.904s] Level 1:colcon.colcon_core.environment:checking '/home/eia/repo/rbi_2025_2/abb/abb_ws/install/rbi_ABB_simulation/lib'
[1.904s] Level 1:colcon.colcon_core.environment:checking '/home/eia/repo/rbi_2025_2/abb/abb_ws/install/rbi_ABB_simulation/bin'
[1.904s] Level 1:colcon.colcon_core.environment:checking '/home/eia/repo/rbi_2025_2/abb/abb_ws/install/rbi_ABB_simulation/lib/pkgconfig/rbi_ABB_simulation.pc'
[1.904s] Level 1:colcon.colcon_core.environment:checking '/home/eia/repo/rbi_2025_2/abb/abb_ws/install/rbi_ABB_simulation/lib/python3.10/site-packages'
[1.905s] Level 1:colcon.colcon_core.shell:create_environment_hook('rbi_ABB_simulation', 'pythonpath')
[1.905s] INFO:colcon.colcon_core.shell:Creating environment hook '/home/eia/repo/rbi_2025_2/abb/abb_ws/install/rbi_ABB_simulation/share/rbi_ABB_simulation/hook/pythonpath.ps1'
[1.905s] INFO:colcon.colcon_core.shell:Creating environment descriptor '/home/eia/repo/rbi_2025_2/abb/abb_ws/install/rbi_ABB_simulation/share/rbi_ABB_simulation/hook/pythonpath.dsv'
[1.905s] INFO:colcon.colcon_core.shell:Creating environment hook '/home/eia/repo/rbi_2025_2/abb/abb_ws/install/rbi_ABB_simulation/share/rbi_ABB_simulation/hook/pythonpath.sh'
[1.906s] Level 1:colcon.colcon_core.environment:checking '/home/eia/repo/rbi_2025_2/abb/abb_ws/install/rbi_ABB_simulation/bin'
[1.906s] Level 1:colcon.colcon_core.environment:create_environment_scripts_only(rbi_ABB_simulation)
[1.906s] INFO:colcon.colcon_core.shell:Creating package script '/home/eia/repo/rbi_2025_2/abb/abb_ws/install/rbi_ABB_simulation/share/rbi_ABB_simulation/package.ps1'
[1.906s] INFO:colcon.colcon_core.shell:Creating package descriptor '/home/eia/repo/rbi_2025_2/abb/abb_ws/install/rbi_ABB_simulation/share/rbi_ABB_simulation/package.dsv'
[1.907s] INFO:colcon.colcon_core.shell:Creating package script '/home/eia/repo/rbi_2025_2/abb/abb_ws/install/rbi_ABB_simulation/share/rbi_ABB_simulation/package.sh'
[1.907s] INFO:colcon.colcon_core.shell:Creating package script '/home/eia/repo/rbi_2025_2/abb/abb_ws/install/rbi_ABB_simulation/share/rbi_ABB_simulation/package.bash'
[1.907s] INFO:colcon.colcon_core.shell:Creating package script '/home/eia/repo/rbi_2025_2/abb/abb_ws/install/rbi_ABB_simulation/share/rbi_ABB_simulation/package.zsh'
[1.907s] Level 1:colcon.colcon_core.environment:create_file_with_runtime_dependencies(/home/eia/repo/rbi_2025_2/abb/abb_ws/install/rbi_ABB_simulation/share/colcon-core/packages/rbi_ABB_simulation)
[1.908s] DEBUG:colcon.colcon_parallel_executor.executor.parallel:closing loop
[1.908s] DEBUG:colcon.colcon_parallel_executor.executor.parallel:loop closed
[1.908s] DEBUG:colcon.colcon_parallel_executor.executor.parallel:run_until_complete finished with '0'
[1.908s] DEBUG:colcon.colcon_core.event_reactor:joining thread
[1.912s] INFO:colcon.colcon_core.plugin_system:Skipping extension 'colcon_notification.desktop_notification.terminal_notifier': Not used on non-Darwin systems
[1.912s] INFO:colcon.colcon_core.plugin_system:Skipping extension 'colcon_notification.desktop_notification.win32': Not used on non-Windows systems
[1.912s] INFO:colcon.colcon_notification.desktop_notification:Sending desktop notification using 'notify2'
[1.920s] DEBUG:colcon.colcon_core.event_reactor:joined thread
[1.920s] INFO:colcon.colcon_core.shell:Creating prefix script '/home/eia/repo/rbi_2025_2/abb/abb_ws/install/local_setup.ps1'
[1.921s] INFO:colcon.colcon_core.shell:Creating prefix util module '/home/eia/repo/rbi_2025_2/abb/abb_ws/install/_local_setup_util_ps1.py'
[1.922s] INFO:colcon.colcon_core.shell:Creating prefix chain script '/home/eia/repo/rbi_2025_2/abb/abb_ws/install/setup.ps1'
[1.923s] INFO:colcon.colcon_core.shell:Creating prefix script '/home/eia/repo/rbi_2025_2/abb/abb_ws/install/local_setup.sh'
[1.923s] INFO:colcon.colcon_core.shell:Creating prefix util module '/home/eia/repo/rbi_2025_2/abb/abb_ws/install/_local_setup_util_sh.py'
[1.924s] INFO:colcon.colcon_core.shell:Creating prefix chain script '/home/eia/repo/rbi_2025_2/abb/abb_ws/install/setup.sh'
[1.924s] INFO:colcon.colcon_core.shell:Creating prefix script '/home/eia/repo/rbi_2025_2/abb/abb_ws/install/local_setup.bash'
[1.925s] INFO:colcon.colcon_core.shell:Creating prefix chain script '/home/eia/repo/rbi_2025_2/abb/abb_ws/install/setup.bash'
[1.925s] INFO:colcon.colcon_core.shell:Creating prefix script '/home/eia/repo/rbi_2025_2/abb/abb_ws/install/local_setup.zsh'
[1.926s] INFO:colcon.colcon_core.shell:Creating prefix chain script '/home/eia/repo/rbi_2025_2/abb/abb_ws/install/setup.zsh'
