[0.050s] Invoking command in '/abb_ws/build/abb_gz_description': CMAKE_PREFIX_PATH=/opt/ros/humble /usr/bin/cmake --build /abb_ws/build/abb_gz_description -- -j12 -l12
[0.721s] Invoked command in '/abb_ws/build/abb_gz_description' returned '0': CMAKE_PREFIX_PATH=/opt/ros/humble /usr/bin/cmake --build /abb_ws/build/abb_gz_description -- -j12 -l12
[0.728s] Invoking command in '/abb_ws/build/abb_gz_description': CMAKE_PREFIX_PATH=/opt/ros/humble /usr/bin/cmake --install /abb_ws/build/abb_gz_description
[0.738s] -- Install configuration: ""
[0.738s] -- Up-to-date: /abb_ws/install/abb_gz_description/share/abb_gz_description//urdf
[0.739s] -- Up-to-date: /abb_ws/install/abb_gz_description/share/abb_gz_description//urdf/irb140.urdf.xacro
[0.739s] -- Up-to-date: /abb_ws/install/abb_gz_description/share/abb_gz_description//urdf/common_properties.xacro
[0.739s] -- Up-to-date: /abb_ws/install/abb_gz_description/share/abb_gz_description//urdf/irb140_description.xacro
[0.739s] -- Up-to-date: /abb_ws/install/abb_gz_description/share/abb_gz_description//launch
[0.739s] -- Up-to-date: /abb_ws/install/abb_gz_description/share/abb_gz_description//launch/display.launch.xml
[0.739s] -- Up-to-date: /abb_ws/install/abb_gz_description/share/abb_gz_description//meshes
[0.739s] -- Up-to-date: /abb_ws/install/abb_gz_description/share/abb_gz_description//meshes/irb140
[0.739s] -- Up-to-date: /abb_ws/install/abb_gz_description/share/abb_gz_description//meshes/irb140/visual
[0.740s] -- Up-to-date: /abb_ws/install/abb_gz_description/share/abb_gz_description//meshes/irb140/visual/link_2.stl
[0.740s] -- Up-to-date: /abb_ws/install/abb_gz_description/share/abb_gz_description//meshes/irb140/visual/link_6.stl
[0.740s] -- Up-to-date: /abb_ws/install/abb_gz_description/share/abb_gz_description//meshes/irb140/visual/link_3.stl
[0.740s] -- Up-to-date: /abb_ws/install/abb_gz_description/share/abb_gz_description//meshes/irb140/visual/link_5.stl
[0.740s] -- Up-to-date: /abb_ws/install/abb_gz_description/share/abb_gz_description//meshes/irb140/visual/link_4.stl
[0.740s] -- Up-to-date: /abb_ws/install/abb_gz_description/share/abb_gz_description//meshes/irb140/visual/base_link.stl
[0.740s] -- Up-to-date: /abb_ws/install/abb_gz_description/share/abb_gz_description//meshes/irb140/visual/link_1.stl
[0.740s] -- Up-to-date: /abb_ws/install/abb_gz_description/share/abb_gz_description//meshes/irb140/collision
[0.740s] -- Up-to-date: /abb_ws/install/abb_gz_description/share/abb_gz_description//meshes/irb140/collision/link_2.stl
[0.740s] -- Up-to-date: /abb_ws/install/abb_gz_description/share/abb_gz_description//meshes/irb140/collision/link_6.stl
[0.740s] -- Up-to-date: /abb_ws/install/abb_gz_description/share/abb_gz_description//meshes/irb140/collision/link_3.stl
[0.740s] -- Up-to-date: /abb_ws/install/abb_gz_description/share/abb_gz_description//meshes/irb140/collision/link_5.stl
[0.740s] -- Up-to-date: /abb_ws/install/abb_gz_description/share/abb_gz_description//meshes/irb140/collision/link_4.stl
[0.740s] -- Up-to-date: /abb_ws/install/abb_gz_description/share/abb_gz_description//meshes/irb140/collision/base_link.stl
[0.740s] -- Up-to-date: /abb_ws/install/abb_gz_description/share/abb_gz_description//meshes/irb140/collision/link_1.stl
[0.741s] -- Up-to-date: /abb_ws/install/abb_gz_description/share/ament_index/resource_index/package_run_dependencies/abb_gz_description
[0.741s] -- Up-to-date: /abb_ws/install/abb_gz_description/share/ament_index/resource_index/parent_prefix_path/abb_gz_description
[0.741s] -- Up-to-date: /abb_ws/install/abb_gz_description/share/abb_gz_description/environment/ament_prefix_path.sh
[0.741s] -- Up-to-date: /abb_ws/install/abb_gz_description/share/abb_gz_description/environment/ament_prefix_path.dsv
[0.741s] -- Up-to-date: /abb_ws/install/abb_gz_description/share/abb_gz_description/environment/path.sh
[0.741s] -- Up-to-date: /abb_ws/install/abb_gz_description/share/abb_gz_description/environment/path.dsv
[0.741s] -- Up-to-date: /abb_ws/install/abb_gz_description/share/abb_gz_description/local_setup.bash
[0.741s] -- Up-to-date: /abb_ws/install/abb_gz_description/share/abb_gz_description/local_setup.sh
[0.742s] -- Up-to-date: /abb_ws/install/abb_gz_description/share/abb_gz_description/local_setup.zsh
[0.743s] -- Up-to-date: /abb_ws/install/abb_gz_description/share/abb_gz_description/local_setup.dsv
[0.743s] -- Up-to-date: /abb_ws/install/abb_gz_description/share/abb_gz_description/package.dsv
[0.743s] -- Up-to-date: /abb_ws/install/abb_gz_description/share/ament_index/resource_index/packages/abb_gz_description
[0.743s] -- Up-to-date: /abb_ws/install/abb_gz_description/share/abb_gz_description/cmake/abb_gz_descriptionConfig.cmake
[0.743s] -- Up-to-date: /abb_ws/install/abb_gz_description/share/abb_gz_description/cmake/abb_gz_descriptionConfig-version.cmake
[0.743s] -- Up-to-date: /abb_ws/install/abb_gz_description/share/abb_gz_description/package.xml
[0.775s] Invoked command in '/abb_ws/build/abb_gz_description' returned '0': CMAKE_PREFIX_PATH=/opt/ros/humble /usr/bin/cmake --install /abb_ws/build/abb_gz_description
