running egg_info
creating ../../build/abb_mujoco/abb_mujoco.egg-info
writing ../../build/abb_mujoco/abb_mujoco.egg-info/PKG-INFO
writing dependency_links to ../../build/abb_mujoco/abb_mujoco.egg-info/dependency_links.txt
writing entry points to ../../build/abb_mujoco/abb_mujoco.egg-info/entry_points.txt
writing requirements to ../../build/abb_mujoco/abb_mujoco.egg-info/requires.txt
writing top-level names to ../../build/abb_mujoco/abb_mujoco.egg-info/top_level.txt
writing manifest file '../../build/abb_mujoco/abb_mujoco.egg-info/SOURCES.txt'
reading manifest file '../../build/abb_mujoco/abb_mujoco.egg-info/SOURCES.txt'
writing manifest file '../../build/abb_mujoco/abb_mujoco.egg-info/SOURCES.txt'
running build
running build_py
creating /home/eia/repo/rbi_2025_2/abb/abb_ws/build/abb_mujoco/build
creating /home/eia/repo/rbi_2025_2/abb/abb_ws/build/abb_mujoco/build/lib
creating /home/eia/repo/rbi_2025_2/abb/abb_ws/build/abb_mujoco/build/lib/abb_mujoco
copying abb_mujoco/simulation_init.py -> /home/eia/repo/rbi_2025_2/abb/abb_ws/build/abb_mujoco/build/lib/abb_mujoco
copying abb_mujoco/__init__.py -> /home/eia/repo/rbi_2025_2/abb/abb_ws/build/abb_mujoco/build/lib/abb_mujoco
running install
running install_lib
creating /home/eia/repo/rbi_2025_2/abb/abb_ws/install/abb_mujoco/lib/python3.10/site-packages/abb_mujoco
copying /home/eia/repo/rbi_2025_2/abb/abb_ws/build/abb_mujoco/build/lib/abb_mujoco/simulation_init.py -> /home/eia/repo/rbi_2025_2/abb/abb_ws/install/abb_mujoco/lib/python3.10/site-packages/abb_mujoco
copying /home/eia/repo/rbi_2025_2/abb/abb_ws/build/abb_mujoco/build/lib/abb_mujoco/__init__.py -> /home/eia/repo/rbi_2025_2/abb/abb_ws/install/abb_mujoco/lib/python3.10/site-packages/abb_mujoco
byte-compiling /home/eia/repo/rbi_2025_2/abb/abb_ws/install/abb_mujoco/lib/python3.10/site-packages/abb_mujoco/simulation_init.py to simulation_init.cpython-310.pyc
byte-compiling /home/eia/repo/rbi_2025_2/abb/abb_ws/install/abb_mujoco/lib/python3.10/site-packages/abb_mujoco/__init__.py to __init__.cpython-310.pyc
running install_data
creating /home/eia/repo/rbi_2025_2/abb/abb_ws/install/abb_mujoco/share/ament_index
creating /home/eia/repo/rbi_2025_2/abb/abb_ws/install/abb_mujoco/share/ament_index/resource_index
creating /home/eia/repo/rbi_2025_2/abb/abb_ws/install/abb_mujoco/share/ament_index/resource_index/packages
copying resource/abb_mujoco -> /home/eia/repo/rbi_2025_2/abb/abb_ws/install/abb_mujoco/share/ament_index/resource_index/packages
copying package.xml -> /home/eia/repo/rbi_2025_2/abb/abb_ws/install/abb_mujoco/share/abb_mujoco
creating /home/eia/repo/rbi_2025_2/abb/abb_ws/install/abb_mujoco/share/abb_mujoco/launch
creating /home/eia/repo/rbi_2025_2/abb/abb_ws/install/abb_mujoco/share/abb_mujoco/descriptions
copying descriptions/basic_scenario.xml -> /home/eia/repo/rbi_2025_2/abb/abb_ws/install/abb_mujoco/share/abb_mujoco/descriptions
creating /home/eia/repo/rbi_2025_2/abb/abb_ws/install/abb_mujoco/share/abb_mujoco/config
running install_egg_info
Copying ../../build/abb_mujoco/abb_mujoco.egg-info to /home/eia/repo/rbi_2025_2/abb/abb_ws/install/abb_mujoco/lib/python3.10/site-packages/abb_mujoco-0.0.0-py3.10.egg-info
running install_scripts
Installing abb_sim_mujoco script to /home/eia/repo/rbi_2025_2/abb/abb_ws/install/abb_mujoco/lib/abb_mujoco
writing list of installed files to '/home/eia/repo/rbi_2025_2/abb/abb_ws/build/abb_mujoco/install.log'
