[1.063s] Invoking command in '/home/eia/repo/rbi_2025_2/abb/abb_ws/src/abb_mujoco': PYTHONPATH=/home/eia/repo/rbi_2025_2/abb/abb_ws/build/abb_mujoco/prefix_override:/home/eia/.local/lib/python3.10/site-packages/colcon_core/task/python/colcon_distutils_commands:/home/eia/repo/rbi_2025_2/abb/abb_ws/install/abb_mujoco/lib/python3.10/site-packages:${PYTHONPATH} /usr/bin/python3 -W ignore:setup.py install is deprecated -W ignore:easy_install command is deprecated setup.py egg_info --egg-base ../../build/abb_mujoco build --build-base /home/eia/repo/rbi_2025_2/abb/abb_ws/build/abb_mujoco/build install --record /home/eia/repo/rbi_2025_2/abb/abb_ws/build/abb_mujoco/install.log --single-version-externally-managed install_data
[1.366s] running egg_info
[1.366s] creating ../../build/abb_mujoco/abb_mujoco.egg-info
[1.387s] writing ../../build/abb_mujoco/abb_mujoco.egg-info/PKG-INFO
[1.387s] writing dependency_links to ../../build/abb_mujoco/abb_mujoco.egg-info/dependency_links.txt
[1.387s] writing entry points to ../../build/abb_mujoco/abb_mujoco.egg-info/entry_points.txt
[1.387s] writing requirements to ../../build/abb_mujoco/abb_mujoco.egg-info/requires.txt
[1.387s] writing top-level names to ../../build/abb_mujoco/abb_mujoco.egg-info/top_level.txt
[1.388s] writing manifest file '../../build/abb_mujoco/abb_mujoco.egg-info/SOURCES.txt'
[1.431s] reading manifest file '../../build/abb_mujoco/abb_mujoco.egg-info/SOURCES.txt'
[1.432s] writing manifest file '../../build/abb_mujoco/abb_mujoco.egg-info/SOURCES.txt'
[1.432s] running build
[1.432s] running build_py
[1.432s] creating /home/eia/repo/rbi_2025_2/abb/abb_ws/build/abb_mujoco/build
[1.432s] creating /home/eia/repo/rbi_2025_2/abb/abb_ws/build/abb_mujoco/build/lib
[1.432s] creating /home/eia/repo/rbi_2025_2/abb/abb_ws/build/abb_mujoco/build/lib/abb_mujoco
[1.432s] copying abb_mujoco/simulation_init.py -> /home/eia/repo/rbi_2025_2/abb/abb_ws/build/abb_mujoco/build/lib/abb_mujoco
[1.433s] copying abb_mujoco/__init__.py -> /home/eia/repo/rbi_2025_2/abb/abb_ws/build/abb_mujoco/build/lib/abb_mujoco
[1.433s] running install
[1.439s] running install_lib
[1.461s] creating /home/eia/repo/rbi_2025_2/abb/abb_ws/install/abb_mujoco/lib/python3.10/site-packages/abb_mujoco
[1.461s] copying /home/eia/repo/rbi_2025_2/abb/abb_ws/build/abb_mujoco/build/lib/abb_mujoco/simulation_init.py -> /home/eia/repo/rbi_2025_2/abb/abb_ws/install/abb_mujoco/lib/python3.10/site-packages/abb_mujoco
[1.461s] copying /home/eia/repo/rbi_2025_2/abb/abb_ws/build/abb_mujoco/build/lib/abb_mujoco/__init__.py -> /home/eia/repo/rbi_2025_2/abb/abb_ws/install/abb_mujoco/lib/python3.10/site-packages/abb_mujoco
[1.462s] byte-compiling /home/eia/repo/rbi_2025_2/abb/abb_ws/install/abb_mujoco/lib/python3.10/site-packages/abb_mujoco/simulation_init.py to simulation_init.cpython-310.pyc
[1.464s] byte-compiling /home/eia/repo/rbi_2025_2/abb/abb_ws/install/abb_mujoco/lib/python3.10/site-packages/abb_mujoco/__init__.py to __init__.cpython-310.pyc
[1.464s] running install_data
[1.464s] creating /home/eia/repo/rbi_2025_2/abb/abb_ws/install/abb_mujoco/share/ament_index
[1.464s] creating /home/eia/repo/rbi_2025_2/abb/abb_ws/install/abb_mujoco/share/ament_index/resource_index
[1.464s] creating /home/eia/repo/rbi_2025_2/abb/abb_ws/install/abb_mujoco/share/ament_index/resource_index/packages
[1.464s] copying resource/abb_mujoco -> /home/eia/repo/rbi_2025_2/abb/abb_ws/install/abb_mujoco/share/ament_index/resource_index/packages
[1.464s] copying package.xml -> /home/eia/repo/rbi_2025_2/abb/abb_ws/install/abb_mujoco/share/abb_mujoco
[1.464s] creating /home/eia/repo/rbi_2025_2/abb/abb_ws/install/abb_mujoco/share/abb_mujoco/launch
[1.464s] creating /home/eia/repo/rbi_2025_2/abb/abb_ws/install/abb_mujoco/share/abb_mujoco/descriptions
[1.464s] copying descriptions/basic_scenario.xml -> /home/eia/repo/rbi_2025_2/abb/abb_ws/install/abb_mujoco/share/abb_mujoco/descriptions
[1.465s] creating /home/eia/repo/rbi_2025_2/abb/abb_ws/install/abb_mujoco/share/abb_mujoco/config
[1.465s] running install_egg_info
[1.488s] Copying ../../build/abb_mujoco/abb_mujoco.egg-info to /home/eia/repo/rbi_2025_2/abb/abb_ws/install/abb_mujoco/lib/python3.10/site-packages/abb_mujoco-0.0.0-py3.10.egg-info
[1.489s] running install_scripts
[1.657s] Installing abb_sim_mujoco script to /home/eia/repo/rbi_2025_2/abb/abb_ws/install/abb_mujoco/lib/abb_mujoco
[1.657s] writing list of installed files to '/home/eia/repo/rbi_2025_2/abb/abb_ws/build/abb_mujoco/install.log'
[1.685s] Invoked command in '/home/eia/repo/rbi_2025_2/abb/abb_ws/src/abb_mujoco' returned '0': PYTHONPATH=/home/eia/repo/rbi_2025_2/abb/abb_ws/build/abb_mujoco/prefix_override:/home/eia/.local/lib/python3.10/site-packages/colcon_core/task/python/colcon_distutils_commands:/home/eia/repo/rbi_2025_2/abb/abb_ws/install/abb_mujoco/lib/python3.10/site-packages:${PYTHONPATH} /usr/bin/python3 -W ignore:setup.py install is deprecated -W ignore:easy_install command is deprecated setup.py egg_info --egg-base ../../build/abb_mujoco build --build-base /home/eia/repo/rbi_2025_2/abb/abb_ws/build/abb_mujoco/build install --record /home/eia/repo/rbi_2025_2/abb/abb_ws/build/abb_mujoco/install.log --single-version-externally-managed install_data
