[1.079s] Invoking command in '/home/eia/repo/rbi_2025_2/scara/scara_ws/src/scara_mujoco': PYTHONPATH=/home/eia/repo/rbi_2025_2/scara/scara_ws/build/scara_mujoco/prefix_override:/home/eia/.local/lib/python3.10/site-packages/colcon_core/task/python/colcon_distutils_commands:/home/eia/repo/rbi_2025_2/scara/scara_ws/install/scara_mujoco/lib/python3.10/site-packages:${PYTHONPATH} /usr/bin/python3 -W ignore:setup.py install is deprecated -W ignore:easy_install command is deprecated setup.py egg_info --egg-base ../../build/scara_mujoco build --build-base /home/eia/repo/rbi_2025_2/scara/scara_ws/build/scara_mujoco/build install --record /home/eia/repo/rbi_2025_2/scara/scara_ws/build/scara_mujoco/install.log --single-version-externally-managed install_data
[1.394s] running egg_info
[1.394s] writing ../../build/scara_mujoco/scara_mujoco.egg-info/PKG-INFO
[1.394s] writing dependency_links to ../../build/scara_mujoco/scara_mujoco.egg-info/dependency_links.txt
[1.395s] writing entry points to ../../build/scara_mujoco/scara_mujoco.egg-info/entry_points.txt
[1.395s] writing requirements to ../../build/scara_mujoco/scara_mujoco.egg-info/requires.txt
[1.395s] writing top-level names to ../../build/scara_mujoco/scara_mujoco.egg-info/top_level.txt
[1.396s] reading manifest file '../../build/scara_mujoco/scara_mujoco.egg-info/SOURCES.txt'
[1.398s] writing manifest file '../../build/scara_mujoco/scara_mujoco.egg-info/SOURCES.txt'
[1.398s] running build
[1.399s] running build_py
[1.399s] running install
[1.399s] running install_lib
[1.399s] running install_data
[1.399s] running install_egg_info
[1.401s] removing '/home/eia/repo/rbi_2025_2/scara/scara_ws/install/scara_mujoco/lib/python3.10/site-packages/scara_mujoco-0.0.0-py3.10.egg-info' (and everything under it)
[1.401s] Copying ../../build/scara_mujoco/scara_mujoco.egg-info to /home/eia/repo/rbi_2025_2/scara/scara_ws/install/scara_mujoco/lib/python3.10/site-packages/scara_mujoco-0.0.0-py3.10.egg-info
[1.402s] running install_scripts
[1.420s] Installing scara_sim_mujoco script to /home/eia/repo/rbi_2025_2/scara/scara_ws/install/scara_mujoco/lib/scara_mujoco
[1.420s] writing list of installed files to '/home/eia/repo/rbi_2025_2/scara/scara_ws/build/scara_mujoco/install.log'
[1.440s] Invoked command in '/home/eia/repo/rbi_2025_2/scara/scara_ws/src/scara_mujoco' returned '0': PYTHONPATH=/home/eia/repo/rbi_2025_2/scara/scara_ws/build/scara_mujoco/prefix_override:/home/eia/.local/lib/python3.10/site-packages/colcon_core/task/python/colcon_distutils_commands:/home/eia/repo/rbi_2025_2/scara/scara_ws/install/scara_mujoco/lib/python3.10/site-packages:${PYTHONPATH} /usr/bin/python3 -W ignore:setup.py install is deprecated -W ignore:easy_install command is deprecated setup.py egg_info --egg-base ../../build/scara_mujoco build --build-base /home/eia/repo/rbi_2025_2/scara/scara_ws/build/scara_mujoco/build install --record /home/eia/repo/rbi_2025_2/scara/scara_ws/build/scara_mujoco/install.log --single-version-externally-managed install_data
