-- The C compiler identification is GNU 11.4.0
-- The CXX compiler identification is GNU 11.4.0
-- Detecting C compiler ABI info
-- Detecting C compiler ABI info - done
-- Check for working C compiler: /usr/bin/cc - skipped
-- Detecting C compile features
-- Detecting C compile features - done
-- Detecting CXX compiler ABI info
-- Detecting CXX compiler ABI info - done
-- Check for working CXX compiler: /usr/bin/c++ - skipped
-- Detecting CXX compile features
-- Detecting CXX compile features - done
-- Found ament_cmake: 1.3.12 (/opt/ros/humble/share/ament_cmake/cmake)
-- Found Python3: /usr/bin/python3 (found version "3.10.12") found components: Interpreter 
-- Found ament_lint_auto: 0.12.14 (/opt/ros/humble/share/ament_lint_auto/cmake)
-- Added test 'lint_cmake' to check CMake code style
-- Added test 'xmllint' to check XML markup files
-- Configuring done
-- Generating done
-- Build files have been written to: /abb_ws/build/abb_gz_hardware
-- Install configuration: ""
-- Installing: /abb_ws/install/abb_gz_hardware/share/ament_index/resource_index/package_run_dependencies/abb_gz_hardware
-- Installing: /abb_ws/install/abb_gz_hardware/share/ament_index/resource_index/parent_prefix_path/abb_gz_hardware
-- Installing: /abb_ws/install/abb_gz_hardware/share/abb_gz_hardware/environment/ament_prefix_path.sh
-- Installing: /abb_ws/install/abb_gz_hardware/share/abb_gz_hardware/environment/ament_prefix_path.dsv
-- Installing: /abb_ws/install/abb_gz_hardware/share/abb_gz_hardware/environment/path.sh
-- Installing: /abb_ws/install/abb_gz_hardware/share/abb_gz_hardware/environment/path.dsv
-- Installing: /abb_ws/install/abb_gz_hardware/share/abb_gz_hardware/local_setup.bash
-- Installing: /abb_ws/install/abb_gz_hardware/share/abb_gz_hardware/local_setup.sh
-- Installing: /abb_ws/install/abb_gz_hardware/share/abb_gz_hardware/local_setup.zsh
-- Installing: /abb_ws/install/abb_gz_hardware/share/abb_gz_hardware/local_setup.dsv
-- Installing: /abb_ws/install/abb_gz_hardware/share/abb_gz_hardware/package.dsv
-- Installing: /abb_ws/install/abb_gz_hardware/share/ament_index/resource_index/packages/abb_gz_hardware
-- Installing: /abb_ws/install/abb_gz_hardware/share/abb_gz_hardware/cmake/abb_gz_hardwareConfig.cmake
-- Installing: /abb_ws/install/abb_gz_hardware/share/abb_gz_hardware/cmake/abb_gz_hardwareConfig-version.cmake
-- Installing: /abb_ws/install/abb_gz_hardware/share/abb_gz_hardware/package.xml
