[0.042s] Invoking command in '/abb_ws/build/abb_gz_hardware': CMAKE_PREFIX_PATH=/opt/ros/humble /usr/bin/cmake /abb_ws/src/abb_gz_hardware -DCMAKE_INSTALL_PREFIX=/abb_ws/install/abb_gz_hardware
[1.071s] -- The C compiler identification is GNU 11.4.0
[1.072s] -- The CXX compiler identification is GNU 11.4.0
[1.072s] -- Detecting C compiler ABI info
[1.072s] -- Detecting C compiler ABI info - done
[1.072s] -- Check for working C compiler: /usr/bin/cc - skipped
[1.073s] -- Detecting C compile features
[1.073s] -- Detecting C compile features - done
[1.074s] -- Detecting CXX compiler ABI info
[1.074s] -- Detecting CXX compiler ABI info - done
[1.074s] -- Check for working CXX compiler: /usr/bin/c++ - skipped
[1.074s] -- Detecting CXX compile features
[1.074s] -- Detecting CXX compile features - done
[1.075s] -- Found ament_cmake: 1.3.12 (/opt/ros/humble/share/ament_cmake/cmake)
[1.075s] -- Found Python3: /usr/bin/python3 (found version "3.10.12") found components: Interpreter 
[1.075s] -- Found ament_lint_auto: 0.12.14 (/opt/ros/humble/share/ament_lint_auto/cmake)
[1.075s] -- Added test 'lint_cmake' to check CMake code style
[1.075s] -- Added test 'xmllint' to check XML markup files
[1.075s] -- Configuring done
[1.075s] -- Generating done
[1.076s] -- Build files have been written to: /abb_ws/build/abb_gz_hardware
[1.089s] Invoked command in '/abb_ws/build/abb_gz_hardware' returned '0': CMAKE_PREFIX_PATH=/opt/ros/humble /usr/bin/cmake /abb_ws/src/abb_gz_hardware -DCMAKE_INSTALL_PREFIX=/abb_ws/install/abb_gz_hardware
[1.089s] Invoking command in '/abb_ws/build/abb_gz_hardware': CMAKE_PREFIX_PATH=/opt/ros/humble /usr/bin/cmake --build /abb_ws/build/abb_gz_hardware -- -j12 -l12
[1.156s] Invoked command in '/abb_ws/build/abb_gz_hardware' returned '0': CMAKE_PREFIX_PATH=/opt/ros/humble /usr/bin/cmake --build /abb_ws/build/abb_gz_hardware -- -j12 -l12
[1.158s] Invoking command in '/abb_ws/build/abb_gz_hardware': CMAKE_PREFIX_PATH=/opt/ros/humble /usr/bin/cmake --install /abb_ws/build/abb_gz_hardware
[1.177s] -- Install configuration: ""
[1.177s] -- Installing: /abb_ws/install/abb_gz_hardware/share/ament_index/resource_index/package_run_dependencies/abb_gz_hardware
[1.178s] -- Installing: /abb_ws/install/abb_gz_hardware/share/ament_index/resource_index/parent_prefix_path/abb_gz_hardware
[1.179s] -- Installing: /abb_ws/install/abb_gz_hardware/share/abb_gz_hardware/environment/ament_prefix_path.sh
[1.179s] -- Installing: /abb_ws/install/abb_gz_hardware/share/abb_gz_hardware/environment/ament_prefix_path.dsv
[1.180s] -- Installing: /abb_ws/install/abb_gz_hardware/share/abb_gz_hardware/environment/path.sh
[1.180s] -- Installing: /abb_ws/install/abb_gz_hardware/share/abb_gz_hardware/environment/path.dsv
[1.180s] -- Installing: /abb_ws/install/abb_gz_hardware/share/abb_gz_hardware/local_setup.bash
[1.180s] -- Installing: /abb_ws/install/abb_gz_hardware/share/abb_gz_hardware/local_setup.sh
[1.180s] -- Installing: /abb_ws/install/abb_gz_hardware/share/abb_gz_hardware/local_setup.zsh
[1.180s] -- Installing: /abb_ws/install/abb_gz_hardware/share/abb_gz_hardware/local_setup.dsv
[1.181s] -- Installing: /abb_ws/install/abb_gz_hardware/share/abb_gz_hardware/package.dsv
[1.183s] -- Installing: /abb_ws/install/abb_gz_hardware/share/ament_index/resource_index/packages/abb_gz_hardware
[1.183s] -- Installing: /abb_ws/install/abb_gz_hardware/share/abb_gz_hardware/cmake/abb_gz_hardwareConfig.cmake
[1.183s] -- Installing: /abb_ws/install/abb_gz_hardware/share/abb_gz_hardware/cmake/abb_gz_hardwareConfig-version.cmake
[1.184s] -- Installing: /abb_ws/install/abb_gz_hardware/share/abb_gz_hardware/package.xml
[1.220s] Invoked command in '/abb_ws/build/abb_gz_hardware' returned '0': CMAKE_PREFIX_PATH=/opt/ros/humble /usr/bin/cmake --install /abb_ws/build/abb_gz_hardware
