running develop
running egg_info
creating scara_ik_solver.egg-info
writing scara_ik_solver.egg-info/PKG-INFO
writing dependency_links to scara_ik_solver.egg-info/dependency_links.txt
writing entry points to scara_ik_solver.egg-info/entry_points.txt
writing requirements to scara_ik_solver.egg-info/requires.txt
writing top-level names to scara_ik_solver.egg-info/top_level.txt
writing manifest file 'scara_ik_solver.egg-info/SOURCES.txt'
reading manifest file 'scara_ik_solver.egg-info/SOURCES.txt'
writing manifest file 'scara_ik_solver.egg-info/SOURCES.txt'
running build_ext
Creating /home/eia/repo/rbi_2025_2/scara/scara_ws/install/scara_ik_solver/lib/python3.10/site-packages/scara-ik-solver.egg-link (link to .)
Installing scara_ik_solver script to /home/eia/repo/rbi_2025_2/scara/scara_ws/install/scara_ik_solver/lib/scara_ik_solver

Installed /home/eia/repo/rbi_2025_2/scara/scara_ws/build/scara_ik_solver
running symlink_data
creating /home/eia/repo/rbi_2025_2/scara/scara_ws/install/scara_ik_solver/share/ament_index
creating /home/eia/repo/rbi_2025_2/scara/scara_ws/install/scara_ik_solver/share/ament_index/resource_index
creating /home/eia/repo/rbi_2025_2/scara/scara_ws/install/scara_ik_solver/share/ament_index/resource_index/packages
symbolically linking /home/eia/repo/rbi_2025_2/scara/scara_ws/build/scara_ik_solver/resource/scara_ik_solver -> /home/eia/repo/rbi_2025_2/scara/scara_ws/install/scara_ik_solver/share/ament_index/resource_index/packages
symbolically linking /home/eia/repo/rbi_2025_2/scara/scara_ws/build/scara_ik_solver/package.xml -> /home/eia/repo/rbi_2025_2/scara/scara_ws/install/scara_ik_solver/share/scara_ik_solver
creating /home/eia/repo/rbi_2025_2/scara/scara_ws/install/scara_ik_solver/share/scara_ik_solver/launch
creating /home/eia/repo/rbi_2025_2/scara/scara_ws/install/scara_ik_solver/share/scara_ik_solver/descriptions
creating /home/eia/repo/rbi_2025_2/scara/scara_ws/install/scara_ik_solver/share/scara_ik_solver/config
