[0.050s] Invoking command in '/home/eia/repo/rbi_2025_2/abb/abb_ws/build/abb_hardware': CMAKE_PREFIX_PATH=${CMAKE_PREFIX_PATH}:/home/eia/repo/rbi_2025_2/abb/abb_ws/install/abb_mujoco:/home/eia/repo/rbi_2025_2/scara/scara_ws/install/scara_mujoco:/opt/ros/humble /usr/bin/cmake --build /home/eia/repo/rbi_2025_2/abb/abb_ws/build/abb_hardware -- -j12 -l12
[0.384s] Invoked command in '/home/eia/repo/rbi_2025_2/abb/abb_ws/build/abb_hardware' returned '0': CMAKE_PREFIX_PATH=${CMAKE_PREFIX_PATH}:/home/eia/repo/rbi_2025_2/abb/abb_ws/install/abb_mujoco:/home/eia/repo/rbi_2025_2/scara/scara_ws/install/scara_mujoco:/opt/ros/humble /usr/bin/cmake --build /home/eia/repo/rbi_2025_2/abb/abb_ws/build/abb_hardware -- -j12 -l12
[0.387s] Invoking command in '/home/eia/repo/rbi_2025_2/abb/abb_ws/build/abb_hardware': CMAKE_PREFIX_PATH=${CMAKE_PREFIX_PATH}:/home/eia/repo/rbi_2025_2/abb/abb_ws/install/abb_mujoco:/home/eia/repo/rbi_2025_2/scara/scara_ws/install/scara_mujoco:/opt/ros/humble /usr/bin/cmake --install /home/eia/repo/rbi_2025_2/abb/abb_ws/build/abb_hardware
[0.409s] -- Install configuration: ""
[0.409s] -- Up-to-date: /home/eia/repo/rbi_2025_2/abb/abb_ws/install/abb_hardware/share/ament_index/resource_index/package_run_dependencies/abb_hardware
[0.410s] -- Up-to-date: /home/eia/repo/rbi_2025_2/abb/abb_ws/install/abb_hardware/share/ament_index/resource_index/parent_prefix_path/abb_hardware
[0.410s] -- Up-to-date: /home/eia/repo/rbi_2025_2/abb/abb_ws/install/abb_hardware/share/abb_hardware/environment/ament_prefix_path.sh
[0.410s] -- Up-to-date: /home/eia/repo/rbi_2025_2/abb/abb_ws/install/abb_hardware/share/abb_hardware/environment/ament_prefix_path.dsv
[0.411s] -- Up-to-date: /home/eia/repo/rbi_2025_2/abb/abb_ws/install/abb_hardware/share/abb_hardware/environment/path.sh
[0.411s] -- Up-to-date: /home/eia/repo/rbi_2025_2/abb/abb_ws/install/abb_hardware/share/abb_hardware/environment/path.dsv
[0.411s] -- Up-to-date: /home/eia/repo/rbi_2025_2/abb/abb_ws/install/abb_hardware/share/abb_hardware/local_setup.bash
[0.411s] -- Up-to-date: /home/eia/repo/rbi_2025_2/abb/abb_ws/install/abb_hardware/share/abb_hardware/local_setup.sh
[0.411s] -- Up-to-date: /home/eia/repo/rbi_2025_2/abb/abb_ws/install/abb_hardware/share/abb_hardware/local_setup.zsh
[0.411s] -- Up-to-date: /home/eia/repo/rbi_2025_2/abb/abb_ws/install/abb_hardware/share/abb_hardware/local_setup.dsv
[0.412s] -- Installing: /home/eia/repo/rbi_2025_2/abb/abb_ws/install/abb_hardware/share/abb_hardware/package.dsv
[0.412s] -- Up-to-date: /home/eia/repo/rbi_2025_2/abb/abb_ws/install/abb_hardware/share/ament_index/resource_index/packages/abb_hardware
[0.412s] -- Up-to-date: /home/eia/repo/rbi_2025_2/abb/abb_ws/install/abb_hardware/share/abb_hardware/cmake/abb_hardwareConfig.cmake
[0.412s] -- Up-to-date: /home/eia/repo/rbi_2025_2/abb/abb_ws/install/abb_hardware/share/abb_hardware/cmake/abb_hardwareConfig-version.cmake
[0.412s] -- Up-to-date: /home/eia/repo/rbi_2025_2/abb/abb_ws/install/abb_hardware/share/abb_hardware/package.xml
[0.464s] Invoked command in '/home/eia/repo/rbi_2025_2/abb/abb_ws/build/abb_hardware' returned '0': CMAKE_PREFIX_PATH=${CMAKE_PREFIX_PATH}:/home/eia/repo/rbi_2025_2/abb/abb_ws/install/abb_mujoco:/home/eia/repo/rbi_2025_2/scara/scara_ws/install/scara_mujoco:/opt/ros/humble /usr/bin/cmake --install /home/eia/repo/rbi_2025_2/abb/abb_ws/build/abb_hardware
