[1.354s] Invoking command in '/home/eia/repo/rbi_2025_2/scara/scara_ws/build/scara_mujoco': PYTHONPATH=/home/eia/repo/rbi_2025_2/scara/scara_ws/build/scara_mujoco/prefix_override:/home/eia/.local/lib/python3.10/site-packages/colcon_core/task/python/colcon_distutils_commands:/home/eia/repo/rbi_2025_2/scara/scara_ws/install/scara_mujoco/lib/python3.10/site-packages:${PYTHONPATH} /usr/bin/python3 -W ignore:setup.py install is deprecated -W ignore:easy_install command is deprecated setup.py develop --editable --build-directory /home/eia/repo/rbi_2025_2/scara/scara_ws/build/scara_mujoco/build --no-deps symlink_data
[1.701s] running develop
[1.939s] running egg_info
[1.939s] creating scara_mujoco.egg-info
[1.940s] writing scara_mujoco.egg-info/PKG-INFO
[1.940s] writing dependency_links to scara_mujoco.egg-info/dependency_links.txt
[1.940s] writing entry points to scara_mujoco.egg-info/entry_points.txt
[1.940s] writing requirements to scara_mujoco.egg-info/requires.txt
[1.940s] writing top-level names to scara_mujoco.egg-info/top_level.txt
[1.940s] writing manifest file 'scara_mujoco.egg-info/SOURCES.txt'
[1.943s] reading manifest file 'scara_mujoco.egg-info/SOURCES.txt'
[1.943s] writing manifest file 'scara_mujoco.egg-info/SOURCES.txt'
[1.986s] running build_ext
[1.986s] Creating /home/eia/repo/rbi_2025_2/scara/scara_ws/install/scara_mujoco/lib/python3.10/site-packages/scara-mujoco.egg-link (link to .)
[1.987s] Installing scara_sim_mujoco script to /home/eia/repo/rbi_2025_2/scara/scara_ws/install/scara_mujoco/lib/scara_mujoco
[1.987s] 
[1.987s] Installed /home/eia/repo/rbi_2025_2/scara/scara_ws/build/scara_mujoco
[1.988s] running symlink_data
[1.988s] creating /home/eia/repo/rbi_2025_2/scara/scara_ws/install/scara_mujoco/share/ament_index
[1.988s] creating /home/eia/repo/rbi_2025_2/scara/scara_ws/install/scara_mujoco/share/ament_index/resource_index
[1.988s] creating /home/eia/repo/rbi_2025_2/scara/scara_ws/install/scara_mujoco/share/ament_index/resource_index/packages
[1.988s] symbolically linking /home/eia/repo/rbi_2025_2/scara/scara_ws/build/scara_mujoco/resource/scara_mujoco -> /home/eia/repo/rbi_2025_2/scara/scara_ws/install/scara_mujoco/share/ament_index/resource_index/packages
[1.988s] symbolically linking /home/eia/repo/rbi_2025_2/scara/scara_ws/build/scara_mujoco/package.xml -> /home/eia/repo/rbi_2025_2/scara/scara_ws/install/scara_mujoco/share/scara_mujoco
[1.988s] creating /home/eia/repo/rbi_2025_2/scara/scara_ws/install/scara_mujoco/share/scara_mujoco/launch
[1.988s] creating /home/eia/repo/rbi_2025_2/scara/scara_ws/install/scara_mujoco/share/scara_mujoco/descriptions
[1.988s] symbolically linking /home/eia/repo/rbi_2025_2/scara/scara_ws/build/scara_mujoco/descriptions/basic_scenario.xml -> /home/eia/repo/rbi_2025_2/scara/scara_ws/install/scara_mujoco/share/scara_mujoco/descriptions
[1.989s] creating /home/eia/repo/rbi_2025_2/scara/scara_ws/install/scara_mujoco/share/scara_mujoco/config
[2.023s] Invoked command in '/home/eia/repo/rbi_2025_2/scara/scara_ws/build/scara_mujoco' returned '0': PYTHONPATH=/home/eia/repo/rbi_2025_2/scara/scara_ws/build/scara_mujoco/prefix_override:/home/eia/.local/lib/python3.10/site-packages/colcon_core/task/python/colcon_distutils_commands:/home/eia/repo/rbi_2025_2/scara/scara_ws/install/scara_mujoco/lib/python3.10/site-packages:${PYTHONPATH} /usr/bin/python3 -W ignore:setup.py install is deprecated -W ignore:easy_install command is deprecated setup.py develop --editable --build-directory /home/eia/repo/rbi_2025_2/scara/scara_ws/build/scara_mujoco/build --no-deps symlink_data
