-- Install configuration: ""
-- Up-to-date: /home/eia/repo/rbi_2025_2/abb/abb_ws/install/abb_description/share/abb_description//urdf
-- Up-to-date: /home/eia/repo/rbi_2025_2/abb/abb_ws/install/abb_description/share/abb_description//urdf/irb140.urdf.xacro
-- Up-to-date: /home/eia/repo/rbi_2025_2/abb/abb_ws/install/abb_description/share/abb_description//urdf/common_properties.xacro
-- Up-to-date: /home/eia/repo/rbi_2025_2/abb/abb_ws/install/abb_description/share/abb_description//urdf/irb140_description.xacro
-- Up-to-date: /home/eia/repo/rbi_2025_2/abb/abb_ws/install/abb_description/share/abb_description//launch
-- Up-to-date: /home/eia/repo/rbi_2025_2/abb/abb_ws/install/abb_description/share/abb_description//launch/display.launch.xml
-- Up-to-date: /home/eia/repo/rbi_2025_2/abb/abb_ws/install/abb_description/share/abb_description//meshes
-- Up-to-date: /home/eia/repo/rbi_2025_2/abb/abb_ws/install/abb_description/share/abb_description//meshes/irb140
-- Up-to-date: /home/eia/repo/rbi_2025_2/abb/abb_ws/install/abb_description/share/abb_description//meshes/irb140/visual
-- Up-to-date: /home/eia/repo/rbi_2025_2/abb/abb_ws/install/abb_description/share/abb_description//meshes/irb140/visual/link_2.stl
-- Up-to-date: /home/eia/repo/rbi_2025_2/abb/abb_ws/install/abb_description/share/abb_description//meshes/irb140/visual/link_6.stl
-- Up-to-date: /home/eia/repo/rbi_2025_2/abb/abb_ws/install/abb_description/share/abb_description//meshes/irb140/visual/link_3.stl
-- Up-to-date: /home/eia/repo/rbi_2025_2/abb/abb_ws/install/abb_description/share/abb_description//meshes/irb140/visual/link_5.stl
-- Up-to-date: /home/eia/repo/rbi_2025_2/abb/abb_ws/install/abb_description/share/abb_description//meshes/irb140/visual/link_4.stl
-- Up-to-date: /home/eia/repo/rbi_2025_2/abb/abb_ws/install/abb_description/share/abb_description//meshes/irb140/visual/base_link.stl
-- Up-to-date: /home/eia/repo/rbi_2025_2/abb/abb_ws/install/abb_description/share/abb_description//meshes/irb140/visual/link_1.stl
-- Up-to-date: /home/eia/repo/rbi_2025_2/abb/abb_ws/install/abb_description/share/abb_description//meshes/irb140/collision
-- Up-to-date: /home/eia/repo/rbi_2025_2/abb/abb_ws/install/abb_description/share/abb_description//meshes/irb140/collision/link_2.stl
-- Up-to-date: /home/eia/repo/rbi_2025_2/abb/abb_ws/install/abb_description/share/abb_description//meshes/irb140/collision/link_6.stl
-- Up-to-date: /home/eia/repo/rbi_2025_2/abb/abb_ws/install/abb_description/share/abb_description//meshes/irb140/collision/link_3.stl
-- Up-to-date: /home/eia/repo/rbi_2025_2/abb/abb_ws/install/abb_description/share/abb_description//meshes/irb140/collision/link_5.stl
-- Up-to-date: /home/eia/repo/rbi_2025_2/abb/abb_ws/install/abb_description/share/abb_description//meshes/irb140/collision/link_4.stl
-- Up-to-date: /home/eia/repo/rbi_2025_2/abb/abb_ws/install/abb_description/share/abb_description//meshes/irb140/collision/base_link.stl
-- Up-to-date: /home/eia/repo/rbi_2025_2/abb/abb_ws/install/abb_description/share/abb_description//meshes/irb140/collision/link_1.stl
-- Up-to-date: /home/eia/repo/rbi_2025_2/abb/abb_ws/install/abb_description/share/ament_index/resource_index/package_run_dependencies/abb_description
-- Up-to-date: /home/eia/repo/rbi_2025_2/abb/abb_ws/install/abb_description/share/ament_index/resource_index/parent_prefix_path/abb_description
-- Up-to-date: /home/eia/repo/rbi_2025_2/abb/abb_ws/install/abb_description/share/abb_description/environment/ament_prefix_path.sh
-- Up-to-date: /home/eia/repo/rbi_2025_2/abb/abb_ws/install/abb_description/share/abb_description/environment/ament_prefix_path.dsv
-- Up-to-date: /home/eia/repo/rbi_2025_2/abb/abb_ws/install/abb_description/share/abb_description/environment/path.sh
-- Up-to-date: /home/eia/repo/rbi_2025_2/abb/abb_ws/install/abb_description/share/abb_description/environment/path.dsv
-- Up-to-date: /home/eia/repo/rbi_2025_2/abb/abb_ws/install/abb_description/share/abb_description/local_setup.bash
-- Up-to-date: /home/eia/repo/rbi_2025_2/abb/abb_ws/install/abb_description/share/abb_description/local_setup.sh
-- Up-to-date: /home/eia/repo/rbi_2025_2/abb/abb_ws/install/abb_description/share/abb_description/local_setup.zsh
-- Up-to-date: /home/eia/repo/rbi_2025_2/abb/abb_ws/install/abb_description/share/abb_description/local_setup.dsv
-- Up-to-date: /home/eia/repo/rbi_2025_2/abb/abb_ws/install/abb_description/share/abb_description/package.dsv
-- Up-to-date: /home/eia/repo/rbi_2025_2/abb/abb_ws/install/abb_description/share/ament_index/resource_index/packages/abb_description
-- Up-to-date: /home/eia/repo/rbi_2025_2/abb/abb_ws/install/abb_description/share/abb_description/cmake/abb_descriptionConfig.cmake
-- Up-to-date: /home/eia/repo/rbi_2025_2/abb/abb_ws/install/abb_description/share/abb_description/cmake/abb_descriptionConfig-version.cmake
-- Up-to-date: /home/eia/repo/rbi_2025_2/abb/abb_ws/install/abb_description/share/abb_description/package.xml
