[0.299s] Invoking command in '/abb_ws/build/abb_mujoco_description': CMAKE_PREFIX_PATH=/opt/ros/humble /usr/bin/cmake /abb_ws/src/abb_mujoco_description -DCMAKE_INSTALL_PREFIX=/abb_ws/install/abb_mujoco_description
[1.070s] -- The C compiler identification is GNU 11.4.0
[1.070s] -- The CXX compiler identification is GNU 11.4.0
[1.071s] -- Detecting C compiler ABI info
[1.071s] -- Detecting C compiler ABI info - done
[1.071s] -- Check for working C compiler: /usr/bin/cc - skipped
[1.071s] -- Detecting C compile features
[1.071s] -- Detecting C compile features - done
[1.071s] -- Detecting CXX compiler ABI info
[1.072s] -- Detecting CXX compiler ABI info - done
[1.072s] -- Check for working CXX compiler: /usr/bin/c++ - skipped
[1.072s] -- Detecting CXX compile features
[1.072s] -- Detecting CXX compile features - done
[1.072s] -- Found ament_cmake: 1.3.12 (/opt/ros/humble/share/ament_cmake/cmake)
[1.072s] -- Found Python3: /usr/bin/python3 (found version "3.10.12") found components: Interpreter 
[1.192s] -- Configuring done
[1.202s] -- Generating done
[1.202s] -- Build files have been written to: /abb_ws/build/abb_mujoco_description
[1.253s] Invoked command in '/abb_ws/build/abb_mujoco_description' returned '0': CMAKE_PREFIX_PATH=/opt/ros/humble /usr/bin/cmake /abb_ws/src/abb_mujoco_description -DCMAKE_INSTALL_PREFIX=/abb_ws/install/abb_mujoco_description
[1.255s] Invoking command in '/abb_ws/build/abb_mujoco_description': CMAKE_PREFIX_PATH=/opt/ros/humble /usr/bin/cmake --build /abb_ws/build/abb_mujoco_description -- -j12 -l12
[1.314s] Invoked command in '/abb_ws/build/abb_mujoco_description' returned '0': CMAKE_PREFIX_PATH=/opt/ros/humble /usr/bin/cmake --build /abb_ws/build/abb_mujoco_description -- -j12 -l12
[1.316s] Invoking command in '/abb_ws/build/abb_mujoco_description': CMAKE_PREFIX_PATH=/opt/ros/humble /usr/bin/cmake --install /abb_ws/build/abb_mujoco_description
[1.328s] -- Install configuration: ""
[1.328s] -- Installing: /abb_ws/install/abb_mujoco_description/share/abb_mujoco_description//urdf
[1.329s] -- Installing: /abb_ws/install/abb_mujoco_description/share/abb_mujoco_description//urdf/MUJOCO_LOG.TXT
[1.329s] -- Installing: /abb_ws/install/abb_mujoco_description/share/abb_mujoco_description//urdf/common_properties.xacro
[1.329s] -- Installing: /abb_ws/install/abb_mujoco_description/share/abb_mujoco_description//urdf/abb_description.urdf.xacro
[1.329s] -- Installing: /abb_ws/install/abb_mujoco_description/share/abb_mujoco_description//launch
[1.330s] -- Installing: /abb_ws/install/abb_mujoco_description/share/abb_mujoco_description//launch/display.launch.xml
[1.330s] -- Installing: /abb_ws/install/abb_mujoco_description/share/abb_mujoco_description//rviz
[1.330s] -- Installing: /abb_ws/install/abb_mujoco_description/share/ament_index/resource_index/package_run_dependencies/abb_mujoco_description
[1.330s] -- Installing: /abb_ws/install/abb_mujoco_description/share/ament_index/resource_index/parent_prefix_path/abb_mujoco_description
[1.330s] -- Installing: /abb_ws/install/abb_mujoco_description/share/abb_mujoco_description/environment/ament_prefix_path.sh
[1.331s] -- Installing: /abb_ws/install/abb_mujoco_description/share/abb_mujoco_description/environment/ament_prefix_path.dsv
[1.331s] -- Installing: /abb_ws/install/abb_mujoco_description/share/abb_mujoco_description/environment/path.sh
[1.331s] -- Installing: /abb_ws/install/abb_mujoco_description/share/abb_mujoco_description/environment/path.dsv
[1.331s] -- Installing: /abb_ws/install/abb_mujoco_description/share/abb_mujoco_description/local_setup.bash
[1.332s] -- Installing: /abb_ws/install/abb_mujoco_description/share/abb_mujoco_description/local_setup.sh
[1.332s] -- Installing: /abb_ws/install/abb_mujoco_description/share/abb_mujoco_description/local_setup.zsh
[1.332s] -- Installing: /abb_ws/install/abb_mujoco_description/share/abb_mujoco_description/local_setup.dsv
[1.332s] -- Installing: /abb_ws/install/abb_mujoco_description/share/abb_mujoco_description/package.dsv
[1.332s] -- Installing: /abb_ws/install/abb_mujoco_description/share/ament_index/resource_index/packages/abb_mujoco_description
[1.333s] -- Installing: /abb_ws/install/abb_mujoco_description/share/abb_mujoco_description/cmake/abb_mujoco_descriptionConfig.cmake
[1.333s] -- Installing: /abb_ws/install/abb_mujoco_description/share/abb_mujoco_description/cmake/abb_mujoco_descriptionConfig-version.cmake
[1.333s] -- Installing: /abb_ws/install/abb_mujoco_description/share/abb_mujoco_description/package.xml
[1.336s] Invoked command in '/abb_ws/build/abb_mujoco_description' returned '0': CMAKE_PREFIX_PATH=/opt/ros/humble /usr/bin/cmake --install /abb_ws/build/abb_mujoco_description
