[0.471s] Invoking command in '/rov_ws/build/rov_mujoco_bringup': CMAKE_PREFIX_PATH=${CMAKE_PREFIX_PATH}:/rov_ws/install/rov_position_controller:/rov_ws/install/rov_path_generator:/rov_ws/install/rov_path_follower:/rov_ws/install/rov_attitude_controller:/opt/ros/humble /usr/bin/cmake /rov_ws/src/rov_mujoco_bringup -DCMAKE_INSTALL_PREFIX=/rov_ws/install/rov_mujoco_bringup
[1.511s] -- The C compiler identification is GNU 11.4.0
[1.511s] -- The CXX compiler identification is GNU 11.4.0
[1.511s] -- Detecting C compiler ABI info
[1.511s] -- Detecting C compiler ABI info - done
[1.512s] -- Check for working C compiler: /usr/bin/cc - skipped
[1.512s] -- Detecting C compile features
[1.512s] -- Detecting C compile features - done
[1.512s] -- Detecting CXX compiler ABI info
[1.512s] -- Detecting CXX compiler ABI info - done
[1.512s] -- Check for working CXX compiler: /usr/bin/c++ - skipped
[1.513s] -- Detecting CXX compile features
[1.513s] -- Detecting CXX compile features - done
[1.513s] -- Found ament_cmake: 1.3.12 (/opt/ros/humble/share/ament_cmake/cmake)
[1.513s] -- Found Python3: /usr/bin/python3 (found version "3.10.12") found components: Interpreter 
[1.513s] -- Found rclcpp: 16.0.14 (/opt/ros/humble/share/rclcpp/cmake)
[1.513s] -- Found rosidl_generator_c: 3.1.7 (/opt/ros/humble/share/rosidl_generator_c/cmake)
[1.513s] -- Found rosidl_adapter: 3.1.7 (/opt/ros/humble/share/rosidl_adapter/cmake)
[1.514s] -- Found rosidl_generator_cpp: 3.1.7 (/opt/ros/humble/share/rosidl_generator_cpp/cmake)
[1.514s] -- Using all available rosidl_typesupport_c: rosidl_typesupport_fastrtps_c;rosidl_typesupport_introspection_c
[1.514s] -- Using all available rosidl_typesupport_cpp: rosidl_typesupport_fastrtps_cpp;rosidl_typesupport_introspection_cpp
[1.557s] -- Found rmw_implementation_cmake: 6.1.2 (/opt/ros/humble/share/rmw_implementation_cmake/cmake)
[1.561s] -- Found rmw_fastrtps_cpp: 6.2.8 (/opt/ros/humble/share/rmw_fastrtps_cpp/cmake)
[1.693s] -- Found OpenSSL: /usr/lib/x86_64-linux-gnu/libcrypto.so (found version "3.0.2")  
[1.741s] -- Found FastRTPS: /opt/ros/humble/include  
[1.804s] -- Using RMW implementation 'rmw_fastrtps_cpp' as default
[1.819s] -- Looking for pthread.h
[1.908s] -- Looking for pthread.h - found
[1.909s] -- Performing Test CMAKE_HAVE_LIBC_PTHREAD
[2.006s] -- Performing Test CMAKE_HAVE_LIBC_PTHREAD - Success
[2.008s] -- Found Threads: TRUE  
[2.197s] -- Configuring done
[2.203s] -- Generating done
[2.207s] -- Build files have been written to: /rov_ws/build/rov_mujoco_bringup
