[0.050s] Invoking command in '/abb_ws/build/abb_gz_hardware': CMAKE_PREFIX_PATH=/opt/ros/humble /usr/bin/cmake --build /abb_ws/build/abb_gz_hardware -- -j12 -l12
[0.728s] Invoked command in '/abb_ws/build/abb_gz_hardware' returned '0': CMAKE_PREFIX_PATH=/opt/ros/humble /usr/bin/cmake --build /abb_ws/build/abb_gz_hardware -- -j12 -l12
[0.729s] Invoking command in '/abb_ws/build/abb_gz_hardware': CMAKE_PREFIX_PATH=/opt/ros/humble /usr/bin/cmake --install /abb_ws/build/abb_gz_hardware
[0.743s] -- Install configuration: ""
[0.743s] -- Up-to-date: /abb_ws/install/abb_gz_hardware/share/ament_index/resource_index/package_run_dependencies/abb_gz_hardware
[0.743s] -- Up-to-date: /abb_ws/install/abb_gz_hardware/share/ament_index/resource_index/parent_prefix_path/abb_gz_hardware
[0.743s] -- Up-to-date: /abb_ws/install/abb_gz_hardware/share/abb_gz_hardware/environment/ament_prefix_path.sh
[0.743s] -- Up-to-date: /abb_ws/install/abb_gz_hardware/share/abb_gz_hardware/environment/ament_prefix_path.dsv
[0.743s] -- Up-to-date: /abb_ws/install/abb_gz_hardware/share/abb_gz_hardware/environment/path.sh
[0.743s] -- Up-to-date: /abb_ws/install/abb_gz_hardware/share/abb_gz_hardware/environment/path.dsv
[0.743s] -- Up-to-date: /abb_ws/install/abb_gz_hardware/share/abb_gz_hardware/local_setup.bash
[0.743s] -- Up-to-date: /abb_ws/install/abb_gz_hardware/share/abb_gz_hardware/local_setup.sh
[0.743s] -- Up-to-date: /abb_ws/install/abb_gz_hardware/share/abb_gz_hardware/local_setup.zsh
[0.743s] -- Up-to-date: /abb_ws/install/abb_gz_hardware/share/abb_gz_hardware/local_setup.dsv
[0.743s] -- Up-to-date: /abb_ws/install/abb_gz_hardware/share/abb_gz_hardware/package.dsv
[0.743s] -- Up-to-date: /abb_ws/install/abb_gz_hardware/share/ament_index/resource_index/packages/abb_gz_hardware
[0.743s] -- Up-to-date: /abb_ws/install/abb_gz_hardware/share/abb_gz_hardware/cmake/abb_gz_hardwareConfig.cmake
[0.743s] -- Up-to-date: /abb_ws/install/abb_gz_hardware/share/abb_gz_hardware/cmake/abb_gz_hardwareConfig-version.cmake
[0.744s] -- Up-to-date: /abb_ws/install/abb_gz_hardware/share/abb_gz_hardware/package.xml
[0.801s] Invoked command in '/abb_ws/build/abb_gz_hardware' returned '0': CMAKE_PREFIX_PATH=/opt/ros/humble /usr/bin/cmake --install /abb_ws/build/abb_gz_hardware
