[0.914s] Invoking command in '/scara_ws/src/scara_ik_solver': PYTHONPATH=/scara_ws/build/scara_ik_solver/prefix_override:/usr/lib/python3/dist-packages/colcon_core/task/python/colcon_distutils_commands:/scara_ws/install/scara_ik_solver/lib/python3.10/site-packages:${PYTHONPATH} /usr/bin/python3 -W ignore:setup.py install is deprecated -W ignore:easy_install command is deprecated setup.py egg_info --egg-base ../../build/scara_ik_solver build --build-base /scara_ws/build/scara_ik_solver/build install --record /scara_ws/build/scara_ik_solver/install.log --single-version-externally-managed install_data
[1.139s] running egg_info
[1.140s] writing ../../build/scara_ik_solver/scara_ik_solver.egg-info/PKG-INFO
[1.140s] writing dependency_links to ../../build/scara_ik_solver/scara_ik_solver.egg-info/dependency_links.txt
[1.140s] writing entry points to ../../build/scara_ik_solver/scara_ik_solver.egg-info/entry_points.txt
[1.140s] writing requirements to ../../build/scara_ik_solver/scara_ik_solver.egg-info/requires.txt
[1.140s] writing top-level names to ../../build/scara_ik_solver/scara_ik_solver.egg-info/top_level.txt
[1.142s] reading manifest file '../../build/scara_ik_solver/scara_ik_solver.egg-info/SOURCES.txt'
[1.143s] writing manifest file '../../build/scara_ik_solver/scara_ik_solver.egg-info/SOURCES.txt'
[1.143s] running build
[1.143s] running build_py
[1.143s] running install
[1.143s] running install_lib
[1.144s] running install_data
[1.145s] running install_egg_info
[1.146s] removing '/scara_ws/install/scara_ik_solver/lib/python3.10/site-packages/scara_ik_solver-0.0.0-py3.10.egg-info' (and everything under it)
[1.146s] Copying ../../build/scara_ik_solver/scara_ik_solver.egg-info to /scara_ws/install/scara_ik_solver/lib/python3.10/site-packages/scara_ik_solver-0.0.0-py3.10.egg-info
[1.147s] running install_scripts
[1.166s] Installing scara_ik_solver script to /scara_ws/install/scara_ik_solver/lib/scara_ik_solver
[1.167s] writing list of installed files to '/scara_ws/build/scara_ik_solver/install.log'
[1.188s] Invoked command in '/scara_ws/src/scara_ik_solver' returned '0': PYTHONPATH=/scara_ws/build/scara_ik_solver/prefix_override:/usr/lib/python3/dist-packages/colcon_core/task/python/colcon_distutils_commands:/scara_ws/install/scara_ik_solver/lib/python3.10/site-packages:${PYTHONPATH} /usr/bin/python3 -W ignore:setup.py install is deprecated -W ignore:easy_install command is deprecated setup.py egg_info --egg-base ../../build/scara_ik_solver build --build-base /scara_ws/build/scara_ik_solver/build install --record /scara_ws/build/scara_ik_solver/install.log --single-version-externally-managed install_data
