[0.042s] Invoking command in '/home/eia/repo/rbi_2025_2/abb/abb_ws/build/abb_gz_description': CMAKE_PREFIX_PATH=${CMAKE_PREFIX_PATH}:/home/eia/repo/rbi_2025_2/abb/abb_ws/install/abb_mujoco:/home/eia/repo/rbi_2025_2/scara/scara_ws/install/scara_mujoco:/opt/ros/humble /usr/bin/cmake /home/eia/repo/rbi_2025_2/abb/abb_ws/src/abb_gz_description -DCMAKE_INSTALL_PREFIX=/home/eia/repo/rbi_2025_2/abb/abb_ws/install/abb_gz_description
[0.340s] -- The C compiler identification is GNU 11.4.0
[0.342s] -- The CXX compiler identification is GNU 11.4.0
[0.342s] -- Detecting C compiler ABI info
[0.342s] -- Detecting C compiler ABI info - done
[0.342s] -- Check for working C compiler: /usr/bin/cc - skipped
[0.342s] -- Detecting C compile features
[0.342s] -- Detecting C compile features - done
[0.343s] -- Detecting CXX compiler ABI info
[0.343s] -- Detecting CXX compiler ABI info - done
[0.350s] -- Check for working CXX compiler: /usr/bin/c++ - skipped
[0.350s] -- Detecting CXX compile features
[0.350s] -- Detecting CXX compile features - done
[0.350s] -- Found ament_cmake: 1.3.12 (/opt/ros/humble/share/ament_cmake/cmake)
[0.867s] -- Found Python3: /usr/bin/python3 (found version "3.10.12") found components: Interpreter 
[1.142s] -- Configuring done
[1.145s] -- Generating done
[1.147s] -- Build files have been written to: /home/eia/repo/rbi_2025_2/abb/abb_ws/build/abb_gz_description
[1.152s] Invoked command in '/home/eia/repo/rbi_2025_2/abb/abb_ws/build/abb_gz_description' returned '0': CMAKE_PREFIX_PATH=${CMAKE_PREFIX_PATH}:/home/eia/repo/rbi_2025_2/abb/abb_ws/install/abb_mujoco:/home/eia/repo/rbi_2025_2/scara/scara_ws/install/scara_mujoco:/opt/ros/humble /usr/bin/cmake /home/eia/repo/rbi_2025_2/abb/abb_ws/src/abb_gz_description -DCMAKE_INSTALL_PREFIX=/home/eia/repo/rbi_2025_2/abb/abb_ws/install/abb_gz_description
[1.156s] Invoking command in '/home/eia/repo/rbi_2025_2/abb/abb_ws/build/abb_gz_description': CMAKE_PREFIX_PATH=${CMAKE_PREFIX_PATH}:/home/eia/repo/rbi_2025_2/abb/abb_ws/install/abb_mujoco:/home/eia/repo/rbi_2025_2/scara/scara_ws/install/scara_mujoco:/opt/ros/humble /usr/bin/cmake --build /home/eia/repo/rbi_2025_2/abb/abb_ws/build/abb_gz_description -- -j12 -l12
[1.196s] Invoked command in '/home/eia/repo/rbi_2025_2/abb/abb_ws/build/abb_gz_description' returned '0': CMAKE_PREFIX_PATH=${CMAKE_PREFIX_PATH}:/home/eia/repo/rbi_2025_2/abb/abb_ws/install/abb_mujoco:/home/eia/repo/rbi_2025_2/scara/scara_ws/install/scara_mujoco:/opt/ros/humble /usr/bin/cmake --build /home/eia/repo/rbi_2025_2/abb/abb_ws/build/abb_gz_description -- -j12 -l12
[1.198s] Invoking command in '/home/eia/repo/rbi_2025_2/abb/abb_ws/build/abb_gz_description': CMAKE_PREFIX_PATH=${CMAKE_PREFIX_PATH}:/home/eia/repo/rbi_2025_2/abb/abb_ws/install/abb_mujoco:/home/eia/repo/rbi_2025_2/scara/scara_ws/install/scara_mujoco:/opt/ros/humble /usr/bin/cmake --install /home/eia/repo/rbi_2025_2/abb/abb_ws/build/abb_gz_description
[1.206s] -- Install configuration: ""
[1.206s] -- Installing: /home/eia/repo/rbi_2025_2/abb/abb_ws/install/abb_gz_description/share/abb_gz_description//urdf
[1.206s] -- Installing: /home/eia/repo/rbi_2025_2/abb/abb_ws/install/abb_gz_description/share/abb_gz_description//urdf/irb140.urdf.xacro
[1.206s] -- Installing: /home/eia/repo/rbi_2025_2/abb/abb_ws/install/abb_gz_description/share/abb_gz_description//urdf/common_properties.xacro
[1.206s] -- Installing: /home/eia/repo/rbi_2025_2/abb/abb_ws/install/abb_gz_description/share/abb_gz_description//urdf/irb140_description.xacro
[1.206s] -- Installing: /home/eia/repo/rbi_2025_2/abb/abb_ws/install/abb_gz_description/share/abb_gz_description//launch
[1.207s] -- Installing: /home/eia/repo/rbi_2025_2/abb/abb_ws/install/abb_gz_description/share/abb_gz_description//launch/display.launch.xml
[1.207s] -- Installing: /home/eia/repo/rbi_2025_2/abb/abb_ws/install/abb_gz_description/share/abb_gz_description//meshes
[1.207s] -- Installing: /home/eia/repo/rbi_2025_2/abb/abb_ws/install/abb_gz_description/share/abb_gz_description//meshes/irb140
[1.207s] -- Installing: /home/eia/repo/rbi_2025_2/abb/abb_ws/install/abb_gz_description/share/abb_gz_description//meshes/irb140/visual
[1.207s] -- Installing: /home/eia/repo/rbi_2025_2/abb/abb_ws/install/abb_gz_description/share/abb_gz_description//meshes/irb140/visual/link_2.stl
[1.207s] -- Installing: /home/eia/repo/rbi_2025_2/abb/abb_ws/install/abb_gz_description/share/abb_gz_description//meshes/irb140/visual/link_6.stl
[1.207s] -- Installing: /home/eia/repo/rbi_2025_2/abb/abb_ws/install/abb_gz_description/share/abb_gz_description//meshes/irb140/visual/link_3.stl
[1.208s] -- Installing: /home/eia/repo/rbi_2025_2/abb/abb_ws/install/abb_gz_description/share/abb_gz_description//meshes/irb140/visual/link_5.stl
[1.208s] -- Installing: /home/eia/repo/rbi_2025_2/abb/abb_ws/install/abb_gz_description/share/abb_gz_description//meshes/irb140/visual/link_4.stl
[1.208s] -- Installing: /home/eia/repo/rbi_2025_2/abb/abb_ws/install/abb_gz_description/share/abb_gz_description//meshes/irb140/visual/base_link.stl
[1.208s] -- Installing: /home/eia/repo/rbi_2025_2/abb/abb_ws/install/abb_gz_description/share/abb_gz_description//meshes/irb140/visual/link_1.stl
[1.208s] -- Installing: /home/eia/repo/rbi_2025_2/abb/abb_ws/install/abb_gz_description/share/abb_gz_description//meshes/irb140/collision
[1.208s] -- Installing: /home/eia/repo/rbi_2025_2/abb/abb_ws/install/abb_gz_description/share/abb_gz_description//meshes/irb140/collision/link_2.stl
[1.209s] -- Installing: /home/eia/repo/rbi_2025_2/abb/abb_ws/install/abb_gz_description/share/abb_gz_description//meshes/irb140/collision/link_6.stl
[1.209s] -- Installing: /home/eia/repo/rbi_2025_2/abb/abb_ws/install/abb_gz_description/share/abb_gz_description//meshes/irb140/collision/link_3.stl
[1.209s] -- Installing: /home/eia/repo/rbi_2025_2/abb/abb_ws/install/abb_gz_description/share/abb_gz_description//meshes/irb140/collision/link_5.stl
[1.209s] -- Installing: /home/eia/repo/rbi_2025_2/abb/abb_ws/install/abb_gz_description/share/abb_gz_description//meshes/irb140/collision/link_4.stl
[1.209s] -- Installing: /home/eia/repo/rbi_2025_2/abb/abb_ws/install/abb_gz_description/share/abb_gz_description//meshes/irb140/collision/base_link.stl
[1.209s] -- Installing: /home/eia/repo/rbi_2025_2/abb/abb_ws/install/abb_gz_description/share/abb_gz_description//meshes/irb140/collision/link_1.stl
[1.210s] -- Installing: /home/eia/repo/rbi_2025_2/abb/abb_ws/install/abb_gz_description/share/ament_index/resource_index/package_run_dependencies/abb_gz_description
[1.210s] -- Installing: /home/eia/repo/rbi_2025_2/abb/abb_ws/install/abb_gz_description/share/ament_index/resource_index/parent_prefix_path/abb_gz_description
[1.210s] -- Installing: /home/eia/repo/rbi_2025_2/abb/abb_ws/install/abb_gz_description/share/abb_gz_description/environment/ament_prefix_path.sh
[1.210s] -- Installing: /home/eia/repo/rbi_2025_2/abb/abb_ws/install/abb_gz_description/share/abb_gz_description/environment/ament_prefix_path.dsv
[1.210s] -- Installing: /home/eia/repo/rbi_2025_2/abb/abb_ws/install/abb_gz_description/share/abb_gz_description/environment/path.sh
[1.210s] -- Installing: /home/eia/repo/rbi_2025_2/abb/abb_ws/install/abb_gz_description/share/abb_gz_description/environment/path.dsv
[1.211s] -- Installing: /home/eia/repo/rbi_2025_2/abb/abb_ws/install/abb_gz_description/share/abb_gz_description/local_setup.bash
[1.211s] -- Installing: /home/eia/repo/rbi_2025_2/abb/abb_ws/install/abb_gz_description/share/abb_gz_description/local_setup.sh
[1.211s] -- Installing: /home/eia/repo/rbi_2025_2/abb/abb_ws/install/abb_gz_description/share/abb_gz_description/local_setup.zsh
[1.211s] -- Installing: /home/eia/repo/rbi_2025_2/abb/abb_ws/install/abb_gz_description/share/abb_gz_description/local_setup.dsv
[1.211s] -- Installing: /home/eia/repo/rbi_2025_2/abb/abb_ws/install/abb_gz_description/share/abb_gz_description/package.dsv
[1.212s] -- Installing: /home/eia/repo/rbi_2025_2/abb/abb_ws/install/abb_gz_description/share/ament_index/resource_index/packages/abb_gz_description
[1.212s] -- Installing: /home/eia/repo/rbi_2025_2/abb/abb_ws/install/abb_gz_description/share/abb_gz_description/cmake/abb_gz_descriptionConfig.cmake
[1.212s] -- Installing: /home/eia/repo/rbi_2025_2/abb/abb_ws/install/abb_gz_description/share/abb_gz_description/cmake/abb_gz_descriptionConfig-version.cmake
[1.212s] -- Installing: /home/eia/repo/rbi_2025_2/abb/abb_ws/install/abb_gz_description/share/abb_gz_description/package.xml
[1.215s] Invoked command in '/home/eia/repo/rbi_2025_2/abb/abb_ws/build/abb_gz_description' returned '0': CMAKE_PREFIX_PATH=${CMAKE_PREFIX_PATH}:/home/eia/repo/rbi_2025_2/abb/abb_ws/install/abb_mujoco:/home/eia/repo/rbi_2025_2/scara/scara_ws/install/scara_mujoco:/opt/ros/humble /usr/bin/cmake --install /home/eia/repo/rbi_2025_2/abb/abb_ws/build/abb_gz_description
