[35m[1mConsolidate compiler generated dependencies of target rov_sim[0m
[ 50%] Built target rov_mujoco_sim
[ 75%] [32mBuilding CXX object CMakeFiles/rov_sim.dir/src/mujoco_sim_interface.cpp.o[0m
[100%] [32m[1mLinking CXX shared library librov_sim.so[0m
[100%] Built target rov_sim
-- Install configuration: ""
-- Up-to-date: /home/eia/repo/rbi_2025_2/rov/rov_ws/install/rov_sim/share/rov_sim/rov_hardware_interface.xml
-- Installing: /home/eia/repo/rbi_2025_2/rov/rov_ws/install/rov_sim/lib/librov_sim.so
-- Set runtime path of "/home/eia/repo/rbi_2025_2/rov/rov_ws/install/rov_sim/lib/librov_sim.so" to "/home/eia/repo/rbi_2025_2/rov/rov_ws/src/rov_sim/../../mujoco/lib"
-- Up-to-date: /home/eia/repo/rbi_2025_2/rov/rov_ws/install/rov_sim/include/include
-- Up-to-date: /home/eia/repo/rbi_2025_2/rov/rov_ws/install/rov_sim/include/include/rov_sim
-- Up-to-date: /home/eia/repo/rbi_2025_2/rov/rov_ws/install/rov_sim/include/include/rov_sim/mujoco_sim_interface.hpp
-- Up-to-date: /home/eia/repo/rbi_2025_2/rov/rov_ws/install/rov_sim/include/include/rov_sim/mujoco_interface.hpp
-- Up-to-date: /home/eia/repo/rbi_2025_2/rov/rov_ws/install/rov_sim/share/rov_sim/environment/library_path.sh
-- Up-to-date: /home/eia/repo/rbi_2025_2/rov/rov_ws/install/rov_sim/share/rov_sim/environment/library_path.dsv
-- Up-to-date: /home/eia/repo/rbi_2025_2/rov/rov_ws/install/rov_sim/lib/rov_sim/rov_mujoco_sim
-- Up-to-date: /home/eia/repo/rbi_2025_2/rov/rov_ws/install/rov_sim/share/ament_index/resource_index/package_run_dependencies/rov_sim
-- Up-to-date: /home/eia/repo/rbi_2025_2/rov/rov_ws/install/rov_sim/share/ament_index/resource_index/parent_prefix_path/rov_sim
-- Up-to-date: /home/eia/repo/rbi_2025_2/rov/rov_ws/install/rov_sim/share/rov_sim/environment/ament_prefix_path.sh
-- Up-to-date: /home/eia/repo/rbi_2025_2/rov/rov_ws/install/rov_sim/share/rov_sim/environment/ament_prefix_path.dsv
-- Up-to-date: /home/eia/repo/rbi_2025_2/rov/rov_ws/install/rov_sim/share/rov_sim/environment/path.sh
-- Up-to-date: /home/eia/repo/rbi_2025_2/rov/rov_ws/install/rov_sim/share/rov_sim/environment/path.dsv
-- Up-to-date: /home/eia/repo/rbi_2025_2/rov/rov_ws/install/rov_sim/share/rov_sim/local_setup.bash
-- Up-to-date: /home/eia/repo/rbi_2025_2/rov/rov_ws/install/rov_sim/share/rov_sim/local_setup.sh
-- Up-to-date: /home/eia/repo/rbi_2025_2/rov/rov_ws/install/rov_sim/share/rov_sim/local_setup.zsh
-- Up-to-date: /home/eia/repo/rbi_2025_2/rov/rov_ws/install/rov_sim/share/rov_sim/local_setup.dsv
-- Installing: /home/eia/repo/rbi_2025_2/rov/rov_ws/install/rov_sim/share/rov_sim/package.dsv
-- Up-to-date: /home/eia/repo/rbi_2025_2/rov/rov_ws/install/rov_sim/share/ament_index/resource_index/packages/rov_sim
-- Up-to-date: /home/eia/repo/rbi_2025_2/rov/rov_ws/install/rov_sim/share/ament_index/resource_index/hardware_interface__pluginlib__plugin/rov_sim
-- Up-to-date: /home/eia/repo/rbi_2025_2/rov/rov_ws/install/rov_sim/share/rov_sim/cmake/ament_cmake_export_libraries-extras.cmake
-- Up-to-date: /home/eia/repo/rbi_2025_2/rov/rov_ws/install/rov_sim/share/rov_sim/cmake/ament_cmake_export_dependencies-extras.cmake
-- Up-to-date: /home/eia/repo/rbi_2025_2/rov/rov_ws/install/rov_sim/share/rov_sim/cmake/rov_simConfig.cmake
-- Up-to-date: /home/eia/repo/rbi_2025_2/rov/rov_ws/install/rov_sim/share/rov_sim/cmake/rov_simConfig-version.cmake
-- Up-to-date: /home/eia/repo/rbi_2025_2/rov/rov_ws/install/rov_sim/share/rov_sim/package.xml
