[0.047s] Invoking command in '/home/eia/repo/rbi_2025_2/scara/scara_ws/build/scara_gz_description': CMAKE_PREFIX_PATH=${CMAKE_PREFIX_PATH}:/home/eia/repo/rbi_2025_2/scara/scara_ws/install/scara_mujoco:/home/eia/repo/rbi_2025_2/abb/abb_ws/install/abb_path_controller:/home/eia/repo/rbi_2025_2/abb/abb_ws/install/abb_mujoco_python:/home/eia/repo/rbi_2025_2/rov/rov_ws/install/rov_position_controller:/home/eia/repo/rbi_2025_2/rov/rov_ws/install/rov_path_generator:/home/eia/repo/rbi_2025_2/rov/rov_ws/install/rov_path_follower:/home/eia/repo/rbi_2025_2/rov/rov_ws/install/rov_attitude_controller:/opt/ros/humble /usr/bin/cmake /home/eia/repo/rbi_2025_2/scara/scara_ws/src/scara_gz_description -DCMAKE_INSTALL_PREFIX=/home/eia/repo/rbi_2025_2/scara/scara_ws/install/scara_gz_description
[0.602s] -- Found ament_cmake: 1.3.12 (/opt/ros/humble/share/ament_cmake/cmake)
[0.602s] -- Override CMake install command with custom implementation using symlinks instead of copying resources
[0.602s] -- Configuring done
[0.602s] -- Generating done
[0.602s] -- Build files have been written to: /home/eia/repo/rbi_2025_2/scara/scara_ws/build/scara_gz_description
[0.616s] Invoked command in '/home/eia/repo/rbi_2025_2/scara/scara_ws/build/scara_gz_description' returned '0': CMAKE_PREFIX_PATH=${CMAKE_PREFIX_PATH}:/home/eia/repo/rbi_2025_2/scara/scara_ws/install/scara_mujoco:/home/eia/repo/rbi_2025_2/abb/abb_ws/install/abb_path_controller:/home/eia/repo/rbi_2025_2/abb/abb_ws/install/abb_mujoco_python:/home/eia/repo/rbi_2025_2/rov/rov_ws/install/rov_position_controller:/home/eia/repo/rbi_2025_2/rov/rov_ws/install/rov_path_generator:/home/eia/repo/rbi_2025_2/rov/rov_ws/install/rov_path_follower:/home/eia/repo/rbi_2025_2/rov/rov_ws/install/rov_attitude_controller:/opt/ros/humble /usr/bin/cmake /home/eia/repo/rbi_2025_2/scara/scara_ws/src/scara_gz_description -DCMAKE_INSTALL_PREFIX=/home/eia/repo/rbi_2025_2/scara/scara_ws/install/scara_gz_description
[0.618s] Invoking command in '/home/eia/repo/rbi_2025_2/scara/scara_ws/build/scara_gz_description': CMAKE_PREFIX_PATH=${CMAKE_PREFIX_PATH}:/home/eia/repo/rbi_2025_2/scara/scara_ws/install/scara_mujoco:/home/eia/repo/rbi_2025_2/abb/abb_ws/install/abb_path_controller:/home/eia/repo/rbi_2025_2/abb/abb_ws/install/abb_mujoco_python:/home/eia/repo/rbi_2025_2/rov/rov_ws/install/rov_position_controller:/home/eia/repo/rbi_2025_2/rov/rov_ws/install/rov_path_generator:/home/eia/repo/rbi_2025_2/rov/rov_ws/install/rov_path_follower:/home/eia/repo/rbi_2025_2/rov/rov_ws/install/rov_attitude_controller:/opt/ros/humble /usr/bin/cmake --build /home/eia/repo/rbi_2025_2/scara/scara_ws/build/scara_gz_description -- -j12 -l12
[0.654s] Invoked command in '/home/eia/repo/rbi_2025_2/scara/scara_ws/build/scara_gz_description' returned '0': CMAKE_PREFIX_PATH=${CMAKE_PREFIX_PATH}:/home/eia/repo/rbi_2025_2/scara/scara_ws/install/scara_mujoco:/home/eia/repo/rbi_2025_2/abb/abb_ws/install/abb_path_controller:/home/eia/repo/rbi_2025_2/abb/abb_ws/install/abb_mujoco_python:/home/eia/repo/rbi_2025_2/rov/rov_ws/install/rov_position_controller:/home/eia/repo/rbi_2025_2/rov/rov_ws/install/rov_path_generator:/home/eia/repo/rbi_2025_2/rov/rov_ws/install/rov_path_follower:/home/eia/repo/rbi_2025_2/rov/rov_ws/install/rov_attitude_controller:/opt/ros/humble /usr/bin/cmake --build /home/eia/repo/rbi_2025_2/scara/scara_ws/build/scara_gz_description -- -j12 -l12
[0.656s] Invoking command in '/home/eia/repo/rbi_2025_2/scara/scara_ws/build/scara_gz_description': CMAKE_PREFIX_PATH=${CMAKE_PREFIX_PATH}:/home/eia/repo/rbi_2025_2/scara/scara_ws/install/scara_mujoco:/home/eia/repo/rbi_2025_2/abb/abb_ws/install/abb_path_controller:/home/eia/repo/rbi_2025_2/abb/abb_ws/install/abb_mujoco_python:/home/eia/repo/rbi_2025_2/rov/rov_ws/install/rov_position_controller:/home/eia/repo/rbi_2025_2/rov/rov_ws/install/rov_path_generator:/home/eia/repo/rbi_2025_2/rov/rov_ws/install/rov_path_follower:/home/eia/repo/rbi_2025_2/rov/rov_ws/install/rov_attitude_controller:/opt/ros/humble /usr/bin/cmake --install /home/eia/repo/rbi_2025_2/scara/scara_ws/build/scara_gz_description
[0.666s] -- Install configuration: ""
[0.667s] -- Execute custom install script
[0.667s] -- Up-to-date symlink: /home/eia/repo/rbi_2025_2/scara/scara_ws/install/scara_gz_description/share/scara_gz_description//urdf/common_properties.xacro
[0.667s] -- Up-to-date symlink: /home/eia/repo/rbi_2025_2/scara/scara_ws/install/scara_gz_description/share/scara_gz_description//urdf/scara.urdf.xacro
[0.667s] -- Up-to-date symlink: /home/eia/repo/rbi_2025_2/scara/scara_ws/install/scara_gz_description/share/scara_gz_description//urdf/scara_description.xacro
[0.668s] -- Up-to-date symlink: /home/eia/repo/rbi_2025_2/scara/scara_ws/install/scara_gz_description/share/scara_gz_description//launch/display.launch.xml
[0.669s] -- Up-to-date symlink: /home/eia/repo/rbi_2025_2/scara/scara_ws/install/scara_gz_description/share/ament_index/resource_index/package_run_dependencies/scara_gz_description
[0.669s] -- Up-to-date symlink: /home/eia/repo/rbi_2025_2/scara/scara_ws/install/scara_gz_description/share/ament_index/resource_index/parent_prefix_path/scara_gz_description
[0.669s] -- Up-to-date symlink: /home/eia/repo/rbi_2025_2/scara/scara_ws/install/scara_gz_description/share/scara_gz_description/environment/ament_prefix_path.sh
[0.670s] -- Up-to-date symlink: /home/eia/repo/rbi_2025_2/scara/scara_ws/install/scara_gz_description/share/scara_gz_description/environment/ament_prefix_path.dsv
[0.670s] -- Up-to-date symlink: /home/eia/repo/rbi_2025_2/scara/scara_ws/install/scara_gz_description/share/scara_gz_description/environment/path.sh
[0.671s] -- Up-to-date symlink: /home/eia/repo/rbi_2025_2/scara/scara_ws/install/scara_gz_description/share/scara_gz_description/environment/path.dsv
[0.671s] -- Up-to-date symlink: /home/eia/repo/rbi_2025_2/scara/scara_ws/install/scara_gz_description/share/scara_gz_description/local_setup.bash
[0.671s] -- Up-to-date symlink: /home/eia/repo/rbi_2025_2/scara/scara_ws/install/scara_gz_description/share/scara_gz_description/local_setup.sh
[0.671s] -- Up-to-date symlink: /home/eia/repo/rbi_2025_2/scara/scara_ws/install/scara_gz_description/share/scara_gz_description/local_setup.zsh
[0.671s] -- Up-to-date symlink: /home/eia/repo/rbi_2025_2/scara/scara_ws/install/scara_gz_description/share/scara_gz_description/local_setup.dsv
[0.671s] -- Symlinking: /home/eia/repo/rbi_2025_2/scara/scara_ws/install/scara_gz_description/share/scara_gz_description/package.dsv
[0.681s] -- Up-to-date symlink: /home/eia/repo/rbi_2025_2/scara/scara_ws/install/scara_gz_description/share/ament_index/resource_index/packages/scara_gz_description
[0.681s] -- Up-to-date symlink: /home/eia/repo/rbi_2025_2/scara/scara_ws/install/scara_gz_description/share/scara_gz_description/cmake/scara_gz_descriptionConfig.cmake
[0.682s] -- Up-to-date symlink: /home/eia/repo/rbi_2025_2/scara/scara_ws/install/scara_gz_description/share/scara_gz_description/cmake/scara_gz_descriptionConfig-version.cmake
[0.682s] -- Up-to-date symlink: /home/eia/repo/rbi_2025_2/scara/scara_ws/install/scara_gz_description/share/scara_gz_description/package.xml
[0.710s] Invoked command in '/home/eia/repo/rbi_2025_2/scara/scara_ws/build/scara_gz_description' returned '0': CMAKE_PREFIX_PATH=${CMAKE_PREFIX_PATH}:/home/eia/repo/rbi_2025_2/scara/scara_ws/install/scara_mujoco:/home/eia/repo/rbi_2025_2/abb/abb_ws/install/abb_path_controller:/home/eia/repo/rbi_2025_2/abb/abb_ws/install/abb_mujoco_python:/home/eia/repo/rbi_2025_2/rov/rov_ws/install/rov_position_controller:/home/eia/repo/rbi_2025_2/rov/rov_ws/install/rov_path_generator:/home/eia/repo/rbi_2025_2/rov/rov_ws/install/rov_path_follower:/home/eia/repo/rbi_2025_2/rov/rov_ws/install/rov_attitude_controller:/opt/ros/humble /usr/bin/cmake --install /home/eia/repo/rbi_2025_2/scara/scara_ws/build/scara_gz_description
