[0.050s] Invoking command in '/home/eia/repo/rbi_2025_2/abb/abb_ws/build/abb_gz_bringup': CMAKE_PREFIX_PATH=${CMAKE_PREFIX_PATH}:/home/eia/repo/rbi_2025_2/abb/abb_ws/install/abb_mujoco:/home/eia/repo/rbi_2025_2/scara/scara_ws/install/scara_mujoco:/opt/ros/humble /usr/bin/cmake /home/eia/repo/rbi_2025_2/abb/abb_ws/src/abb_gz_bringup -DCMAKE_INSTALL_PREFIX=/home/eia/repo/rbi_2025_2/abb/abb_ws/install/abb_gz_bringup
[0.343s] -- The C compiler identification is GNU 11.4.0
[0.343s] -- The CXX compiler identification is GNU 11.4.0
[0.344s] -- Detecting C compiler ABI info
[0.345s] -- Detecting C compiler ABI info - done
[0.345s] -- Check for working C compiler: /usr/bin/cc - skipped
[0.346s] -- Detecting C compile features
[0.346s] -- Detecting C compile features - done
[0.346s] -- Detecting CXX compiler ABI info
[0.347s] -- Detecting CXX compiler ABI info - done
[0.347s] -- Check for working CXX compiler: /usr/bin/c++ - skipped
[0.348s] -- Detecting CXX compile features
[0.349s] -- Detecting CXX compile features - done
[0.349s] -- Found ament_cmake: 1.3.12 (/opt/ros/humble/share/ament_cmake/cmake)
[0.857s] -- Found Python3: /usr/bin/python3 (found version "3.10.12") found components: Interpreter 
[1.092s] -- Configuring done
[1.097s] -- Generating done
[1.100s] -- Build files have been written to: /home/eia/repo/rbi_2025_2/abb/abb_ws/build/abb_gz_bringup
[1.106s] Invoked command in '/home/eia/repo/rbi_2025_2/abb/abb_ws/build/abb_gz_bringup' returned '0': CMAKE_PREFIX_PATH=${CMAKE_PREFIX_PATH}:/home/eia/repo/rbi_2025_2/abb/abb_ws/install/abb_mujoco:/home/eia/repo/rbi_2025_2/scara/scara_ws/install/scara_mujoco:/opt/ros/humble /usr/bin/cmake /home/eia/repo/rbi_2025_2/abb/abb_ws/src/abb_gz_bringup -DCMAKE_INSTALL_PREFIX=/home/eia/repo/rbi_2025_2/abb/abb_ws/install/abb_gz_bringup
[1.108s] Invoking command in '/home/eia/repo/rbi_2025_2/abb/abb_ws/build/abb_gz_bringup': CMAKE_PREFIX_PATH=${CMAKE_PREFIX_PATH}:/home/eia/repo/rbi_2025_2/abb/abb_ws/install/abb_mujoco:/home/eia/repo/rbi_2025_2/scara/scara_ws/install/scara_mujoco:/opt/ros/humble /usr/bin/cmake --build /home/eia/repo/rbi_2025_2/abb/abb_ws/build/abb_gz_bringup -- -j12 -l12
[1.151s] Invoked command in '/home/eia/repo/rbi_2025_2/abb/abb_ws/build/abb_gz_bringup' returned '0': CMAKE_PREFIX_PATH=${CMAKE_PREFIX_PATH}:/home/eia/repo/rbi_2025_2/abb/abb_ws/install/abb_mujoco:/home/eia/repo/rbi_2025_2/scara/scara_ws/install/scara_mujoco:/opt/ros/humble /usr/bin/cmake --build /home/eia/repo/rbi_2025_2/abb/abb_ws/build/abb_gz_bringup -- -j12 -l12
[1.153s] Invoking command in '/home/eia/repo/rbi_2025_2/abb/abb_ws/build/abb_gz_bringup': CMAKE_PREFIX_PATH=${CMAKE_PREFIX_PATH}:/home/eia/repo/rbi_2025_2/abb/abb_ws/install/abb_mujoco:/home/eia/repo/rbi_2025_2/scara/scara_ws/install/scara_mujoco:/opt/ros/humble /usr/bin/cmake --install /home/eia/repo/rbi_2025_2/abb/abb_ws/build/abb_gz_bringup
[1.162s] -- Install configuration: ""
[1.163s] -- Installing: /home/eia/repo/rbi_2025_2/abb/abb_ws/install/abb_gz_bringup/share/abb_gz_bringup//launch
[1.163s] -- Installing: /home/eia/repo/rbi_2025_2/abb/abb_ws/install/abb_gz_bringup/share/abb_gz_bringup//launch/abb_launch.launch.xml
[1.163s] -- Installing: /home/eia/repo/rbi_2025_2/abb/abb_ws/install/abb_gz_bringup/share/abb_gz_bringup//config
[1.163s] -- Installing: /home/eia/repo/rbi_2025_2/abb/abb_ws/install/abb_gz_bringup/share/abb_gz_bringup//config/abb_config.rviz
[1.163s] -- Installing: /home/eia/repo/rbi_2025_2/abb/abb_ws/install/abb_gz_bringup/share/abb_gz_bringup//config/gazebo_bridge.yaml
[1.164s] -- Installing: /home/eia/repo/rbi_2025_2/abb/abb_ws/install/abb_gz_bringup/share/abb_gz_bringup//config/controllers.yaml
[1.164s] -- Installing: /home/eia/repo/rbi_2025_2/abb/abb_ws/install/abb_gz_bringup/share/ament_index/resource_index/package_run_dependencies/abb_gz_bringup
[1.164s] -- Installing: /home/eia/repo/rbi_2025_2/abb/abb_ws/install/abb_gz_bringup/share/ament_index/resource_index/parent_prefix_path/abb_gz_bringup
[1.164s] -- Installing: /home/eia/repo/rbi_2025_2/abb/abb_ws/install/abb_gz_bringup/share/abb_gz_bringup/environment/ament_prefix_path.sh
[1.165s] -- Installing: /home/eia/repo/rbi_2025_2/abb/abb_ws/install/abb_gz_bringup/share/abb_gz_bringup/environment/ament_prefix_path.dsv
[1.165s] -- Installing: /home/eia/repo/rbi_2025_2/abb/abb_ws/install/abb_gz_bringup/share/abb_gz_bringup/environment/path.sh
[1.166s] -- Installing: /home/eia/repo/rbi_2025_2/abb/abb_ws/install/abb_gz_bringup/share/abb_gz_bringup/environment/path.dsv
[1.166s] -- Installing: /home/eia/repo/rbi_2025_2/abb/abb_ws/install/abb_gz_bringup/share/abb_gz_bringup/local_setup.bash
[1.166s] -- Installing: /home/eia/repo/rbi_2025_2/abb/abb_ws/install/abb_gz_bringup/share/abb_gz_bringup/local_setup.sh
[1.166s] -- Installing: /home/eia/repo/rbi_2025_2/abb/abb_ws/install/abb_gz_bringup/share/abb_gz_bringup/local_setup.zsh
[1.166s] -- Installing: /home/eia/repo/rbi_2025_2/abb/abb_ws/install/abb_gz_bringup/share/abb_gz_bringup/local_setup.dsv
[1.166s] -- Installing: /home/eia/repo/rbi_2025_2/abb/abb_ws/install/abb_gz_bringup/share/abb_gz_bringup/package.dsv
[1.167s] -- Installing: /home/eia/repo/rbi_2025_2/abb/abb_ws/install/abb_gz_bringup/share/ament_index/resource_index/packages/abb_gz_bringup
[1.167s] -- Installing: /home/eia/repo/rbi_2025_2/abb/abb_ws/install/abb_gz_bringup/share/abb_gz_bringup/cmake/abb_gz_bringupConfig.cmake
[1.167s] -- Installing: /home/eia/repo/rbi_2025_2/abb/abb_ws/install/abb_gz_bringup/share/abb_gz_bringup/cmake/abb_gz_bringupConfig-version.cmake
[1.167s] -- Installing: /home/eia/repo/rbi_2025_2/abb/abb_ws/install/abb_gz_bringup/share/abb_gz_bringup/package.xml
[1.168s] Invoked command in '/home/eia/repo/rbi_2025_2/abb/abb_ws/build/abb_gz_bringup' returned '0': CMAKE_PREFIX_PATH=${CMAKE_PREFIX_PATH}:/home/eia/repo/rbi_2025_2/abb/abb_ws/install/abb_mujoco:/home/eia/repo/rbi_2025_2/scara/scara_ws/install/scara_mujoco:/opt/ros/humble /usr/bin/cmake --install /home/eia/repo/rbi_2025_2/abb/abb_ws/build/abb_gz_bringup
