[0.017s] Invoking command in '/home/eia/repo/rbi_2025_2/rov_ws/build/rov_sim': CMAKE_PREFIX_PATH=${CMAKE_PREFIX_PATH}:/opt/ros/humble /usr/bin/cmake --build /home/eia/repo/rbi_2025_2/rov_ws/build/rov_sim -- -j12 -l12
[0.059s] [35m[1mConsolidate compiler generated dependencies of target rov_mujoco_sim[0m
[0.075s] [ 50%] [32mBuilding CXX object CMakeFiles/rov_mujoco_sim.dir/src/mujoco_interface.cpp.o[0m
[9.895s] [100%] [32m[1mLinking CXX executable rov_mujoco_sim[0m
[10.226s] [100%] Built target rov_mujoco_sim
[10.238s] Invoked command in '/home/eia/repo/rbi_2025_2/rov_ws/build/rov_sim' returned '0': CMAKE_PREFIX_PATH=${CMAKE_PREFIX_PATH}:/opt/ros/humble /usr/bin/cmake --build /home/eia/repo/rbi_2025_2/rov_ws/build/rov_sim -- -j12 -l12
[10.249s] Invoking command in '/home/eia/repo/rbi_2025_2/rov_ws/build/rov_sim': CMAKE_PREFIX_PATH=${CMAKE_PREFIX_PATH}:/opt/ros/humble /usr/bin/cmake --install /home/eia/repo/rbi_2025_2/rov_ws/build/rov_sim
[10.256s] -- Install configuration: ""
[10.256s] -- Execute custom install script
[10.257s] -- Up-to-date symlink: /home/eia/repo/rbi_2025_2/rov_ws/install/rov_sim/lib/rov_sim/rov_mujoco_sim
[10.257s] -- Up-to-date symlink: /home/eia/repo/rbi_2025_2/rov_ws/install/rov_sim/share/ament_index/resource_index/package_run_dependencies/rov_sim
[10.257s] -- Up-to-date symlink: /home/eia/repo/rbi_2025_2/rov_ws/install/rov_sim/share/ament_index/resource_index/parent_prefix_path/rov_sim
[10.257s] -- Up-to-date symlink: /home/eia/repo/rbi_2025_2/rov_ws/install/rov_sim/share/rov_sim/environment/ament_prefix_path.sh
[10.258s] -- Up-to-date symlink: /home/eia/repo/rbi_2025_2/rov_ws/install/rov_sim/share/rov_sim/environment/ament_prefix_path.dsv
[10.258s] -- Up-to-date symlink: /home/eia/repo/rbi_2025_2/rov_ws/install/rov_sim/share/rov_sim/environment/path.sh
[10.258s] -- Up-to-date symlink: /home/eia/repo/rbi_2025_2/rov_ws/install/rov_sim/share/rov_sim/environment/path.dsv
[10.258s] -- Up-to-date symlink: /home/eia/repo/rbi_2025_2/rov_ws/install/rov_sim/share/rov_sim/local_setup.bash
[10.258s] -- Up-to-date symlink: /home/eia/repo/rbi_2025_2/rov_ws/install/rov_sim/share/rov_sim/local_setup.sh
[10.259s] -- Up-to-date symlink: /home/eia/repo/rbi_2025_2/rov_ws/install/rov_sim/share/rov_sim/local_setup.zsh
[10.259s] -- Up-to-date symlink: /home/eia/repo/rbi_2025_2/rov_ws/install/rov_sim/share/rov_sim/local_setup.dsv
[10.259s] -- Symlinking: /home/eia/repo/rbi_2025_2/rov_ws/install/rov_sim/share/rov_sim/package.dsv
[10.272s] -- Up-to-date symlink: /home/eia/repo/rbi_2025_2/rov_ws/install/rov_sim/share/ament_index/resource_index/packages/rov_sim
[10.273s] -- Up-to-date symlink: /home/eia/repo/rbi_2025_2/rov_ws/install/rov_sim/share/rov_sim/cmake/rov_simConfig.cmake
[10.273s] -- Up-to-date symlink: /home/eia/repo/rbi_2025_2/rov_ws/install/rov_sim/share/rov_sim/cmake/rov_simConfig-version.cmake
[10.273s] -- Up-to-date symlink: /home/eia/repo/rbi_2025_2/rov_ws/install/rov_sim/share/rov_sim/package.xml
[10.276s] Invoked command in '/home/eia/repo/rbi_2025_2/rov_ws/build/rov_sim' returned '0': CMAKE_PREFIX_PATH=${CMAKE_PREFIX_PATH}:/opt/ros/humble /usr/bin/cmake --install /home/eia/repo/rbi_2025_2/rov_ws/build/rov_sim
