[0.445s] Invoking command in '/scara_ws/build/scara_mujoco_sim': CMAKE_PREFIX_PATH=${CMAKE_PREFIX_PATH}:/scara_ws/install/scara_mujoco:/scara_ws/install/scara_ik_solver:/opt/ros/humble /usr/bin/cmake --build /scara_ws/build/scara_mujoco_sim -- -j12 -l12
[0.462s] -- Found ament_cmake: 1.3.12 (/opt/ros/humble/share/ament_cmake/cmake)
[0.597s] -- Found rclcpp: 16.0.14 (/opt/ros/humble/share/rclcpp/cmake)
[0.626s] -- Found rosidl_generator_c: 3.1.7 (/opt/ros/humble/share/rosidl_generator_c/cmake)
[0.629s] -- Found rosidl_adapter: 3.1.7 (/opt/ros/humble/share/rosidl_adapter/cmake)
[0.634s] -- Found rosidl_generator_cpp: 3.1.7 (/opt/ros/humble/share/rosidl_generator_cpp/cmake)
[0.643s] -- Using all available rosidl_typesupport_c: rosidl_typesupport_fastrtps_c;rosidl_typesupport_introspection_c
[0.654s] -- Using all available rosidl_typesupport_cpp: rosidl_typesupport_fastrtps_cpp;rosidl_typesupport_introspection_cpp
[0.685s] -- Found rmw_implementation_cmake: 6.1.2 (/opt/ros/humble/share/rmw_implementation_cmake/cmake)
[0.687s] -- Found rmw_fastrtps_cpp: 6.2.8 (/opt/ros/humble/share/rmw_fastrtps_cpp/cmake)
[0.800s] -- Using RMW implementation 'rmw_fastrtps_cpp' as default
[0.846s] -- Found rclcpp_lifecycle: 16.0.14 (/opt/ros/humble/share/rclcpp_lifecycle/cmake)
[0.861s] -- Found pluginlib: 5.1.0 (/opt/ros/humble/share/pluginlib/cmake)
[0.880s] -- Found geometry_msgs: 4.9.0 (/opt/ros/humble/share/geometry_msgs/cmake)
[0.893s] -- Found hardware_interface: 2.51.0 (/opt/ros/humble/share/hardware_interface/cmake)
[1.060s] -- Configuring done
[1.082s] -- Generating done
[1.089s] -- Build files have been written to: /scara_ws/build/scara_mujoco_sim
[1.110s] [35m[1mConsolidate compiler generated dependencies of target scara_mujoco_sim[0m
[1.124s] [ 50%] [32mBuilding CXX object CMakeFiles/scara_mujoco_sim.dir/src/mujoco_sim_interface.cpp.o[0m
[4.649s] [100%] [32m[1mLinking CXX shared library libscara_mujoco_sim.so[0m
[4.770s] [100%] Built target scara_mujoco_sim
[4.782s] Invoked command in '/scara_ws/build/scara_mujoco_sim' returned '0': CMAKE_PREFIX_PATH=${CMAKE_PREFIX_PATH}:/scara_ws/install/scara_mujoco:/scara_ws/install/scara_ik_solver:/opt/ros/humble /usr/bin/cmake --build /scara_ws/build/scara_mujoco_sim -- -j12 -l12
[4.783s] Invoking command in '/scara_ws/build/scara_mujoco_sim': CMAKE_PREFIX_PATH=${CMAKE_PREFIX_PATH}:/scara_ws/install/scara_mujoco:/scara_ws/install/scara_ik_solver:/opt/ros/humble /usr/bin/cmake --install /scara_ws/build/scara_mujoco_sim
[4.788s] -- Install configuration: ""
[4.788s] -- Installing: /scara_ws/install/scara_mujoco_sim/lib/libscara_mujoco_sim.so
[4.789s] -- Set runtime path of "/scara_ws/install/scara_mujoco_sim/lib/libscara_mujoco_sim.so" to "/scara_ws/src/scara_mujoco_sim/../../mujoco/lib"
[4.789s] -- Up-to-date: /scara_ws/install/scara_mujoco_sim/include/include
[4.789s] -- Up-to-date: /scara_ws/install/scara_mujoco_sim/include/include/scara_mujoco_sim
[4.789s] -- Installing: /scara_ws/install/scara_mujoco_sim/include/include/scara_mujoco_sim/mujoco_sim_interface.hpp
[4.789s] -- Up-to-date: /scara_ws/install/scara_mujoco_sim/share/scara_mujoco_sim/environment/library_path.sh
[4.789s] -- Installing: /scara_ws/install/scara_mujoco_sim/share/scara_mujoco_sim/environment/library_path.dsv
[4.789s] -- Up-to-date: /scara_ws/install/scara_mujoco_sim/share/scara_mujoco_sim/scara_hardware_interface.xml
[4.789s] -- Up-to-date: /scara_ws/install/scara_mujoco_sim/share/ament_index/resource_index/package_run_dependencies/scara_mujoco_sim
[4.789s] -- Installing: /scara_ws/install/scara_mujoco_sim/share/ament_index/resource_index/parent_prefix_path/scara_mujoco_sim
[4.789s] -- Up-to-date: /scara_ws/install/scara_mujoco_sim/share/scara_mujoco_sim/environment/ament_prefix_path.sh
[4.790s] -- Installing: /scara_ws/install/scara_mujoco_sim/share/scara_mujoco_sim/environment/ament_prefix_path.dsv
[4.790s] -- Up-to-date: /scara_ws/install/scara_mujoco_sim/share/scara_mujoco_sim/environment/path.sh
[4.790s] -- Installing: /scara_ws/install/scara_mujoco_sim/share/scara_mujoco_sim/environment/path.dsv
[4.790s] -- Up-to-date: /scara_ws/install/scara_mujoco_sim/share/scara_mujoco_sim/local_setup.bash
[4.790s] -- Up-to-date: /scara_ws/install/scara_mujoco_sim/share/scara_mujoco_sim/local_setup.sh
[4.790s] -- Up-to-date: /scara_ws/install/scara_mujoco_sim/share/scara_mujoco_sim/local_setup.zsh
[4.790s] -- Installing: /scara_ws/install/scara_mujoco_sim/share/scara_mujoco_sim/local_setup.dsv
[4.790s] -- Installing: /scara_ws/install/scara_mujoco_sim/share/scara_mujoco_sim/package.dsv
[4.790s] -- Up-to-date: /scara_ws/install/scara_mujoco_sim/share/ament_index/resource_index/packages/scara_mujoco_sim
[4.790s] -- Up-to-date: /scara_ws/install/scara_mujoco_sim/share/ament_index/resource_index/hardware_interface__pluginlib__plugin/scara_mujoco_sim
[4.790s] -- Up-to-date: /scara_ws/install/scara_mujoco_sim/share/scara_mujoco_sim/cmake/ament_cmake_export_libraries-extras.cmake
[4.790s] -- Up-to-date: /scara_ws/install/scara_mujoco_sim/share/scara_mujoco_sim/cmake/ament_cmake_export_dependencies-extras.cmake
[4.790s] -- Up-to-date: /scara_ws/install/scara_mujoco_sim/share/scara_mujoco_sim/cmake/scara_mujoco_simConfig.cmake
[4.790s] -- Up-to-date: /scara_ws/install/scara_mujoco_sim/share/scara_mujoco_sim/cmake/scara_mujoco_simConfig-version.cmake
[4.790s] -- Up-to-date: /scara_ws/install/scara_mujoco_sim/share/scara_mujoco_sim/package.xml
[4.792s] Invoked command in '/scara_ws/build/scara_mujoco_sim' returned '0': CMAKE_PREFIX_PATH=${CMAKE_PREFIX_PATH}:/scara_ws/install/scara_mujoco:/scara_ws/install/scara_ik_solver:/opt/ros/humble /usr/bin/cmake --install /scara_ws/build/scara_mujoco_sim
