[35m[1mConsolidate compiler generated dependencies of target rov_controllers[0m
[100%] Built target rov_controllers
-- Install configuration: ""
-- Installing: /rov_ws/install/rov_controllers/share/rov_controllers/rov_controller.xml
-- Installing: /rov_ws/install/rov_controllers/lib/librov_controllers.so
-- Set runtime path of "/rov_ws/install/rov_controllers/lib/librov_controllers.so" to ""
-- Installing: /rov_ws/install/rov_controllers/include/include
-- Installing: /rov_ws/install/rov_controllers/include/include/rov_controllers
-- Installing: /rov_ws/install/rov_controllers/include/include/rov_controllers/rov_forward_controller.hpp
-- Installing: /rov_ws/install/rov_controllers/share/rov_controllers/environment/library_path.sh
-- Installing: /rov_ws/install/rov_controllers/share/rov_controllers/environment/library_path.dsv
-- Installing: /rov_ws/install/rov_controllers/share/ament_index/resource_index/package_run_dependencies/rov_controllers
-- Installing: /rov_ws/install/rov_controllers/share/ament_index/resource_index/parent_prefix_path/rov_controllers
-- Installing: /rov_ws/install/rov_controllers/share/rov_controllers/environment/ament_prefix_path.sh
-- Installing: /rov_ws/install/rov_controllers/share/rov_controllers/environment/ament_prefix_path.dsv
-- Installing: /rov_ws/install/rov_controllers/share/rov_controllers/environment/path.sh
-- Installing: /rov_ws/install/rov_controllers/share/rov_controllers/environment/path.dsv
-- Installing: /rov_ws/install/rov_controllers/share/rov_controllers/local_setup.bash
-- Installing: /rov_ws/install/rov_controllers/share/rov_controllers/local_setup.sh
-- Installing: /rov_ws/install/rov_controllers/share/rov_controllers/local_setup.zsh
-- Installing: /rov_ws/install/rov_controllers/share/rov_controllers/local_setup.dsv
-- Installing: /rov_ws/install/rov_controllers/share/rov_controllers/package.dsv
-- Installing: /rov_ws/install/rov_controllers/share/ament_index/resource_index/packages/rov_controllers
-- Installing: /rov_ws/install/rov_controllers/share/ament_index/resource_index/controller_interface__pluginlib__plugin/rov_controllers
-- Installing: /rov_ws/install/rov_controllers/share/rov_controllers/cmake/ament_cmake_export_libraries-extras.cmake
-- Installing: /rov_ws/install/rov_controllers/share/rov_controllers/cmake/ament_cmake_export_dependencies-extras.cmake
-- Installing: /rov_ws/install/rov_controllers/share/rov_controllers/cmake/rov_controllersConfig.cmake
-- Installing: /rov_ws/install/rov_controllers/share/rov_controllers/cmake/rov_controllersConfig-version.cmake
-- Installing: /rov_ws/install/rov_controllers/share/rov_controllers/package.xml
