[0.416s] Invoking command in '/rov_ws/build/rov_controllers': CMAKE_PREFIX_PATH=/opt/ros/humble /usr/bin/cmake --build /rov_ws/build/rov_controllers -- -j12 -l12
[1.256s] [35m[1mConsolidate compiler generated dependencies of target rov_controllers[0m
[1.256s] [100%] Built target rov_controllers
[1.649s] Invoked command in '/rov_ws/build/rov_controllers' returned '0': CMAKE_PREFIX_PATH=/opt/ros/humble /usr/bin/cmake --build /rov_ws/build/rov_controllers -- -j12 -l12
[1.650s] Invoking command in '/rov_ws/build/rov_controllers': CMAKE_PREFIX_PATH=/opt/ros/humble /usr/bin/cmake --install /rov_ws/build/rov_controllers
[1.666s] -- Install configuration: ""
[1.667s] -- Installing: /rov_ws/install/rov_controllers/share/rov_controllers/rov_controller.xml
[1.667s] -- Installing: /rov_ws/install/rov_controllers/lib/librov_controllers.so
[1.677s] -- Set runtime path of "/rov_ws/install/rov_controllers/lib/librov_controllers.so" to ""
[1.677s] -- Installing: /rov_ws/install/rov_controllers/include/include
[1.678s] -- Installing: /rov_ws/install/rov_controllers/include/include/rov_controllers
[1.678s] -- Installing: /rov_ws/install/rov_controllers/include/include/rov_controllers/rov_forward_controller.hpp
[1.678s] -- Installing: /rov_ws/install/rov_controllers/share/rov_controllers/environment/library_path.sh
[1.678s] -- Installing: /rov_ws/install/rov_controllers/share/rov_controllers/environment/library_path.dsv
[1.678s] -- Installing: /rov_ws/install/rov_controllers/share/ament_index/resource_index/package_run_dependencies/rov_controllers
[1.679s] -- Installing: /rov_ws/install/rov_controllers/share/ament_index/resource_index/parent_prefix_path/rov_controllers
[1.679s] -- Installing: /rov_ws/install/rov_controllers/share/rov_controllers/environment/ament_prefix_path.sh
[1.679s] -- Installing: /rov_ws/install/rov_controllers/share/rov_controllers/environment/ament_prefix_path.dsv
[1.679s] -- Installing: /rov_ws/install/rov_controllers/share/rov_controllers/environment/path.sh
[1.680s] -- Installing: /rov_ws/install/rov_controllers/share/rov_controllers/environment/path.dsv
[1.680s] -- Installing: /rov_ws/install/rov_controllers/share/rov_controllers/local_setup.bash
[1.680s] -- Installing: /rov_ws/install/rov_controllers/share/rov_controllers/local_setup.sh
[1.681s] -- Installing: /rov_ws/install/rov_controllers/share/rov_controllers/local_setup.zsh
[1.682s] -- Installing: /rov_ws/install/rov_controllers/share/rov_controllers/local_setup.dsv
[1.682s] -- Installing: /rov_ws/install/rov_controllers/share/rov_controllers/package.dsv
[1.682s] -- Installing: /rov_ws/install/rov_controllers/share/ament_index/resource_index/packages/rov_controllers
[1.682s] -- Installing: /rov_ws/install/rov_controllers/share/ament_index/resource_index/controller_interface__pluginlib__plugin/rov_controllers
[1.682s] -- Installing: /rov_ws/install/rov_controllers/share/rov_controllers/cmake/ament_cmake_export_libraries-extras.cmake
[1.683s] -- Installing: /rov_ws/install/rov_controllers/share/rov_controllers/cmake/ament_cmake_export_dependencies-extras.cmake
[1.683s] -- Installing: /rov_ws/install/rov_controllers/share/rov_controllers/cmake/rov_controllersConfig.cmake
[1.683s] -- Installing: /rov_ws/install/rov_controllers/share/rov_controllers/cmake/rov_controllersConfig-version.cmake
[1.683s] -- Installing: /rov_ws/install/rov_controllers/share/rov_controllers/package.xml
[1.749s] Invoked command in '/rov_ws/build/rov_controllers' returned '0': CMAKE_PREFIX_PATH=/opt/ros/humble /usr/bin/cmake --install /rov_ws/build/rov_controllers
