[0.019s] Invoking command in '/home/eia/repo/rbi_2025_2/rov_ws/build/rov_sim': CMAKE_PREFIX_PATH=/opt/ros/humble /usr/bin/cmake --build /home/eia/repo/rbi_2025_2/rov_ws/build/rov_sim -- -j12 -l12
[0.086s] [35m[1mConsolidate compiler generated dependencies of target rov_mujoco_sim[0m
[0.106s] [ 50%] [32mBuilding CXX object CMakeFiles/rov_mujoco_sim.dir/src/mujoco_interface.cpp.o[0m
[9.306s] [100%] [32m[1mLinking CXX executable rov_mujoco_sim[0m
[9.832s] [100%] Built target rov_mujoco_sim
[9.844s] Invoked command in '/home/eia/repo/rbi_2025_2/rov_ws/build/rov_sim' returned '0': CMAKE_PREFIX_PATH=/opt/ros/humble /usr/bin/cmake --build /home/eia/repo/rbi_2025_2/rov_ws/build/rov_sim -- -j12 -l12
[9.855s] Invoking command in '/home/eia/repo/rbi_2025_2/rov_ws/build/rov_sim': CMAKE_PREFIX_PATH=/opt/ros/humble /usr/bin/cmake --install /home/eia/repo/rbi_2025_2/rov_ws/build/rov_sim
[9.862s] -- Install configuration: ""
[9.863s] -- Execute custom install script
[9.863s] -- Up-to-date symlink: /home/eia/repo/rbi_2025_2/rov_ws/install/rov_sim/lib/rov_sim/rov_mujoco_sim
[9.864s] -- Up-to-date symlink: /home/eia/repo/rbi_2025_2/rov_ws/install/rov_sim/share/ament_index/resource_index/package_run_dependencies/rov_sim
[9.864s] -- Up-to-date symlink: /home/eia/repo/rbi_2025_2/rov_ws/install/rov_sim/share/ament_index/resource_index/parent_prefix_path/rov_sim
[9.864s] -- Up-to-date symlink: /home/eia/repo/rbi_2025_2/rov_ws/install/rov_sim/share/rov_sim/environment/ament_prefix_path.sh
[9.864s] -- Up-to-date symlink: /home/eia/repo/rbi_2025_2/rov_ws/install/rov_sim/share/rov_sim/environment/ament_prefix_path.dsv
[9.865s] -- Up-to-date symlink: /home/eia/repo/rbi_2025_2/rov_ws/install/rov_sim/share/rov_sim/environment/path.sh
[9.865s] -- Up-to-date symlink: /home/eia/repo/rbi_2025_2/rov_ws/install/rov_sim/share/rov_sim/environment/path.dsv
[9.865s] -- Up-to-date symlink: /home/eia/repo/rbi_2025_2/rov_ws/install/rov_sim/share/rov_sim/local_setup.bash
[9.865s] -- Up-to-date symlink: /home/eia/repo/rbi_2025_2/rov_ws/install/rov_sim/share/rov_sim/local_setup.sh
[9.866s] -- Up-to-date symlink: /home/eia/repo/rbi_2025_2/rov_ws/install/rov_sim/share/rov_sim/local_setup.zsh
[9.866s] -- Up-to-date symlink: /home/eia/repo/rbi_2025_2/rov_ws/install/rov_sim/share/rov_sim/local_setup.dsv
[9.867s] -- Symlinking: /home/eia/repo/rbi_2025_2/rov_ws/install/rov_sim/share/rov_sim/package.dsv
[9.877s] -- Up-to-date symlink: /home/eia/repo/rbi_2025_2/rov_ws/install/rov_sim/share/ament_index/resource_index/packages/rov_sim
[9.877s] -- Up-to-date symlink: /home/eia/repo/rbi_2025_2/rov_ws/install/rov_sim/share/rov_sim/cmake/rov_simConfig.cmake
[9.878s] -- Up-to-date symlink: /home/eia/repo/rbi_2025_2/rov_ws/install/rov_sim/share/rov_sim/cmake/rov_simConfig-version.cmake
[9.878s] -- Up-to-date symlink: /home/eia/repo/rbi_2025_2/rov_ws/install/rov_sim/share/rov_sim/package.xml
[9.880s] Invoked command in '/home/eia/repo/rbi_2025_2/rov_ws/build/rov_sim' returned '0': CMAKE_PREFIX_PATH=/opt/ros/humble /usr/bin/cmake --install /home/eia/repo/rbi_2025_2/rov_ws/build/rov_sim
