[0.266s] Invoking command in '/home/eia/repo/rbi_2025_2/abb/abb_ws/build/abb_mujoco_sim': CMAKE_PREFIX_PATH=${CMAKE_PREFIX_PATH}:/home/eia/repo/rbi_2025_2/scara/scara_ws/install/scara_mujoco:/opt/ros/humble /usr/bin/cmake /home/eia/repo/rbi_2025_2/abb/abb_ws/src/abb_mujoco_sim -DCMAKE_INSTALL_PREFIX=/home/eia/repo/rbi_2025_2/abb/abb_ws/install/abb_mujoco_sim
[0.337s] -- The C compiler identification is GNU 11.4.0
[0.406s] -- The CXX compiler identification is GNU 11.4.0
[0.416s] -- Detecting C compiler ABI info
[0.489s] -- Detecting C compiler ABI info - done
[0.502s] -- Check for working C compiler: /usr/bin/cc - skipped
[0.503s] -- Detecting C compile features
[0.503s] -- Detecting C compile features - done
[0.507s] -- Detecting CXX compiler ABI info
[0.599s] -- Detecting CXX compiler ABI info - done
[0.614s] -- Check for working CXX compiler: /usr/bin/c++ - skipped
[0.614s] -- Detecting CXX compile features
[0.615s] -- Detecting CXX compile features - done
[0.620s] -- Found ament_cmake: 1.3.12 (/opt/ros/humble/share/ament_cmake/cmake)
[1.145s] -- Found Python3: /usr/bin/python3 (found version "3.10.12") found components: Interpreter 
[1.267s] -- Found PkgConfig: /usr/bin/pkg-config (found version "0.29.2") 
[1.268s] -- Checking for module 'glfw3'
[1.279s] --   Found glfw3, version 3.3.6
[1.308s] -- Found rclcpp: 16.0.14 (/opt/ros/humble/share/rclcpp/cmake)
[1.357s] -- Found rosidl_generator_c: 3.1.7 (/opt/ros/humble/share/rosidl_generator_c/cmake)
[1.364s] -- Found rosidl_adapter: 3.1.7 (/opt/ros/humble/share/rosidl_adapter/cmake)
[1.375s] -- Found rosidl_generator_cpp: 3.1.7 (/opt/ros/humble/share/rosidl_generator_cpp/cmake)
[1.391s] -- Using all available rosidl_typesupport_c: rosidl_typesupport_fastrtps_c;rosidl_typesupport_introspection_c
[1.412s] -- Using all available rosidl_typesupport_cpp: rosidl_typesupport_fastrtps_cpp;rosidl_typesupport_introspection_cpp
[1.494s] -- Found rmw_implementation_cmake: 6.1.2 (/opt/ros/humble/share/rmw_implementation_cmake/cmake)
[1.497s] -- Found rmw_fastrtps_cpp: 6.2.8 (/opt/ros/humble/share/rmw_fastrtps_cpp/cmake)
[1.583s] -- Found OpenSSL: /usr/lib/x86_64-linux-gnu/libcrypto.so (found version "3.0.2")  
[1.613s] -- Found FastRTPS: /opt/ros/humble/include  
[1.655s] -- Using RMW implementation 'rmw_fastrtps_cpp' as default
[1.665s] -- Looking for pthread.h
[1.723s] -- Looking for pthread.h - found
[1.723s] -- Performing Test CMAKE_HAVE_LIBC_PTHREAD
[1.779s] -- Performing Test CMAKE_HAVE_LIBC_PTHREAD - Success
[1.780s] -- Found Threads: TRUE  
[1.835s] -- Found rclcpp_lifecycle: 16.0.14 (/opt/ros/humble/share/rclcpp_lifecycle/cmake)
[1.858s] -- Found pluginlib: 5.1.0 (/opt/ros/humble/share/pluginlib/cmake)
[1.887s] -- Found geometry_msgs: 4.9.0 (/opt/ros/humble/share/geometry_msgs/cmake)
[1.902s] -- Found hardware_interface: 2.51.0 (/opt/ros/humble/share/hardware_interface/cmake)
[2.101s] -- Configuring done
[2.118s] -- Generating done
[2.122s] -- Build files have been written to: /home/eia/repo/rbi_2025_2/abb/abb_ws/build/abb_mujoco_sim
[2.130s] Invoked command in '/home/eia/repo/rbi_2025_2/abb/abb_ws/build/abb_mujoco_sim' returned '0': CMAKE_PREFIX_PATH=${CMAKE_PREFIX_PATH}:/home/eia/repo/rbi_2025_2/scara/scara_ws/install/scara_mujoco:/opt/ros/humble /usr/bin/cmake /home/eia/repo/rbi_2025_2/abb/abb_ws/src/abb_mujoco_sim -DCMAKE_INSTALL_PREFIX=/home/eia/repo/rbi_2025_2/abb/abb_ws/install/abb_mujoco_sim
[2.131s] Invoking command in '/home/eia/repo/rbi_2025_2/abb/abb_ws/build/abb_mujoco_sim': CMAKE_PREFIX_PATH=${CMAKE_PREFIX_PATH}:/home/eia/repo/rbi_2025_2/scara/scara_ws/install/scara_mujoco:/opt/ros/humble /usr/bin/cmake --build /home/eia/repo/rbi_2025_2/abb/abb_ws/build/abb_mujoco_sim -- -j12 -l12
[2.178s] [ 50%] [32mBuilding CXX object CMakeFiles/abb_mujoco_sim.dir/src/mujoco_sim_interface.cpp.o[0m
[6.047s] [100%] [32m[1mLinking CXX shared library libabb_mujoco_sim.so[0m
[6.200s] [100%] Built target abb_mujoco_sim
[6.212s] Invoked command in '/home/eia/repo/rbi_2025_2/abb/abb_ws/build/abb_mujoco_sim' returned '0': CMAKE_PREFIX_PATH=${CMAKE_PREFIX_PATH}:/home/eia/repo/rbi_2025_2/scara/scara_ws/install/scara_mujoco:/opt/ros/humble /usr/bin/cmake --build /home/eia/repo/rbi_2025_2/abb/abb_ws/build/abb_mujoco_sim -- -j12 -l12
[6.214s] Invoking command in '/home/eia/repo/rbi_2025_2/abb/abb_ws/build/abb_mujoco_sim': CMAKE_PREFIX_PATH=${CMAKE_PREFIX_PATH}:/home/eia/repo/rbi_2025_2/scara/scara_ws/install/scara_mujoco:/opt/ros/humble /usr/bin/cmake --install /home/eia/repo/rbi_2025_2/abb/abb_ws/build/abb_mujoco_sim
[6.220s] -- Install configuration: ""
[6.220s] -- Installing: /home/eia/repo/rbi_2025_2/abb/abb_ws/install/abb_mujoco_sim/share/abb_mujoco_sim/abb_hardware_interface.xml
[6.220s] -- Installing: /home/eia/repo/rbi_2025_2/abb/abb_ws/install/abb_mujoco_sim/lib/libabb_mujoco_sim.so
[6.221s] -- Set runtime path of "/home/eia/repo/rbi_2025_2/abb/abb_ws/install/abb_mujoco_sim/lib/libabb_mujoco_sim.so" to "/home/eia/repo/rbi_2025_2/abb/abb_ws/src/abb_mujoco_sim/../../mujoco/lib"
[6.221s] -- Installing: /home/eia/repo/rbi_2025_2/abb/abb_ws/install/abb_mujoco_sim/include/include
[6.221s] -- Installing: /home/eia/repo/rbi_2025_2/abb/abb_ws/install/abb_mujoco_sim/include/include/abb_mujoco_sim
[6.221s] -- Installing: /home/eia/repo/rbi_2025_2/abb/abb_ws/install/abb_mujoco_sim/include/include/abb_mujoco_sim/mujoco_sim_interface.hpp
[6.221s] -- Installing: /home/eia/repo/rbi_2025_2/abb/abb_ws/install/abb_mujoco_sim/share/abb_mujoco_sim/environment/library_path.sh
[6.221s] -- Installing: /home/eia/repo/rbi_2025_2/abb/abb_ws/install/abb_mujoco_sim/share/abb_mujoco_sim/environment/library_path.dsv
[6.221s] -- Installing: /home/eia/repo/rbi_2025_2/abb/abb_ws/install/abb_mujoco_sim/share/ament_index/resource_index/package_run_dependencies/abb_mujoco_sim
[6.221s] -- Installing: /home/eia/repo/rbi_2025_2/abb/abb_ws/install/abb_mujoco_sim/share/ament_index/resource_index/parent_prefix_path/abb_mujoco_sim
[6.222s] -- Installing: /home/eia/repo/rbi_2025_2/abb/abb_ws/install/abb_mujoco_sim/share/abb_mujoco_sim/environment/ament_prefix_path.sh
[6.222s] -- Installing: /home/eia/repo/rbi_2025_2/abb/abb_ws/install/abb_mujoco_sim/share/abb_mujoco_sim/environment/ament_prefix_path.dsv
[6.222s] -- Installing: /home/eia/repo/rbi_2025_2/abb/abb_ws/install/abb_mujoco_sim/share/abb_mujoco_sim/environment/path.sh
[6.222s] -- Installing: /home/eia/repo/rbi_2025_2/abb/abb_ws/install/abb_mujoco_sim/share/abb_mujoco_sim/environment/path.dsv
[6.222s] -- Installing: /home/eia/repo/rbi_2025_2/abb/abb_ws/install/abb_mujoco_sim/share/abb_mujoco_sim/local_setup.bash
[6.222s] -- Installing: /home/eia/repo/rbi_2025_2/abb/abb_ws/install/abb_mujoco_sim/share/abb_mujoco_sim/local_setup.sh
[6.222s] -- Installing: /home/eia/repo/rbi_2025_2/abb/abb_ws/install/abb_mujoco_sim/share/abb_mujoco_sim/local_setup.zsh
[6.222s] -- Installing: /home/eia/repo/rbi_2025_2/abb/abb_ws/install/abb_mujoco_sim/share/abb_mujoco_sim/local_setup.dsv
[6.222s] -- Installing: /home/eia/repo/rbi_2025_2/abb/abb_ws/install/abb_mujoco_sim/share/abb_mujoco_sim/package.dsv
[6.222s] -- Installing: /home/eia/repo/rbi_2025_2/abb/abb_ws/install/abb_mujoco_sim/share/ament_index/resource_index/packages/abb_mujoco_sim
[6.222s] -- Installing: /home/eia/repo/rbi_2025_2/abb/abb_ws/install/abb_mujoco_sim/share/ament_index/resource_index/hardware_interface__pluginlib__plugin/abb_mujoco_sim
[6.222s] -- Installing: /home/eia/repo/rbi_2025_2/abb/abb_ws/install/abb_mujoco_sim/share/abb_mujoco_sim/cmake/ament_cmake_export_libraries-extras.cmake
[6.223s] -- Installing: /home/eia/repo/rbi_2025_2/abb/abb_ws/install/abb_mujoco_sim/share/abb_mujoco_sim/cmake/ament_cmake_export_dependencies-extras.cmake
[6.223s] -- Installing: /home/eia/repo/rbi_2025_2/abb/abb_ws/install/abb_mujoco_sim/share/abb_mujoco_sim/cmake/abb_mujoco_simConfig.cmake
[6.223s] -- Installing: /home/eia/repo/rbi_2025_2/abb/abb_ws/install/abb_mujoco_sim/share/abb_mujoco_sim/cmake/abb_mujoco_simConfig-version.cmake
[6.223s] -- Installing: /home/eia/repo/rbi_2025_2/abb/abb_ws/install/abb_mujoco_sim/share/abb_mujoco_sim/package.xml
[6.225s] Invoked command in '/home/eia/repo/rbi_2025_2/abb/abb_ws/build/abb_mujoco_sim' returned '0': CMAKE_PREFIX_PATH=${CMAKE_PREFIX_PATH}:/home/eia/repo/rbi_2025_2/scara/scara_ws/install/scara_mujoco:/opt/ros/humble /usr/bin/cmake --install /home/eia/repo/rbi_2025_2/abb/abb_ws/build/abb_mujoco_sim
