[0.039s] Invoking command in '/home/eia/repo/rbi_2025_2/abb/abb_bridge/build/abb_rapid_sm_addin_msgs': AMENT_PREFIX_PATH=/home/eia/repo/rbi_2025_2/abb/abb_bridge/install/abb_rapid_msgs:${AMENT_PREFIX_PATH} CMAKE_PREFIX_PATH=/home/eia/repo/rbi_2025_2/abb/abb_bridge/install/abb_rapid_msgs:/opt/ros/humble LD_LIBRARY_PATH=/home/eia/repo/rbi_2025_2/abb/abb_bridge/install/abb_rapid_msgs/lib:${LD_LIBRARY_PATH} PYTHONPATH=/home/eia/repo/rbi_2025_2/abb/abb_bridge/install/abb_rapid_msgs/local/lib/python3.10/dist-packages:${PYTHONPATH} /usr/bin/cmake /home/eia/repo/rbi_2025_2/abb/abb_bridge/src/abb_ros2_msgs/abb_rapid_sm_addin_msgs -DCMAKE_INSTALL_PREFIX=/home/eia/repo/rbi_2025_2/abb/abb_bridge/install/abb_rapid_sm_addin_msgs
[0.218s] -- The C compiler identification is GNU 11.4.0
[0.408s] -- The CXX compiler identification is GNU 11.4.0
[0.437s] -- Detecting C compiler ABI info
[0.659s] -- Detecting C compiler ABI info - done
[0.714s] -- Check for working C compiler: /usr/bin/cc - skipped
[0.714s] -- Detecting C compile features
[0.715s] -- Detecting C compile features - done
[0.729s] -- Detecting CXX compiler ABI info
[1.020s] -- Detecting CXX compiler ABI info - done
[1.043s] -- Check for working CXX compiler: /usr/bin/c++ - skipped
[1.043s] -- Detecting CXX compile features
[1.045s] -- Detecting CXX compile features - done
[1.054s] -- Found ament_cmake: 1.3.12 (/opt/ros/humble/share/ament_cmake/cmake)
[2.424s] -- Found Python3: /usr/bin/python3 (found version "3.10.12") found components: Interpreter 
[2.638s] -- Found rosidl_default_generators: 1.2.0 (/opt/ros/humble/share/rosidl_default_generators/cmake)
[2.652s] -- Using all available rosidl_typesupport_c: rosidl_typesupport_fastrtps_c;rosidl_typesupport_introspection_c
[2.684s] -- Found rosidl_adapter: 3.1.7 (/opt/ros/humble/share/rosidl_adapter/cmake)
[2.875s] -- Using all available rosidl_typesupport_cpp: rosidl_typesupport_fastrtps_cpp;rosidl_typesupport_introspection_cpp
[3.012s] -- Found abb_rapid_msgs: 1.0.0 (/home/eia/repo/rbi_2025_2/abb/abb_bridge/install/abb_rapid_msgs/share/abb_rapid_msgs/cmake)
[3.058s] -- Found std_msgs: 4.9.0 (/opt/ros/humble/share/std_msgs/cmake)
[4.333s] -- Found ament_cmake_cppcheck: 0.12.14 (/opt/ros/humble/share/ament_cmake_cppcheck/cmake)
[4.344s] -- Found ament_cmake_cpplint: 0.12.14 (/opt/ros/humble/share/ament_cmake_cpplint/cmake)
[4.354s] -- Found ament_cmake_uncrustify: 0.12.14 (/opt/ros/humble/share/ament_cmake_uncrustify/cmake)
[4.367s] -- Found ament_cmake_ros: 0.10.0 (/opt/ros/humble/share/ament_cmake_ros/cmake)
[5.018s] -- Using all available rosidl_typesupport_c: rosidl_typesupport_fastrtps_c;rosidl_typesupport_introspection_c
[6.205s] -- Using all available rosidl_typesupport_cpp: rosidl_typesupport_fastrtps_cpp;rosidl_typesupport_introspection_cpp
[6.275s] -- Found PythonInterp: /usr/bin/python3 (found suitable version "3.10.12", minimum required is "3.6") 
[6.278s] -- Found python_cmake_module: 0.10.0 (/opt/ros/humble/share/python_cmake_module/cmake)
[6.330s] -- Found PythonLibs: /usr/lib/x86_64-linux-gnu/libpython3.10.so (found suitable version "3.10.12", minimum required is "3.5") 
[6.331s] -- Using PYTHON_EXECUTABLE: /usr/bin/python3
[6.331s] -- Using PYTHON_INCLUDE_DIRS: /usr/include/python3.10
[6.331s] -- Using PYTHON_LIBRARIES: /usr/lib/x86_64-linux-gnu/libpython3.10.so
[6.409s] -- Found PythonExtra: .so  
[6.556s] -- Found ament_cmake_flake8: 0.12.14 (/opt/ros/humble/share/ament_cmake_flake8/cmake)
[6.561s] -- Found ament_cmake_pep257: 0.12.14 (/opt/ros/humble/share/ament_cmake_pep257/cmake)
[6.576s] -- Configuring done
[6.693s] -- Generating done
[6.728s] -- Build files have been written to: /home/eia/repo/rbi_2025_2/abb/abb_bridge/build/abb_rapid_sm_addin_msgs
[6.744s] Invoked command in '/home/eia/repo/rbi_2025_2/abb/abb_bridge/build/abb_rapid_sm_addin_msgs' returned '0': AMENT_PREFIX_PATH=/home/eia/repo/rbi_2025_2/abb/abb_bridge/install/abb_rapid_msgs:${AMENT_PREFIX_PATH} CMAKE_PREFIX_PATH=/home/eia/repo/rbi_2025_2/abb/abb_bridge/install/abb_rapid_msgs:/opt/ros/humble LD_LIBRARY_PATH=/home/eia/repo/rbi_2025_2/abb/abb_bridge/install/abb_rapid_msgs/lib:${LD_LIBRARY_PATH} PYTHONPATH=/home/eia/repo/rbi_2025_2/abb/abb_bridge/install/abb_rapid_msgs/local/lib/python3.10/dist-packages:${PYTHONPATH} /usr/bin/cmake /home/eia/repo/rbi_2025_2/abb/abb_bridge/src/abb_ros2_msgs/abb_rapid_sm_addin_msgs -DCMAKE_INSTALL_PREFIX=/home/eia/repo/rbi_2025_2/abb/abb_bridge/install/abb_rapid_sm_addin_msgs
[6.753s] Invoking command in '/home/eia/repo/rbi_2025_2/abb/abb_bridge/build/abb_rapid_sm_addin_msgs': AMENT_PREFIX_PATH=/home/eia/repo/rbi_2025_2/abb/abb_bridge/install/abb_rapid_msgs:${AMENT_PREFIX_PATH} CMAKE_PREFIX_PATH=/home/eia/repo/rbi_2025_2/abb/abb_bridge/install/abb_rapid_msgs:/opt/ros/humble LD_LIBRARY_PATH=/home/eia/repo/rbi_2025_2/abb/abb_bridge/install/abb_rapid_msgs/lib:${LD_LIBRARY_PATH} PYTHONPATH=/home/eia/repo/rbi_2025_2/abb/abb_bridge/install/abb_rapid_msgs/local/lib/python3.10/dist-packages:${PYTHONPATH} /usr/bin/cmake --build /home/eia/repo/rbi_2025_2/abb/abb_bridge/build/abb_rapid_sm_addin_msgs -- -j12 -l12
[6.843s] [  1%] [34m[1mGenerating C code for ROS interfaces[0m
[6.859s] [  1%] [34m[1mGenerating C++ code for ROS interfaces[0m
[6.898s] [  1%] Built target ament_cmake_python_copy_abb_rapid_sm_addin_msgs
[7.344s] running egg_info
[7.345s] creating abb_rapid_sm_addin_msgs.egg-info
[7.368s] writing abb_rapid_sm_addin_msgs.egg-info/PKG-INFO
[7.368s] writing dependency_links to abb_rapid_sm_addin_msgs.egg-info/dependency_links.txt
[7.368s] writing top-level names to abb_rapid_sm_addin_msgs.egg-info/top_level.txt
[7.369s] writing manifest file 'abb_rapid_sm_addin_msgs.egg-info/SOURCES.txt'
[7.438s] reading manifest file 'abb_rapid_sm_addin_msgs.egg-info/SOURCES.txt'
[7.438s] writing manifest file 'abb_rapid_sm_addin_msgs.egg-info/SOURCES.txt'
[7.468s] [  1%] Built target ament_cmake_python_build_abb_rapid_sm_addin_msgs_egg
[9.027s] [  1%] Built target abb_rapid_sm_addin_msgs__cpp
[9.036s] [  2%] [34m[1mGenerating C++ type support dispatch for ROS interfaces[0m
[9.037s] [  3%] [34m[1mGenerating C++ introspection for ROS interfaces[0m
[9.037s] [  3%] [34m[1mGenerating C++ type support for eProsima Fast-RTPS[0m
[9.274s] [  6%] [32mBuilding C object CMakeFiles/abb_rapid_sm_addin_msgs__rosidl_generator_c.dir/rosidl_generator_c/abb_rapid_sm_addin_msgs/msg/detail/egm_settings__functions.c.o[0m
[9.274s] [  6%] [32mBuilding C object CMakeFiles/abb_rapid_sm_addin_msgs__rosidl_generator_c.dir/rosidl_generator_c/abb_rapid_sm_addin_msgs/msg/detail/egm_setup_settings__functions.c.o[0m
[9.274s] [  6%] [32mBuilding C object CMakeFiles/abb_rapid_sm_addin_msgs__rosidl_generator_c.dir/rosidl_generator_c/abb_rapid_sm_addin_msgs/msg/detail/egm_stop_settings__functions.c.o[0m
[9.274s] [  7%] [32mBuilding C object CMakeFiles/abb_rapid_sm_addin_msgs__rosidl_generator_c.dir/rosidl_generator_c/abb_rapid_sm_addin_msgs/msg/detail/state_machine_state__functions.c.o[0m
[9.274s] [  8%] [32mBuilding C object CMakeFiles/abb_rapid_sm_addin_msgs__rosidl_generator_c.dir/rosidl_generator_c/abb_rapid_sm_addin_msgs/msg/detail/runtime_state__functions.c.o[0m
[9.277s] [  9%] [32mBuilding C object CMakeFiles/abb_rapid_sm_addin_msgs__rosidl_generator_c.dir/rosidl_generator_c/abb_rapid_sm_addin_msgs/msg/detail/egm_activate_settings__functions.c.o[0m
[9.277s] [ 10%] [32mBuilding C object CMakeFiles/abb_rapid_sm_addin_msgs__rosidl_generator_c.dir/rosidl_generator_c/abb_rapid_sm_addin_msgs/msg/detail/egm_run_settings__functions.c.o[0m
[9.279s] [  9%] [32mBuilding C object CMakeFiles/abb_rapid_sm_addin_msgs__rosidl_generator_c.dir/rosidl_generator_c/abb_rapid_sm_addin_msgs/srv/detail/get_egm_settings__functions.c.o[0m
[9.282s] [ 11%] [32mBuilding C object CMakeFiles/abb_rapid_sm_addin_msgs__rosidl_generator_c.dir/rosidl_generator_c/abb_rapid_sm_addin_msgs/srv/detail/set_egm_settings__functions.c.o[0m
[9.356s] [ 12%] [32mBuilding C object CMakeFiles/abb_rapid_sm_addin_msgs__rosidl_generator_c.dir/rosidl_generator_c/abb_rapid_sm_addin_msgs/srv/detail/set_rapid_routine__functions.c.o[0m
[9.360s] [ 13%] [32mBuilding C object CMakeFiles/abb_rapid_sm_addin_msgs__rosidl_generator_c.dir/rosidl_generator_c/abb_rapid_sm_addin_msgs/srv/detail/set_sg_command__functions.c.o[0m
[9.449s] [ 14%] [32m[1mLinking C shared library libabb_rapid_sm_addin_msgs__rosidl_generator_c.so[0m
[9.488s] [ 14%] Built target abb_rapid_sm_addin_msgs__rosidl_generator_c
[9.499s] [ 15%] [34m[1mGenerating C introspection for ROS interfaces[0m
[9.499s] [ 16%] [34m[1mGenerating C type support dispatch for ROS interfaces[0m
[9.503s] [ 17%] [34m[1mGenerating C type support for eProsima Fast-RTPS[0m
[10.778s] [ 19%] [32mBuilding CXX object CMakeFiles/abb_rapid_sm_addin_msgs__rosidl_typesupport_cpp.dir/rosidl_typesupport_cpp/abb_rapid_sm_addin_msgs/msg/egm_run_settings__type_support.cpp.o[0m
[10.779s] [ 19%] [32mBuilding CXX object CMakeFiles/abb_rapid_sm_addin_msgs__rosidl_typesupport_cpp.dir/rosidl_typesupport_cpp/abb_rapid_sm_addin_msgs/msg/egm_settings__type_support.cpp.o[0m
[10.779s] [ 20%] [32mBuilding CXX object CMakeFiles/abb_rapid_sm_addin_msgs__rosidl_typesupport_cpp.dir/rosidl_typesupport_cpp/abb_rapid_sm_addin_msgs/msg/egm_stop_settings__type_support.cpp.o[0m
[10.779s] [ 21%] [32mBuilding CXX object CMakeFiles/abb_rapid_sm_addin_msgs__rosidl_typesupport_cpp.dir/rosidl_typesupport_cpp/abb_rapid_sm_addin_msgs/msg/egm_activate_settings__type_support.cpp.o[0m
[10.779s] [ 22%] [32mBuilding CXX object CMakeFiles/abb_rapid_sm_addin_msgs__rosidl_typesupport_cpp.dir/rosidl_typesupport_cpp/abb_rapid_sm_addin_msgs/msg/egm_setup_settings__type_support.cpp.o[0m
[10.786s] [ 23%] [32mBuilding CXX object CMakeFiles/abb_rapid_sm_addin_msgs__rosidl_typesupport_cpp.dir/rosidl_typesupport_cpp/abb_rapid_sm_addin_msgs/msg/runtime_state__type_support.cpp.o[0m
[10.788s] [ 24%] [32mBuilding CXX object CMakeFiles/abb_rapid_sm_addin_msgs__rosidl_typesupport_cpp.dir/rosidl_typesupport_cpp/abb_rapid_sm_addin_msgs/msg/state_machine_state__type_support.cpp.o[0m
[11.279s] [ 24%] [32mBuilding CXX object CMakeFiles/abb_rapid_sm_addin_msgs__rosidl_typesupport_cpp.dir/rosidl_typesupport_cpp/abb_rapid_sm_addin_msgs/srv/get_egm_settings__type_support.cpp.o[0m
[11.293s] [ 25%] [32mBuilding CXX object CMakeFiles/abb_rapid_sm_addin_msgs__rosidl_typesupport_cpp.dir/rosidl_typesupport_cpp/abb_rapid_sm_addin_msgs/srv/set_egm_settings__type_support.cpp.o[0m
[11.325s] [ 26%] [32mBuilding CXX object CMakeFiles/abb_rapid_sm_addin_msgs__rosidl_typesupport_cpp.dir/rosidl_typesupport_cpp/abb_rapid_sm_addin_msgs/srv/set_rapid_routine__type_support.cpp.o[0m
[11.343s] [ 27%] [32mBuilding CXX object CMakeFiles/abb_rapid_sm_addin_msgs__rosidl_typesupport_cpp.dir/rosidl_typesupport_cpp/abb_rapid_sm_addin_msgs/srv/set_sg_command__type_support.cpp.o[0m
[11.377s] [ 28%] [32mBuilding CXX object CMakeFiles/abb_rapid_sm_addin_msgs__rosidl_typesupport_introspection_cpp.dir/rosidl_typesupport_introspection_cpp/abb_rapid_sm_addin_msgs/msg/detail/egm_activate_settings__type_support.cpp.o[0m
[11.445s] [ 28%] [32mBuilding CXX object CMakeFiles/abb_rapid_sm_addin_msgs__rosidl_typesupport_introspection_cpp.dir/rosidl_typesupport_introspection_cpp/abb_rapid_sm_addin_msgs/msg/detail/egm_run_settings__type_support.cpp.o[0m
[11.541s] [ 29%] [32mBuilding CXX object CMakeFiles/abb_rapid_sm_addin_msgs__rosidl_typesupport_introspection_cpp.dir/rosidl_typesupport_introspection_cpp/abb_rapid_sm_addin_msgs/msg/detail/egm_settings__type_support.cpp.o[0m
[11.639s] [ 30%] [32mBuilding CXX object CMakeFiles/abb_rapid_sm_addin_msgs__rosidl_typesupport_introspection_cpp.dir/rosidl_typesupport_introspection_cpp/abb_rapid_sm_addin_msgs/msg/detail/egm_setup_settings__type_support.cpp.o[0m
[11.840s] [ 31%] [32mBuilding CXX object CMakeFiles/abb_rapid_sm_addin_msgs__rosidl_typesupport_introspection_cpp.dir/rosidl_typesupport_introspection_cpp/abb_rapid_sm_addin_msgs/msg/detail/egm_stop_settings__type_support.cpp.o[0m
[11.897s] [ 32%] [32mBuilding CXX object CMakeFiles/abb_rapid_sm_addin_msgs__rosidl_typesupport_introspection_cpp.dir/rosidl_typesupport_introspection_cpp/abb_rapid_sm_addin_msgs/msg/detail/runtime_state__type_support.cpp.o[0m
[12.012s] [ 33%] [32mBuilding CXX object CMakeFiles/abb_rapid_sm_addin_msgs__rosidl_typesupport_introspection_cpp.dir/rosidl_typesupport_introspection_cpp/abb_rapid_sm_addin_msgs/msg/detail/state_machine_state__type_support.cpp.o[0m
[12.106s] [ 34%] [32m[1mLinking CXX shared library libabb_rapid_sm_addin_msgs__rosidl_typesupport_cpp.so[0m
[12.135s] [ 35%] [32mBuilding CXX object CMakeFiles/abb_rapid_sm_addin_msgs__rosidl_typesupport_introspection_cpp.dir/rosidl_typesupport_introspection_cpp/abb_rapid_sm_addin_msgs/srv/detail/get_egm_settings__type_support.cpp.o[0m
[12.252s] [ 35%] Built target abb_rapid_sm_addin_msgs__rosidl_typesupport_cpp
[12.303s] [ 36%] [32mBuilding CXX object CMakeFiles/abb_rapid_sm_addin_msgs__rosidl_typesupport_introspection_cpp.dir/rosidl_typesupport_introspection_cpp/abb_rapid_sm_addin_msgs/srv/detail/set_egm_settings__type_support.cpp.o[0m
[12.337s] [ 37%] [32mBuilding CXX object CMakeFiles/abb_rapid_sm_addin_msgs__rosidl_typesupport_introspection_cpp.dir/rosidl_typesupport_introspection_cpp/abb_rapid_sm_addin_msgs/srv/detail/set_rapid_routine__type_support.cpp.o[0m
[12.434s] [ 38%] [32mBuilding CXX object CMakeFiles/abb_rapid_sm_addin_msgs__rosidl_typesupport_introspection_cpp.dir/rosidl_typesupport_introspection_cpp/abb_rapid_sm_addin_msgs/srv/detail/set_sg_command__type_support.cpp.o[0m
[12.576s] [ 39%] [32mBuilding C object CMakeFiles/abb_rapid_sm_addin_msgs__rosidl_typesupport_introspection_c.dir/rosidl_typesupport_introspection_c/abb_rapid_sm_addin_msgs/msg/detail/egm_activate_settings__type_support.c.o[0m
[12.584s] [ 40%] [32mBuilding C object CMakeFiles/abb_rapid_sm_addin_msgs__rosidl_typesupport_introspection_c.dir/rosidl_typesupport_introspection_c/abb_rapid_sm_addin_msgs/msg/detail/egm_run_settings__type_support.c.o[0m
[12.645s] [ 41%] [32mBuilding C object CMakeFiles/abb_rapid_sm_addin_msgs__rosidl_typesupport_introspection_c.dir/rosidl_typesupport_introspection_c/abb_rapid_sm_addin_msgs/msg/detail/egm_settings__type_support.c.o[0m
[12.670s] [ 42%] [32mBuilding C object CMakeFiles/abb_rapid_sm_addin_msgs__rosidl_typesupport_introspection_c.dir/rosidl_typesupport_introspection_c/abb_rapid_sm_addin_msgs/msg/detail/egm_setup_settings__type_support.c.o[0m
[12.717s] [ 43%] [32mBuilding C object CMakeFiles/abb_rapid_sm_addin_msgs__rosidl_typesupport_introspection_c.dir/rosidl_typesupport_introspection_c/abb_rapid_sm_addin_msgs/msg/detail/egm_stop_settings__type_support.c.o[0m
[12.737s] [ 44%] [32mBuilding C object CMakeFiles/abb_rapid_sm_addin_msgs__rosidl_typesupport_introspection_c.dir/rosidl_typesupport_introspection_c/abb_rapid_sm_addin_msgs/msg/detail/runtime_state__type_support.c.o[0m
[12.741s] [ 45%] [32mBuilding CXX object CMakeFiles/abb_rapid_sm_addin_msgs__rosidl_typesupport_c.dir/rosidl_typesupport_c/abb_rapid_sm_addin_msgs/msg/egm_activate_settings__type_support.cpp.o[0m
[12.765s] [ 45%] [32mBuilding C object CMakeFiles/abb_rapid_sm_addin_msgs__rosidl_typesupport_introspection_c.dir/rosidl_typesupport_introspection_c/abb_rapid_sm_addin_msgs/msg/detail/state_machine_state__type_support.c.o[0m
[12.795s] [ 46%] [32mBuilding CXX object CMakeFiles/abb_rapid_sm_addin_msgs__rosidl_typesupport_c.dir/rosidl_typesupport_c/abb_rapid_sm_addin_msgs/msg/egm_run_settings__type_support.cpp.o[0m
[12.804s] [ 47%] [32mBuilding C object CMakeFiles/abb_rapid_sm_addin_msgs__rosidl_typesupport_introspection_c.dir/rosidl_typesupport_introspection_c/abb_rapid_sm_addin_msgs/srv/detail/get_egm_settings__type_support.c.o[0m
[12.830s] [ 48%] [32mBuilding C object CMakeFiles/abb_rapid_sm_addin_msgs__rosidl_typesupport_introspection_c.dir/rosidl_typesupport_introspection_c/abb_rapid_sm_addin_msgs/srv/detail/set_egm_settings__type_support.c.o[0m
[12.840s] [ 48%] [32mBuilding CXX object CMakeFiles/abb_rapid_sm_addin_msgs__rosidl_typesupport_c.dir/rosidl_typesupport_c/abb_rapid_sm_addin_msgs/msg/egm_settings__type_support.cpp.o[0m
[12.852s] [ 49%] [32mBuilding C object CMakeFiles/abb_rapid_sm_addin_msgs__rosidl_typesupport_introspection_c.dir/rosidl_typesupport_introspection_c/abb_rapid_sm_addin_msgs/srv/detail/set_rapid_routine__type_support.c.o[0m
[12.853s] [ 50%] [32mBuilding CXX object CMakeFiles/abb_rapid_sm_addin_msgs__rosidl_typesupport_c.dir/rosidl_typesupport_c/abb_rapid_sm_addin_msgs/msg/egm_setup_settings__type_support.cpp.o[0m
[12.877s] [ 51%] [32mBuilding C object CMakeFiles/abb_rapid_sm_addin_msgs__rosidl_typesupport_introspection_c.dir/rosidl_typesupport_introspection_c/abb_rapid_sm_addin_msgs/srv/detail/set_sg_command__type_support.c.o[0m
[12.886s] [ 52%] [32mBuilding CXX object CMakeFiles/abb_rapid_sm_addin_msgs__rosidl_typesupport_c.dir/rosidl_typesupport_c/abb_rapid_sm_addin_msgs/msg/egm_stop_settings__type_support.cpp.o[0m
[12.905s] [ 53%] [32mBuilding CXX object CMakeFiles/abb_rapid_sm_addin_msgs__rosidl_typesupport_fastrtps_cpp.dir/rosidl_typesupport_fastrtps_cpp/abb_rapid_sm_addin_msgs/msg/detail/dds_fastrtps/egm_activate_settings__type_support.cpp.o[0m
[12.907s] [ 54%] [32mBuilding CXX object CMakeFiles/abb_rapid_sm_addin_msgs__rosidl_typesupport_fastrtps_cpp.dir/rosidl_typesupport_fastrtps_cpp/abb_rapid_sm_addin_msgs/msg/detail/dds_fastrtps/egm_run_settings__type_support.cpp.o[0m
[12.916s] [ 55%] [32mBuilding CXX object CMakeFiles/abb_rapid_sm_addin_msgs__rosidl_typesupport_c.dir/rosidl_typesupport_c/abb_rapid_sm_addin_msgs/msg/runtime_state__type_support.cpp.o[0m
[12.920s] [ 56%] [32mBuilding CXX object CMakeFiles/abb_rapid_sm_addin_msgs__rosidl_typesupport_c.dir/rosidl_typesupport_c/abb_rapid_sm_addin_msgs/msg/state_machine_state__type_support.cpp.o[0m
[12.947s] [ 57%] [32mBuilding CXX object CMakeFiles/abb_rapid_sm_addin_msgs__rosidl_typesupport_fastrtps_cpp.dir/rosidl_typesupport_fastrtps_cpp/abb_rapid_sm_addin_msgs/msg/detail/dds_fastrtps/egm_settings__type_support.cpp.o[0m
[12.952s] [ 58%] [32m[1mLinking C shared library libabb_rapid_sm_addin_msgs__rosidl_typesupport_introspection_c.so[0m
[12.955s] [ 59%] [32mBuilding CXX object CMakeFiles/abb_rapid_sm_addin_msgs__rosidl_typesupport_fastrtps_cpp.dir/rosidl_typesupport_fastrtps_cpp/abb_rapid_sm_addin_msgs/msg/detail/dds_fastrtps/egm_setup_settings__type_support.cpp.o[0m
[13.023s] [ 60%] [32mBuilding CXX object CMakeFiles/abb_rapid_sm_addin_msgs__rosidl_typesupport_c.dir/rosidl_typesupport_c/abb_rapid_sm_addin_msgs/srv/get_egm_settings__type_support.cpp.o[0m
[13.034s] [ 61%] [32mBuilding CXX object CMakeFiles/abb_rapid_sm_addin_msgs__rosidl_typesupport_fastrtps_cpp.dir/rosidl_typesupport_fastrtps_cpp/abb_rapid_sm_addin_msgs/msg/detail/dds_fastrtps/egm_stop_settings__type_support.cpp.o[0m
[13.053s] [ 61%] Built target abb_rapid_sm_addin_msgs__rosidl_typesupport_introspection_c
[13.066s] [ 62%] [32mBuilding CXX object CMakeFiles/abb_rapid_sm_addin_msgs__rosidl_typesupport_fastrtps_cpp.dir/rosidl_typesupport_fastrtps_cpp/abb_rapid_sm_addin_msgs/msg/detail/dds_fastrtps/runtime_state__type_support.cpp.o[0m
[13.071s] [ 63%] [32mBuilding CXX object CMakeFiles/abb_rapid_sm_addin_msgs__rosidl_typesupport_c.dir/rosidl_typesupport_c/abb_rapid_sm_addin_msgs/srv/set_egm_settings__type_support.cpp.o[0m
[13.092s] [ 64%] [32mBuilding CXX object CMakeFiles/abb_rapid_sm_addin_msgs__rosidl_typesupport_fastrtps_cpp.dir/rosidl_typesupport_fastrtps_cpp/abb_rapid_sm_addin_msgs/msg/detail/dds_fastrtps/state_machine_state__type_support.cpp.o[0m
[13.097s] [ 65%] [32mBuilding CXX object CMakeFiles/abb_rapid_sm_addin_msgs__rosidl_typesupport_fastrtps_cpp.dir/rosidl_typesupport_fastrtps_cpp/abb_rapid_sm_addin_msgs/srv/detail/dds_fastrtps/get_egm_settings__type_support.cpp.o[0m
[13.148s] [ 66%] [32mBuilding CXX object CMakeFiles/abb_rapid_sm_addin_msgs__rosidl_typesupport_c.dir/rosidl_typesupport_c/abb_rapid_sm_addin_msgs/srv/set_rapid_routine__type_support.cpp.o[0m
[13.158s] [ 67%] [32mBuilding CXX object CMakeFiles/abb_rapid_sm_addin_msgs__rosidl_typesupport_fastrtps_cpp.dir/rosidl_typesupport_fastrtps_cpp/abb_rapid_sm_addin_msgs/srv/detail/dds_fastrtps/set_egm_settings__type_support.cpp.o[0m
[13.217s] [ 68%] [32mBuilding CXX object CMakeFiles/abb_rapid_sm_addin_msgs__rosidl_typesupport_c.dir/rosidl_typesupport_c/abb_rapid_sm_addin_msgs/srv/set_sg_command__type_support.cpp.o[0m
[13.221s] [ 69%] [32m[1mLinking CXX shared library libabb_rapid_sm_addin_msgs__rosidl_typesupport_introspection_cpp.so[0m
[13.290s] [ 70%] [32m[1mLinking CXX shared library libabb_rapid_sm_addin_msgs__rosidl_typesupport_c.so[0m
[13.362s] [ 70%] Built target abb_rapid_sm_addin_msgs__rosidl_typesupport_c
[13.401s] [ 70%] [32mBuilding CXX object CMakeFiles/abb_rapid_sm_addin_msgs__rosidl_typesupport_fastrtps_cpp.dir/rosidl_typesupport_fastrtps_cpp/abb_rapid_sm_addin_msgs/srv/detail/dds_fastrtps/set_rapid_routine__type_support.cpp.o[0m
[13.441s] [ 71%] [32mBuilding CXX object CMakeFiles/abb_rapid_sm_addin_msgs__rosidl_typesupport_fastrtps_c.dir/rosidl_typesupport_fastrtps_c/abb_rapid_sm_addin_msgs/msg/detail/egm_activate_settings__type_support_c.cpp.o[0m
[13.466s] [ 71%] Built target abb_rapid_sm_addin_msgs__rosidl_typesupport_introspection_cpp
[13.499s] [ 72%] [32mBuilding CXX object CMakeFiles/abb_rapid_sm_addin_msgs__rosidl_typesupport_fastrtps_c.dir/rosidl_typesupport_fastrtps_c/abb_rapid_sm_addin_msgs/msg/detail/egm_run_settings__type_support_c.cpp.o[0m
[13.635s] [ 73%] [32mBuilding CXX object CMakeFiles/abb_rapid_sm_addin_msgs__rosidl_typesupport_fastrtps_c.dir/rosidl_typesupport_fastrtps_c/abb_rapid_sm_addin_msgs/msg/detail/egm_settings__type_support_c.cpp.o[0m
[13.722s] [ 74%] [32mBuilding CXX object CMakeFiles/abb_rapid_sm_addin_msgs__rosidl_typesupport_fastrtps_c.dir/rosidl_typesupport_fastrtps_c/abb_rapid_sm_addin_msgs/msg/detail/egm_setup_settings__type_support_c.cpp.o[0m
[13.852s] [ 74%] [32mBuilding CXX object CMakeFiles/abb_rapid_sm_addin_msgs__rosidl_typesupport_fastrtps_c.dir/rosidl_typesupport_fastrtps_c/abb_rapid_sm_addin_msgs/msg/detail/egm_stop_settings__type_support_c.cpp.o[0m
[13.859s] [ 75%] [32mBuilding CXX object CMakeFiles/abb_rapid_sm_addin_msgs__rosidl_typesupport_fastrtps_c.dir/rosidl_typesupport_fastrtps_c/abb_rapid_sm_addin_msgs/msg/detail/runtime_state__type_support_c.cpp.o[0m
[13.918s] [ 76%] [32mBuilding CXX object CMakeFiles/abb_rapid_sm_addin_msgs__rosidl_typesupport_fastrtps_c.dir/rosidl_typesupport_fastrtps_c/abb_rapid_sm_addin_msgs/msg/detail/state_machine_state__type_support_c.cpp.o[0m
[13.930s] [ 77%] [32mBuilding CXX object CMakeFiles/abb_rapid_sm_addin_msgs__rosidl_typesupport_fastrtps_cpp.dir/rosidl_typesupport_fastrtps_cpp/abb_rapid_sm_addin_msgs/srv/detail/dds_fastrtps/set_sg_command__type_support.cpp.o[0m
[13.961s] [ 78%] [32mBuilding CXX object CMakeFiles/abb_rapid_sm_addin_msgs__rosidl_typesupport_fastrtps_c.dir/rosidl_typesupport_fastrtps_c/abb_rapid_sm_addin_msgs/srv/detail/get_egm_settings__type_support_c.cpp.o[0m
[14.114s] [ 79%] [32mBuilding CXX object CMakeFiles/abb_rapid_sm_addin_msgs__rosidl_typesupport_fastrtps_c.dir/rosidl_typesupport_fastrtps_c/abb_rapid_sm_addin_msgs/srv/detail/set_egm_settings__type_support_c.cpp.o[0m
[14.140s] [ 80%] [32mBuilding CXX object CMakeFiles/abb_rapid_sm_addin_msgs__rosidl_typesupport_fastrtps_c.dir/rosidl_typesupport_fastrtps_c/abb_rapid_sm_addin_msgs/srv/detail/set_rapid_routine__type_support_c.cpp.o[0m
[14.191s] [ 81%] [32mBuilding CXX object CMakeFiles/abb_rapid_sm_addin_msgs__rosidl_typesupport_fastrtps_c.dir/rosidl_typesupport_fastrtps_c/abb_rapid_sm_addin_msgs/srv/detail/set_sg_command__type_support_c.cpp.o[0m
[14.711s] [ 82%] [32m[1mLinking CXX shared library libabb_rapid_sm_addin_msgs__rosidl_typesupport_fastrtps_cpp.so[0m
[14.790s] [ 82%] Built target abb_rapid_sm_addin_msgs__rosidl_typesupport_fastrtps_cpp
[14.798s] [ 83%] [32m[1mLinking CXX shared library libabb_rapid_sm_addin_msgs__rosidl_typesupport_fastrtps_c.so[0m
[14.870s] [ 83%] Built target abb_rapid_sm_addin_msgs__rosidl_typesupport_fastrtps_c
[14.890s] [ 83%] Built target abb_rapid_sm_addin_msgs
[14.910s] [ 84%] [34m[1mGenerating Python code for ROS interfaces[0m
[18.586s] [ 84%] Built target abb_rapid_sm_addin_msgs__py
[18.610s] [ 86%] [32mBuilding C object CMakeFiles/abb_rapid_sm_addin_msgs__rosidl_generator_py.dir/rosidl_generator_py/abb_rapid_sm_addin_msgs/msg/_egm_settings_s.c.o[0m
[18.610s] [ 86%] [32mBuilding C object CMakeFiles/abb_rapid_sm_addin_msgs__rosidl_generator_py.dir/rosidl_generator_py/abb_rapid_sm_addin_msgs/msg/_egm_run_settings_s.c.o[0m
[18.611s] [ 88%] [32mBuilding C object CMakeFiles/abb_rapid_sm_addin_msgs__rosidl_generator_py.dir/rosidl_generator_py/abb_rapid_sm_addin_msgs/msg/_egm_setup_settings_s.c.o[0m
[18.611s] [ 87%] [32mBuilding C object CMakeFiles/abb_rapid_sm_addin_msgs__rosidl_generator_py.dir/rosidl_generator_py/abb_rapid_sm_addin_msgs/msg/_egm_activate_settings_s.c.o[0m
[18.611s] [ 89%] [32mBuilding C object CMakeFiles/abb_rapid_sm_addin_msgs__rosidl_generator_py.dir/rosidl_generator_py/abb_rapid_sm_addin_msgs/msg/_state_machine_state_s.c.o[0m
[18.611s] [ 91%] [32mBuilding C object CMakeFiles/abb_rapid_sm_addin_msgs__rosidl_generator_py.dir/rosidl_generator_py/abb_rapid_sm_addin_msgs/srv/_get_egm_settings_s.c.o[0m
[18.611s] [ 91%] [32mBuilding C object CMakeFiles/abb_rapid_sm_addin_msgs__rosidl_generator_py.dir/rosidl_generator_py/abb_rapid_sm_addin_msgs/msg/_egm_stop_settings_s.c.o[0m
[18.611s] [ 92%] [32mBuilding C object CMakeFiles/abb_rapid_sm_addin_msgs__rosidl_generator_py.dir/rosidl_generator_py/abb_rapid_sm_addin_msgs/srv/_set_egm_settings_s.c.o[0m
[18.613s] [ 93%] [32mBuilding C object CMakeFiles/abb_rapid_sm_addin_msgs__rosidl_generator_py.dir/rosidl_generator_py/abb_rapid_sm_addin_msgs/srv/_set_rapid_routine_s.c.o[0m
[18.614s] [ 94%] [32mBuilding C object CMakeFiles/abb_rapid_sm_addin_msgs__rosidl_generator_py.dir/rosidl_generator_py/abb_rapid_sm_addin_msgs/msg/_runtime_state_s.c.o[0m
[18.614s] [ 94%] [32mBuilding C object CMakeFiles/abb_rapid_sm_addin_msgs__rosidl_generator_py.dir/rosidl_generator_py/abb_rapid_sm_addin_msgs/srv/_set_sg_command_s.c.o[0m
[18.865s] [ 95%] [32m[1mLinking C shared library rosidl_generator_py/abb_rapid_sm_addin_msgs/libabb_rapid_sm_addin_msgs__rosidl_generator_py.so[0m
[18.906s] [ 95%] Built target abb_rapid_sm_addin_msgs__rosidl_generator_py
[18.925s] [ 95%] [32mBuilding C object CMakeFiles/abb_rapid_sm_addin_msgs__rosidl_typesupport_c__pyext.dir/rosidl_generator_py/abb_rapid_sm_addin_msgs/_abb_rapid_sm_addin_msgs_s.ep.rosidl_typesupport_c.c.o[0m
[18.925s] [ 97%] [32mBuilding C object CMakeFiles/abb_rapid_sm_addin_msgs__rosidl_typesupport_fastrtps_c__pyext.dir/rosidl_generator_py/abb_rapid_sm_addin_msgs/_abb_rapid_sm_addin_msgs_s.ep.rosidl_typesupport_fastrtps_c.c.o[0m
[18.925s] [ 97%] [32mBuilding C object CMakeFiles/abb_rapid_sm_addin_msgs__rosidl_typesupport_introspection_c__pyext.dir/rosidl_generator_py/abb_rapid_sm_addin_msgs/_abb_rapid_sm_addin_msgs_s.ep.rosidl_typesupport_introspection_c.c.o[0m
[19.083s] [100%] [32m[1mLinking C shared library rosidl_generator_py/abb_rapid_sm_addin_msgs/abb_rapid_sm_addin_msgs_s__rosidl_typesupport_introspection_c.cpython-310-x86_64-linux-gnu.so[0m
[19.083s] [100%] [32m[1mLinking C shared library rosidl_generator_py/abb_rapid_sm_addin_msgs/abb_rapid_sm_addin_msgs_s__rosidl_typesupport_c.cpython-310-x86_64-linux-gnu.so[0m
[19.083s] [100%] [32m[1mLinking C shared library rosidl_generator_py/abb_rapid_sm_addin_msgs/abb_rapid_sm_addin_msgs_s__rosidl_typesupport_fastrtps_c.cpython-310-x86_64-linux-gnu.so[0m
[19.126s] [100%] Built target abb_rapid_sm_addin_msgs__rosidl_typesupport_c__pyext
[19.126s] [100%] Built target abb_rapid_sm_addin_msgs__rosidl_typesupport_introspection_c__pyext
[19.126s] [100%] Built target abb_rapid_sm_addin_msgs__rosidl_typesupport_fastrtps_c__pyext
[19.137s] Invoked command in '/home/eia/repo/rbi_2025_2/abb/abb_bridge/build/abb_rapid_sm_addin_msgs' returned '0': AMENT_PREFIX_PATH=/home/eia/repo/rbi_2025_2/abb/abb_bridge/install/abb_rapid_msgs:${AMENT_PREFIX_PATH} CMAKE_PREFIX_PATH=/home/eia/repo/rbi_2025_2/abb/abb_bridge/install/abb_rapid_msgs:/opt/ros/humble LD_LIBRARY_PATH=/home/eia/repo/rbi_2025_2/abb/abb_bridge/install/abb_rapid_msgs/lib:${LD_LIBRARY_PATH} PYTHONPATH=/home/eia/repo/rbi_2025_2/abb/abb_bridge/install/abb_rapid_msgs/local/lib/python3.10/dist-packages:${PYTHONPATH} /usr/bin/cmake --build /home/eia/repo/rbi_2025_2/abb/abb_bridge/build/abb_rapid_sm_addin_msgs -- -j12 -l12
[19.139s] Invoking command in '/home/eia/repo/rbi_2025_2/abb/abb_bridge/build/abb_rapid_sm_addin_msgs': AMENT_PREFIX_PATH=/home/eia/repo/rbi_2025_2/abb/abb_bridge/install/abb_rapid_msgs:${AMENT_PREFIX_PATH} CMAKE_PREFIX_PATH=/home/eia/repo/rbi_2025_2/abb/abb_bridge/install/abb_rapid_msgs:/opt/ros/humble LD_LIBRARY_PATH=/home/eia/repo/rbi_2025_2/abb/abb_bridge/install/abb_rapid_msgs/lib:${LD_LIBRARY_PATH} PYTHONPATH=/home/eia/repo/rbi_2025_2/abb/abb_bridge/install/abb_rapid_msgs/local/lib/python3.10/dist-packages:${PYTHONPATH} /usr/bin/cmake --install /home/eia/repo/rbi_2025_2/abb/abb_bridge/build/abb_rapid_sm_addin_msgs
[19.147s] -- Install configuration: ""
[19.147s] -- Installing: /home/eia/repo/rbi_2025_2/abb/abb_bridge/install/abb_rapid_sm_addin_msgs/share/ament_index/resource_index/rosidl_interfaces/abb_rapid_sm_addin_msgs
[19.147s] -- Installing: /home/eia/repo/rbi_2025_2/abb/abb_bridge/install/abb_rapid_sm_addin_msgs/include/abb_rapid_sm_addin_msgs/abb_rapid_sm_addin_msgs
[19.147s] -- Installing: /home/eia/repo/rbi_2025_2/abb/abb_bridge/install/abb_rapid_sm_addin_msgs/include/abb_rapid_sm_addin_msgs/abb_rapid_sm_addin_msgs/msg
[19.148s] -- Installing: /home/eia/repo/rbi_2025_2/abb/abb_bridge/install/abb_rapid_sm_addin_msgs/include/abb_rapid_sm_addin_msgs/abb_rapid_sm_addin_msgs/msg/egm_stop_settings.h
[19.148s] -- Installing: /home/eia/repo/rbi_2025_2/abb/abb_bridge/install/abb_rapid_sm_addin_msgs/include/abb_rapid_sm_addin_msgs/abb_rapid_sm_addin_msgs/msg/egm_activate_settings.h
[19.148s] -- Installing: /home/eia/repo/rbi_2025_2/abb/abb_bridge/install/abb_rapid_sm_addin_msgs/include/abb_rapid_sm_addin_msgs/abb_rapid_sm_addin_msgs/msg/rosidl_generator_c__visibility_control.h
[19.148s] -- Installing: /home/eia/repo/rbi_2025_2/abb/abb_bridge/install/abb_rapid_sm_addin_msgs/include/abb_rapid_sm_addin_msgs/abb_rapid_sm_addin_msgs/msg/egm_setup_settings.h
[19.148s] -- Installing: /home/eia/repo/rbi_2025_2/abb/abb_bridge/install/abb_rapid_sm_addin_msgs/include/abb_rapid_sm_addin_msgs/abb_rapid_sm_addin_msgs/msg/detail
[19.148s] -- Installing: /home/eia/repo/rbi_2025_2/abb/abb_bridge/install/abb_rapid_sm_addin_msgs/include/abb_rapid_sm_addin_msgs/abb_rapid_sm_addin_msgs/msg/detail/egm_run_settings__functions.h
[19.148s] -- Installing: /home/eia/repo/rbi_2025_2/abb/abb_bridge/install/abb_rapid_sm_addin_msgs/include/abb_rapid_sm_addin_msgs/abb_rapid_sm_addin_msgs/msg/detail/egm_stop_settings__functions.c
[19.148s] -- Installing: /home/eia/repo/rbi_2025_2/abb/abb_bridge/install/abb_rapid_sm_addin_msgs/include/abb_rapid_sm_addin_msgs/abb_rapid_sm_addin_msgs/msg/detail/egm_activate_settings__functions.c
[19.149s] -- Installing: /home/eia/repo/rbi_2025_2/abb/abb_bridge/install/abb_rapid_sm_addin_msgs/include/abb_rapid_sm_addin_msgs/abb_rapid_sm_addin_msgs/msg/detail/egm_settings__functions.c
[19.149s] -- Installing: /home/eia/repo/rbi_2025_2/abb/abb_bridge/install/abb_rapid_sm_addin_msgs/include/abb_rapid_sm_addin_msgs/abb_rapid_sm_addin_msgs/msg/detail/egm_setup_settings__struct.h
[19.149s] -- Installing: /home/eia/repo/rbi_2025_2/abb/abb_bridge/install/abb_rapid_sm_addin_msgs/include/abb_rapid_sm_addin_msgs/abb_rapid_sm_addin_msgs/msg/detail/egm_activate_settings__functions.h
[19.149s] -- Installing: /home/eia/repo/rbi_2025_2/abb/abb_bridge/install/abb_rapid_sm_addin_msgs/include/abb_rapid_sm_addin_msgs/abb_rapid_sm_addin_msgs/msg/detail/state_machine_state__functions.c
[19.149s] -- Installing: /home/eia/repo/rbi_2025_2/abb/abb_bridge/install/abb_rapid_sm_addin_msgs/include/abb_rapid_sm_addin_msgs/abb_rapid_sm_addin_msgs/msg/detail/egm_settings__type_support.h
[19.149s] -- Installing: /home/eia/repo/rbi_2025_2/abb/abb_bridge/install/abb_rapid_sm_addin_msgs/include/abb_rapid_sm_addin_msgs/abb_rapid_sm_addin_msgs/msg/detail/egm_setup_settings__functions.c
[19.149s] -- Installing: /home/eia/repo/rbi_2025_2/abb/abb_bridge/install/abb_rapid_sm_addin_msgs/include/abb_rapid_sm_addin_msgs/abb_rapid_sm_addin_msgs/msg/detail/egm_setup_settings__functions.h
[19.149s] -- Installing: /home/eia/repo/rbi_2025_2/abb/abb_bridge/install/abb_rapid_sm_addin_msgs/include/abb_rapid_sm_addin_msgs/abb_rapid_sm_addin_msgs/msg/detail/state_machine_state__struct.h
[19.150s] -- Installing: /home/eia/repo/rbi_2025_2/abb/abb_bridge/install/abb_rapid_sm_addin_msgs/include/abb_rapid_sm_addin_msgs/abb_rapid_sm_addin_msgs/msg/detail/runtime_state__struct.h
[19.150s] -- Installing: /home/eia/repo/rbi_2025_2/abb/abb_bridge/install/abb_rapid_sm_addin_msgs/include/abb_rapid_sm_addin_msgs/abb_rapid_sm_addin_msgs/msg/detail/egm_run_settings__type_support.h
[19.150s] -- Installing: /home/eia/repo/rbi_2025_2/abb/abb_bridge/install/abb_rapid_sm_addin_msgs/include/abb_rapid_sm_addin_msgs/abb_rapid_sm_addin_msgs/msg/detail/runtime_state__functions.h
[19.150s] -- Installing: /home/eia/repo/rbi_2025_2/abb/abb_bridge/install/abb_rapid_sm_addin_msgs/include/abb_rapid_sm_addin_msgs/abb_rapid_sm_addin_msgs/msg/detail/runtime_state__type_support.h
[19.150s] -- Installing: /home/eia/repo/rbi_2025_2/abb/abb_bridge/install/abb_rapid_sm_addin_msgs/include/abb_rapid_sm_addin_msgs/abb_rapid_sm_addin_msgs/msg/detail/egm_stop_settings__struct.h
[19.150s] -- Installing: /home/eia/repo/rbi_2025_2/abb/abb_bridge/install/abb_rapid_sm_addin_msgs/include/abb_rapid_sm_addin_msgs/abb_rapid_sm_addin_msgs/msg/detail/egm_settings__struct.h
[19.150s] -- Installing: /home/eia/repo/rbi_2025_2/abb/abb_bridge/install/abb_rapid_sm_addin_msgs/include/abb_rapid_sm_addin_msgs/abb_rapid_sm_addin_msgs/msg/detail/egm_setup_settings__type_support.h
[19.150s] -- Installing: /home/eia/repo/rbi_2025_2/abb/abb_bridge/install/abb_rapid_sm_addin_msgs/include/abb_rapid_sm_addin_msgs/abb_rapid_sm_addin_msgs/msg/detail/egm_run_settings__struct.h
[19.151s] -- Installing: /home/eia/repo/rbi_2025_2/abb/abb_bridge/install/abb_rapid_sm_addin_msgs/include/abb_rapid_sm_addin_msgs/abb_rapid_sm_addin_msgs/msg/detail/runtime_state__functions.c
[19.151s] -- Installing: /home/eia/repo/rbi_2025_2/abb/abb_bridge/install/abb_rapid_sm_addin_msgs/include/abb_rapid_sm_addin_msgs/abb_rapid_sm_addin_msgs/msg/detail/egm_activate_settings__struct.h
[19.151s] -- Installing: /home/eia/repo/rbi_2025_2/abb/abb_bridge/install/abb_rapid_sm_addin_msgs/include/abb_rapid_sm_addin_msgs/abb_rapid_sm_addin_msgs/msg/detail/state_machine_state__functions.h
[19.151s] -- Installing: /home/eia/repo/rbi_2025_2/abb/abb_bridge/install/abb_rapid_sm_addin_msgs/include/abb_rapid_sm_addin_msgs/abb_rapid_sm_addin_msgs/msg/detail/egm_stop_settings__functions.h
[19.151s] -- Installing: /home/eia/repo/rbi_2025_2/abb/abb_bridge/install/abb_rapid_sm_addin_msgs/include/abb_rapid_sm_addin_msgs/abb_rapid_sm_addin_msgs/msg/detail/egm_activate_settings__type_support.h
[19.151s] -- Installing: /home/eia/repo/rbi_2025_2/abb/abb_bridge/install/abb_rapid_sm_addin_msgs/include/abb_rapid_sm_addin_msgs/abb_rapid_sm_addin_msgs/msg/detail/state_machine_state__type_support.h
[19.151s] -- Installing: /home/eia/repo/rbi_2025_2/abb/abb_bridge/install/abb_rapid_sm_addin_msgs/include/abb_rapid_sm_addin_msgs/abb_rapid_sm_addin_msgs/msg/detail/egm_run_settings__functions.c
[19.151s] -- Installing: /home/eia/repo/rbi_2025_2/abb/abb_bridge/install/abb_rapid_sm_addin_msgs/include/abb_rapid_sm_addin_msgs/abb_rapid_sm_addin_msgs/msg/detail/egm_stop_settings__type_support.h
[19.152s] -- Installing: /home/eia/repo/rbi_2025_2/abb/abb_bridge/install/abb_rapid_sm_addin_msgs/include/abb_rapid_sm_addin_msgs/abb_rapid_sm_addin_msgs/msg/detail/egm_settings__functions.h
[19.152s] -- Installing: /home/eia/repo/rbi_2025_2/abb/abb_bridge/install/abb_rapid_sm_addin_msgs/include/abb_rapid_sm_addin_msgs/abb_rapid_sm_addin_msgs/msg/egm_run_settings.h
[19.152s] -- Installing: /home/eia/repo/rbi_2025_2/abb/abb_bridge/install/abb_rapid_sm_addin_msgs/include/abb_rapid_sm_addin_msgs/abb_rapid_sm_addin_msgs/msg/runtime_state.h
[19.152s] -- Installing: /home/eia/repo/rbi_2025_2/abb/abb_bridge/install/abb_rapid_sm_addin_msgs/include/abb_rapid_sm_addin_msgs/abb_rapid_sm_addin_msgs/msg/egm_settings.h
[19.152s] -- Installing: /home/eia/repo/rbi_2025_2/abb/abb_bridge/install/abb_rapid_sm_addin_msgs/include/abb_rapid_sm_addin_msgs/abb_rapid_sm_addin_msgs/msg/state_machine_state.h
[19.152s] -- Installing: /home/eia/repo/rbi_2025_2/abb/abb_bridge/install/abb_rapid_sm_addin_msgs/include/abb_rapid_sm_addin_msgs/abb_rapid_sm_addin_msgs/srv
[19.152s] -- Installing: /home/eia/repo/rbi_2025_2/abb/abb_bridge/install/abb_rapid_sm_addin_msgs/include/abb_rapid_sm_addin_msgs/abb_rapid_sm_addin_msgs/srv/set_sg_command.h
[19.152s] -- Installing: /home/eia/repo/rbi_2025_2/abb/abb_bridge/install/abb_rapid_sm_addin_msgs/include/abb_rapid_sm_addin_msgs/abb_rapid_sm_addin_msgs/srv/get_egm_settings.h
[19.152s] -- Installing: /home/eia/repo/rbi_2025_2/abb/abb_bridge/install/abb_rapid_sm_addin_msgs/include/abb_rapid_sm_addin_msgs/abb_rapid_sm_addin_msgs/srv/set_rapid_routine.h
[19.153s] -- Installing: /home/eia/repo/rbi_2025_2/abb/abb_bridge/install/abb_rapid_sm_addin_msgs/include/abb_rapid_sm_addin_msgs/abb_rapid_sm_addin_msgs/srv/detail
[19.153s] -- Installing: /home/eia/repo/rbi_2025_2/abb/abb_bridge/install/abb_rapid_sm_addin_msgs/include/abb_rapid_sm_addin_msgs/abb_rapid_sm_addin_msgs/srv/detail/set_egm_settings__struct.h
[19.153s] -- Installing: /home/eia/repo/rbi_2025_2/abb/abb_bridge/install/abb_rapid_sm_addin_msgs/include/abb_rapid_sm_addin_msgs/abb_rapid_sm_addin_msgs/srv/detail/set_sg_command__functions.c
[19.153s] -- Installing: /home/eia/repo/rbi_2025_2/abb/abb_bridge/install/abb_rapid_sm_addin_msgs/include/abb_rapid_sm_addin_msgs/abb_rapid_sm_addin_msgs/srv/detail/set_sg_command__type_support.h
[19.153s] -- Installing: /home/eia/repo/rbi_2025_2/abb/abb_bridge/install/abb_rapid_sm_addin_msgs/include/abb_rapid_sm_addin_msgs/abb_rapid_sm_addin_msgs/srv/detail/get_egm_settings__type_support.h
[19.153s] -- Installing: /home/eia/repo/rbi_2025_2/abb/abb_bridge/install/abb_rapid_sm_addin_msgs/include/abb_rapid_sm_addin_msgs/abb_rapid_sm_addin_msgs/srv/detail/set_sg_command__struct.h
[19.153s] -- Installing: /home/eia/repo/rbi_2025_2/abb/abb_bridge/install/abb_rapid_sm_addin_msgs/include/abb_rapid_sm_addin_msgs/abb_rapid_sm_addin_msgs/srv/detail/set_sg_command__functions.h
[19.153s] -- Installing: /home/eia/repo/rbi_2025_2/abb/abb_bridge/install/abb_rapid_sm_addin_msgs/include/abb_rapid_sm_addin_msgs/abb_rapid_sm_addin_msgs/srv/detail/set_rapid_routine__functions.c
[19.154s] -- Installing: /home/eia/repo/rbi_2025_2/abb/abb_bridge/install/abb_rapid_sm_addin_msgs/include/abb_rapid_sm_addin_msgs/abb_rapid_sm_addin_msgs/srv/detail/get_egm_settings__struct.h
[19.154s] -- Installing: /home/eia/repo/rbi_2025_2/abb/abb_bridge/install/abb_rapid_sm_addin_msgs/include/abb_rapid_sm_addin_msgs/abb_rapid_sm_addin_msgs/srv/detail/set_rapid_routine__struct.h
[19.154s] -- Installing: /home/eia/repo/rbi_2025_2/abb/abb_bridge/install/abb_rapid_sm_addin_msgs/include/abb_rapid_sm_addin_msgs/abb_rapid_sm_addin_msgs/srv/detail/get_egm_settings__functions.c
[19.154s] -- Installing: /home/eia/repo/rbi_2025_2/abb/abb_bridge/install/abb_rapid_sm_addin_msgs/include/abb_rapid_sm_addin_msgs/abb_rapid_sm_addin_msgs/srv/detail/set_egm_settings__functions.h
[19.154s] -- Installing: /home/eia/repo/rbi_2025_2/abb/abb_bridge/install/abb_rapid_sm_addin_msgs/include/abb_rapid_sm_addin_msgs/abb_rapid_sm_addin_msgs/srv/detail/set_rapid_routine__type_support.h
[19.154s] -- Installing: /home/eia/repo/rbi_2025_2/abb/abb_bridge/install/abb_rapid_sm_addin_msgs/include/abb_rapid_sm_addin_msgs/abb_rapid_sm_addin_msgs/srv/detail/set_egm_settings__functions.c
[19.154s] -- Installing: /home/eia/repo/rbi_2025_2/abb/abb_bridge/install/abb_rapid_sm_addin_msgs/include/abb_rapid_sm_addin_msgs/abb_rapid_sm_addin_msgs/srv/detail/set_rapid_routine__functions.h
[19.154s] -- Installing: /home/eia/repo/rbi_2025_2/abb/abb_bridge/install/abb_rapid_sm_addin_msgs/include/abb_rapid_sm_addin_msgs/abb_rapid_sm_addin_msgs/srv/detail/get_egm_settings__functions.h
[19.155s] -- Installing: /home/eia/repo/rbi_2025_2/abb/abb_bridge/install/abb_rapid_sm_addin_msgs/include/abb_rapid_sm_addin_msgs/abb_rapid_sm_addin_msgs/srv/detail/set_egm_settings__type_support.h
[19.155s] -- Installing: /home/eia/repo/rbi_2025_2/abb/abb_bridge/install/abb_rapid_sm_addin_msgs/include/abb_rapid_sm_addin_msgs/abb_rapid_sm_addin_msgs/srv/set_egm_settings.h
[19.155s] -- Installing: /home/eia/repo/rbi_2025_2/abb/abb_bridge/install/abb_rapid_sm_addin_msgs/share/abb_rapid_sm_addin_msgs/environment/library_path.sh
[19.155s] -- Installing: /home/eia/repo/rbi_2025_2/abb/abb_bridge/install/abb_rapid_sm_addin_msgs/share/abb_rapid_sm_addin_msgs/environment/library_path.dsv
[19.155s] -- Installing: /home/eia/repo/rbi_2025_2/abb/abb_bridge/install/abb_rapid_sm_addin_msgs/lib/libabb_rapid_sm_addin_msgs__rosidl_generator_c.so
[19.156s] -- Set runtime path of "/home/eia/repo/rbi_2025_2/abb/abb_bridge/install/abb_rapid_sm_addin_msgs/lib/libabb_rapid_sm_addin_msgs__rosidl_generator_c.so" to ""
[19.156s] -- Up-to-date: /home/eia/repo/rbi_2025_2/abb/abb_bridge/install/abb_rapid_sm_addin_msgs/include/abb_rapid_sm_addin_msgs/abb_rapid_sm_addin_msgs
[19.156s] -- Up-to-date: /home/eia/repo/rbi_2025_2/abb/abb_bridge/install/abb_rapid_sm_addin_msgs/include/abb_rapid_sm_addin_msgs/abb_rapid_sm_addin_msgs/msg
[19.156s] -- Up-to-date: /home/eia/repo/rbi_2025_2/abb/abb_bridge/install/abb_rapid_sm_addin_msgs/include/abb_rapid_sm_addin_msgs/abb_rapid_sm_addin_msgs/msg/detail
[19.156s] -- Installing: /home/eia/repo/rbi_2025_2/abb/abb_bridge/install/abb_rapid_sm_addin_msgs/include/abb_rapid_sm_addin_msgs/abb_rapid_sm_addin_msgs/msg/detail/egm_run_settings__rosidl_typesupport_fastrtps_c.h
[19.156s] -- Installing: /home/eia/repo/rbi_2025_2/abb/abb_bridge/install/abb_rapid_sm_addin_msgs/include/abb_rapid_sm_addin_msgs/abb_rapid_sm_addin_msgs/msg/detail/egm_stop_settings__rosidl_typesupport_fastrtps_c.h
[19.156s] -- Installing: /home/eia/repo/rbi_2025_2/abb/abb_bridge/install/abb_rapid_sm_addin_msgs/include/abb_rapid_sm_addin_msgs/abb_rapid_sm_addin_msgs/msg/detail/runtime_state__rosidl_typesupport_fastrtps_c.h
[19.156s] -- Installing: /home/eia/repo/rbi_2025_2/abb/abb_bridge/install/abb_rapid_sm_addin_msgs/include/abb_rapid_sm_addin_msgs/abb_rapid_sm_addin_msgs/msg/detail/egm_settings__rosidl_typesupport_fastrtps_c.h
[19.156s] -- Installing: /home/eia/repo/rbi_2025_2/abb/abb_bridge/install/abb_rapid_sm_addin_msgs/include/abb_rapid_sm_addin_msgs/abb_rapid_sm_addin_msgs/msg/detail/egm_setup_settings__rosidl_typesupport_fastrtps_c.h
[19.157s] -- Installing: /home/eia/repo/rbi_2025_2/abb/abb_bridge/install/abb_rapid_sm_addin_msgs/include/abb_rapid_sm_addin_msgs/abb_rapid_sm_addin_msgs/msg/detail/state_machine_state__rosidl_typesupport_fastrtps_c.h
[19.157s] -- Installing: /home/eia/repo/rbi_2025_2/abb/abb_bridge/install/abb_rapid_sm_addin_msgs/include/abb_rapid_sm_addin_msgs/abb_rapid_sm_addin_msgs/msg/detail/egm_activate_settings__rosidl_typesupport_fastrtps_c.h
[19.157s] -- Installing: /home/eia/repo/rbi_2025_2/abb/abb_bridge/install/abb_rapid_sm_addin_msgs/include/abb_rapid_sm_addin_msgs/abb_rapid_sm_addin_msgs/msg/rosidl_typesupport_fastrtps_c__visibility_control.h
[19.157s] -- Up-to-date: /home/eia/repo/rbi_2025_2/abb/abb_bridge/install/abb_rapid_sm_addin_msgs/include/abb_rapid_sm_addin_msgs/abb_rapid_sm_addin_msgs/srv
[19.157s] -- Up-to-date: /home/eia/repo/rbi_2025_2/abb/abb_bridge/install/abb_rapid_sm_addin_msgs/include/abb_rapid_sm_addin_msgs/abb_rapid_sm_addin_msgs/srv/detail
[19.157s] -- Installing: /home/eia/repo/rbi_2025_2/abb/abb_bridge/install/abb_rapid_sm_addin_msgs/include/abb_rapid_sm_addin_msgs/abb_rapid_sm_addin_msgs/srv/detail/set_sg_command__rosidl_typesupport_fastrtps_c.h
[19.157s] -- Installing: /home/eia/repo/rbi_2025_2/abb/abb_bridge/install/abb_rapid_sm_addin_msgs/include/abb_rapid_sm_addin_msgs/abb_rapid_sm_addin_msgs/srv/detail/set_rapid_routine__rosidl_typesupport_fastrtps_c.h
[19.157s] -- Installing: /home/eia/repo/rbi_2025_2/abb/abb_bridge/install/abb_rapid_sm_addin_msgs/include/abb_rapid_sm_addin_msgs/abb_rapid_sm_addin_msgs/srv/detail/set_egm_settings__rosidl_typesupport_fastrtps_c.h
[19.158s] -- Installing: /home/eia/repo/rbi_2025_2/abb/abb_bridge/install/abb_rapid_sm_addin_msgs/include/abb_rapid_sm_addin_msgs/abb_rapid_sm_addin_msgs/srv/detail/get_egm_settings__rosidl_typesupport_fastrtps_c.h
[19.158s] -- Installing: /home/eia/repo/rbi_2025_2/abb/abb_bridge/install/abb_rapid_sm_addin_msgs/lib/libabb_rapid_sm_addin_msgs__rosidl_typesupport_fastrtps_c.so
[19.158s] -- Set runtime path of "/home/eia/repo/rbi_2025_2/abb/abb_bridge/install/abb_rapid_sm_addin_msgs/lib/libabb_rapid_sm_addin_msgs__rosidl_typesupport_fastrtps_c.so" to ""
[19.158s] -- Up-to-date: /home/eia/repo/rbi_2025_2/abb/abb_bridge/install/abb_rapid_sm_addin_msgs/include/abb_rapid_sm_addin_msgs/abb_rapid_sm_addin_msgs
[19.158s] -- Up-to-date: /home/eia/repo/rbi_2025_2/abb/abb_bridge/install/abb_rapid_sm_addin_msgs/include/abb_rapid_sm_addin_msgs/abb_rapid_sm_addin_msgs/msg
[19.158s] -- Installing: /home/eia/repo/rbi_2025_2/abb/abb_bridge/install/abb_rapid_sm_addin_msgs/include/abb_rapid_sm_addin_msgs/abb_rapid_sm_addin_msgs/msg/rosidl_typesupport_introspection_c__visibility_control.h
[19.158s] -- Up-to-date: /home/eia/repo/rbi_2025_2/abb/abb_bridge/install/abb_rapid_sm_addin_msgs/include/abb_rapid_sm_addin_msgs/abb_rapid_sm_addin_msgs/msg/detail
[19.159s] -- Installing: /home/eia/repo/rbi_2025_2/abb/abb_bridge/install/abb_rapid_sm_addin_msgs/include/abb_rapid_sm_addin_msgs/abb_rapid_sm_addin_msgs/msg/detail/runtime_state__rosidl_typesupport_introspection_c.h
[19.159s] -- Installing: /home/eia/repo/rbi_2025_2/abb/abb_bridge/install/abb_rapid_sm_addin_msgs/include/abb_rapid_sm_addin_msgs/abb_rapid_sm_addin_msgs/msg/detail/egm_activate_settings__type_support.c
[19.159s] -- Installing: /home/eia/repo/rbi_2025_2/abb/abb_bridge/install/abb_rapid_sm_addin_msgs/include/abb_rapid_sm_addin_msgs/abb_rapid_sm_addin_msgs/msg/detail/egm_settings__rosidl_typesupport_introspection_c.h
[19.159s] -- Installing: /home/eia/repo/rbi_2025_2/abb/abb_bridge/install/abb_rapid_sm_addin_msgs/include/abb_rapid_sm_addin_msgs/abb_rapid_sm_addin_msgs/msg/detail/egm_settings__type_support.c
[19.159s] -- Installing: /home/eia/repo/rbi_2025_2/abb/abb_bridge/install/abb_rapid_sm_addin_msgs/include/abb_rapid_sm_addin_msgs/abb_rapid_sm_addin_msgs/msg/detail/state_machine_state__rosidl_typesupport_introspection_c.h
[19.159s] -- Installing: /home/eia/repo/rbi_2025_2/abb/abb_bridge/install/abb_rapid_sm_addin_msgs/include/abb_rapid_sm_addin_msgs/abb_rapid_sm_addin_msgs/msg/detail/egm_stop_settings__type_support.c
[19.159s] -- Installing: /home/eia/repo/rbi_2025_2/abb/abb_bridge/install/abb_rapid_sm_addin_msgs/include/abb_rapid_sm_addin_msgs/abb_rapid_sm_addin_msgs/msg/detail/egm_stop_settings__rosidl_typesupport_introspection_c.h
[19.159s] -- Installing: /home/eia/repo/rbi_2025_2/abb/abb_bridge/install/abb_rapid_sm_addin_msgs/include/abb_rapid_sm_addin_msgs/abb_rapid_sm_addin_msgs/msg/detail/egm_activate_settings__rosidl_typesupport_introspection_c.h
[19.160s] -- Installing: /home/eia/repo/rbi_2025_2/abb/abb_bridge/install/abb_rapid_sm_addin_msgs/include/abb_rapid_sm_addin_msgs/abb_rapid_sm_addin_msgs/msg/detail/state_machine_state__type_support.c
[19.160s] -- Installing: /home/eia/repo/rbi_2025_2/abb/abb_bridge/install/abb_rapid_sm_addin_msgs/include/abb_rapid_sm_addin_msgs/abb_rapid_sm_addin_msgs/msg/detail/egm_run_settings__rosidl_typesupport_introspection_c.h
[19.160s] -- Installing: /home/eia/repo/rbi_2025_2/abb/abb_bridge/install/abb_rapid_sm_addin_msgs/include/abb_rapid_sm_addin_msgs/abb_rapid_sm_addin_msgs/msg/detail/egm_run_settings__type_support.c
[19.160s] -- Installing: /home/eia/repo/rbi_2025_2/abb/abb_bridge/install/abb_rapid_sm_addin_msgs/include/abb_rapid_sm_addin_msgs/abb_rapid_sm_addin_msgs/msg/detail/egm_setup_settings__rosidl_typesupport_introspection_c.h
[19.160s] -- Installing: /home/eia/repo/rbi_2025_2/abb/abb_bridge/install/abb_rapid_sm_addin_msgs/include/abb_rapid_sm_addin_msgs/abb_rapid_sm_addin_msgs/msg/detail/egm_setup_settings__type_support.c
[19.160s] -- Installing: /home/eia/repo/rbi_2025_2/abb/abb_bridge/install/abb_rapid_sm_addin_msgs/include/abb_rapid_sm_addin_msgs/abb_rapid_sm_addin_msgs/msg/detail/runtime_state__type_support.c
[19.160s] -- Up-to-date: /home/eia/repo/rbi_2025_2/abb/abb_bridge/install/abb_rapid_sm_addin_msgs/include/abb_rapid_sm_addin_msgs/abb_rapid_sm_addin_msgs/srv
[19.160s] -- Up-to-date: /home/eia/repo/rbi_2025_2/abb/abb_bridge/install/abb_rapid_sm_addin_msgs/include/abb_rapid_sm_addin_msgs/abb_rapid_sm_addin_msgs/srv/detail
[19.160s] -- Installing: /home/eia/repo/rbi_2025_2/abb/abb_bridge/install/abb_rapid_sm_addin_msgs/include/abb_rapid_sm_addin_msgs/abb_rapid_sm_addin_msgs/srv/detail/set_rapid_routine__type_support.c
[19.161s] -- Installing: /home/eia/repo/rbi_2025_2/abb/abb_bridge/install/abb_rapid_sm_addin_msgs/include/abb_rapid_sm_addin_msgs/abb_rapid_sm_addin_msgs/srv/detail/get_egm_settings__rosidl_typesupport_introspection_c.h
[19.161s] -- Installing: /home/eia/repo/rbi_2025_2/abb/abb_bridge/install/abb_rapid_sm_addin_msgs/include/abb_rapid_sm_addin_msgs/abb_rapid_sm_addin_msgs/srv/detail/set_sg_command__type_support.c
[19.161s] -- Installing: /home/eia/repo/rbi_2025_2/abb/abb_bridge/install/abb_rapid_sm_addin_msgs/include/abb_rapid_sm_addin_msgs/abb_rapid_sm_addin_msgs/srv/detail/set_egm_settings__rosidl_typesupport_introspection_c.h
[19.161s] -- Installing: /home/eia/repo/rbi_2025_2/abb/abb_bridge/install/abb_rapid_sm_addin_msgs/include/abb_rapid_sm_addin_msgs/abb_rapid_sm_addin_msgs/srv/detail/set_egm_settings__type_support.c
[19.161s] -- Installing: /home/eia/repo/rbi_2025_2/abb/abb_bridge/install/abb_rapid_sm_addin_msgs/include/abb_rapid_sm_addin_msgs/abb_rapid_sm_addin_msgs/srv/detail/get_egm_settings__type_support.c
[19.161s] -- Installing: /home/eia/repo/rbi_2025_2/abb/abb_bridge/install/abb_rapid_sm_addin_msgs/include/abb_rapid_sm_addin_msgs/abb_rapid_sm_addin_msgs/srv/detail/set_sg_command__rosidl_typesupport_introspection_c.h
[19.161s] -- Installing: /home/eia/repo/rbi_2025_2/abb/abb_bridge/install/abb_rapid_sm_addin_msgs/include/abb_rapid_sm_addin_msgs/abb_rapid_sm_addin_msgs/srv/detail/set_rapid_routine__rosidl_typesupport_introspection_c.h
[19.161s] -- Installing: /home/eia/repo/rbi_2025_2/abb/abb_bridge/install/abb_rapid_sm_addin_msgs/lib/libabb_rapid_sm_addin_msgs__rosidl_typesupport_introspection_c.so
[19.162s] -- Set runtime path of "/home/eia/repo/rbi_2025_2/abb/abb_bridge/install/abb_rapid_sm_addin_msgs/lib/libabb_rapid_sm_addin_msgs__rosidl_typesupport_introspection_c.so" to ""
[19.162s] -- Installing: /home/eia/repo/rbi_2025_2/abb/abb_bridge/install/abb_rapid_sm_addin_msgs/lib/libabb_rapid_sm_addin_msgs__rosidl_typesupport_c.so
[19.162s] -- Set runtime path of "/home/eia/repo/rbi_2025_2/abb/abb_bridge/install/abb_rapid_sm_addin_msgs/lib/libabb_rapid_sm_addin_msgs__rosidl_typesupport_c.so" to ""
[19.162s] -- Up-to-date: /home/eia/repo/rbi_2025_2/abb/abb_bridge/install/abb_rapid_sm_addin_msgs/include/abb_rapid_sm_addin_msgs/abb_rapid_sm_addin_msgs
[19.162s] -- Up-to-date: /home/eia/repo/rbi_2025_2/abb/abb_bridge/install/abb_rapid_sm_addin_msgs/include/abb_rapid_sm_addin_msgs/abb_rapid_sm_addin_msgs/msg
[19.163s] -- Installing: /home/eia/repo/rbi_2025_2/abb/abb_bridge/install/abb_rapid_sm_addin_msgs/include/abb_rapid_sm_addin_msgs/abb_rapid_sm_addin_msgs/msg/rosidl_generator_cpp__visibility_control.hpp
[19.163s] -- Installing: /home/eia/repo/rbi_2025_2/abb/abb_bridge/install/abb_rapid_sm_addin_msgs/include/abb_rapid_sm_addin_msgs/abb_rapid_sm_addin_msgs/msg/runtime_state.hpp
[19.163s] -- Installing: /home/eia/repo/rbi_2025_2/abb/abb_bridge/install/abb_rapid_sm_addin_msgs/include/abb_rapid_sm_addin_msgs/abb_rapid_sm_addin_msgs/msg/egm_stop_settings.hpp
[19.163s] -- Installing: /home/eia/repo/rbi_2025_2/abb/abb_bridge/install/abb_rapid_sm_addin_msgs/include/abb_rapid_sm_addin_msgs/abb_rapid_sm_addin_msgs/msg/egm_setup_settings.hpp
[19.163s] -- Installing: /home/eia/repo/rbi_2025_2/abb/abb_bridge/install/abb_rapid_sm_addin_msgs/include/abb_rapid_sm_addin_msgs/abb_rapid_sm_addin_msgs/msg/egm_settings.hpp
[19.163s] -- Up-to-date: /home/eia/repo/rbi_2025_2/abb/abb_bridge/install/abb_rapid_sm_addin_msgs/include/abb_rapid_sm_addin_msgs/abb_rapid_sm_addin_msgs/msg/detail
[19.163s] -- Installing: /home/eia/repo/rbi_2025_2/abb/abb_bridge/install/abb_rapid_sm_addin_msgs/include/abb_rapid_sm_addin_msgs/abb_rapid_sm_addin_msgs/msg/detail/egm_stop_settings__struct.hpp
[19.163s] -- Installing: /home/eia/repo/rbi_2025_2/abb/abb_bridge/install/abb_rapid_sm_addin_msgs/include/abb_rapid_sm_addin_msgs/abb_rapid_sm_addin_msgs/msg/detail/egm_setup_settings__type_support.hpp
[19.164s] -- Installing: /home/eia/repo/rbi_2025_2/abb/abb_bridge/install/abb_rapid_sm_addin_msgs/include/abb_rapid_sm_addin_msgs/abb_rapid_sm_addin_msgs/msg/detail/egm_run_settings__builder.hpp
[19.164s] -- Installing: /home/eia/repo/rbi_2025_2/abb/abb_bridge/install/abb_rapid_sm_addin_msgs/include/abb_rapid_sm_addin_msgs/abb_rapid_sm_addin_msgs/msg/detail/runtime_state__traits.hpp
[19.164s] -- Installing: /home/eia/repo/rbi_2025_2/abb/abb_bridge/install/abb_rapid_sm_addin_msgs/include/abb_rapid_sm_addin_msgs/abb_rapid_sm_addin_msgs/msg/detail/egm_activate_settings__struct.hpp
[19.164s] -- Installing: /home/eia/repo/rbi_2025_2/abb/abb_bridge/install/abb_rapid_sm_addin_msgs/include/abb_rapid_sm_addin_msgs/abb_rapid_sm_addin_msgs/msg/detail/egm_stop_settings__type_support.hpp
[19.164s] -- Installing: /home/eia/repo/rbi_2025_2/abb/abb_bridge/install/abb_rapid_sm_addin_msgs/include/abb_rapid_sm_addin_msgs/abb_rapid_sm_addin_msgs/msg/detail/egm_settings__struct.hpp
[19.164s] -- Installing: /home/eia/repo/rbi_2025_2/abb/abb_bridge/install/abb_rapid_sm_addin_msgs/include/abb_rapid_sm_addin_msgs/abb_rapid_sm_addin_msgs/msg/detail/state_machine_state__builder.hpp
[19.164s] -- Installing: /home/eia/repo/rbi_2025_2/abb/abb_bridge/install/abb_rapid_sm_addin_msgs/include/abb_rapid_sm_addin_msgs/abb_rapid_sm_addin_msgs/msg/detail/egm_stop_settings__traits.hpp
[19.164s] -- Installing: /home/eia/repo/rbi_2025_2/abb/abb_bridge/install/abb_rapid_sm_addin_msgs/include/abb_rapid_sm_addin_msgs/abb_rapid_sm_addin_msgs/msg/detail/egm_settings__traits.hpp
[19.165s] -- Installing: /home/eia/repo/rbi_2025_2/abb/abb_bridge/install/abb_rapid_sm_addin_msgs/include/abb_rapid_sm_addin_msgs/abb_rapid_sm_addin_msgs/msg/detail/egm_run_settings__type_support.hpp
[19.165s] -- Installing: /home/eia/repo/rbi_2025_2/abb/abb_bridge/install/abb_rapid_sm_addin_msgs/include/abb_rapid_sm_addin_msgs/abb_rapid_sm_addin_msgs/msg/detail/egm_activate_settings__type_support.hpp
[19.165s] -- Installing: /home/eia/repo/rbi_2025_2/abb/abb_bridge/install/abb_rapid_sm_addin_msgs/include/abb_rapid_sm_addin_msgs/abb_rapid_sm_addin_msgs/msg/detail/egm_activate_settings__traits.hpp
[19.165s] -- Installing: /home/eia/repo/rbi_2025_2/abb/abb_bridge/install/abb_rapid_sm_addin_msgs/include/abb_rapid_sm_addin_msgs/abb_rapid_sm_addin_msgs/msg/detail/egm_setup_settings__struct.hpp
[19.165s] -- Installing: /home/eia/repo/rbi_2025_2/abb/abb_bridge/install/abb_rapid_sm_addin_msgs/include/abb_rapid_sm_addin_msgs/abb_rapid_sm_addin_msgs/msg/detail/egm_stop_settings__builder.hpp
[19.165s] -- Installing: /home/eia/repo/rbi_2025_2/abb/abb_bridge/install/abb_rapid_sm_addin_msgs/include/abb_rapid_sm_addin_msgs/abb_rapid_sm_addin_msgs/msg/detail/egm_setup_settings__traits.hpp
[19.165s] -- Installing: /home/eia/repo/rbi_2025_2/abb/abb_bridge/install/abb_rapid_sm_addin_msgs/include/abb_rapid_sm_addin_msgs/abb_rapid_sm_addin_msgs/msg/detail/runtime_state__type_support.hpp
[19.165s] -- Installing: /home/eia/repo/rbi_2025_2/abb/abb_bridge/install/abb_rapid_sm_addin_msgs/include/abb_rapid_sm_addin_msgs/abb_rapid_sm_addin_msgs/msg/detail/runtime_state__struct.hpp
[19.166s] -- Installing: /home/eia/repo/rbi_2025_2/abb/abb_bridge/install/abb_rapid_sm_addin_msgs/include/abb_rapid_sm_addin_msgs/abb_rapid_sm_addin_msgs/msg/detail/egm_settings__builder.hpp
[19.166s] -- Installing: /home/eia/repo/rbi_2025_2/abb/abb_bridge/install/abb_rapid_sm_addin_msgs/include/abb_rapid_sm_addin_msgs/abb_rapid_sm_addin_msgs/msg/detail/state_machine_state__struct.hpp
[19.166s] -- Installing: /home/eia/repo/rbi_2025_2/abb/abb_bridge/install/abb_rapid_sm_addin_msgs/include/abb_rapid_sm_addin_msgs/abb_rapid_sm_addin_msgs/msg/detail/state_machine_state__traits.hpp
[19.166s] -- Installing: /home/eia/repo/rbi_2025_2/abb/abb_bridge/install/abb_rapid_sm_addin_msgs/include/abb_rapid_sm_addin_msgs/abb_rapid_sm_addin_msgs/msg/detail/runtime_state__builder.hpp
[19.166s] -- Installing: /home/eia/repo/rbi_2025_2/abb/abb_bridge/install/abb_rapid_sm_addin_msgs/include/abb_rapid_sm_addin_msgs/abb_rapid_sm_addin_msgs/msg/detail/egm_run_settings__traits.hpp
[19.166s] -- Installing: /home/eia/repo/rbi_2025_2/abb/abb_bridge/install/abb_rapid_sm_addin_msgs/include/abb_rapid_sm_addin_msgs/abb_rapid_sm_addin_msgs/msg/detail/egm_setup_settings__builder.hpp
[19.166s] -- Installing: /home/eia/repo/rbi_2025_2/abb/abb_bridge/install/abb_rapid_sm_addin_msgs/include/abb_rapid_sm_addin_msgs/abb_rapid_sm_addin_msgs/msg/detail/egm_activate_settings__builder.hpp
[19.167s] -- Installing: /home/eia/repo/rbi_2025_2/abb/abb_bridge/install/abb_rapid_sm_addin_msgs/include/abb_rapid_sm_addin_msgs/abb_rapid_sm_addin_msgs/msg/detail/egm_run_settings__struct.hpp
[19.167s] -- Installing: /home/eia/repo/rbi_2025_2/abb/abb_bridge/install/abb_rapid_sm_addin_msgs/include/abb_rapid_sm_addin_msgs/abb_rapid_sm_addin_msgs/msg/detail/egm_settings__type_support.hpp
[19.167s] -- Installing: /home/eia/repo/rbi_2025_2/abb/abb_bridge/install/abb_rapid_sm_addin_msgs/include/abb_rapid_sm_addin_msgs/abb_rapid_sm_addin_msgs/msg/detail/state_machine_state__type_support.hpp
[19.167s] -- Installing: /home/eia/repo/rbi_2025_2/abb/abb_bridge/install/abb_rapid_sm_addin_msgs/include/abb_rapid_sm_addin_msgs/abb_rapid_sm_addin_msgs/msg/egm_activate_settings.hpp
[19.167s] -- Installing: /home/eia/repo/rbi_2025_2/abb/abb_bridge/install/abb_rapid_sm_addin_msgs/include/abb_rapid_sm_addin_msgs/abb_rapid_sm_addin_msgs/msg/egm_run_settings.hpp
[19.167s] -- Installing: /home/eia/repo/rbi_2025_2/abb/abb_bridge/install/abb_rapid_sm_addin_msgs/include/abb_rapid_sm_addin_msgs/abb_rapid_sm_addin_msgs/msg/state_machine_state.hpp
[19.167s] -- Up-to-date: /home/eia/repo/rbi_2025_2/abb/abb_bridge/install/abb_rapid_sm_addin_msgs/include/abb_rapid_sm_addin_msgs/abb_rapid_sm_addin_msgs/srv
[19.167s] -- Installing: /home/eia/repo/rbi_2025_2/abb/abb_bridge/install/abb_rapid_sm_addin_msgs/include/abb_rapid_sm_addin_msgs/abb_rapid_sm_addin_msgs/srv/get_egm_settings.hpp
[19.168s] -- Installing: /home/eia/repo/rbi_2025_2/abb/abb_bridge/install/abb_rapid_sm_addin_msgs/include/abb_rapid_sm_addin_msgs/abb_rapid_sm_addin_msgs/srv/set_sg_command.hpp
[19.168s] -- Installing: /home/eia/repo/rbi_2025_2/abb/abb_bridge/install/abb_rapid_sm_addin_msgs/include/abb_rapid_sm_addin_msgs/abb_rapid_sm_addin_msgs/srv/set_rapid_routine.hpp
[19.168s] -- Up-to-date: /home/eia/repo/rbi_2025_2/abb/abb_bridge/install/abb_rapid_sm_addin_msgs/include/abb_rapid_sm_addin_msgs/abb_rapid_sm_addin_msgs/srv/detail
[19.168s] -- Installing: /home/eia/repo/rbi_2025_2/abb/abb_bridge/install/abb_rapid_sm_addin_msgs/include/abb_rapid_sm_addin_msgs/abb_rapid_sm_addin_msgs/srv/detail/set_rapid_routine__traits.hpp
[19.168s] -- Installing: /home/eia/repo/rbi_2025_2/abb/abb_bridge/install/abb_rapid_sm_addin_msgs/include/abb_rapid_sm_addin_msgs/abb_rapid_sm_addin_msgs/srv/detail/set_egm_settings__struct.hpp
[19.168s] -- Installing: /home/eia/repo/rbi_2025_2/abb/abb_bridge/install/abb_rapid_sm_addin_msgs/include/abb_rapid_sm_addin_msgs/abb_rapid_sm_addin_msgs/srv/detail/set_rapid_routine__struct.hpp
[19.168s] -- Installing: /home/eia/repo/rbi_2025_2/abb/abb_bridge/install/abb_rapid_sm_addin_msgs/include/abb_rapid_sm_addin_msgs/abb_rapid_sm_addin_msgs/srv/detail/get_egm_settings__traits.hpp
[19.168s] -- Installing: /home/eia/repo/rbi_2025_2/abb/abb_bridge/install/abb_rapid_sm_addin_msgs/include/abb_rapid_sm_addin_msgs/abb_rapid_sm_addin_msgs/srv/detail/set_egm_settings__builder.hpp
[19.168s] -- Installing: /home/eia/repo/rbi_2025_2/abb/abb_bridge/install/abb_rapid_sm_addin_msgs/include/abb_rapid_sm_addin_msgs/abb_rapid_sm_addin_msgs/srv/detail/set_sg_command__traits.hpp
[19.169s] -- Installing: /home/eia/repo/rbi_2025_2/abb/abb_bridge/install/abb_rapid_sm_addin_msgs/include/abb_rapid_sm_addin_msgs/abb_rapid_sm_addin_msgs/srv/detail/get_egm_settings__builder.hpp
[19.169s] -- Installing: /home/eia/repo/rbi_2025_2/abb/abb_bridge/install/abb_rapid_sm_addin_msgs/include/abb_rapid_sm_addin_msgs/abb_rapid_sm_addin_msgs/srv/detail/set_rapid_routine__builder.hpp
[19.169s] -- Installing: /home/eia/repo/rbi_2025_2/abb/abb_bridge/install/abb_rapid_sm_addin_msgs/include/abb_rapid_sm_addin_msgs/abb_rapid_sm_addin_msgs/srv/detail/get_egm_settings__type_support.hpp
[19.169s] -- Installing: /home/eia/repo/rbi_2025_2/abb/abb_bridge/install/abb_rapid_sm_addin_msgs/include/abb_rapid_sm_addin_msgs/abb_rapid_sm_addin_msgs/srv/detail/set_sg_command__struct.hpp
[19.169s] -- Installing: /home/eia/repo/rbi_2025_2/abb/abb_bridge/install/abb_rapid_sm_addin_msgs/include/abb_rapid_sm_addin_msgs/abb_rapid_sm_addin_msgs/srv/detail/get_egm_settings__struct.hpp
[19.169s] -- Installing: /home/eia/repo/rbi_2025_2/abb/abb_bridge/install/abb_rapid_sm_addin_msgs/include/abb_rapid_sm_addin_msgs/abb_rapid_sm_addin_msgs/srv/detail/set_egm_settings__traits.hpp
[19.169s] -- Installing: /home/eia/repo/rbi_2025_2/abb/abb_bridge/install/abb_rapid_sm_addin_msgs/include/abb_rapid_sm_addin_msgs/abb_rapid_sm_addin_msgs/srv/detail/set_sg_command__builder.hpp
[19.170s] -- Installing: /home/eia/repo/rbi_2025_2/abb/abb_bridge/install/abb_rapid_sm_addin_msgs/include/abb_rapid_sm_addin_msgs/abb_rapid_sm_addin_msgs/srv/detail/set_egm_settings__type_support.hpp
[19.170s] -- Installing: /home/eia/repo/rbi_2025_2/abb/abb_bridge/install/abb_rapid_sm_addin_msgs/include/abb_rapid_sm_addin_msgs/abb_rapid_sm_addin_msgs/srv/detail/set_sg_command__type_support.hpp
[19.170s] -- Installing: /home/eia/repo/rbi_2025_2/abb/abb_bridge/install/abb_rapid_sm_addin_msgs/include/abb_rapid_sm_addin_msgs/abb_rapid_sm_addin_msgs/srv/detail/set_rapid_routine__type_support.hpp
[19.170s] -- Installing: /home/eia/repo/rbi_2025_2/abb/abb_bridge/install/abb_rapid_sm_addin_msgs/include/abb_rapid_sm_addin_msgs/abb_rapid_sm_addin_msgs/srv/set_egm_settings.hpp
[19.170s] -- Up-to-date: /home/eia/repo/rbi_2025_2/abb/abb_bridge/install/abb_rapid_sm_addin_msgs/include/abb_rapid_sm_addin_msgs/abb_rapid_sm_addin_msgs
[19.170s] -- Up-to-date: /home/eia/repo/rbi_2025_2/abb/abb_bridge/install/abb_rapid_sm_addin_msgs/include/abb_rapid_sm_addin_msgs/abb_rapid_sm_addin_msgs/msg
[19.170s] -- Installing: /home/eia/repo/rbi_2025_2/abb/abb_bridge/install/abb_rapid_sm_addin_msgs/include/abb_rapid_sm_addin_msgs/abb_rapid_sm_addin_msgs/msg/rosidl_typesupport_fastrtps_cpp__visibility_control.h
[19.170s] -- Up-to-date: /home/eia/repo/rbi_2025_2/abb/abb_bridge/install/abb_rapid_sm_addin_msgs/include/abb_rapid_sm_addin_msgs/abb_rapid_sm_addin_msgs/msg/detail
[19.171s] -- Installing: /home/eia/repo/rbi_2025_2/abb/abb_bridge/install/abb_rapid_sm_addin_msgs/include/abb_rapid_sm_addin_msgs/abb_rapid_sm_addin_msgs/msg/detail/egm_run_settings__rosidl_typesupport_fastrtps_cpp.hpp
[19.171s] -- Installing: /home/eia/repo/rbi_2025_2/abb/abb_bridge/install/abb_rapid_sm_addin_msgs/include/abb_rapid_sm_addin_msgs/abb_rapid_sm_addin_msgs/msg/detail/egm_stop_settings__rosidl_typesupport_fastrtps_cpp.hpp
[19.171s] -- Installing: /home/eia/repo/rbi_2025_2/abb/abb_bridge/install/abb_rapid_sm_addin_msgs/include/abb_rapid_sm_addin_msgs/abb_rapid_sm_addin_msgs/msg/detail/egm_settings__rosidl_typesupport_fastrtps_cpp.hpp
[19.171s] -- Installing: /home/eia/repo/rbi_2025_2/abb/abb_bridge/install/abb_rapid_sm_addin_msgs/include/abb_rapid_sm_addin_msgs/abb_rapid_sm_addin_msgs/msg/detail/egm_setup_settings__rosidl_typesupport_fastrtps_cpp.hpp
[19.171s] -- Installing: /home/eia/repo/rbi_2025_2/abb/abb_bridge/install/abb_rapid_sm_addin_msgs/include/abb_rapid_sm_addin_msgs/abb_rapid_sm_addin_msgs/msg/detail/state_machine_state__rosidl_typesupport_fastrtps_cpp.hpp
[19.171s] -- Installing: /home/eia/repo/rbi_2025_2/abb/abb_bridge/install/abb_rapid_sm_addin_msgs/include/abb_rapid_sm_addin_msgs/abb_rapid_sm_addin_msgs/msg/detail/egm_activate_settings__rosidl_typesupport_fastrtps_cpp.hpp
[19.171s] -- Installing: /home/eia/repo/rbi_2025_2/abb/abb_bridge/install/abb_rapid_sm_addin_msgs/include/abb_rapid_sm_addin_msgs/abb_rapid_sm_addin_msgs/msg/detail/dds_fastrtps
[19.171s] -- Installing: /home/eia/repo/rbi_2025_2/abb/abb_bridge/install/abb_rapid_sm_addin_msgs/include/abb_rapid_sm_addin_msgs/abb_rapid_sm_addin_msgs/msg/detail/runtime_state__rosidl_typesupport_fastrtps_cpp.hpp
[19.171s] -- Up-to-date: /home/eia/repo/rbi_2025_2/abb/abb_bridge/install/abb_rapid_sm_addin_msgs/include/abb_rapid_sm_addin_msgs/abb_rapid_sm_addin_msgs/srv
[19.172s] -- Up-to-date: /home/eia/repo/rbi_2025_2/abb/abb_bridge/install/abb_rapid_sm_addin_msgs/include/abb_rapid_sm_addin_msgs/abb_rapid_sm_addin_msgs/srv/detail
[19.172s] -- Installing: /home/eia/repo/rbi_2025_2/abb/abb_bridge/install/abb_rapid_sm_addin_msgs/include/abb_rapid_sm_addin_msgs/abb_rapid_sm_addin_msgs/srv/detail/get_egm_settings__rosidl_typesupport_fastrtps_cpp.hpp
[19.172s] -- Installing: /home/eia/repo/rbi_2025_2/abb/abb_bridge/install/abb_rapid_sm_addin_msgs/include/abb_rapid_sm_addin_msgs/abb_rapid_sm_addin_msgs/srv/detail/set_rapid_routine__rosidl_typesupport_fastrtps_cpp.hpp
[19.172s] -- Installing: /home/eia/repo/rbi_2025_2/abb/abb_bridge/install/abb_rapid_sm_addin_msgs/include/abb_rapid_sm_addin_msgs/abb_rapid_sm_addin_msgs/srv/detail/set_sg_command__rosidl_typesupport_fastrtps_cpp.hpp
[19.172s] -- Installing: /home/eia/repo/rbi_2025_2/abb/abb_bridge/install/abb_rapid_sm_addin_msgs/include/abb_rapid_sm_addin_msgs/abb_rapid_sm_addin_msgs/srv/detail/set_egm_settings__rosidl_typesupport_fastrtps_cpp.hpp
[19.172s] -- Installing: /home/eia/repo/rbi_2025_2/abb/abb_bridge/install/abb_rapid_sm_addin_msgs/include/abb_rapid_sm_addin_msgs/abb_rapid_sm_addin_msgs/srv/detail/dds_fastrtps
[19.172s] -- Installing: /home/eia/repo/rbi_2025_2/abb/abb_bridge/install/abb_rapid_sm_addin_msgs/lib/libabb_rapid_sm_addin_msgs__rosidl_typesupport_fastrtps_cpp.so
[19.173s] -- Set runtime path of "/home/eia/repo/rbi_2025_2/abb/abb_bridge/install/abb_rapid_sm_addin_msgs/lib/libabb_rapid_sm_addin_msgs__rosidl_typesupport_fastrtps_cpp.so" to ""
[19.173s] -- Up-to-date: /home/eia/repo/rbi_2025_2/abb/abb_bridge/install/abb_rapid_sm_addin_msgs/include/abb_rapid_sm_addin_msgs/abb_rapid_sm_addin_msgs
[19.173s] -- Up-to-date: /home/eia/repo/rbi_2025_2/abb/abb_bridge/install/abb_rapid_sm_addin_msgs/include/abb_rapid_sm_addin_msgs/abb_rapid_sm_addin_msgs/msg
[19.173s] -- Up-to-date: /home/eia/repo/rbi_2025_2/abb/abb_bridge/install/abb_rapid_sm_addin_msgs/include/abb_rapid_sm_addin_msgs/abb_rapid_sm_addin_msgs/msg/detail
[19.173s] -- Installing: /home/eia/repo/rbi_2025_2/abb/abb_bridge/install/abb_rapid_sm_addin_msgs/include/abb_rapid_sm_addin_msgs/abb_rapid_sm_addin_msgs/msg/detail/egm_setup_settings__rosidl_typesupport_introspection_cpp.hpp
[19.173s] -- Installing: /home/eia/repo/rbi_2025_2/abb/abb_bridge/install/abb_rapid_sm_addin_msgs/include/abb_rapid_sm_addin_msgs/abb_rapid_sm_addin_msgs/msg/detail/egm_run_settings__type_support.cpp
[19.173s] -- Installing: /home/eia/repo/rbi_2025_2/abb/abb_bridge/install/abb_rapid_sm_addin_msgs/include/abb_rapid_sm_addin_msgs/abb_rapid_sm_addin_msgs/msg/detail/state_machine_state__rosidl_typesupport_introspection_cpp.hpp
[19.173s] -- Installing: /home/eia/repo/rbi_2025_2/abb/abb_bridge/install/abb_rapid_sm_addin_msgs/include/abb_rapid_sm_addin_msgs/abb_rapid_sm_addin_msgs/msg/detail/state_machine_state__type_support.cpp
[19.174s] -- Installing: /home/eia/repo/rbi_2025_2/abb/abb_bridge/install/abb_rapid_sm_addin_msgs/include/abb_rapid_sm_addin_msgs/abb_rapid_sm_addin_msgs/msg/detail/egm_run_settings__rosidl_typesupport_introspection_cpp.hpp
[19.174s] -- Installing: /home/eia/repo/rbi_2025_2/abb/abb_bridge/install/abb_rapid_sm_addin_msgs/include/abb_rapid_sm_addin_msgs/abb_rapid_sm_addin_msgs/msg/detail/egm_settings__rosidl_typesupport_introspection_cpp.hpp
[19.174s] -- Installing: /home/eia/repo/rbi_2025_2/abb/abb_bridge/install/abb_rapid_sm_addin_msgs/include/abb_rapid_sm_addin_msgs/abb_rapid_sm_addin_msgs/msg/detail/egm_stop_settings__type_support.cpp
[19.174s] -- Installing: /home/eia/repo/rbi_2025_2/abb/abb_bridge/install/abb_rapid_sm_addin_msgs/include/abb_rapid_sm_addin_msgs/abb_rapid_sm_addin_msgs/msg/detail/egm_setup_settings__type_support.cpp
[19.174s] -- Installing: /home/eia/repo/rbi_2025_2/abb/abb_bridge/install/abb_rapid_sm_addin_msgs/include/abb_rapid_sm_addin_msgs/abb_rapid_sm_addin_msgs/msg/detail/egm_stop_settings__rosidl_typesupport_introspection_cpp.hpp
[19.174s] -- Installing: /home/eia/repo/rbi_2025_2/abb/abb_bridge/install/abb_rapid_sm_addin_msgs/include/abb_rapid_sm_addin_msgs/abb_rapid_sm_addin_msgs/msg/detail/egm_activate_settings__rosidl_typesupport_introspection_cpp.hpp
[19.174s] -- Installing: /home/eia/repo/rbi_2025_2/abb/abb_bridge/install/abb_rapid_sm_addin_msgs/include/abb_rapid_sm_addin_msgs/abb_rapid_sm_addin_msgs/msg/detail/runtime_state__type_support.cpp
[19.174s] -- Installing: /home/eia/repo/rbi_2025_2/abb/abb_bridge/install/abb_rapid_sm_addin_msgs/include/abb_rapid_sm_addin_msgs/abb_rapid_sm_addin_msgs/msg/detail/runtime_state__rosidl_typesupport_introspection_cpp.hpp
[19.175s] -- Installing: /home/eia/repo/rbi_2025_2/abb/abb_bridge/install/abb_rapid_sm_addin_msgs/include/abb_rapid_sm_addin_msgs/abb_rapid_sm_addin_msgs/msg/detail/egm_settings__type_support.cpp
[19.175s] -- Installing: /home/eia/repo/rbi_2025_2/abb/abb_bridge/install/abb_rapid_sm_addin_msgs/include/abb_rapid_sm_addin_msgs/abb_rapid_sm_addin_msgs/msg/detail/egm_activate_settings__type_support.cpp
[19.175s] -- Up-to-date: /home/eia/repo/rbi_2025_2/abb/abb_bridge/install/abb_rapid_sm_addin_msgs/include/abb_rapid_sm_addin_msgs/abb_rapid_sm_addin_msgs/srv
[19.175s] -- Up-to-date: /home/eia/repo/rbi_2025_2/abb/abb_bridge/install/abb_rapid_sm_addin_msgs/include/abb_rapid_sm_addin_msgs/abb_rapid_sm_addin_msgs/srv/detail
[19.175s] -- Installing: /home/eia/repo/rbi_2025_2/abb/abb_bridge/install/abb_rapid_sm_addin_msgs/include/abb_rapid_sm_addin_msgs/abb_rapid_sm_addin_msgs/srv/detail/set_sg_command__type_support.cpp
[19.175s] -- Installing: /home/eia/repo/rbi_2025_2/abb/abb_bridge/install/abb_rapid_sm_addin_msgs/include/abb_rapid_sm_addin_msgs/abb_rapid_sm_addin_msgs/srv/detail/set_rapid_routine__rosidl_typesupport_introspection_cpp.hpp
[19.175s] -- Installing: /home/eia/repo/rbi_2025_2/abb/abb_bridge/install/abb_rapid_sm_addin_msgs/include/abb_rapid_sm_addin_msgs/abb_rapid_sm_addin_msgs/srv/detail/get_egm_settings__rosidl_typesupport_introspection_cpp.hpp
[19.175s] -- Installing: /home/eia/repo/rbi_2025_2/abb/abb_bridge/install/abb_rapid_sm_addin_msgs/include/abb_rapid_sm_addin_msgs/abb_rapid_sm_addin_msgs/srv/detail/set_sg_command__rosidl_typesupport_introspection_cpp.hpp
[19.176s] -- Installing: /home/eia/repo/rbi_2025_2/abb/abb_bridge/install/abb_rapid_sm_addin_msgs/include/abb_rapid_sm_addin_msgs/abb_rapid_sm_addin_msgs/srv/detail/set_egm_settings__type_support.cpp
[19.176s] -- Installing: /home/eia/repo/rbi_2025_2/abb/abb_bridge/install/abb_rapid_sm_addin_msgs/include/abb_rapid_sm_addin_msgs/abb_rapid_sm_addin_msgs/srv/detail/set_egm_settings__rosidl_typesupport_introspection_cpp.hpp
[19.176s] -- Installing: /home/eia/repo/rbi_2025_2/abb/abb_bridge/install/abb_rapid_sm_addin_msgs/include/abb_rapid_sm_addin_msgs/abb_rapid_sm_addin_msgs/srv/detail/get_egm_settings__type_support.cpp
[19.176s] -- Installing: /home/eia/repo/rbi_2025_2/abb/abb_bridge/install/abb_rapid_sm_addin_msgs/include/abb_rapid_sm_addin_msgs/abb_rapid_sm_addin_msgs/srv/detail/set_rapid_routine__type_support.cpp
[19.176s] -- Installing: /home/eia/repo/rbi_2025_2/abb/abb_bridge/install/abb_rapid_sm_addin_msgs/lib/libabb_rapid_sm_addin_msgs__rosidl_typesupport_introspection_cpp.so
[19.177s] -- Set runtime path of "/home/eia/repo/rbi_2025_2/abb/abb_bridge/install/abb_rapid_sm_addin_msgs/lib/libabb_rapid_sm_addin_msgs__rosidl_typesupport_introspection_cpp.so" to ""
[19.177s] -- Installing: /home/eia/repo/rbi_2025_2/abb/abb_bridge/install/abb_rapid_sm_addin_msgs/lib/libabb_rapid_sm_addin_msgs__rosidl_typesupport_cpp.so
[19.177s] -- Set runtime path of "/home/eia/repo/rbi_2025_2/abb/abb_bridge/install/abb_rapid_sm_addin_msgs/lib/libabb_rapid_sm_addin_msgs__rosidl_typesupport_cpp.so" to ""
[19.177s] -- Installing: /home/eia/repo/rbi_2025_2/abb/abb_bridge/install/abb_rapid_sm_addin_msgs/share/abb_rapid_sm_addin_msgs/environment/pythonpath.sh
[19.177s] -- Installing: /home/eia/repo/rbi_2025_2/abb/abb_bridge/install/abb_rapid_sm_addin_msgs/share/abb_rapid_sm_addin_msgs/environment/pythonpath.dsv
[19.177s] -- Installing: /home/eia/repo/rbi_2025_2/abb/abb_bridge/install/abb_rapid_sm_addin_msgs/local/lib/python3.10/dist-packages/abb_rapid_sm_addin_msgs-1.0.0-py3.10.egg-info
[19.178s] -- Installing: /home/eia/repo/rbi_2025_2/abb/abb_bridge/install/abb_rapid_sm_addin_msgs/local/lib/python3.10/dist-packages/abb_rapid_sm_addin_msgs-1.0.0-py3.10.egg-info/PKG-INFO
[19.178s] -- Installing: /home/eia/repo/rbi_2025_2/abb/abb_bridge/install/abb_rapid_sm_addin_msgs/local/lib/python3.10/dist-packages/abb_rapid_sm_addin_msgs-1.0.0-py3.10.egg-info/SOURCES.txt
[19.178s] -- Installing: /home/eia/repo/rbi_2025_2/abb/abb_bridge/install/abb_rapid_sm_addin_msgs/local/lib/python3.10/dist-packages/abb_rapid_sm_addin_msgs-1.0.0-py3.10.egg-info/dependency_links.txt
[19.178s] -- Installing: /home/eia/repo/rbi_2025_2/abb/abb_bridge/install/abb_rapid_sm_addin_msgs/local/lib/python3.10/dist-packages/abb_rapid_sm_addin_msgs-1.0.0-py3.10.egg-info/top_level.txt
[19.178s] -- Installing: /home/eia/repo/rbi_2025_2/abb/abb_bridge/install/abb_rapid_sm_addin_msgs/local/lib/python3.10/dist-packages/abb_rapid_sm_addin_msgs
[19.178s] -- Installing: /home/eia/repo/rbi_2025_2/abb/abb_bridge/install/abb_rapid_sm_addin_msgs/local/lib/python3.10/dist-packages/abb_rapid_sm_addin_msgs/msg
[19.178s] -- Installing: /home/eia/repo/rbi_2025_2/abb/abb_bridge/install/abb_rapid_sm_addin_msgs/local/lib/python3.10/dist-packages/abb_rapid_sm_addin_msgs/msg/_runtime_state_s.c
[19.178s] -- Installing: /home/eia/repo/rbi_2025_2/abb/abb_bridge/install/abb_rapid_sm_addin_msgs/local/lib/python3.10/dist-packages/abb_rapid_sm_addin_msgs/msg/_egm_setup_settings_s.c
[19.179s] -- Installing: /home/eia/repo/rbi_2025_2/abb/abb_bridge/install/abb_rapid_sm_addin_msgs/local/lib/python3.10/dist-packages/abb_rapid_sm_addin_msgs/msg/_runtime_state.py
[19.179s] -- Installing: /home/eia/repo/rbi_2025_2/abb/abb_bridge/install/abb_rapid_sm_addin_msgs/local/lib/python3.10/dist-packages/abb_rapid_sm_addin_msgs/msg/_state_machine_state_s.c
[19.179s] -- Installing: /home/eia/repo/rbi_2025_2/abb/abb_bridge/install/abb_rapid_sm_addin_msgs/local/lib/python3.10/dist-packages/abb_rapid_sm_addin_msgs/msg/_egm_settings.py
[19.179s] -- Installing: /home/eia/repo/rbi_2025_2/abb/abb_bridge/install/abb_rapid_sm_addin_msgs/local/lib/python3.10/dist-packages/abb_rapid_sm_addin_msgs/msg/_egm_activate_settings.py
[19.179s] -- Installing: /home/eia/repo/rbi_2025_2/abb/abb_bridge/install/abb_rapid_sm_addin_msgs/local/lib/python3.10/dist-packages/abb_rapid_sm_addin_msgs/msg/_egm_stop_settings.py
[19.179s] -- Installing: /home/eia/repo/rbi_2025_2/abb/abb_bridge/install/abb_rapid_sm_addin_msgs/local/lib/python3.10/dist-packages/abb_rapid_sm_addin_msgs/msg/_egm_settings_s.c
[19.179s] -- Installing: /home/eia/repo/rbi_2025_2/abb/abb_bridge/install/abb_rapid_sm_addin_msgs/local/lib/python3.10/dist-packages/abb_rapid_sm_addin_msgs/msg/_egm_activate_settings_s.c
[19.179s] -- Installing: /home/eia/repo/rbi_2025_2/abb/abb_bridge/install/abb_rapid_sm_addin_msgs/local/lib/python3.10/dist-packages/abb_rapid_sm_addin_msgs/msg/_egm_setup_settings.py
[19.180s] -- Installing: /home/eia/repo/rbi_2025_2/abb/abb_bridge/install/abb_rapid_sm_addin_msgs/local/lib/python3.10/dist-packages/abb_rapid_sm_addin_msgs/msg/_egm_run_settings_s.c
[19.180s] -- Installing: /home/eia/repo/rbi_2025_2/abb/abb_bridge/install/abb_rapid_sm_addin_msgs/local/lib/python3.10/dist-packages/abb_rapid_sm_addin_msgs/msg/_state_machine_state.py
[19.180s] -- Installing: /home/eia/repo/rbi_2025_2/abb/abb_bridge/install/abb_rapid_sm_addin_msgs/local/lib/python3.10/dist-packages/abb_rapid_sm_addin_msgs/msg/_egm_run_settings.py
[19.180s] -- Installing: /home/eia/repo/rbi_2025_2/abb/abb_bridge/install/abb_rapid_sm_addin_msgs/local/lib/python3.10/dist-packages/abb_rapid_sm_addin_msgs/msg/_egm_stop_settings_s.c
[19.180s] -- Installing: /home/eia/repo/rbi_2025_2/abb/abb_bridge/install/abb_rapid_sm_addin_msgs/local/lib/python3.10/dist-packages/abb_rapid_sm_addin_msgs/msg/__init__.py
[19.180s] -- Installing: /home/eia/repo/rbi_2025_2/abb/abb_bridge/install/abb_rapid_sm_addin_msgs/local/lib/python3.10/dist-packages/abb_rapid_sm_addin_msgs/libabb_rapid_sm_addin_msgs__rosidl_generator_py.so
[19.180s] -- Installing: /home/eia/repo/rbi_2025_2/abb/abb_bridge/install/abb_rapid_sm_addin_msgs/local/lib/python3.10/dist-packages/abb_rapid_sm_addin_msgs/abb_rapid_sm_addin_msgs_s__rosidl_typesupport_fastrtps_c.cpython-310-x86_64-linux-gnu.so
[19.180s] -- Installing: /home/eia/repo/rbi_2025_2/abb/abb_bridge/install/abb_rapid_sm_addin_msgs/local/lib/python3.10/dist-packages/abb_rapid_sm_addin_msgs/abb_rapid_sm_addin_msgs_s__rosidl_typesupport_c.cpython-310-x86_64-linux-gnu.so
[19.181s] -- Installing: /home/eia/repo/rbi_2025_2/abb/abb_bridge/install/abb_rapid_sm_addin_msgs/local/lib/python3.10/dist-packages/abb_rapid_sm_addin_msgs/_abb_rapid_sm_addin_msgs_s.ep.rosidl_typesupport_c.c
[19.181s] -- Installing: /home/eia/repo/rbi_2025_2/abb/abb_bridge/install/abb_rapid_sm_addin_msgs/local/lib/python3.10/dist-packages/abb_rapid_sm_addin_msgs/_abb_rapid_sm_addin_msgs_s.ep.rosidl_typesupport_introspection_c.c
[19.181s] -- Installing: /home/eia/repo/rbi_2025_2/abb/abb_bridge/install/abb_rapid_sm_addin_msgs/local/lib/python3.10/dist-packages/abb_rapid_sm_addin_msgs/srv
[19.181s] -- Installing: /home/eia/repo/rbi_2025_2/abb/abb_bridge/install/abb_rapid_sm_addin_msgs/local/lib/python3.10/dist-packages/abb_rapid_sm_addin_msgs/srv/_set_rapid_routine.py
[19.181s] -- Installing: /home/eia/repo/rbi_2025_2/abb/abb_bridge/install/abb_rapid_sm_addin_msgs/local/lib/python3.10/dist-packages/abb_rapid_sm_addin_msgs/srv/_set_rapid_routine_s.c
[19.181s] -- Installing: /home/eia/repo/rbi_2025_2/abb/abb_bridge/install/abb_rapid_sm_addin_msgs/local/lib/python3.10/dist-packages/abb_rapid_sm_addin_msgs/srv/_set_sg_command_s.c
[19.181s] -- Installing: /home/eia/repo/rbi_2025_2/abb/abb_bridge/install/abb_rapid_sm_addin_msgs/local/lib/python3.10/dist-packages/abb_rapid_sm_addin_msgs/srv/_get_egm_settings_s.c
[19.182s] -- Installing: /home/eia/repo/rbi_2025_2/abb/abb_bridge/install/abb_rapid_sm_addin_msgs/local/lib/python3.10/dist-packages/abb_rapid_sm_addin_msgs/srv/_set_sg_command.py
[19.182s] -- Installing: /home/eia/repo/rbi_2025_2/abb/abb_bridge/install/abb_rapid_sm_addin_msgs/local/lib/python3.10/dist-packages/abb_rapid_sm_addin_msgs/srv/_set_egm_settings_s.c
[19.182s] -- Installing: /home/eia/repo/rbi_2025_2/abb/abb_bridge/install/abb_rapid_sm_addin_msgs/local/lib/python3.10/dist-packages/abb_rapid_sm_addin_msgs/srv/_set_egm_settings.py
[19.182s] -- Installing: /home/eia/repo/rbi_2025_2/abb/abb_bridge/install/abb_rapid_sm_addin_msgs/local/lib/python3.10/dist-packages/abb_rapid_sm_addin_msgs/srv/_get_egm_settings.py
[19.182s] -- Installing: /home/eia/repo/rbi_2025_2/abb/abb_bridge/install/abb_rapid_sm_addin_msgs/local/lib/python3.10/dist-packages/abb_rapid_sm_addin_msgs/srv/__init__.py
[19.182s] -- Installing: /home/eia/repo/rbi_2025_2/abb/abb_bridge/install/abb_rapid_sm_addin_msgs/local/lib/python3.10/dist-packages/abb_rapid_sm_addin_msgs/abb_rapid_sm_addin_msgs_s__rosidl_typesupport_introspection_c.cpython-310-x86_64-linux-gnu.so
[19.182s] -- Installing: /home/eia/repo/rbi_2025_2/abb/abb_bridge/install/abb_rapid_sm_addin_msgs/local/lib/python3.10/dist-packages/abb_rapid_sm_addin_msgs/_abb_rapid_sm_addin_msgs_s.ep.rosidl_typesupport_fastrtps_c.c
[19.183s] -- Installing: /home/eia/repo/rbi_2025_2/abb/abb_bridge/install/abb_rapid_sm_addin_msgs/local/lib/python3.10/dist-packages/abb_rapid_sm_addin_msgs/__init__.py
[19.232s] Listing '/home/eia/repo/rbi_2025_2/abb/abb_bridge/install/abb_rapid_sm_addin_msgs/local/lib/python3.10/dist-packages/abb_rapid_sm_addin_msgs'...
[19.232s] Compiling '/home/eia/repo/rbi_2025_2/abb/abb_bridge/install/abb_rapid_sm_addin_msgs/local/lib/python3.10/dist-packages/abb_rapid_sm_addin_msgs/__init__.py'...
[19.232s] Listing '/home/eia/repo/rbi_2025_2/abb/abb_bridge/install/abb_rapid_sm_addin_msgs/local/lib/python3.10/dist-packages/abb_rapid_sm_addin_msgs/msg'...
[19.232s] Compiling '/home/eia/repo/rbi_2025_2/abb/abb_bridge/install/abb_rapid_sm_addin_msgs/local/lib/python3.10/dist-packages/abb_rapid_sm_addin_msgs/msg/__init__.py'...
[19.232s] Compiling '/home/eia/repo/rbi_2025_2/abb/abb_bridge/install/abb_rapid_sm_addin_msgs/local/lib/python3.10/dist-packages/abb_rapid_sm_addin_msgs/msg/_egm_activate_settings.py'...
[19.232s] Compiling '/home/eia/repo/rbi_2025_2/abb/abb_bridge/install/abb_rapid_sm_addin_msgs/local/lib/python3.10/dist-packages/abb_rapid_sm_addin_msgs/msg/_egm_run_settings.py'...
[19.232s] Compiling '/home/eia/repo/rbi_2025_2/abb/abb_bridge/install/abb_rapid_sm_addin_msgs/local/lib/python3.10/dist-packages/abb_rapid_sm_addin_msgs/msg/_egm_settings.py'...
[19.233s] Compiling '/home/eia/repo/rbi_2025_2/abb/abb_bridge/install/abb_rapid_sm_addin_msgs/local/lib/python3.10/dist-packages/abb_rapid_sm_addin_msgs/msg/_egm_setup_settings.py'...
[19.233s] Compiling '/home/eia/repo/rbi_2025_2/abb/abb_bridge/install/abb_rapid_sm_addin_msgs/local/lib/python3.10/dist-packages/abb_rapid_sm_addin_msgs/msg/_egm_stop_settings.py'...
[19.233s] Compiling '/home/eia/repo/rbi_2025_2/abb/abb_bridge/install/abb_rapid_sm_addin_msgs/local/lib/python3.10/dist-packages/abb_rapid_sm_addin_msgs/msg/_runtime_state.py'...
[19.233s] Compiling '/home/eia/repo/rbi_2025_2/abb/abb_bridge/install/abb_rapid_sm_addin_msgs/local/lib/python3.10/dist-packages/abb_rapid_sm_addin_msgs/msg/_state_machine_state.py'...
[19.233s] Listing '/home/eia/repo/rbi_2025_2/abb/abb_bridge/install/abb_rapid_sm_addin_msgs/local/lib/python3.10/dist-packages/abb_rapid_sm_addin_msgs/srv'...
[19.233s] Compiling '/home/eia/repo/rbi_2025_2/abb/abb_bridge/install/abb_rapid_sm_addin_msgs/local/lib/python3.10/dist-packages/abb_rapid_sm_addin_msgs/srv/__init__.py'...
[19.233s] Compiling '/home/eia/repo/rbi_2025_2/abb/abb_bridge/install/abb_rapid_sm_addin_msgs/local/lib/python3.10/dist-packages/abb_rapid_sm_addin_msgs/srv/_get_egm_settings.py'...
[19.233s] Compiling '/home/eia/repo/rbi_2025_2/abb/abb_bridge/install/abb_rapid_sm_addin_msgs/local/lib/python3.10/dist-packages/abb_rapid_sm_addin_msgs/srv/_set_egm_settings.py'...
[19.233s] Compiling '/home/eia/repo/rbi_2025_2/abb/abb_bridge/install/abb_rapid_sm_addin_msgs/local/lib/python3.10/dist-packages/abb_rapid_sm_addin_msgs/srv/_set_rapid_routine.py'...
[19.233s] Compiling '/home/eia/repo/rbi_2025_2/abb/abb_bridge/install/abb_rapid_sm_addin_msgs/local/lib/python3.10/dist-packages/abb_rapid_sm_addin_msgs/srv/_set_sg_command.py'...
[19.237s] -- Installing: /home/eia/repo/rbi_2025_2/abb/abb_bridge/install/abb_rapid_sm_addin_msgs/local/lib/python3.10/dist-packages/abb_rapid_sm_addin_msgs/abb_rapid_sm_addin_msgs_s__rosidl_typesupport_fastrtps_c.cpython-310-x86_64-linux-gnu.so
[19.237s] -- Set runtime path of "/home/eia/repo/rbi_2025_2/abb/abb_bridge/install/abb_rapid_sm_addin_msgs/local/lib/python3.10/dist-packages/abb_rapid_sm_addin_msgs/abb_rapid_sm_addin_msgs_s__rosidl_typesupport_fastrtps_c.cpython-310-x86_64-linux-gnu.so" to ""
[19.238s] -- Installing: /home/eia/repo/rbi_2025_2/abb/abb_bridge/install/abb_rapid_sm_addin_msgs/local/lib/python3.10/dist-packages/abb_rapid_sm_addin_msgs/abb_rapid_sm_addin_msgs_s__rosidl_typesupport_introspection_c.cpython-310-x86_64-linux-gnu.so
[19.238s] -- Set runtime path of "/home/eia/repo/rbi_2025_2/abb/abb_bridge/install/abb_rapid_sm_addin_msgs/local/lib/python3.10/dist-packages/abb_rapid_sm_addin_msgs/abb_rapid_sm_addin_msgs_s__rosidl_typesupport_introspection_c.cpython-310-x86_64-linux-gnu.so" to ""
[19.238s] -- Installing: /home/eia/repo/rbi_2025_2/abb/abb_bridge/install/abb_rapid_sm_addin_msgs/local/lib/python3.10/dist-packages/abb_rapid_sm_addin_msgs/abb_rapid_sm_addin_msgs_s__rosidl_typesupport_c.cpython-310-x86_64-linux-gnu.so
[19.239s] -- Set runtime path of "/home/eia/repo/rbi_2025_2/abb/abb_bridge/install/abb_rapid_sm_addin_msgs/local/lib/python3.10/dist-packages/abb_rapid_sm_addin_msgs/abb_rapid_sm_addin_msgs_s__rosidl_typesupport_c.cpython-310-x86_64-linux-gnu.so" to ""
[19.239s] -- Installing: /home/eia/repo/rbi_2025_2/abb/abb_bridge/install/abb_rapid_sm_addin_msgs/lib/libabb_rapid_sm_addin_msgs__rosidl_generator_py.so
[19.239s] -- Set runtime path of "/home/eia/repo/rbi_2025_2/abb/abb_bridge/install/abb_rapid_sm_addin_msgs/lib/libabb_rapid_sm_addin_msgs__rosidl_generator_py.so" to ""
[19.239s] -- Installing: /home/eia/repo/rbi_2025_2/abb/abb_bridge/install/abb_rapid_sm_addin_msgs/share/abb_rapid_sm_addin_msgs/msg/EGMActivateSettings.idl
[19.240s] -- Installing: /home/eia/repo/rbi_2025_2/abb/abb_bridge/install/abb_rapid_sm_addin_msgs/share/abb_rapid_sm_addin_msgs/msg/EGMRunSettings.idl
[19.240s] -- Installing: /home/eia/repo/rbi_2025_2/abb/abb_bridge/install/abb_rapid_sm_addin_msgs/share/abb_rapid_sm_addin_msgs/msg/EGMSettings.idl
[19.240s] -- Installing: /home/eia/repo/rbi_2025_2/abb/abb_bridge/install/abb_rapid_sm_addin_msgs/share/abb_rapid_sm_addin_msgs/msg/EGMSetupSettings.idl
[19.240s] -- Installing: /home/eia/repo/rbi_2025_2/abb/abb_bridge/install/abb_rapid_sm_addin_msgs/share/abb_rapid_sm_addin_msgs/msg/EGMStopSettings.idl
[19.240s] -- Installing: /home/eia/repo/rbi_2025_2/abb/abb_bridge/install/abb_rapid_sm_addin_msgs/share/abb_rapid_sm_addin_msgs/msg/RuntimeState.idl
[19.240s] -- Installing: /home/eia/repo/rbi_2025_2/abb/abb_bridge/install/abb_rapid_sm_addin_msgs/share/abb_rapid_sm_addin_msgs/msg/StateMachineState.idl
[19.241s] -- Installing: /home/eia/repo/rbi_2025_2/abb/abb_bridge/install/abb_rapid_sm_addin_msgs/share/abb_rapid_sm_addin_msgs/srv/GetEGMSettings.idl
[19.241s] -- Installing: /home/eia/repo/rbi_2025_2/abb/abb_bridge/install/abb_rapid_sm_addin_msgs/share/abb_rapid_sm_addin_msgs/srv/SetEGMSettings.idl
[19.241s] -- Installing: /home/eia/repo/rbi_2025_2/abb/abb_bridge/install/abb_rapid_sm_addin_msgs/share/abb_rapid_sm_addin_msgs/srv/SetRAPIDRoutine.idl
[19.241s] -- Installing: /home/eia/repo/rbi_2025_2/abb/abb_bridge/install/abb_rapid_sm_addin_msgs/share/abb_rapid_sm_addin_msgs/srv/SetSGCommand.idl
[19.241s] -- Installing: /home/eia/repo/rbi_2025_2/abb/abb_bridge/install/abb_rapid_sm_addin_msgs/share/abb_rapid_sm_addin_msgs/msg/EGMActivateSettings.msg
[19.241s] -- Installing: /home/eia/repo/rbi_2025_2/abb/abb_bridge/install/abb_rapid_sm_addin_msgs/share/abb_rapid_sm_addin_msgs/msg/EGMRunSettings.msg
[19.242s] -- Installing: /home/eia/repo/rbi_2025_2/abb/abb_bridge/install/abb_rapid_sm_addin_msgs/share/abb_rapid_sm_addin_msgs/msg/EGMSettings.msg
[19.242s] -- Installing: /home/eia/repo/rbi_2025_2/abb/abb_bridge/install/abb_rapid_sm_addin_msgs/share/abb_rapid_sm_addin_msgs/msg/EGMSetupSettings.msg
[19.242s] -- Installing: /home/eia/repo/rbi_2025_2/abb/abb_bridge/install/abb_rapid_sm_addin_msgs/share/abb_rapid_sm_addin_msgs/msg/EGMStopSettings.msg
[19.242s] -- Installing: /home/eia/repo/rbi_2025_2/abb/abb_bridge/install/abb_rapid_sm_addin_msgs/share/abb_rapid_sm_addin_msgs/msg/RuntimeState.msg
[19.242s] -- Installing: /home/eia/repo/rbi_2025_2/abb/abb_bridge/install/abb_rapid_sm_addin_msgs/share/abb_rapid_sm_addin_msgs/msg/StateMachineState.msg
[19.242s] -- Installing: /home/eia/repo/rbi_2025_2/abb/abb_bridge/install/abb_rapid_sm_addin_msgs/share/abb_rapid_sm_addin_msgs/srv/GetEGMSettings.srv
[19.243s] -- Installing: /home/eia/repo/rbi_2025_2/abb/abb_bridge/install/abb_rapid_sm_addin_msgs/share/abb_rapid_sm_addin_msgs/srv/GetEGMSettings_Request.msg
[19.243s] -- Installing: /home/eia/repo/rbi_2025_2/abb/abb_bridge/install/abb_rapid_sm_addin_msgs/share/abb_rapid_sm_addin_msgs/srv/GetEGMSettings_Response.msg
[19.243s] -- Installing: /home/eia/repo/rbi_2025_2/abb/abb_bridge/install/abb_rapid_sm_addin_msgs/share/abb_rapid_sm_addin_msgs/srv/SetEGMSettings.srv
[19.243s] -- Installing: /home/eia/repo/rbi_2025_2/abb/abb_bridge/install/abb_rapid_sm_addin_msgs/share/abb_rapid_sm_addin_msgs/srv/SetEGMSettings_Request.msg
[19.243s] -- Installing: /home/eia/repo/rbi_2025_2/abb/abb_bridge/install/abb_rapid_sm_addin_msgs/share/abb_rapid_sm_addin_msgs/srv/SetEGMSettings_Response.msg
[19.244s] -- Installing: /home/eia/repo/rbi_2025_2/abb/abb_bridge/install/abb_rapid_sm_addin_msgs/share/abb_rapid_sm_addin_msgs/srv/SetRAPIDRoutine.srv
[19.244s] -- Installing: /home/eia/repo/rbi_2025_2/abb/abb_bridge/install/abb_rapid_sm_addin_msgs/share/abb_rapid_sm_addin_msgs/srv/SetRAPIDRoutine_Request.msg
[19.244s] -- Installing: /home/eia/repo/rbi_2025_2/abb/abb_bridge/install/abb_rapid_sm_addin_msgs/share/abb_rapid_sm_addin_msgs/srv/SetRAPIDRoutine_Response.msg
[19.244s] -- Installing: /home/eia/repo/rbi_2025_2/abb/abb_bridge/install/abb_rapid_sm_addin_msgs/share/abb_rapid_sm_addin_msgs/srv/SetSGCommand.srv
[19.244s] -- Installing: /home/eia/repo/rbi_2025_2/abb/abb_bridge/install/abb_rapid_sm_addin_msgs/share/abb_rapid_sm_addin_msgs/srv/SetSGCommand_Request.msg
[19.244s] -- Installing: /home/eia/repo/rbi_2025_2/abb/abb_bridge/install/abb_rapid_sm_addin_msgs/share/abb_rapid_sm_addin_msgs/srv/SetSGCommand_Response.msg
[19.245s] -- Installing: /home/eia/repo/rbi_2025_2/abb/abb_bridge/install/abb_rapid_sm_addin_msgs/share/ament_index/resource_index/package_run_dependencies/abb_rapid_sm_addin_msgs
[19.245s] -- Installing: /home/eia/repo/rbi_2025_2/abb/abb_bridge/install/abb_rapid_sm_addin_msgs/share/ament_index/resource_index/parent_prefix_path/abb_rapid_sm_addin_msgs
[19.245s] -- Installing: /home/eia/repo/rbi_2025_2/abb/abb_bridge/install/abb_rapid_sm_addin_msgs/share/abb_rapid_sm_addin_msgs/environment/ament_prefix_path.sh
[19.245s] -- Installing: /home/eia/repo/rbi_2025_2/abb/abb_bridge/install/abb_rapid_sm_addin_msgs/share/abb_rapid_sm_addin_msgs/environment/ament_prefix_path.dsv
[19.245s] -- Installing: /home/eia/repo/rbi_2025_2/abb/abb_bridge/install/abb_rapid_sm_addin_msgs/share/abb_rapid_sm_addin_msgs/environment/path.sh
[19.245s] -- Installing: /home/eia/repo/rbi_2025_2/abb/abb_bridge/install/abb_rapid_sm_addin_msgs/share/abb_rapid_sm_addin_msgs/environment/path.dsv
[19.246s] -- Installing: /home/eia/repo/rbi_2025_2/abb/abb_bridge/install/abb_rapid_sm_addin_msgs/share/abb_rapid_sm_addin_msgs/local_setup.bash
[19.246s] -- Installing: /home/eia/repo/rbi_2025_2/abb/abb_bridge/install/abb_rapid_sm_addin_msgs/share/abb_rapid_sm_addin_msgs/local_setup.sh
[19.246s] -- Installing: /home/eia/repo/rbi_2025_2/abb/abb_bridge/install/abb_rapid_sm_addin_msgs/share/abb_rapid_sm_addin_msgs/local_setup.zsh
[19.246s] -- Installing: /home/eia/repo/rbi_2025_2/abb/abb_bridge/install/abb_rapid_sm_addin_msgs/share/abb_rapid_sm_addin_msgs/local_setup.dsv
[19.246s] -- Installing: /home/eia/repo/rbi_2025_2/abb/abb_bridge/install/abb_rapid_sm_addin_msgs/share/abb_rapid_sm_addin_msgs/package.dsv
[19.246s] -- Installing: /home/eia/repo/rbi_2025_2/abb/abb_bridge/install/abb_rapid_sm_addin_msgs/share/ament_index/resource_index/packages/abb_rapid_sm_addin_msgs
[19.247s] -- Installing: /home/eia/repo/rbi_2025_2/abb/abb_bridge/install/abb_rapid_sm_addin_msgs/share/abb_rapid_sm_addin_msgs/cmake/export_abb_rapid_sm_addin_msgs__rosidl_generator_cExport.cmake
[19.247s] -- Installing: /home/eia/repo/rbi_2025_2/abb/abb_bridge/install/abb_rapid_sm_addin_msgs/share/abb_rapid_sm_addin_msgs/cmake/export_abb_rapid_sm_addin_msgs__rosidl_generator_cExport-noconfig.cmake
[19.247s] -- Installing: /home/eia/repo/rbi_2025_2/abb/abb_bridge/install/abb_rapid_sm_addin_msgs/share/abb_rapid_sm_addin_msgs/cmake/export_abb_rapid_sm_addin_msgs__rosidl_typesupport_fastrtps_cExport.cmake
[19.247s] -- Installing: /home/eia/repo/rbi_2025_2/abb/abb_bridge/install/abb_rapid_sm_addin_msgs/share/abb_rapid_sm_addin_msgs/cmake/export_abb_rapid_sm_addin_msgs__rosidl_typesupport_fastrtps_cExport-noconfig.cmake
[19.247s] -- Installing: /home/eia/repo/rbi_2025_2/abb/abb_bridge/install/abb_rapid_sm_addin_msgs/share/abb_rapid_sm_addin_msgs/cmake/abb_rapid_sm_addin_msgs__rosidl_typesupport_introspection_cExport.cmake
[19.248s] -- Installing: /home/eia/repo/rbi_2025_2/abb/abb_bridge/install/abb_rapid_sm_addin_msgs/share/abb_rapid_sm_addin_msgs/cmake/abb_rapid_sm_addin_msgs__rosidl_typesupport_introspection_cExport-noconfig.cmake
[19.248s] -- Installing: /home/eia/repo/rbi_2025_2/abb/abb_bridge/install/abb_rapid_sm_addin_msgs/share/abb_rapid_sm_addin_msgs/cmake/abb_rapid_sm_addin_msgs__rosidl_typesupport_cExport.cmake
[19.248s] -- Installing: /home/eia/repo/rbi_2025_2/abb/abb_bridge/install/abb_rapid_sm_addin_msgs/share/abb_rapid_sm_addin_msgs/cmake/abb_rapid_sm_addin_msgs__rosidl_typesupport_cExport-noconfig.cmake
[19.248s] -- Installing: /home/eia/repo/rbi_2025_2/abb/abb_bridge/install/abb_rapid_sm_addin_msgs/share/abb_rapid_sm_addin_msgs/cmake/export_abb_rapid_sm_addin_msgs__rosidl_generator_cppExport.cmake
[19.248s] -- Installing: /home/eia/repo/rbi_2025_2/abb/abb_bridge/install/abb_rapid_sm_addin_msgs/share/abb_rapid_sm_addin_msgs/cmake/export_abb_rapid_sm_addin_msgs__rosidl_typesupport_fastrtps_cppExport.cmake
[19.248s] -- Installing: /home/eia/repo/rbi_2025_2/abb/abb_bridge/install/abb_rapid_sm_addin_msgs/share/abb_rapid_sm_addin_msgs/cmake/export_abb_rapid_sm_addin_msgs__rosidl_typesupport_fastrtps_cppExport-noconfig.cmake
[19.249s] -- Installing: /home/eia/repo/rbi_2025_2/abb/abb_bridge/install/abb_rapid_sm_addin_msgs/share/abb_rapid_sm_addin_msgs/cmake/abb_rapid_sm_addin_msgs__rosidl_typesupport_introspection_cppExport.cmake
[19.249s] -- Installing: /home/eia/repo/rbi_2025_2/abb/abb_bridge/install/abb_rapid_sm_addin_msgs/share/abb_rapid_sm_addin_msgs/cmake/abb_rapid_sm_addin_msgs__rosidl_typesupport_introspection_cppExport-noconfig.cmake
[19.249s] -- Installing: /home/eia/repo/rbi_2025_2/abb/abb_bridge/install/abb_rapid_sm_addin_msgs/share/abb_rapid_sm_addin_msgs/cmake/abb_rapid_sm_addin_msgs__rosidl_typesupport_cppExport.cmake
[19.249s] -- Installing: /home/eia/repo/rbi_2025_2/abb/abb_bridge/install/abb_rapid_sm_addin_msgs/share/abb_rapid_sm_addin_msgs/cmake/abb_rapid_sm_addin_msgs__rosidl_typesupport_cppExport-noconfig.cmake
[19.249s] -- Installing: /home/eia/repo/rbi_2025_2/abb/abb_bridge/install/abb_rapid_sm_addin_msgs/share/abb_rapid_sm_addin_msgs/cmake/export_abb_rapid_sm_addin_msgs__rosidl_generator_pyExport.cmake
[19.250s] -- Installing: /home/eia/repo/rbi_2025_2/abb/abb_bridge/install/abb_rapid_sm_addin_msgs/share/abb_rapid_sm_addin_msgs/cmake/export_abb_rapid_sm_addin_msgs__rosidl_generator_pyExport-noconfig.cmake
[19.250s] -- Installing: /home/eia/repo/rbi_2025_2/abb/abb_bridge/install/abb_rapid_sm_addin_msgs/share/abb_rapid_sm_addin_msgs/cmake/rosidl_cmake-extras.cmake
[19.250s] -- Installing: /home/eia/repo/rbi_2025_2/abb/abb_bridge/install/abb_rapid_sm_addin_msgs/share/abb_rapid_sm_addin_msgs/cmake/ament_cmake_export_dependencies-extras.cmake
[19.250s] -- Installing: /home/eia/repo/rbi_2025_2/abb/abb_bridge/install/abb_rapid_sm_addin_msgs/share/abb_rapid_sm_addin_msgs/cmake/ament_cmake_export_include_directories-extras.cmake
[19.250s] -- Installing: /home/eia/repo/rbi_2025_2/abb/abb_bridge/install/abb_rapid_sm_addin_msgs/share/abb_rapid_sm_addin_msgs/cmake/ament_cmake_export_libraries-extras.cmake
[19.250s] -- Installing: /home/eia/repo/rbi_2025_2/abb/abb_bridge/install/abb_rapid_sm_addin_msgs/share/abb_rapid_sm_addin_msgs/cmake/ament_cmake_export_targets-extras.cmake
[19.251s] -- Installing: /home/eia/repo/rbi_2025_2/abb/abb_bridge/install/abb_rapid_sm_addin_msgs/share/abb_rapid_sm_addin_msgs/cmake/rosidl_cmake_export_typesupport_targets-extras.cmake
[19.251s] -- Installing: /home/eia/repo/rbi_2025_2/abb/abb_bridge/install/abb_rapid_sm_addin_msgs/share/abb_rapid_sm_addin_msgs/cmake/rosidl_cmake_export_typesupport_libraries-extras.cmake
[19.251s] -- Installing: /home/eia/repo/rbi_2025_2/abb/abb_bridge/install/abb_rapid_sm_addin_msgs/share/abb_rapid_sm_addin_msgs/cmake/abb_rapid_sm_addin_msgsConfig.cmake
[19.251s] -- Installing: /home/eia/repo/rbi_2025_2/abb/abb_bridge/install/abb_rapid_sm_addin_msgs/share/abb_rapid_sm_addin_msgs/cmake/abb_rapid_sm_addin_msgsConfig-version.cmake
[19.251s] -- Installing: /home/eia/repo/rbi_2025_2/abb/abb_bridge/install/abb_rapid_sm_addin_msgs/share/abb_rapid_sm_addin_msgs/package.xml
[19.254s] Invoked command in '/home/eia/repo/rbi_2025_2/abb/abb_bridge/build/abb_rapid_sm_addin_msgs' returned '0': AMENT_PREFIX_PATH=/home/eia/repo/rbi_2025_2/abb/abb_bridge/install/abb_rapid_msgs:${AMENT_PREFIX_PATH} CMAKE_PREFIX_PATH=/home/eia/repo/rbi_2025_2/abb/abb_bridge/install/abb_rapid_msgs:/opt/ros/humble LD_LIBRARY_PATH=/home/eia/repo/rbi_2025_2/abb/abb_bridge/install/abb_rapid_msgs/lib:${LD_LIBRARY_PATH} PYTHONPATH=/home/eia/repo/rbi_2025_2/abb/abb_bridge/install/abb_rapid_msgs/local/lib/python3.10/dist-packages:${PYTHONPATH} /usr/bin/cmake --install /home/eia/repo/rbi_2025_2/abb/abb_bridge/build/abb_rapid_sm_addin_msgs
