[0.018s] Invoking command in '/home/eia/repo/rbi_2025_2/rov/rov_ws/build/rov_sim': CMAKE_PREFIX_PATH=/opt/ros/humble /usr/bin/cmake --build /home/eia/repo/rbi_2025_2/rov/rov_ws/build/rov_sim -- -j12 -l12
[0.055s] [35m[1mConsolidate compiler generated dependencies of target rov_sim[0m
[0.068s] [ 50%] Built target rov_mujoco_sim
[0.077s] [ 75%] [32mBuilding CXX object CMakeFiles/rov_sim.dir/src/mujoco_sim_interface.cpp.o[0m
[4.496s] [100%] [32m[1mLinking CXX shared library librov_sim.so[0m
[4.665s] [100%] Built target rov_sim
[4.677s] Invoked command in '/home/eia/repo/rbi_2025_2/rov/rov_ws/build/rov_sim' returned '0': CMAKE_PREFIX_PATH=/opt/ros/humble /usr/bin/cmake --build /home/eia/repo/rbi_2025_2/rov/rov_ws/build/rov_sim -- -j12 -l12
[4.678s] Invoking command in '/home/eia/repo/rbi_2025_2/rov/rov_ws/build/rov_sim': CMAKE_PREFIX_PATH=/opt/ros/humble /usr/bin/cmake --install /home/eia/repo/rbi_2025_2/rov/rov_ws/build/rov_sim
[4.685s] -- Install configuration: ""
[4.685s] -- Up-to-date: /home/eia/repo/rbi_2025_2/rov/rov_ws/install/rov_sim/share/rov_sim/rov_hardware_interface.xml
[4.685s] -- Installing: /home/eia/repo/rbi_2025_2/rov/rov_ws/install/rov_sim/lib/librov_sim.so
[4.686s] -- Set runtime path of "/home/eia/repo/rbi_2025_2/rov/rov_ws/install/rov_sim/lib/librov_sim.so" to "/home/eia/repo/rbi_2025_2/rov/rov_ws/src/rov_sim/../../mujoco/lib"
[4.686s] -- Up-to-date: /home/eia/repo/rbi_2025_2/rov/rov_ws/install/rov_sim/include/include
[4.686s] -- Up-to-date: /home/eia/repo/rbi_2025_2/rov/rov_ws/install/rov_sim/include/include/rov_sim
[4.686s] -- Installing: /home/eia/repo/rbi_2025_2/rov/rov_ws/install/rov_sim/include/include/rov_sim/mujoco_sim_interface.hpp
[4.686s] -- Up-to-date: /home/eia/repo/rbi_2025_2/rov/rov_ws/install/rov_sim/include/include/rov_sim/mujoco_interface.hpp
[4.686s] -- Up-to-date: /home/eia/repo/rbi_2025_2/rov/rov_ws/install/rov_sim/share/rov_sim/environment/library_path.sh
[4.686s] -- Up-to-date: /home/eia/repo/rbi_2025_2/rov/rov_ws/install/rov_sim/share/rov_sim/environment/library_path.dsv
[4.686s] -- Up-to-date: /home/eia/repo/rbi_2025_2/rov/rov_ws/install/rov_sim/lib/rov_sim/rov_mujoco_sim
[4.686s] -- Up-to-date: /home/eia/repo/rbi_2025_2/rov/rov_ws/install/rov_sim/share/ament_index/resource_index/package_run_dependencies/rov_sim
[4.686s] -- Up-to-date: /home/eia/repo/rbi_2025_2/rov/rov_ws/install/rov_sim/share/ament_index/resource_index/parent_prefix_path/rov_sim
[4.686s] -- Up-to-date: /home/eia/repo/rbi_2025_2/rov/rov_ws/install/rov_sim/share/rov_sim/environment/ament_prefix_path.sh
[4.687s] -- Up-to-date: /home/eia/repo/rbi_2025_2/rov/rov_ws/install/rov_sim/share/rov_sim/environment/ament_prefix_path.dsv
[4.687s] -- Up-to-date: /home/eia/repo/rbi_2025_2/rov/rov_ws/install/rov_sim/share/rov_sim/environment/path.sh
[4.687s] -- Up-to-date: /home/eia/repo/rbi_2025_2/rov/rov_ws/install/rov_sim/share/rov_sim/environment/path.dsv
[4.687s] -- Up-to-date: /home/eia/repo/rbi_2025_2/rov/rov_ws/install/rov_sim/share/rov_sim/local_setup.bash
[4.687s] -- Up-to-date: /home/eia/repo/rbi_2025_2/rov/rov_ws/install/rov_sim/share/rov_sim/local_setup.sh
[4.687s] -- Up-to-date: /home/eia/repo/rbi_2025_2/rov/rov_ws/install/rov_sim/share/rov_sim/local_setup.zsh
[4.687s] -- Up-to-date: /home/eia/repo/rbi_2025_2/rov/rov_ws/install/rov_sim/share/rov_sim/local_setup.dsv
[4.687s] -- Installing: /home/eia/repo/rbi_2025_2/rov/rov_ws/install/rov_sim/share/rov_sim/package.dsv
[4.687s] -- Up-to-date: /home/eia/repo/rbi_2025_2/rov/rov_ws/install/rov_sim/share/ament_index/resource_index/packages/rov_sim
[4.687s] -- Up-to-date: /home/eia/repo/rbi_2025_2/rov/rov_ws/install/rov_sim/share/ament_index/resource_index/hardware_interface__pluginlib__plugin/rov_sim
[4.687s] -- Up-to-date: /home/eia/repo/rbi_2025_2/rov/rov_ws/install/rov_sim/share/rov_sim/cmake/ament_cmake_export_libraries-extras.cmake
[4.687s] -- Up-to-date: /home/eia/repo/rbi_2025_2/rov/rov_ws/install/rov_sim/share/rov_sim/cmake/ament_cmake_export_dependencies-extras.cmake
[4.687s] -- Up-to-date: /home/eia/repo/rbi_2025_2/rov/rov_ws/install/rov_sim/share/rov_sim/cmake/rov_simConfig.cmake
[4.687s] -- Up-to-date: /home/eia/repo/rbi_2025_2/rov/rov_ws/install/rov_sim/share/rov_sim/cmake/rov_simConfig-version.cmake
[4.687s] -- Up-to-date: /home/eia/repo/rbi_2025_2/rov/rov_ws/install/rov_sim/share/rov_sim/package.xml
[4.689s] Invoked command in '/home/eia/repo/rbi_2025_2/rov/rov_ws/build/rov_sim' returned '0': CMAKE_PREFIX_PATH=/opt/ros/humble /usr/bin/cmake --install /home/eia/repo/rbi_2025_2/rov/rov_ws/build/rov_sim
