[3.881s] Invoking command in '/home/eia/repo/rbi_2025_2/scara/scara_ws/build/scara_mujoco_sim': CMAKE_PREFIX_PATH=${CMAKE_PREFIX_PATH}:/home/eia/repo/rbi_2025_2/scara/scara_ws/install/scara_tf_generator:/home/eia/repo/rbi_2025_2/scara/scara_ws/install/scara_path_generator:/home/eia/repo/rbi_2025_2/scara/scara_ws/install/scara_path_controller:/home/eia/repo/rbi_2025_2/scara/scara_ws/install/scara_mujoco_python_sim:/home/eia/repo/rbi_2025_2/scara/scara_ws/install/scara_ik_solver:/home/eia/repo/rbi_2025_2/scara/scara_ws/install/premade_path_publisher:/opt/ros/humble /usr/bin/cmake --build /home/eia/repo/rbi_2025_2/scara/scara_ws/build/scara_mujoco_sim -- -j12 -l12
[6.413s] [100%] Built target scara_mujoco_sim
[6.490s] Invoked command in '/home/eia/repo/rbi_2025_2/scara/scara_ws/build/scara_mujoco_sim' returned '0': CMAKE_PREFIX_PATH=${CMAKE_PREFIX_PATH}:/home/eia/repo/rbi_2025_2/scara/scara_ws/install/scara_tf_generator:/home/eia/repo/rbi_2025_2/scara/scara_ws/install/scara_path_generator:/home/eia/repo/rbi_2025_2/scara/scara_ws/install/scara_path_controller:/home/eia/repo/rbi_2025_2/scara/scara_ws/install/scara_mujoco_python_sim:/home/eia/repo/rbi_2025_2/scara/scara_ws/install/scara_ik_solver:/home/eia/repo/rbi_2025_2/scara/scara_ws/install/premade_path_publisher:/opt/ros/humble /usr/bin/cmake --build /home/eia/repo/rbi_2025_2/scara/scara_ws/build/scara_mujoco_sim -- -j12 -l12
[6.498s] Invoking command in '/home/eia/repo/rbi_2025_2/scara/scara_ws/build/scara_mujoco_sim': CMAKE_PREFIX_PATH=${CMAKE_PREFIX_PATH}:/home/eia/repo/rbi_2025_2/scara/scara_ws/install/scara_tf_generator:/home/eia/repo/rbi_2025_2/scara/scara_ws/install/scara_path_generator:/home/eia/repo/rbi_2025_2/scara/scara_ws/install/scara_path_controller:/home/eia/repo/rbi_2025_2/scara/scara_ws/install/scara_mujoco_python_sim:/home/eia/repo/rbi_2025_2/scara/scara_ws/install/scara_ik_solver:/home/eia/repo/rbi_2025_2/scara/scara_ws/install/premade_path_publisher:/opt/ros/humble /usr/bin/cmake --install /home/eia/repo/rbi_2025_2/scara/scara_ws/build/scara_mujoco_sim
[6.635s] -- Install configuration: ""
[6.636s] -- Execute custom install script
[6.636s] -- Up-to-date symlink: /home/eia/repo/rbi_2025_2/scara/scara_ws/install/scara_mujoco_sim/lib/libscara_mujoco_sim.so
[6.637s] -- Up-to-date symlink: /home/eia/repo/rbi_2025_2/scara/scara_ws/install/scara_mujoco_sim/include/include/scara_mujoco_sim/mujoco_sim_interface.hpp
[6.638s] -- Up-to-date symlink: /home/eia/repo/rbi_2025_2/scara/scara_ws/install/scara_mujoco_sim/share/scara_mujoco_sim/environment/library_path.sh
[6.639s] -- Up-to-date symlink: /home/eia/repo/rbi_2025_2/scara/scara_ws/install/scara_mujoco_sim/share/scara_mujoco_sim/environment/library_path.dsv
[6.639s] -- Up-to-date symlink: /home/eia/repo/rbi_2025_2/scara/scara_ws/install/scara_mujoco_sim/share/scara_mujoco_sim//scara_hardware_interface.xml
[6.640s] -- Up-to-date symlink: /home/eia/repo/rbi_2025_2/scara/scara_ws/install/scara_mujoco_sim/share/ament_index/resource_index/package_run_dependencies/scara_mujoco_sim
[6.641s] -- Up-to-date symlink: /home/eia/repo/rbi_2025_2/scara/scara_ws/install/scara_mujoco_sim/share/ament_index/resource_index/parent_prefix_path/scara_mujoco_sim
[6.641s] -- Up-to-date symlink: /home/eia/repo/rbi_2025_2/scara/scara_ws/install/scara_mujoco_sim/share/scara_mujoco_sim/environment/ament_prefix_path.sh
[6.642s] -- Up-to-date symlink: /home/eia/repo/rbi_2025_2/scara/scara_ws/install/scara_mujoco_sim/share/scara_mujoco_sim/environment/ament_prefix_path.dsv
[6.643s] -- Up-to-date symlink: /home/eia/repo/rbi_2025_2/scara/scara_ws/install/scara_mujoco_sim/share/scara_mujoco_sim/environment/path.sh
[6.643s] -- Up-to-date symlink: /home/eia/repo/rbi_2025_2/scara/scara_ws/install/scara_mujoco_sim/share/scara_mujoco_sim/environment/path.dsv
[6.644s] -- Up-to-date symlink: /home/eia/repo/rbi_2025_2/scara/scara_ws/install/scara_mujoco_sim/share/scara_mujoco_sim/local_setup.bash
[6.645s] -- Up-to-date symlink: /home/eia/repo/rbi_2025_2/scara/scara_ws/install/scara_mujoco_sim/share/scara_mujoco_sim/local_setup.sh
[6.645s] -- Up-to-date symlink: /home/eia/repo/rbi_2025_2/scara/scara_ws/install/scara_mujoco_sim/share/scara_mujoco_sim/local_setup.zsh
[6.646s] -- Up-to-date symlink: /home/eia/repo/rbi_2025_2/scara/scara_ws/install/scara_mujoco_sim/share/scara_mujoco_sim/local_setup.dsv
[6.647s] -- Symlinking: /home/eia/repo/rbi_2025_2/scara/scara_ws/install/scara_mujoco_sim/share/scara_mujoco_sim/package.dsv
[6.647s] -- Up-to-date symlink: /home/eia/repo/rbi_2025_2/scara/scara_ws/install/scara_mujoco_sim/share/ament_index/resource_index/packages/scara_mujoco_sim
[6.648s] -- Up-to-date symlink: /home/eia/repo/rbi_2025_2/scara/scara_ws/install/scara_mujoco_sim/share/ament_index/resource_index/hardware_interface__pluginlib__plugin/scara_mujoco_sim
[6.648s] -- Up-to-date symlink: /home/eia/repo/rbi_2025_2/scara/scara_ws/install/scara_mujoco_sim/share/scara_mujoco_sim/cmake/ament_cmake_export_libraries-extras.cmake
[6.649s] -- Up-to-date symlink: /home/eia/repo/rbi_2025_2/scara/scara_ws/install/scara_mujoco_sim/share/scara_mujoco_sim/cmake/ament_cmake_export_dependencies-extras.cmake
[6.649s] -- Up-to-date symlink: /home/eia/repo/rbi_2025_2/scara/scara_ws/install/scara_mujoco_sim/share/scara_mujoco_sim/cmake/scara_mujoco_simConfig.cmake
[6.649s] -- Up-to-date symlink: /home/eia/repo/rbi_2025_2/scara/scara_ws/install/scara_mujoco_sim/share/scara_mujoco_sim/cmake/scara_mujoco_simConfig-version.cmake
[6.650s] -- Up-to-date symlink: /home/eia/repo/rbi_2025_2/scara/scara_ws/install/scara_mujoco_sim/share/scara_mujoco_sim/package.xml
[6.814s] Invoked command in '/home/eia/repo/rbi_2025_2/scara/scara_ws/build/scara_mujoco_sim' returned '0': CMAKE_PREFIX_PATH=${CMAKE_PREFIX_PATH}:/home/eia/repo/rbi_2025_2/scara/scara_ws/install/scara_tf_generator:/home/eia/repo/rbi_2025_2/scara/scara_ws/install/scara_path_generator:/home/eia/repo/rbi_2025_2/scara/scara_ws/install/scara_path_controller:/home/eia/repo/rbi_2025_2/scara/scara_ws/install/scara_mujoco_python_sim:/home/eia/repo/rbi_2025_2/scara/scara_ws/install/scara_ik_solver:/home/eia/repo/rbi_2025_2/scara/scara_ws/install/premade_path_publisher:/opt/ros/humble /usr/bin/cmake --install /home/eia/repo/rbi_2025_2/scara/scara_ws/build/scara_mujoco_sim
