[0.040s] Invoking command in '/home/eia/repo/rbi_2025_2/scara/scara_ws/build/scara_gz_bringup': CMAKE_PREFIX_PATH=${CMAKE_PREFIX_PATH}:/home/eia/repo/rbi_2025_2/abb/abb_ws/install/abb_mujoco:/home/eia/repo/rbi_2025_2/scara/scara_ws/install/scara_mujoco:/opt/ros/humble /usr/bin/cmake /home/eia/repo/rbi_2025_2/scara/scara_ws/src/scara_gz_bringup -DCMAKE_INSTALL_PREFIX=/home/eia/repo/rbi_2025_2/scara/scara_ws/install/scara_gz_bringup
[0.284s] -- The C compiler identification is GNU 11.4.0
[0.284s] -- The CXX compiler identification is GNU 11.4.0
[0.284s] -- Detecting C compiler ABI info
[0.284s] -- Detecting C compiler ABI info - done
[0.285s] -- Check for working C compiler: /usr/bin/cc - skipped
[0.285s] -- Detecting C compile features
[0.285s] -- Detecting C compile features - done
[0.285s] -- Detecting CXX compiler ABI info
[0.285s] -- Detecting CXX compiler ABI info - done
[0.285s] -- Check for working CXX compiler: /usr/bin/c++ - skipped
[0.285s] -- Detecting CXX compile features
[0.286s] -- Detecting CXX compile features - done
[0.286s] -- Found ament_cmake: 1.3.12 (/opt/ros/humble/share/ament_cmake/cmake)
[0.669s] -- Found Python3: /usr/bin/python3 (found version "3.10.12") found components: Interpreter 
[0.858s] -- Configuring done
[0.861s] -- Generating done
[0.863s] -- Build files have been written to: /home/eia/repo/rbi_2025_2/scara/scara_ws/build/scara_gz_bringup
[0.868s] Invoked command in '/home/eia/repo/rbi_2025_2/scara/scara_ws/build/scara_gz_bringup' returned '0': CMAKE_PREFIX_PATH=${CMAKE_PREFIX_PATH}:/home/eia/repo/rbi_2025_2/abb/abb_ws/install/abb_mujoco:/home/eia/repo/rbi_2025_2/scara/scara_ws/install/scara_mujoco:/opt/ros/humble /usr/bin/cmake /home/eia/repo/rbi_2025_2/scara/scara_ws/src/scara_gz_bringup -DCMAKE_INSTALL_PREFIX=/home/eia/repo/rbi_2025_2/scara/scara_ws/install/scara_gz_bringup
[0.869s] Invoking command in '/home/eia/repo/rbi_2025_2/scara/scara_ws/build/scara_gz_bringup': CMAKE_PREFIX_PATH=${CMAKE_PREFIX_PATH}:/home/eia/repo/rbi_2025_2/abb/abb_ws/install/abb_mujoco:/home/eia/repo/rbi_2025_2/scara/scara_ws/install/scara_mujoco:/opt/ros/humble /usr/bin/cmake --build /home/eia/repo/rbi_2025_2/scara/scara_ws/build/scara_gz_bringup -- -j12 -l12
[0.899s] Invoked command in '/home/eia/repo/rbi_2025_2/scara/scara_ws/build/scara_gz_bringup' returned '0': CMAKE_PREFIX_PATH=${CMAKE_PREFIX_PATH}:/home/eia/repo/rbi_2025_2/abb/abb_ws/install/abb_mujoco:/home/eia/repo/rbi_2025_2/scara/scara_ws/install/scara_mujoco:/opt/ros/humble /usr/bin/cmake --build /home/eia/repo/rbi_2025_2/scara/scara_ws/build/scara_gz_bringup -- -j12 -l12
[0.901s] Invoking command in '/home/eia/repo/rbi_2025_2/scara/scara_ws/build/scara_gz_bringup': CMAKE_PREFIX_PATH=${CMAKE_PREFIX_PATH}:/home/eia/repo/rbi_2025_2/abb/abb_ws/install/abb_mujoco:/home/eia/repo/rbi_2025_2/scara/scara_ws/install/scara_mujoco:/opt/ros/humble /usr/bin/cmake --install /home/eia/repo/rbi_2025_2/scara/scara_ws/build/scara_gz_bringup
[0.906s] -- Install configuration: ""
[0.906s] -- Installing: /home/eia/repo/rbi_2025_2/scara/scara_ws/install/scara_gz_bringup/share/scara_gz_bringup//launch
[0.907s] -- Installing: /home/eia/repo/rbi_2025_2/scara/scara_ws/install/scara_gz_bringup/share/scara_gz_bringup//launch/scara_bringup.launch.xml
[0.907s] -- Installing: /home/eia/repo/rbi_2025_2/scara/scara_ws/install/scara_gz_bringup/share/scara_gz_bringup//config
[0.907s] -- Installing: /home/eia/repo/rbi_2025_2/scara/scara_ws/install/scara_gz_bringup/share/scara_gz_bringup//config/gazebo_bridge.yaml
[0.907s] -- Installing: /home/eia/repo/rbi_2025_2/scara/scara_ws/install/scara_gz_bringup/share/scara_gz_bringup//config/controllers.yaml
[0.907s] -- Installing: /home/eia/repo/rbi_2025_2/scara/scara_ws/install/scara_gz_bringup/share/ament_index/resource_index/package_run_dependencies/scara_gz_bringup
[0.907s] -- Installing: /home/eia/repo/rbi_2025_2/scara/scara_ws/install/scara_gz_bringup/share/ament_index/resource_index/parent_prefix_path/scara_gz_bringup
[0.907s] -- Installing: /home/eia/repo/rbi_2025_2/scara/scara_ws/install/scara_gz_bringup/share/scara_gz_bringup/environment/ament_prefix_path.sh
[0.907s] -- Installing: /home/eia/repo/rbi_2025_2/scara/scara_ws/install/scara_gz_bringup/share/scara_gz_bringup/environment/ament_prefix_path.dsv
[0.907s] -- Installing: /home/eia/repo/rbi_2025_2/scara/scara_ws/install/scara_gz_bringup/share/scara_gz_bringup/environment/path.sh
[0.908s] -- Installing: /home/eia/repo/rbi_2025_2/scara/scara_ws/install/scara_gz_bringup/share/scara_gz_bringup/environment/path.dsv
[0.908s] -- Installing: /home/eia/repo/rbi_2025_2/scara/scara_ws/install/scara_gz_bringup/share/scara_gz_bringup/local_setup.bash
[0.908s] -- Installing: /home/eia/repo/rbi_2025_2/scara/scara_ws/install/scara_gz_bringup/share/scara_gz_bringup/local_setup.sh
[0.908s] -- Installing: /home/eia/repo/rbi_2025_2/scara/scara_ws/install/scara_gz_bringup/share/scara_gz_bringup/local_setup.zsh
[0.908s] -- Installing: /home/eia/repo/rbi_2025_2/scara/scara_ws/install/scara_gz_bringup/share/scara_gz_bringup/local_setup.dsv
[0.908s] -- Installing: /home/eia/repo/rbi_2025_2/scara/scara_ws/install/scara_gz_bringup/share/scara_gz_bringup/package.dsv
[0.908s] -- Installing: /home/eia/repo/rbi_2025_2/scara/scara_ws/install/scara_gz_bringup/share/ament_index/resource_index/packages/scara_gz_bringup
[0.908s] -- Installing: /home/eia/repo/rbi_2025_2/scara/scara_ws/install/scara_gz_bringup/share/scara_gz_bringup/cmake/scara_gz_bringupConfig.cmake
[0.908s] -- Installing: /home/eia/repo/rbi_2025_2/scara/scara_ws/install/scara_gz_bringup/share/scara_gz_bringup/cmake/scara_gz_bringupConfig-version.cmake
[0.909s] -- Installing: /home/eia/repo/rbi_2025_2/scara/scara_ws/install/scara_gz_bringup/share/scara_gz_bringup/package.xml
[0.910s] Invoked command in '/home/eia/repo/rbi_2025_2/scara/scara_ws/build/scara_gz_bringup' returned '0': CMAKE_PREFIX_PATH=${CMAKE_PREFIX_PATH}:/home/eia/repo/rbi_2025_2/abb/abb_ws/install/abb_mujoco:/home/eia/repo/rbi_2025_2/scara/scara_ws/install/scara_mujoco:/opt/ros/humble /usr/bin/cmake --install /home/eia/repo/rbi_2025_2/scara/scara_ws/build/scara_gz_bringup
