-- Install configuration: ""
-- Installing: /rov_ws/install/rov_mujoco_description/share/rov_mujoco_description//urdf
-- Installing: /rov_ws/install/rov_mujoco_description/share/rov_mujoco_description//urdf/common_properties.xacro
-- Installing: /rov_ws/install/rov_mujoco_description/share/rov_mujoco_description//urdf/rov_description.urdf.xacro
-- Installing: /rov_ws/install/rov_mujoco_description/share/rov_mujoco_description//launch
-- Installing: /rov_ws/install/rov_mujoco_description/share/rov_mujoco_description//launch/display.launch.xml
-- Installing: /rov_ws/install/rov_mujoco_description/share/rov_mujoco_description//rviz
-- Installing: /rov_ws/install/rov_mujoco_description/share/ament_index/resource_index/package_run_dependencies/rov_mujoco_description
-- Installing: /rov_ws/install/rov_mujoco_description/share/ament_index/resource_index/parent_prefix_path/rov_mujoco_description
-- Installing: /rov_ws/install/rov_mujoco_description/share/rov_mujoco_description/environment/ament_prefix_path.sh
-- Installing: /rov_ws/install/rov_mujoco_description/share/rov_mujoco_description/environment/ament_prefix_path.dsv
-- Installing: /rov_ws/install/rov_mujoco_description/share/rov_mujoco_description/environment/path.sh
-- Installing: /rov_ws/install/rov_mujoco_description/share/rov_mujoco_description/environment/path.dsv
-- Installing: /rov_ws/install/rov_mujoco_description/share/rov_mujoco_description/local_setup.bash
-- Installing: /rov_ws/install/rov_mujoco_description/share/rov_mujoco_description/local_setup.sh
-- Installing: /rov_ws/install/rov_mujoco_description/share/rov_mujoco_description/local_setup.zsh
-- Installing: /rov_ws/install/rov_mujoco_description/share/rov_mujoco_description/local_setup.dsv
-- Installing: /rov_ws/install/rov_mujoco_description/share/rov_mujoco_description/package.dsv
-- Installing: /rov_ws/install/rov_mujoco_description/share/ament_index/resource_index/packages/rov_mujoco_description
-- Installing: /rov_ws/install/rov_mujoco_description/share/rov_mujoco_description/cmake/rov_mujoco_descriptionConfig.cmake
-- Installing: /rov_ws/install/rov_mujoco_description/share/rov_mujoco_description/cmake/rov_mujoco_descriptionConfig-version.cmake
-- Installing: /rov_ws/install/rov_mujoco_description/share/rov_mujoco_description/package.xml
