[0.401s] Invoking command in '/rov_ws/build/rov_mujoco_description': CMAKE_PREFIX_PATH=/opt/ros/humble /usr/bin/cmake --build /rov_ws/build/rov_mujoco_description -- -j12 -l12
[1.558s] Invoked command in '/rov_ws/build/rov_mujoco_description' returned '0': CMAKE_PREFIX_PATH=/opt/ros/humble /usr/bin/cmake --build /rov_ws/build/rov_mujoco_description -- -j12 -l12
[1.560s] Invoking command in '/rov_ws/build/rov_mujoco_description': CMAKE_PREFIX_PATH=/opt/ros/humble /usr/bin/cmake --install /rov_ws/build/rov_mujoco_description
[1.572s] -- Install configuration: ""
[1.572s] -- Installing: /rov_ws/install/rov_mujoco_description/share/rov_mujoco_description//urdf
[1.572s] -- Installing: /rov_ws/install/rov_mujoco_description/share/rov_mujoco_description//urdf/common_properties.xacro
[1.572s] -- Installing: /rov_ws/install/rov_mujoco_description/share/rov_mujoco_description//urdf/rov_description.urdf.xacro
[1.573s] -- Installing: /rov_ws/install/rov_mujoco_description/share/rov_mujoco_description//launch
[1.573s] -- Installing: /rov_ws/install/rov_mujoco_description/share/rov_mujoco_description//launch/display.launch.xml
[1.573s] -- Installing: /rov_ws/install/rov_mujoco_description/share/rov_mujoco_description//rviz
[1.573s] -- Installing: /rov_ws/install/rov_mujoco_description/share/ament_index/resource_index/package_run_dependencies/rov_mujoco_description
[1.573s] -- Installing: /rov_ws/install/rov_mujoco_description/share/ament_index/resource_index/parent_prefix_path/rov_mujoco_description
[1.573s] -- Installing: /rov_ws/install/rov_mujoco_description/share/rov_mujoco_description/environment/ament_prefix_path.sh
[1.573s] -- Installing: /rov_ws/install/rov_mujoco_description/share/rov_mujoco_description/environment/ament_prefix_path.dsv
[1.574s] -- Installing: /rov_ws/install/rov_mujoco_description/share/rov_mujoco_description/environment/path.sh
[1.579s] -- Installing: /rov_ws/install/rov_mujoco_description/share/rov_mujoco_description/environment/path.dsv
[1.579s] -- Installing: /rov_ws/install/rov_mujoco_description/share/rov_mujoco_description/local_setup.bash
[1.579s] -- Installing: /rov_ws/install/rov_mujoco_description/share/rov_mujoco_description/local_setup.sh
[1.580s] -- Installing: /rov_ws/install/rov_mujoco_description/share/rov_mujoco_description/local_setup.zsh
[1.581s] -- Installing: /rov_ws/install/rov_mujoco_description/share/rov_mujoco_description/local_setup.dsv
[1.582s] -- Installing: /rov_ws/install/rov_mujoco_description/share/rov_mujoco_description/package.dsv
[1.583s] -- Installing: /rov_ws/install/rov_mujoco_description/share/ament_index/resource_index/packages/rov_mujoco_description
[1.584s] -- Installing: /rov_ws/install/rov_mujoco_description/share/rov_mujoco_description/cmake/rov_mujoco_descriptionConfig.cmake
[1.585s] -- Installing: /rov_ws/install/rov_mujoco_description/share/rov_mujoco_description/cmake/rov_mujoco_descriptionConfig-version.cmake
[1.586s] -- Installing: /rov_ws/install/rov_mujoco_description/share/rov_mujoco_description/package.xml
[1.634s] Invoked command in '/rov_ws/build/rov_mujoco_description' returned '0': CMAKE_PREFIX_PATH=/opt/ros/humble /usr/bin/cmake --install /rov_ws/build/rov_mujoco_description
