[0.037s] Invoking command in '/home/eia/repo/rbi_2025_2/abb/abb_bridge/build/abb_irb1200_5_90_moveit_config': AMENT_PREFIX_PATH=/home/eia/repo/rbi_2025_2/abb/abb_bridge/install/abb_irb1200_support:${AMENT_PREFIX_PATH} CMAKE_PREFIX_PATH=/home/eia/repo/rbi_2025_2/abb/abb_bridge/install/abb_irb1200_support:/opt/ros/humble /usr/bin/cmake /home/eia/repo/rbi_2025_2/abb/abb_bridge/src/abb_ros2/robot_specific_config/abb_irb1200_5_90_moveit_config -DCMAKE_INSTALL_PREFIX=/home/eia/repo/rbi_2025_2/abb/abb_bridge/install/abb_irb1200_5_90_moveit_config
[0.211s] -- The C compiler identification is GNU 11.4.0
[0.353s] -- The CXX compiler identification is GNU 11.4.0
[0.365s] -- Detecting C compiler ABI info
[0.548s] -- Detecting C compiler ABI info - done
[0.579s] -- Check for working C compiler: /usr/bin/cc - skipped
[0.579s] -- Detecting C compile features
[0.580s] -- Detecting C compile features - done
[0.594s] -- Detecting CXX compiler ABI info
[0.830s] -- Detecting CXX compiler ABI info - done
[0.869s] -- Check for working CXX compiler: /usr/bin/c++ - skipped
[0.869s] -- Detecting CXX compile features
[0.869s] -- Detecting CXX compile features - done
[0.883s] -- Found ament_cmake: 1.3.12 (/opt/ros/humble/share/ament_cmake/cmake)
[1.817s] -- Found Python3: /usr/bin/python3 (found version "3.10.12") found components: Interpreter 
[2.298s] -- Configuring done
[2.305s] -- Generating done
[2.311s] -- Build files have been written to: /home/eia/repo/rbi_2025_2/abb/abb_bridge/build/abb_irb1200_5_90_moveit_config
[2.330s] Invoked command in '/home/eia/repo/rbi_2025_2/abb/abb_bridge/build/abb_irb1200_5_90_moveit_config' returned '0': AMENT_PREFIX_PATH=/home/eia/repo/rbi_2025_2/abb/abb_bridge/install/abb_irb1200_support:${AMENT_PREFIX_PATH} CMAKE_PREFIX_PATH=/home/eia/repo/rbi_2025_2/abb/abb_bridge/install/abb_irb1200_support:/opt/ros/humble /usr/bin/cmake /home/eia/repo/rbi_2025_2/abb/abb_bridge/src/abb_ros2/robot_specific_config/abb_irb1200_5_90_moveit_config -DCMAKE_INSTALL_PREFIX=/home/eia/repo/rbi_2025_2/abb/abb_bridge/install/abb_irb1200_5_90_moveit_config
[2.332s] Invoking command in '/home/eia/repo/rbi_2025_2/abb/abb_bridge/build/abb_irb1200_5_90_moveit_config': AMENT_PREFIX_PATH=/home/eia/repo/rbi_2025_2/abb/abb_bridge/install/abb_irb1200_support:${AMENT_PREFIX_PATH} CMAKE_PREFIX_PATH=/home/eia/repo/rbi_2025_2/abb/abb_bridge/install/abb_irb1200_support:/opt/ros/humble /usr/bin/cmake --build /home/eia/repo/rbi_2025_2/abb/abb_bridge/build/abb_irb1200_5_90_moveit_config -- -j12 -l12
[2.430s] Invoked command in '/home/eia/repo/rbi_2025_2/abb/abb_bridge/build/abb_irb1200_5_90_moveit_config' returned '0': AMENT_PREFIX_PATH=/home/eia/repo/rbi_2025_2/abb/abb_bridge/install/abb_irb1200_support:${AMENT_PREFIX_PATH} CMAKE_PREFIX_PATH=/home/eia/repo/rbi_2025_2/abb/abb_bridge/install/abb_irb1200_support:/opt/ros/humble /usr/bin/cmake --build /home/eia/repo/rbi_2025_2/abb/abb_bridge/build/abb_irb1200_5_90_moveit_config -- -j12 -l12
[2.431s] Invoking command in '/home/eia/repo/rbi_2025_2/abb/abb_bridge/build/abb_irb1200_5_90_moveit_config': AMENT_PREFIX_PATH=/home/eia/repo/rbi_2025_2/abb/abb_bridge/install/abb_irb1200_support:${AMENT_PREFIX_PATH} CMAKE_PREFIX_PATH=/home/eia/repo/rbi_2025_2/abb/abb_bridge/install/abb_irb1200_support:/opt/ros/humble /usr/bin/cmake --install /home/eia/repo/rbi_2025_2/abb/abb_bridge/build/abb_irb1200_5_90_moveit_config
[2.445s] -- Install configuration: ""
[2.446s] -- Installing: /home/eia/repo/rbi_2025_2/abb/abb_bridge/install/abb_irb1200_5_90_moveit_config/share/ament_index/resource_index/package_run_dependencies/abb_irb1200_5_90_moveit_config
[2.446s] -- Installing: /home/eia/repo/rbi_2025_2/abb/abb_bridge/install/abb_irb1200_5_90_moveit_config/share/ament_index/resource_index/parent_prefix_path/abb_irb1200_5_90_moveit_config
[2.446s] -- Installing: /home/eia/repo/rbi_2025_2/abb/abb_bridge/install/abb_irb1200_5_90_moveit_config/share/abb_irb1200_5_90_moveit_config/environment/ament_prefix_path.sh
[2.446s] -- Installing: /home/eia/repo/rbi_2025_2/abb/abb_bridge/install/abb_irb1200_5_90_moveit_config/share/abb_irb1200_5_90_moveit_config/environment/ament_prefix_path.dsv
[2.449s] -- Installing: /home/eia/repo/rbi_2025_2/abb/abb_bridge/install/abb_irb1200_5_90_moveit_config/share/abb_irb1200_5_90_moveit_config/environment/path.sh
[2.449s] -- Installing: /home/eia/repo/rbi_2025_2/abb/abb_bridge/install/abb_irb1200_5_90_moveit_config/share/abb_irb1200_5_90_moveit_config/environment/path.dsv
[2.449s] -- Installing: /home/eia/repo/rbi_2025_2/abb/abb_bridge/install/abb_irb1200_5_90_moveit_config/share/abb_irb1200_5_90_moveit_config/local_setup.bash
[2.449s] -- Installing: /home/eia/repo/rbi_2025_2/abb/abb_bridge/install/abb_irb1200_5_90_moveit_config/share/abb_irb1200_5_90_moveit_config/local_setup.sh
[2.449s] -- Installing: /home/eia/repo/rbi_2025_2/abb/abb_bridge/install/abb_irb1200_5_90_moveit_config/share/abb_irb1200_5_90_moveit_config/local_setup.zsh
[2.449s] -- Installing: /home/eia/repo/rbi_2025_2/abb/abb_bridge/install/abb_irb1200_5_90_moveit_config/share/abb_irb1200_5_90_moveit_config/local_setup.dsv
[2.449s] -- Installing: /home/eia/repo/rbi_2025_2/abb/abb_bridge/install/abb_irb1200_5_90_moveit_config/share/abb_irb1200_5_90_moveit_config/package.dsv
[2.450s] -- Installing: /home/eia/repo/rbi_2025_2/abb/abb_bridge/install/abb_irb1200_5_90_moveit_config/share/ament_index/resource_index/packages/abb_irb1200_5_90_moveit_config
[2.450s] -- Installing: /home/eia/repo/rbi_2025_2/abb/abb_bridge/install/abb_irb1200_5_90_moveit_config/share/abb_irb1200_5_90_moveit_config/cmake/abb_irb1200_5_90_moveit_configConfig.cmake
[2.454s] -- Installing: /home/eia/repo/rbi_2025_2/abb/abb_bridge/install/abb_irb1200_5_90_moveit_config/share/abb_irb1200_5_90_moveit_config/cmake/abb_irb1200_5_90_moveit_configConfig-version.cmake
[2.454s] -- Installing: /home/eia/repo/rbi_2025_2/abb/abb_bridge/install/abb_irb1200_5_90_moveit_config/share/abb_irb1200_5_90_moveit_config/package.xml
[2.454s] -- Installing: /home/eia/repo/rbi_2025_2/abb/abb_bridge/install/abb_irb1200_5_90_moveit_config/share/abb_irb1200_5_90_moveit_config/config
[2.454s] -- Installing: /home/eia/repo/rbi_2025_2/abb/abb_bridge/install/abb_irb1200_5_90_moveit_config/share/abb_irb1200_5_90_moveit_config/config/ompl_planning.yaml
[2.469s] -- Installing: /home/eia/repo/rbi_2025_2/abb/abb_bridge/install/abb_irb1200_5_90_moveit_config/share/abb_irb1200_5_90_moveit_config/config/joint_limits.yaml
[2.469s] -- Installing: /home/eia/repo/rbi_2025_2/abb/abb_bridge/install/abb_irb1200_5_90_moveit_config/share/abb_irb1200_5_90_moveit_config/config/abb_irb1200_5_90_macro.srdf.xacro
[2.470s] -- Installing: /home/eia/repo/rbi_2025_2/abb/abb_bridge/install/abb_irb1200_5_90_moveit_config/share/abb_irb1200_5_90_moveit_config/config/kinematics.yaml
[2.470s] -- Installing: /home/eia/repo/rbi_2025_2/abb/abb_bridge/install/abb_irb1200_5_90_moveit_config/share/abb_irb1200_5_90_moveit_config/config/abb_irb1200_5_90.srdf.xacro
[2.470s] -- Installing: /home/eia/repo/rbi_2025_2/abb/abb_bridge/install/abb_irb1200_5_90_moveit_config/share/abb_irb1200_5_90_moveit_config/config/moveit_controllers.yaml
[2.470s] -- Installing: /home/eia/repo/rbi_2025_2/abb/abb_bridge/install/abb_irb1200_5_90_moveit_config/share/abb_irb1200_5_90_moveit_config/config/pilz_cartesian_limits.yaml
[2.470s] -- Installing: /home/eia/repo/rbi_2025_2/abb/abb_bridge/install/abb_irb1200_5_90_moveit_config/share/abb_irb1200_5_90_moveit_config/rviz
[2.471s] -- Installing: /home/eia/repo/rbi_2025_2/abb/abb_bridge/install/abb_irb1200_5_90_moveit_config/share/abb_irb1200_5_90_moveit_config/rviz/moveit.rviz
[2.471s] Invoked command in '/home/eia/repo/rbi_2025_2/abb/abb_bridge/build/abb_irb1200_5_90_moveit_config' returned '0': AMENT_PREFIX_PATH=/home/eia/repo/rbi_2025_2/abb/abb_bridge/install/abb_irb1200_support:${AMENT_PREFIX_PATH} CMAKE_PREFIX_PATH=/home/eia/repo/rbi_2025_2/abb/abb_bridge/install/abb_irb1200_support:/opt/ros/humble /usr/bin/cmake --install /home/eia/repo/rbi_2025_2/abb/abb_bridge/build/abb_irb1200_5_90_moveit_config
