[2.118s] Invoking command in '/home/eia/repo/rbi_2025_2/rov/rov_ws/build/rov_path_generator': PYTHONPATH=/home/eia/repo/rbi_2025_2/rov/rov_ws/build/rov_path_generator/prefix_override:/home/eia/.local/lib/python3.10/site-packages/colcon_core/task/python/colcon_distutils_commands:/home/eia/repo/rbi_2025_2/rov/rov_ws/install/rov_path_generator/lib/python3.10/site-packages:${PYTHONPATH} /usr/bin/python3 -W ignore:setup.py install is deprecated -W ignore:easy_install command is deprecated setup.py develop --editable --build-directory /home/eia/repo/rbi_2025_2/rov/rov_ws/build/rov_path_generator/build --no-deps symlink_data
[2.624s] running develop
[2.875s] running egg_info
[2.875s] creating rov_path_generator.egg-info
[2.875s] writing rov_path_generator.egg-info/PKG-INFO
[2.876s] writing dependency_links to rov_path_generator.egg-info/dependency_links.txt
[2.876s] writing entry points to rov_path_generator.egg-info/entry_points.txt
[2.876s] writing requirements to rov_path_generator.egg-info/requires.txt
[2.876s] writing top-level names to rov_path_generator.egg-info/top_level.txt
[2.877s] writing manifest file 'rov_path_generator.egg-info/SOURCES.txt'
[2.879s] reading manifest file 'rov_path_generator.egg-info/SOURCES.txt'
[2.879s] writing manifest file 'rov_path_generator.egg-info/SOURCES.txt'
[2.930s] running build_ext
[2.930s] Creating /home/eia/repo/rbi_2025_2/rov/rov_ws/install/rov_path_generator/lib/python3.10/site-packages/rov-path-generator.egg-link (link to .)
[2.931s] Installing rov_path_generator script to /home/eia/repo/rbi_2025_2/rov/rov_ws/install/rov_path_generator/lib/rov_path_generator
[2.931s] 
[2.931s] Installed /home/eia/repo/rbi_2025_2/rov/rov_ws/build/rov_path_generator
[2.931s] running symlink_data
[2.932s] creating /home/eia/repo/rbi_2025_2/rov/rov_ws/install/rov_path_generator/share/ament_index
[2.932s] creating /home/eia/repo/rbi_2025_2/rov/rov_ws/install/rov_path_generator/share/ament_index/resource_index
[2.932s] creating /home/eia/repo/rbi_2025_2/rov/rov_ws/install/rov_path_generator/share/ament_index/resource_index/packages
[2.932s] symbolically linking /home/eia/repo/rbi_2025_2/rov/rov_ws/build/rov_path_generator/resource/rov_path_generator -> /home/eia/repo/rbi_2025_2/rov/rov_ws/install/rov_path_generator/share/ament_index/resource_index/packages
[2.932s] symbolically linking /home/eia/repo/rbi_2025_2/rov/rov_ws/build/rov_path_generator/package.xml -> /home/eia/repo/rbi_2025_2/rov/rov_ws/install/rov_path_generator/share/rov_path_generator
[2.932s] creating /home/eia/repo/rbi_2025_2/rov/rov_ws/install/rov_path_generator/share/rov_path_generator/launch
[2.932s] creating /home/eia/repo/rbi_2025_2/rov/rov_ws/install/rov_path_generator/share/rov_path_generator/descriptions
[2.933s] creating /home/eia/repo/rbi_2025_2/rov/rov_ws/install/rov_path_generator/share/rov_path_generator/config
[2.999s] Invoked command in '/home/eia/repo/rbi_2025_2/rov/rov_ws/build/rov_path_generator' returned '0': PYTHONPATH=/home/eia/repo/rbi_2025_2/rov/rov_ws/build/rov_path_generator/prefix_override:/home/eia/.local/lib/python3.10/site-packages/colcon_core/task/python/colcon_distutils_commands:/home/eia/repo/rbi_2025_2/rov/rov_ws/install/rov_path_generator/lib/python3.10/site-packages:${PYTHONPATH} /usr/bin/python3 -W ignore:setup.py install is deprecated -W ignore:easy_install command is deprecated setup.py develop --editable --build-directory /home/eia/repo/rbi_2025_2/rov/rov_ws/build/rov_path_generator/build --no-deps symlink_data
