[0.020s] Invoking command in '/home/eia/repo/rbi_2025_2/abb/abb_bridge/build/abb_rws_client': AMENT_PREFIX_PATH=/home/eia/repo/rbi_2025_2/abb/abb_bridge/install/abb_hardware_interface:/home/eia/repo/rbi_2025_2/abb/abb_bridge/install/abb_rapid_sm_addin_msgs:/home/eia/repo/rbi_2025_2/abb/abb_bridge/install/abb_robot_msgs:/home/eia/repo/rbi_2025_2/abb/abb_bridge/install/abb_rapid_msgs:/home/eia/repo/rbi_2025_2/abb/abb_bridge/install/abb_egm_msgs:${AMENT_PREFIX_PATH} CMAKE_MODULE_PATH=/home/eia/repo/rbi_2025_2/abb/abb_bridge/install/abb_librws/share/abb_librws/cmake CMAKE_PREFIX_PATH=/home/eia/repo/rbi_2025_2/abb/abb_bridge/install/abb_hardware_interface:/home/eia/repo/rbi_2025_2/abb/abb_bridge/install/abb_rapid_sm_addin_msgs:/home/eia/repo/rbi_2025_2/abb/abb_bridge/install/abb_egm_rws_managers:/home/eia/repo/rbi_2025_2/abb/abb_bridge/install/abb_robot_msgs:/home/eia/repo/rbi_2025_2/abb/abb_bridge/install/abb_rapid_msgs:/home/eia/repo/rbi_2025_2/abb/abb_bridge/install/abb_librws:/home/eia/repo/rbi_2025_2/abb/abb_bridge/install/abb_libegm:/home/eia/repo/rbi_2025_2/abb/abb_bridge/install/abb_egm_msgs:/opt/ros/humble LD_LIBRARY_PATH=/home/eia/repo/rbi_2025_2/abb/abb_bridge/install/abb_hardware_interface/lib:/home/eia/repo/rbi_2025_2/abb/abb_bridge/install/abb_rapid_sm_addin_msgs/lib:/home/eia/repo/rbi_2025_2/abb/abb_bridge/install/abb_egm_rws_managers/lib:/home/eia/repo/rbi_2025_2/abb/abb_bridge/install/abb_robot_msgs/lib:/home/eia/repo/rbi_2025_2/abb/abb_bridge/install/abb_rapid_msgs/lib:/home/eia/repo/rbi_2025_2/abb/abb_bridge/install/abb_librws/lib:/home/eia/repo/rbi_2025_2/abb/abb_bridge/install/abb_libegm/lib:/home/eia/repo/rbi_2025_2/abb/abb_bridge/install/abb_egm_msgs/lib:${LD_LIBRARY_PATH} PKG_CONFIG_PATH=/home/eia/repo/rbi_2025_2/abb/abb_bridge/install/abb_egm_rws_managers/lib/x86_64-linux-gnu/pkgconfig:/home/eia/repo/rbi_2025_2/abb/abb_bridge/install/abb_egm_rws_managers/lib/pkgconfig:/home/eia/repo/rbi_2025_2/abb/abb_bridge/install/abb_librws/lib/x86_64-linux-gnu/pkgconfig:/home/eia/repo/rbi_2025_2/abb/abb_bridge/install/abb_librws/lib/pkgconfig:/home/eia/repo/rbi_2025_2/abb/abb_bridge/install/abb_libegm/lib/x86_64-linux-gnu/pkgconfig:/home/eia/repo/rbi_2025_2/abb/abb_bridge/install/abb_libegm/lib/pkgconfig PYTHONPATH=/home/eia/repo/rbi_2025_2/abb/abb_bridge/install/abb_rapid_sm_addin_msgs/local/lib/python3.10/dist-packages:/home/eia/repo/rbi_2025_2/abb/abb_bridge/install/abb_robot_msgs/local/lib/python3.10/dist-packages:/home/eia/repo/rbi_2025_2/abb/abb_bridge/install/abb_rapid_msgs/local/lib/python3.10/dist-packages:/home/eia/repo/rbi_2025_2/abb/abb_bridge/install/abb_egm_msgs/local/lib/python3.10/dist-packages:${PYTHONPATH} /usr/bin/cmake /home/eia/repo/rbi_2025_2/abb/abb_bridge/src/abb_ros2/abb_rws_client -DCMAKE_INSTALL_PREFIX=/home/eia/repo/rbi_2025_2/abb/abb_bridge/install/abb_rws_client
[0.070s] -- The C compiler identification is GNU 11.4.0
[0.122s] -- The CXX compiler identification is GNU 11.4.0
[0.128s] -- Detecting C compiler ABI info
[0.198s] -- Detecting C compiler ABI info - done
[0.209s] -- Check for working C compiler: /usr/bin/cc - skipped
[0.209s] -- Detecting C compile features
[0.209s] -- Detecting C compile features - done
[0.213s] -- Detecting CXX compiler ABI info
[0.286s] -- Detecting CXX compiler ABI info - done
[0.294s] -- Check for working CXX compiler: /usr/bin/c++ - skipped
[0.294s] -- Detecting CXX compile features
[0.294s] -- Detecting CXX compile features - done
[0.298s] -- Found ament_cmake: 1.3.12 (/opt/ros/humble/share/ament_cmake/cmake)
[0.651s] -- Found Python3: /usr/bin/python3 (found version "3.10.12") found components: Interpreter 
[0.746s] -- Looking for pthread.h
[0.812s] -- Looking for pthread.h - found
[0.812s] -- Performing Test CMAKE_HAVE_LIBC_PTHREAD
[0.885s] -- Performing Test CMAKE_HAVE_LIBC_PTHREAD - Success
[0.886s] -- Found Threads: TRUE  
[0.914s] -- Found Boost: /usr/lib/x86_64-linux-gnu/cmake/Boost-1.74.0/BoostConfig.cmake (found version "1.74.0") found components: regex system thread 
[0.916s] -- Searching for Poco library...
[0.929s] --   Found Poco!
[0.929s] -- components found: Foundation, Net, Util, XML.
[0.942s] -- Found Protobuf: /usr/lib/x86_64-linux-gnu/libprotobuf.so (found version "3.12.4") 
[0.945s] -- Found abb_egm_msgs: 1.0.0 (/home/eia/repo/rbi_2025_2/abb/abb_bridge/install/abb_egm_msgs/share/abb_egm_msgs/cmake)
[0.981s] -- Found rosidl_generator_c: 3.1.7 (/opt/ros/humble/share/rosidl_generator_c/cmake)
[0.988s] -- Found rosidl_adapter: 3.1.7 (/opt/ros/humble/share/rosidl_adapter/cmake)
[0.997s] -- Found rosidl_generator_cpp: 3.1.7 (/opt/ros/humble/share/rosidl_generator_cpp/cmake)
[1.010s] -- Using all available rosidl_typesupport_c: rosidl_typesupport_fastrtps_c;rosidl_typesupport_introspection_c
[1.028s] -- Using all available rosidl_typesupport_cpp: rosidl_typesupport_fastrtps_cpp;rosidl_typesupport_introspection_cpp
[1.079s] -- Found abb_robot_msgs: 1.0.0 (/home/eia/repo/rbi_2025_2/abb/abb_bridge/install/abb_robot_msgs/share/abb_robot_msgs/cmake)
[1.092s] -- Found abb_rapid_msgs: 1.0.0 (/home/eia/repo/rbi_2025_2/abb/abb_bridge/install/abb_rapid_msgs/share/abb_rapid_msgs/cmake)
[1.101s] -- Found abb_rapid_sm_addin_msgs: 1.0.0 (/home/eia/repo/rbi_2025_2/abb/abb_bridge/install/abb_rapid_sm_addin_msgs/share/abb_rapid_sm_addin_msgs/cmake)
[1.116s] -- Found abb_hardware_interface: 0.0.0 (/home/eia/repo/rbi_2025_2/abb/abb_bridge/install/abb_hardware_interface/share/abb_hardware_interface/cmake)
[1.314s] -- Found rmw_implementation_cmake: 6.1.2 (/opt/ros/humble/share/rmw_implementation_cmake/cmake)
[1.318s] -- Found rmw_fastrtps_cpp: 6.2.8 (/opt/ros/humble/share/rmw_fastrtps_cpp/cmake)
[1.345s] -- Found TinyXML2 via Config file: TinyXML2_DIR-NOTFOUND
[1.391s] -- Found OpenSSL: /usr/lib/x86_64-linux-gnu/libcrypto.so (found version "3.0.2")  
[1.393s] -- Found TinyXML2 via Config file: TinyXML2_DIR-NOTFOUND
[1.408s] -- Found FastRTPS: /opt/ros/humble/include  
[1.411s] -- Found TinyXML2 via Config file: TinyXML2_DIR-NOTFOUND
[1.418s] -- Found TinyXML2 via Config file: TinyXML2_DIR-NOTFOUND
[1.428s] -- Using RMW implementation 'rmw_fastrtps_cpp' as default
[1.509s] -- Found ament_lint_auto: 0.12.14 (/opt/ros/humble/share/ament_lint_auto/cmake)
[1.612s] -- Added test 'cppcheck' to perform static code analysis on C / C++ code
[1.612s] -- Configured cppcheck include dirs: /home/eia/repo/rbi_2025_2/abb/abb_bridge/src/abb_ros2/abb_rws_client/include
[1.612s] -- Configured cppcheck exclude dirs and/or files: 
[1.613s] -- Added test 'lint_cmake' to check CMake code style
[1.614s] -- Added test 'xmllint' to check XML markup files
[1.616s] -- Configuring done
[1.655s] -- Generating done
[1.662s] -- Build files have been written to: /home/eia/repo/rbi_2025_2/abb/abb_bridge/build/abb_rws_client
[1.671s] Invoked command in '/home/eia/repo/rbi_2025_2/abb/abb_bridge/build/abb_rws_client' returned '0': AMENT_PREFIX_PATH=/home/eia/repo/rbi_2025_2/abb/abb_bridge/install/abb_hardware_interface:/home/eia/repo/rbi_2025_2/abb/abb_bridge/install/abb_rapid_sm_addin_msgs:/home/eia/repo/rbi_2025_2/abb/abb_bridge/install/abb_robot_msgs:/home/eia/repo/rbi_2025_2/abb/abb_bridge/install/abb_rapid_msgs:/home/eia/repo/rbi_2025_2/abb/abb_bridge/install/abb_egm_msgs:${AMENT_PREFIX_PATH} CMAKE_MODULE_PATH=/home/eia/repo/rbi_2025_2/abb/abb_bridge/install/abb_librws/share/abb_librws/cmake CMAKE_PREFIX_PATH=/home/eia/repo/rbi_2025_2/abb/abb_bridge/install/abb_hardware_interface:/home/eia/repo/rbi_2025_2/abb/abb_bridge/install/abb_rapid_sm_addin_msgs:/home/eia/repo/rbi_2025_2/abb/abb_bridge/install/abb_egm_rws_managers:/home/eia/repo/rbi_2025_2/abb/abb_bridge/install/abb_robot_msgs:/home/eia/repo/rbi_2025_2/abb/abb_bridge/install/abb_rapid_msgs:/home/eia/repo/rbi_2025_2/abb/abb_bridge/install/abb_librws:/home/eia/repo/rbi_2025_2/abb/abb_bridge/install/abb_libegm:/home/eia/repo/rbi_2025_2/abb/abb_bridge/install/abb_egm_msgs:/opt/ros/humble LD_LIBRARY_PATH=/home/eia/repo/rbi_2025_2/abb/abb_bridge/install/abb_hardware_interface/lib:/home/eia/repo/rbi_2025_2/abb/abb_bridge/install/abb_rapid_sm_addin_msgs/lib:/home/eia/repo/rbi_2025_2/abb/abb_bridge/install/abb_egm_rws_managers/lib:/home/eia/repo/rbi_2025_2/abb/abb_bridge/install/abb_robot_msgs/lib:/home/eia/repo/rbi_2025_2/abb/abb_bridge/install/abb_rapid_msgs/lib:/home/eia/repo/rbi_2025_2/abb/abb_bridge/install/abb_librws/lib:/home/eia/repo/rbi_2025_2/abb/abb_bridge/install/abb_libegm/lib:/home/eia/repo/rbi_2025_2/abb/abb_bridge/install/abb_egm_msgs/lib:${LD_LIBRARY_PATH} PKG_CONFIG_PATH=/home/eia/repo/rbi_2025_2/abb/abb_bridge/install/abb_egm_rws_managers/lib/x86_64-linux-gnu/pkgconfig:/home/eia/repo/rbi_2025_2/abb/abb_bridge/install/abb_egm_rws_managers/lib/pkgconfig:/home/eia/repo/rbi_2025_2/abb/abb_bridge/install/abb_librws/lib/x86_64-linux-gnu/pkgconfig:/home/eia/repo/rbi_2025_2/abb/abb_bridge/install/abb_librws/lib/pkgconfig:/home/eia/repo/rbi_2025_2/abb/abb_bridge/install/abb_libegm/lib/x86_64-linux-gnu/pkgconfig:/home/eia/repo/rbi_2025_2/abb/abb_bridge/install/abb_libegm/lib/pkgconfig PYTHONPATH=/home/eia/repo/rbi_2025_2/abb/abb_bridge/install/abb_rapid_sm_addin_msgs/local/lib/python3.10/dist-packages:/home/eia/repo/rbi_2025_2/abb/abb_bridge/install/abb_robot_msgs/local/lib/python3.10/dist-packages:/home/eia/repo/rbi_2025_2/abb/abb_bridge/install/abb_rapid_msgs/local/lib/python3.10/dist-packages:/home/eia/repo/rbi_2025_2/abb/abb_bridge/install/abb_egm_msgs/local/lib/python3.10/dist-packages:${PYTHONPATH} /usr/bin/cmake /home/eia/repo/rbi_2025_2/abb/abb_bridge/src/abb_ros2/abb_rws_client -DCMAKE_INSTALL_PREFIX=/home/eia/repo/rbi_2025_2/abb/abb_bridge/install/abb_rws_client
[1.673s] Invoking command in '/home/eia/repo/rbi_2025_2/abb/abb_bridge/build/abb_rws_client': AMENT_PREFIX_PATH=/home/eia/repo/rbi_2025_2/abb/abb_bridge/install/abb_hardware_interface:/home/eia/repo/rbi_2025_2/abb/abb_bridge/install/abb_rapid_sm_addin_msgs:/home/eia/repo/rbi_2025_2/abb/abb_bridge/install/abb_robot_msgs:/home/eia/repo/rbi_2025_2/abb/abb_bridge/install/abb_rapid_msgs:/home/eia/repo/rbi_2025_2/abb/abb_bridge/install/abb_egm_msgs:${AMENT_PREFIX_PATH} CMAKE_MODULE_PATH=/home/eia/repo/rbi_2025_2/abb/abb_bridge/install/abb_librws/share/abb_librws/cmake CMAKE_PREFIX_PATH=/home/eia/repo/rbi_2025_2/abb/abb_bridge/install/abb_hardware_interface:/home/eia/repo/rbi_2025_2/abb/abb_bridge/install/abb_rapid_sm_addin_msgs:/home/eia/repo/rbi_2025_2/abb/abb_bridge/install/abb_egm_rws_managers:/home/eia/repo/rbi_2025_2/abb/abb_bridge/install/abb_robot_msgs:/home/eia/repo/rbi_2025_2/abb/abb_bridge/install/abb_rapid_msgs:/home/eia/repo/rbi_2025_2/abb/abb_bridge/install/abb_librws:/home/eia/repo/rbi_2025_2/abb/abb_bridge/install/abb_libegm:/home/eia/repo/rbi_2025_2/abb/abb_bridge/install/abb_egm_msgs:/opt/ros/humble LD_LIBRARY_PATH=/home/eia/repo/rbi_2025_2/abb/abb_bridge/install/abb_hardware_interface/lib:/home/eia/repo/rbi_2025_2/abb/abb_bridge/install/abb_rapid_sm_addin_msgs/lib:/home/eia/repo/rbi_2025_2/abb/abb_bridge/install/abb_egm_rws_managers/lib:/home/eia/repo/rbi_2025_2/abb/abb_bridge/install/abb_robot_msgs/lib:/home/eia/repo/rbi_2025_2/abb/abb_bridge/install/abb_rapid_msgs/lib:/home/eia/repo/rbi_2025_2/abb/abb_bridge/install/abb_librws/lib:/home/eia/repo/rbi_2025_2/abb/abb_bridge/install/abb_libegm/lib:/home/eia/repo/rbi_2025_2/abb/abb_bridge/install/abb_egm_msgs/lib:${LD_LIBRARY_PATH} PKG_CONFIG_PATH=/home/eia/repo/rbi_2025_2/abb/abb_bridge/install/abb_egm_rws_managers/lib/x86_64-linux-gnu/pkgconfig:/home/eia/repo/rbi_2025_2/abb/abb_bridge/install/abb_egm_rws_managers/lib/pkgconfig:/home/eia/repo/rbi_2025_2/abb/abb_bridge/install/abb_librws/lib/x86_64-linux-gnu/pkgconfig:/home/eia/repo/rbi_2025_2/abb/abb_bridge/install/abb_librws/lib/pkgconfig:/home/eia/repo/rbi_2025_2/abb/abb_bridge/install/abb_libegm/lib/x86_64-linux-gnu/pkgconfig:/home/eia/repo/rbi_2025_2/abb/abb_bridge/install/abb_libegm/lib/pkgconfig PYTHONPATH=/home/eia/repo/rbi_2025_2/abb/abb_bridge/install/abb_rapid_sm_addin_msgs/local/lib/python3.10/dist-packages:/home/eia/repo/rbi_2025_2/abb/abb_bridge/install/abb_robot_msgs/local/lib/python3.10/dist-packages:/home/eia/repo/rbi_2025_2/abb/abb_bridge/install/abb_rapid_msgs/local/lib/python3.10/dist-packages:/home/eia/repo/rbi_2025_2/abb/abb_bridge/install/abb_egm_msgs/local/lib/python3.10/dist-packages:${PYTHONPATH} /usr/bin/cmake --build /home/eia/repo/rbi_2025_2/abb/abb_bridge/build/abb_rws_client -- -j12 -l12
[1.719s] [ 50%] [32mBuilding CXX object CMakeFiles/rws_client_lib.dir/src/rws_state_publisher_ros.cpp.o[0m
[1.719s] [ 50%] [32mBuilding CXX object CMakeFiles/rws_client_lib.dir/src/rws_service_provider_ros.cpp.o[0m
[1.719s] [ 50%] [32mBuilding CXX object CMakeFiles/rws_client_lib.dir/src/mapping.cpp.o[0m
[30.025s] [ 66%] [32m[1mLinking CXX static library librws_client_lib.a[0m
[30.542s] [ 66%] Built target rws_client_lib
[30.562s] [ 83%] [32mBuilding CXX object CMakeFiles/rws_client.dir/src/rws_client_node.cpp.o[0m
[37.322s] [100%] [32m[1mLinking CXX executable rws_client[0m
[40.205s] [100%] Built target rws_client
[40.218s] Invoked command in '/home/eia/repo/rbi_2025_2/abb/abb_bridge/build/abb_rws_client' returned '0': AMENT_PREFIX_PATH=/home/eia/repo/rbi_2025_2/abb/abb_bridge/install/abb_hardware_interface:/home/eia/repo/rbi_2025_2/abb/abb_bridge/install/abb_rapid_sm_addin_msgs:/home/eia/repo/rbi_2025_2/abb/abb_bridge/install/abb_robot_msgs:/home/eia/repo/rbi_2025_2/abb/abb_bridge/install/abb_rapid_msgs:/home/eia/repo/rbi_2025_2/abb/abb_bridge/install/abb_egm_msgs:${AMENT_PREFIX_PATH} CMAKE_MODULE_PATH=/home/eia/repo/rbi_2025_2/abb/abb_bridge/install/abb_librws/share/abb_librws/cmake CMAKE_PREFIX_PATH=/home/eia/repo/rbi_2025_2/abb/abb_bridge/install/abb_hardware_interface:/home/eia/repo/rbi_2025_2/abb/abb_bridge/install/abb_rapid_sm_addin_msgs:/home/eia/repo/rbi_2025_2/abb/abb_bridge/install/abb_egm_rws_managers:/home/eia/repo/rbi_2025_2/abb/abb_bridge/install/abb_robot_msgs:/home/eia/repo/rbi_2025_2/abb/abb_bridge/install/abb_rapid_msgs:/home/eia/repo/rbi_2025_2/abb/abb_bridge/install/abb_librws:/home/eia/repo/rbi_2025_2/abb/abb_bridge/install/abb_libegm:/home/eia/repo/rbi_2025_2/abb/abb_bridge/install/abb_egm_msgs:/opt/ros/humble LD_LIBRARY_PATH=/home/eia/repo/rbi_2025_2/abb/abb_bridge/install/abb_hardware_interface/lib:/home/eia/repo/rbi_2025_2/abb/abb_bridge/install/abb_rapid_sm_addin_msgs/lib:/home/eia/repo/rbi_2025_2/abb/abb_bridge/install/abb_egm_rws_managers/lib:/home/eia/repo/rbi_2025_2/abb/abb_bridge/install/abb_robot_msgs/lib:/home/eia/repo/rbi_2025_2/abb/abb_bridge/install/abb_rapid_msgs/lib:/home/eia/repo/rbi_2025_2/abb/abb_bridge/install/abb_librws/lib:/home/eia/repo/rbi_2025_2/abb/abb_bridge/install/abb_libegm/lib:/home/eia/repo/rbi_2025_2/abb/abb_bridge/install/abb_egm_msgs/lib:${LD_LIBRARY_PATH} PKG_CONFIG_PATH=/home/eia/repo/rbi_2025_2/abb/abb_bridge/install/abb_egm_rws_managers/lib/x86_64-linux-gnu/pkgconfig:/home/eia/repo/rbi_2025_2/abb/abb_bridge/install/abb_egm_rws_managers/lib/pkgconfig:/home/eia/repo/rbi_2025_2/abb/abb_bridge/install/abb_librws/lib/x86_64-linux-gnu/pkgconfig:/home/eia/repo/rbi_2025_2/abb/abb_bridge/install/abb_librws/lib/pkgconfig:/home/eia/repo/rbi_2025_2/abb/abb_bridge/install/abb_libegm/lib/x86_64-linux-gnu/pkgconfig:/home/eia/repo/rbi_2025_2/abb/abb_bridge/install/abb_libegm/lib/pkgconfig PYTHONPATH=/home/eia/repo/rbi_2025_2/abb/abb_bridge/install/abb_rapid_sm_addin_msgs/local/lib/python3.10/dist-packages:/home/eia/repo/rbi_2025_2/abb/abb_bridge/install/abb_robot_msgs/local/lib/python3.10/dist-packages:/home/eia/repo/rbi_2025_2/abb/abb_bridge/install/abb_rapid_msgs/local/lib/python3.10/dist-packages:/home/eia/repo/rbi_2025_2/abb/abb_bridge/install/abb_egm_msgs/local/lib/python3.10/dist-packages:${PYTHONPATH} /usr/bin/cmake --build /home/eia/repo/rbi_2025_2/abb/abb_bridge/build/abb_rws_client -- -j12 -l12
[40.219s] Invoking command in '/home/eia/repo/rbi_2025_2/abb/abb_bridge/build/abb_rws_client': AMENT_PREFIX_PATH=/home/eia/repo/rbi_2025_2/abb/abb_bridge/install/abb_hardware_interface:/home/eia/repo/rbi_2025_2/abb/abb_bridge/install/abb_rapid_sm_addin_msgs:/home/eia/repo/rbi_2025_2/abb/abb_bridge/install/abb_robot_msgs:/home/eia/repo/rbi_2025_2/abb/abb_bridge/install/abb_rapid_msgs:/home/eia/repo/rbi_2025_2/abb/abb_bridge/install/abb_egm_msgs:${AMENT_PREFIX_PATH} CMAKE_MODULE_PATH=/home/eia/repo/rbi_2025_2/abb/abb_bridge/install/abb_librws/share/abb_librws/cmake CMAKE_PREFIX_PATH=/home/eia/repo/rbi_2025_2/abb/abb_bridge/install/abb_hardware_interface:/home/eia/repo/rbi_2025_2/abb/abb_bridge/install/abb_rapid_sm_addin_msgs:/home/eia/repo/rbi_2025_2/abb/abb_bridge/install/abb_egm_rws_managers:/home/eia/repo/rbi_2025_2/abb/abb_bridge/install/abb_robot_msgs:/home/eia/repo/rbi_2025_2/abb/abb_bridge/install/abb_rapid_msgs:/home/eia/repo/rbi_2025_2/abb/abb_bridge/install/abb_librws:/home/eia/repo/rbi_2025_2/abb/abb_bridge/install/abb_libegm:/home/eia/repo/rbi_2025_2/abb/abb_bridge/install/abb_egm_msgs:/opt/ros/humble LD_LIBRARY_PATH=/home/eia/repo/rbi_2025_2/abb/abb_bridge/install/abb_hardware_interface/lib:/home/eia/repo/rbi_2025_2/abb/abb_bridge/install/abb_rapid_sm_addin_msgs/lib:/home/eia/repo/rbi_2025_2/abb/abb_bridge/install/abb_egm_rws_managers/lib:/home/eia/repo/rbi_2025_2/abb/abb_bridge/install/abb_robot_msgs/lib:/home/eia/repo/rbi_2025_2/abb/abb_bridge/install/abb_rapid_msgs/lib:/home/eia/repo/rbi_2025_2/abb/abb_bridge/install/abb_librws/lib:/home/eia/repo/rbi_2025_2/abb/abb_bridge/install/abb_libegm/lib:/home/eia/repo/rbi_2025_2/abb/abb_bridge/install/abb_egm_msgs/lib:${LD_LIBRARY_PATH} PKG_CONFIG_PATH=/home/eia/repo/rbi_2025_2/abb/abb_bridge/install/abb_egm_rws_managers/lib/x86_64-linux-gnu/pkgconfig:/home/eia/repo/rbi_2025_2/abb/abb_bridge/install/abb_egm_rws_managers/lib/pkgconfig:/home/eia/repo/rbi_2025_2/abb/abb_bridge/install/abb_librws/lib/x86_64-linux-gnu/pkgconfig:/home/eia/repo/rbi_2025_2/abb/abb_bridge/install/abb_librws/lib/pkgconfig:/home/eia/repo/rbi_2025_2/abb/abb_bridge/install/abb_libegm/lib/x86_64-linux-gnu/pkgconfig:/home/eia/repo/rbi_2025_2/abb/abb_bridge/install/abb_libegm/lib/pkgconfig PYTHONPATH=/home/eia/repo/rbi_2025_2/abb/abb_bridge/install/abb_rapid_sm_addin_msgs/local/lib/python3.10/dist-packages:/home/eia/repo/rbi_2025_2/abb/abb_bridge/install/abb_robot_msgs/local/lib/python3.10/dist-packages:/home/eia/repo/rbi_2025_2/abb/abb_bridge/install/abb_rapid_msgs/local/lib/python3.10/dist-packages:/home/eia/repo/rbi_2025_2/abb/abb_bridge/install/abb_egm_msgs/local/lib/python3.10/dist-packages:${PYTHONPATH} /usr/bin/cmake --install /home/eia/repo/rbi_2025_2/abb/abb_bridge/build/abb_rws_client
[40.225s] -- Install configuration: ""
[40.225s] -- Installing: /home/eia/repo/rbi_2025_2/abb/abb_bridge/install/abb_rws_client/lib/abb_rws_client/rws_client
[40.234s] -- Set runtime path of "/home/eia/repo/rbi_2025_2/abb/abb_bridge/install/abb_rws_client/lib/abb_rws_client/rws_client" to ""
[40.234s] -- Installing: /home/eia/repo/rbi_2025_2/abb/abb_bridge/install/abb_rws_client/lib/librws_client_lib.a
[40.261s] -- Installing: /home/eia/repo/rbi_2025_2/abb/abb_bridge/install/abb_rws_client/share/ament_index/resource_index/package_run_dependencies/abb_rws_client
[40.261s] -- Installing: /home/eia/repo/rbi_2025_2/abb/abb_bridge/install/abb_rws_client/share/ament_index/resource_index/parent_prefix_path/abb_rws_client
[40.261s] -- Installing: /home/eia/repo/rbi_2025_2/abb/abb_bridge/install/abb_rws_client/share/abb_rws_client/environment/ament_prefix_path.sh
[40.261s] -- Installing: /home/eia/repo/rbi_2025_2/abb/abb_bridge/install/abb_rws_client/share/abb_rws_client/environment/ament_prefix_path.dsv
[40.261s] -- Installing: /home/eia/repo/rbi_2025_2/abb/abb_bridge/install/abb_rws_client/share/abb_rws_client/environment/path.sh
[40.262s] -- Installing: /home/eia/repo/rbi_2025_2/abb/abb_bridge/install/abb_rws_client/share/abb_rws_client/environment/path.dsv
[40.262s] -- Installing: /home/eia/repo/rbi_2025_2/abb/abb_bridge/install/abb_rws_client/share/abb_rws_client/local_setup.bash
[40.262s] -- Installing: /home/eia/repo/rbi_2025_2/abb/abb_bridge/install/abb_rws_client/share/abb_rws_client/local_setup.sh
[40.262s] -- Installing: /home/eia/repo/rbi_2025_2/abb/abb_bridge/install/abb_rws_client/share/abb_rws_client/local_setup.zsh
[40.262s] -- Installing: /home/eia/repo/rbi_2025_2/abb/abb_bridge/install/abb_rws_client/share/abb_rws_client/local_setup.dsv
[40.262s] -- Installing: /home/eia/repo/rbi_2025_2/abb/abb_bridge/install/abb_rws_client/share/abb_rws_client/package.dsv
[40.262s] -- Installing: /home/eia/repo/rbi_2025_2/abb/abb_bridge/install/abb_rws_client/share/ament_index/resource_index/packages/abb_rws_client
[40.263s] -- Installing: /home/eia/repo/rbi_2025_2/abb/abb_bridge/install/abb_rws_client/share/abb_rws_client/cmake/ament_cmake_export_include_directories-extras.cmake
[40.263s] -- Installing: /home/eia/repo/rbi_2025_2/abb/abb_bridge/install/abb_rws_client/share/abb_rws_client/cmake/ament_cmake_export_dependencies-extras.cmake
[40.263s] -- Installing: /home/eia/repo/rbi_2025_2/abb/abb_bridge/install/abb_rws_client/share/abb_rws_client/cmake/abb_rws_clientConfig.cmake
[40.263s] -- Installing: /home/eia/repo/rbi_2025_2/abb/abb_bridge/install/abb_rws_client/share/abb_rws_client/cmake/abb_rws_clientConfig-version.cmake
[40.263s] -- Installing: /home/eia/repo/rbi_2025_2/abb/abb_bridge/install/abb_rws_client/share/abb_rws_client/package.xml
[40.265s] Invoked command in '/home/eia/repo/rbi_2025_2/abb/abb_bridge/build/abb_rws_client' returned '0': AMENT_PREFIX_PATH=/home/eia/repo/rbi_2025_2/abb/abb_bridge/install/abb_hardware_interface:/home/eia/repo/rbi_2025_2/abb/abb_bridge/install/abb_rapid_sm_addin_msgs:/home/eia/repo/rbi_2025_2/abb/abb_bridge/install/abb_robot_msgs:/home/eia/repo/rbi_2025_2/abb/abb_bridge/install/abb_rapid_msgs:/home/eia/repo/rbi_2025_2/abb/abb_bridge/install/abb_egm_msgs:${AMENT_PREFIX_PATH} CMAKE_MODULE_PATH=/home/eia/repo/rbi_2025_2/abb/abb_bridge/install/abb_librws/share/abb_librws/cmake CMAKE_PREFIX_PATH=/home/eia/repo/rbi_2025_2/abb/abb_bridge/install/abb_hardware_interface:/home/eia/repo/rbi_2025_2/abb/abb_bridge/install/abb_rapid_sm_addin_msgs:/home/eia/repo/rbi_2025_2/abb/abb_bridge/install/abb_egm_rws_managers:/home/eia/repo/rbi_2025_2/abb/abb_bridge/install/abb_robot_msgs:/home/eia/repo/rbi_2025_2/abb/abb_bridge/install/abb_rapid_msgs:/home/eia/repo/rbi_2025_2/abb/abb_bridge/install/abb_librws:/home/eia/repo/rbi_2025_2/abb/abb_bridge/install/abb_libegm:/home/eia/repo/rbi_2025_2/abb/abb_bridge/install/abb_egm_msgs:/opt/ros/humble LD_LIBRARY_PATH=/home/eia/repo/rbi_2025_2/abb/abb_bridge/install/abb_hardware_interface/lib:/home/eia/repo/rbi_2025_2/abb/abb_bridge/install/abb_rapid_sm_addin_msgs/lib:/home/eia/repo/rbi_2025_2/abb/abb_bridge/install/abb_egm_rws_managers/lib:/home/eia/repo/rbi_2025_2/abb/abb_bridge/install/abb_robot_msgs/lib:/home/eia/repo/rbi_2025_2/abb/abb_bridge/install/abb_rapid_msgs/lib:/home/eia/repo/rbi_2025_2/abb/abb_bridge/install/abb_librws/lib:/home/eia/repo/rbi_2025_2/abb/abb_bridge/install/abb_libegm/lib:/home/eia/repo/rbi_2025_2/abb/abb_bridge/install/abb_egm_msgs/lib:${LD_LIBRARY_PATH} PKG_CONFIG_PATH=/home/eia/repo/rbi_2025_2/abb/abb_bridge/install/abb_egm_rws_managers/lib/x86_64-linux-gnu/pkgconfig:/home/eia/repo/rbi_2025_2/abb/abb_bridge/install/abb_egm_rws_managers/lib/pkgconfig:/home/eia/repo/rbi_2025_2/abb/abb_bridge/install/abb_librws/lib/x86_64-linux-gnu/pkgconfig:/home/eia/repo/rbi_2025_2/abb/abb_bridge/install/abb_librws/lib/pkgconfig:/home/eia/repo/rbi_2025_2/abb/abb_bridge/install/abb_libegm/lib/x86_64-linux-gnu/pkgconfig:/home/eia/repo/rbi_2025_2/abb/abb_bridge/install/abb_libegm/lib/pkgconfig PYTHONPATH=/home/eia/repo/rbi_2025_2/abb/abb_bridge/install/abb_rapid_sm_addin_msgs/local/lib/python3.10/dist-packages:/home/eia/repo/rbi_2025_2/abb/abb_bridge/install/abb_robot_msgs/local/lib/python3.10/dist-packages:/home/eia/repo/rbi_2025_2/abb/abb_bridge/install/abb_rapid_msgs/local/lib/python3.10/dist-packages:/home/eia/repo/rbi_2025_2/abb/abb_bridge/install/abb_egm_msgs/local/lib/python3.10/dist-packages:${PYTHONPATH} /usr/bin/cmake --install /home/eia/repo/rbi_2025_2/abb/abb_bridge/build/abb_rws_client
