[0.029s] Invoking command in '/home/eia/repo/rbi_2025_2/abb/abb_bridge/build/abb_ros2': CMAKE_PREFIX_PATH=/opt/ros/humble /usr/bin/cmake /home/eia/repo/rbi_2025_2/abb/abb_bridge/src/abb_ros2/abb_ros2 -DCMAKE_INSTALL_PREFIX=/home/eia/repo/rbi_2025_2/abb/abb_bridge/install/abb_ros2
[0.522s] -- The C compiler identification is GNU 11.4.0
[0.522s] -- The CXX compiler identification is GNU 11.4.0
[0.522s] -- Detecting C compiler ABI info
[0.525s] -- Detecting C compiler ABI info - done
[0.525s] -- Check for working C compiler: /usr/bin/cc - skipped
[0.525s] -- Detecting C compile features
[0.526s] -- Detecting C compile features - done
[0.526s] -- Detecting CXX compiler ABI info
[0.526s] -- Detecting CXX compiler ABI info - done
[0.526s] -- Check for working CXX compiler: /usr/bin/c++ - skipped
[0.526s] -- Detecting CXX compile features
[0.526s] -- Detecting CXX compile features - done
[0.526s] -- Found ament_cmake: 1.3.12 (/opt/ros/humble/share/ament_cmake/cmake)
[1.107s] -- Found Python3: /usr/bin/python3 (found version "3.10.12") found components: Interpreter 
[1.295s] -- Found ament_lint_auto: 0.12.14 (/opt/ros/humble/share/ament_lint_auto/cmake)
[1.608s] -- Added test 'copyright' to check source files copyright and LICENSE
[1.609s] -- Added test 'lint_cmake' to check CMake code style
[1.609s] -- Added test 'xmllint' to check XML markup files
[1.609s] -- Configuring done
[1.615s] -- Generating done
[1.623s] -- Build files have been written to: /home/eia/repo/rbi_2025_2/abb/abb_bridge/build/abb_ros2
[1.635s] Invoked command in '/home/eia/repo/rbi_2025_2/abb/abb_bridge/build/abb_ros2' returned '0': CMAKE_PREFIX_PATH=/opt/ros/humble /usr/bin/cmake /home/eia/repo/rbi_2025_2/abb/abb_bridge/src/abb_ros2/abb_ros2 -DCMAKE_INSTALL_PREFIX=/home/eia/repo/rbi_2025_2/abb/abb_bridge/install/abb_ros2
[1.641s] Invoking command in '/home/eia/repo/rbi_2025_2/abb/abb_bridge/build/abb_ros2': CMAKE_PREFIX_PATH=/opt/ros/humble /usr/bin/cmake --build /home/eia/repo/rbi_2025_2/abb/abb_bridge/build/abb_ros2 -- -j12 -l12
[1.776s] Invoked command in '/home/eia/repo/rbi_2025_2/abb/abb_bridge/build/abb_ros2' returned '0': CMAKE_PREFIX_PATH=/opt/ros/humble /usr/bin/cmake --build /home/eia/repo/rbi_2025_2/abb/abb_bridge/build/abb_ros2 -- -j12 -l12
[1.777s] Invoking command in '/home/eia/repo/rbi_2025_2/abb/abb_bridge/build/abb_ros2': CMAKE_PREFIX_PATH=/opt/ros/humble /usr/bin/cmake --install /home/eia/repo/rbi_2025_2/abb/abb_bridge/build/abb_ros2
[1.802s] -- Install configuration: ""
[1.802s] -- Installing: /home/eia/repo/rbi_2025_2/abb/abb_bridge/install/abb_ros2/share/ament_index/resource_index/package_run_dependencies/abb_ros2
[1.802s] -- Installing: /home/eia/repo/rbi_2025_2/abb/abb_bridge/install/abb_ros2/share/ament_index/resource_index/parent_prefix_path/abb_ros2
[1.802s] -- Installing: /home/eia/repo/rbi_2025_2/abb/abb_bridge/install/abb_ros2/share/abb_ros2/environment/ament_prefix_path.sh
[1.803s] -- Installing: /home/eia/repo/rbi_2025_2/abb/abb_bridge/install/abb_ros2/share/abb_ros2/environment/ament_prefix_path.dsv
[1.803s] -- Installing: /home/eia/repo/rbi_2025_2/abb/abb_bridge/install/abb_ros2/share/abb_ros2/environment/path.sh
[1.803s] -- Installing: /home/eia/repo/rbi_2025_2/abb/abb_bridge/install/abb_ros2/share/abb_ros2/environment/path.dsv
[1.803s] -- Installing: /home/eia/repo/rbi_2025_2/abb/abb_bridge/install/abb_ros2/share/abb_ros2/local_setup.bash
[1.803s] -- Installing: /home/eia/repo/rbi_2025_2/abb/abb_bridge/install/abb_ros2/share/abb_ros2/local_setup.sh
[1.803s] -- Installing: /home/eia/repo/rbi_2025_2/abb/abb_bridge/install/abb_ros2/share/abb_ros2/local_setup.zsh
[1.803s] -- Installing: /home/eia/repo/rbi_2025_2/abb/abb_bridge/install/abb_ros2/share/abb_ros2/local_setup.dsv
[1.803s] -- Installing: /home/eia/repo/rbi_2025_2/abb/abb_bridge/install/abb_ros2/share/abb_ros2/package.dsv
[1.803s] -- Installing: /home/eia/repo/rbi_2025_2/abb/abb_bridge/install/abb_ros2/share/ament_index/resource_index/packages/abb_ros2
[1.803s] -- Installing: /home/eia/repo/rbi_2025_2/abb/abb_bridge/install/abb_ros2/share/abb_ros2/cmake/abb_ros2Config.cmake
[1.804s] -- Installing: /home/eia/repo/rbi_2025_2/abb/abb_bridge/install/abb_ros2/share/abb_ros2/cmake/abb_ros2Config-version.cmake
[1.804s] -- Installing: /home/eia/repo/rbi_2025_2/abb/abb_bridge/install/abb_ros2/share/abb_ros2/package.xml
[1.811s] Invoked command in '/home/eia/repo/rbi_2025_2/abb/abb_bridge/build/abb_ros2' returned '0': CMAKE_PREFIX_PATH=/opt/ros/humble /usr/bin/cmake --install /home/eia/repo/rbi_2025_2/abb/abb_bridge/build/abb_ros2
