[0.816s] Invoking command in '/scara_ws/src/scara_ik_solver': PYTHONPATH=/scara_ws/build/scara_ik_solver/prefix_override:/usr/lib/python3/dist-packages/colcon_core/task/python/colcon_distutils_commands:/scara_ws/install/scara_ik_solver/lib/python3.10/site-packages:${PYTHONPATH} /usr/bin/python3 -W ignore:setup.py install is deprecated -W ignore:easy_install command is deprecated setup.py egg_info --egg-base ../../build/scara_ik_solver build --build-base /scara_ws/build/scara_ik_solver/build install --record /scara_ws/build/scara_ik_solver/install.log --single-version-externally-managed install_data
[1.029s] running egg_info
[1.030s] creating ../../build/scara_ik_solver/scara_ik_solver.egg-info
[1.030s] writing ../../build/scara_ik_solver/scara_ik_solver.egg-info/PKG-INFO
[1.030s] writing dependency_links to ../../build/scara_ik_solver/scara_ik_solver.egg-info/dependency_links.txt
[1.030s] writing entry points to ../../build/scara_ik_solver/scara_ik_solver.egg-info/entry_points.txt
[1.030s] writing requirements to ../../build/scara_ik_solver/scara_ik_solver.egg-info/requires.txt
[1.030s] writing top-level names to ../../build/scara_ik_solver/scara_ik_solver.egg-info/top_level.txt
[1.030s] writing manifest file '../../build/scara_ik_solver/scara_ik_solver.egg-info/SOURCES.txt'
[1.032s] reading manifest file '../../build/scara_ik_solver/scara_ik_solver.egg-info/SOURCES.txt'
[1.032s] writing manifest file '../../build/scara_ik_solver/scara_ik_solver.egg-info/SOURCES.txt'
[1.032s] running build
[1.033s] running build_py
[1.033s] creating /scara_ws/build/scara_ik_solver/build
[1.033s] creating /scara_ws/build/scara_ik_solver/build/lib
[1.033s] creating /scara_ws/build/scara_ik_solver/build/lib/scara_ik_solver
[1.033s] copying scara_ik_solver/scara_ik_solver.py -> /scara_ws/build/scara_ik_solver/build/lib/scara_ik_solver
[1.033s] copying scara_ik_solver/__init__.py -> /scara_ws/build/scara_ik_solver/build/lib/scara_ik_solver
[1.033s] running install
[1.033s] running install_lib
[1.034s] creating /scara_ws/install/scara_ik_solver/lib/python3.10/site-packages/scara_ik_solver
[1.034s] copying /scara_ws/build/scara_ik_solver/build/lib/scara_ik_solver/scara_ik_solver.py -> /scara_ws/install/scara_ik_solver/lib/python3.10/site-packages/scara_ik_solver
[1.034s] copying /scara_ws/build/scara_ik_solver/build/lib/scara_ik_solver/__init__.py -> /scara_ws/install/scara_ik_solver/lib/python3.10/site-packages/scara_ik_solver
[1.034s] byte-compiling /scara_ws/install/scara_ik_solver/lib/python3.10/site-packages/scara_ik_solver/scara_ik_solver.py to scara_ik_solver.cpython-310.pyc
[1.035s] byte-compiling /scara_ws/install/scara_ik_solver/lib/python3.10/site-packages/scara_ik_solver/__init__.py to __init__.cpython-310.pyc
[1.036s] running install_data
[1.036s] creating /scara_ws/install/scara_ik_solver/share/ament_index
[1.036s] creating /scara_ws/install/scara_ik_solver/share/ament_index/resource_index
[1.036s] creating /scara_ws/install/scara_ik_solver/share/ament_index/resource_index/packages
[1.036s] copying resource/scara_ik_solver -> /scara_ws/install/scara_ik_solver/share/ament_index/resource_index/packages
[1.036s] copying package.xml -> /scara_ws/install/scara_ik_solver/share/scara_ik_solver
[1.036s] creating /scara_ws/install/scara_ik_solver/share/scara_ik_solver/launch
[1.036s] creating /scara_ws/install/scara_ik_solver/share/scara_ik_solver/descriptions
[1.036s] creating /scara_ws/install/scara_ik_solver/share/scara_ik_solver/config
[1.036s] running install_egg_info
[1.038s] Copying ../../build/scara_ik_solver/scara_ik_solver.egg-info to /scara_ws/install/scara_ik_solver/lib/python3.10/site-packages/scara_ik_solver-0.0.0-py3.10.egg-info
[1.038s] running install_scripts
[1.060s] Installing scara_ik_solver script to /scara_ws/install/scara_ik_solver/lib/scara_ik_solver
[1.060s] writing list of installed files to '/scara_ws/build/scara_ik_solver/install.log'
[1.082s] Invoked command in '/scara_ws/src/scara_ik_solver' returned '0': PYTHONPATH=/scara_ws/build/scara_ik_solver/prefix_override:/usr/lib/python3/dist-packages/colcon_core/task/python/colcon_distutils_commands:/scara_ws/install/scara_ik_solver/lib/python3.10/site-packages:${PYTHONPATH} /usr/bin/python3 -W ignore:setup.py install is deprecated -W ignore:easy_install command is deprecated setup.py egg_info --egg-base ../../build/scara_ik_solver build --build-base /scara_ws/build/scara_ik_solver/build install --record /scara_ws/build/scara_ik_solver/install.log --single-version-externally-managed install_data
