[0.054s] Invoking command in '/abb_ws/build/abb_gz_bringup': CMAKE_PREFIX_PATH=/opt/ros/humble /usr/bin/cmake --build /abb_ws/build/abb_gz_bringup -- -j12 -l12
[0.736s] Invoked command in '/abb_ws/build/abb_gz_bringup' returned '0': CMAKE_PREFIX_PATH=/opt/ros/humble /usr/bin/cmake --build /abb_ws/build/abb_gz_bringup -- -j12 -l12
[0.737s] Invoking command in '/abb_ws/build/abb_gz_bringup': CMAKE_PREFIX_PATH=/opt/ros/humble /usr/bin/cmake --install /abb_ws/build/abb_gz_bringup
[0.750s] -- Install configuration: ""
[0.751s] -- Up-to-date: /abb_ws/install/abb_gz_bringup/share/abb_gz_bringup//launch
[0.751s] -- Up-to-date: /abb_ws/install/abb_gz_bringup/share/abb_gz_bringup//launch/abb_launch.launch.xml
[0.751s] -- Up-to-date: /abb_ws/install/abb_gz_bringup/share/abb_gz_bringup//config
[0.751s] -- Up-to-date: /abb_ws/install/abb_gz_bringup/share/abb_gz_bringup//config/abb_config.rviz
[0.751s] -- Up-to-date: /abb_ws/install/abb_gz_bringup/share/abb_gz_bringup//config/gazebo_bridge.yaml
[0.751s] -- Up-to-date: /abb_ws/install/abb_gz_bringup/share/abb_gz_bringup//config/controllers.yaml
[0.751s] -- Up-to-date: /abb_ws/install/abb_gz_bringup/share/ament_index/resource_index/package_run_dependencies/abb_gz_bringup
[0.751s] -- Up-to-date: /abb_ws/install/abb_gz_bringup/share/ament_index/resource_index/parent_prefix_path/abb_gz_bringup
[0.751s] -- Up-to-date: /abb_ws/install/abb_gz_bringup/share/abb_gz_bringup/environment/ament_prefix_path.sh
[0.751s] -- Up-to-date: /abb_ws/install/abb_gz_bringup/share/abb_gz_bringup/environment/ament_prefix_path.dsv
[0.751s] -- Up-to-date: /abb_ws/install/abb_gz_bringup/share/abb_gz_bringup/environment/path.sh
[0.752s] -- Up-to-date: /abb_ws/install/abb_gz_bringup/share/abb_gz_bringup/environment/path.dsv
[0.752s] -- Up-to-date: /abb_ws/install/abb_gz_bringup/share/abb_gz_bringup/local_setup.bash
[0.752s] -- Up-to-date: /abb_ws/install/abb_gz_bringup/share/abb_gz_bringup/local_setup.sh
[0.752s] -- Up-to-date: /abb_ws/install/abb_gz_bringup/share/abb_gz_bringup/local_setup.zsh
[0.752s] -- Up-to-date: /abb_ws/install/abb_gz_bringup/share/abb_gz_bringup/local_setup.dsv
[0.752s] -- Up-to-date: /abb_ws/install/abb_gz_bringup/share/abb_gz_bringup/package.dsv
[0.752s] -- Up-to-date: /abb_ws/install/abb_gz_bringup/share/ament_index/resource_index/packages/abb_gz_bringup
[0.752s] -- Up-to-date: /abb_ws/install/abb_gz_bringup/share/abb_gz_bringup/cmake/abb_gz_bringupConfig.cmake
[0.752s] -- Up-to-date: /abb_ws/install/abb_gz_bringup/share/abb_gz_bringup/cmake/abb_gz_bringupConfig-version.cmake
[0.752s] -- Up-to-date: /abb_ws/install/abb_gz_bringup/share/abb_gz_bringup/package.xml
[0.760s] Invoked command in '/abb_ws/build/abb_gz_bringup' returned '0': CMAKE_PREFIX_PATH=/opt/ros/humble /usr/bin/cmake --install /abb_ws/build/abb_gz_bringup
