[0.042s] Invoking command in '/home/eia/repo/rbi_2025_2/abb/abb_ws/build/abb_bringup': CMAKE_PREFIX_PATH=/opt/ros/humble /usr/bin/cmake --build /home/eia/repo/rbi_2025_2/abb/abb_ws/build/abb_bringup -- -j12 -l12
[0.325s] Invoked command in '/home/eia/repo/rbi_2025_2/abb/abb_ws/build/abb_bringup' returned '0': CMAKE_PREFIX_PATH=/opt/ros/humble /usr/bin/cmake --build /home/eia/repo/rbi_2025_2/abb/abb_ws/build/abb_bringup -- -j12 -l12
[0.336s] Invoking command in '/home/eia/repo/rbi_2025_2/abb/abb_ws/build/abb_bringup': CMAKE_PREFIX_PATH=/opt/ros/humble /usr/bin/cmake --install /home/eia/repo/rbi_2025_2/abb/abb_ws/build/abb_bringup
[0.347s] -- Install configuration: ""
[0.347s] -- Up-to-date: /home/eia/repo/rbi_2025_2/abb/abb_ws/install/abb_bringup/share/abb_bringup//launch
[0.349s] -- Up-to-date: /home/eia/repo/rbi_2025_2/abb/abb_ws/install/abb_bringup/share/abb_bringup//launch/abb_launch.launch.xml
[0.350s] -- Up-to-date: /home/eia/repo/rbi_2025_2/abb/abb_ws/install/abb_bringup/share/abb_bringup//config
[0.351s] -- Up-to-date: /home/eia/repo/rbi_2025_2/abb/abb_ws/install/abb_bringup/share/abb_bringup//config/gazebo_bridge.yaml
[0.354s] -- Up-to-date: /home/eia/repo/rbi_2025_2/abb/abb_ws/install/abb_bringup/share/abb_bringup//config/controllers.yaml
[0.355s] -- Up-to-date: /home/eia/repo/rbi_2025_2/abb/abb_ws/install/abb_bringup/share/ament_index/resource_index/package_run_dependencies/abb_bringup
[0.355s] -- Up-to-date: /home/eia/repo/rbi_2025_2/abb/abb_ws/install/abb_bringup/share/ament_index/resource_index/parent_prefix_path/abb_bringup
[0.355s] -- Up-to-date: /home/eia/repo/rbi_2025_2/abb/abb_ws/install/abb_bringup/share/abb_bringup/environment/ament_prefix_path.sh
[0.356s] -- Up-to-date: /home/eia/repo/rbi_2025_2/abb/abb_ws/install/abb_bringup/share/abb_bringup/environment/ament_prefix_path.dsv
[0.356s] -- Up-to-date: /home/eia/repo/rbi_2025_2/abb/abb_ws/install/abb_bringup/share/abb_bringup/environment/path.sh
[0.356s] -- Up-to-date: /home/eia/repo/rbi_2025_2/abb/abb_ws/install/abb_bringup/share/abb_bringup/environment/path.dsv
[0.356s] -- Up-to-date: /home/eia/repo/rbi_2025_2/abb/abb_ws/install/abb_bringup/share/abb_bringup/local_setup.bash
[0.356s] -- Up-to-date: /home/eia/repo/rbi_2025_2/abb/abb_ws/install/abb_bringup/share/abb_bringup/local_setup.sh
[0.356s] -- Up-to-date: /home/eia/repo/rbi_2025_2/abb/abb_ws/install/abb_bringup/share/abb_bringup/local_setup.zsh
[0.356s] -- Up-to-date: /home/eia/repo/rbi_2025_2/abb/abb_ws/install/abb_bringup/share/abb_bringup/local_setup.dsv
[0.357s] -- Installing: /home/eia/repo/rbi_2025_2/abb/abb_ws/install/abb_bringup/share/abb_bringup/package.dsv
[0.357s] -- Up-to-date: /home/eia/repo/rbi_2025_2/abb/abb_ws/install/abb_bringup/share/ament_index/resource_index/packages/abb_bringup
[0.357s] -- Up-to-date: /home/eia/repo/rbi_2025_2/abb/abb_ws/install/abb_bringup/share/abb_bringup/cmake/abb_bringupConfig.cmake
[0.357s] -- Up-to-date: /home/eia/repo/rbi_2025_2/abb/abb_ws/install/abb_bringup/share/abb_bringup/cmake/abb_bringupConfig-version.cmake
[0.357s] -- Up-to-date: /home/eia/repo/rbi_2025_2/abb/abb_ws/install/abb_bringup/share/abb_bringup/package.xml
[0.369s] Invoked command in '/home/eia/repo/rbi_2025_2/abb/abb_ws/build/abb_bringup' returned '0': CMAKE_PREFIX_PATH=/opt/ros/humble /usr/bin/cmake --install /home/eia/repo/rbi_2025_2/abb/abb_ws/build/abb_bringup
