[0.072s] Invoking command in '/home/eia/repo/rbi_2025_2/scara/scara_ws/build/scara_real_description': CMAKE_PREFIX_PATH=${CMAKE_PREFIX_PATH}:/home/eia/repo/rbi_2025_2/scara/scara_ws/install/scara_mujoco_python_sim:/home/eia/repo/rbi_2025_2/scara/scara_ws/install/scara_tf_generator:/home/eia/repo/rbi_2025_2/scara/scara_ws/install/scara_path_generator:/home/eia/repo/rbi_2025_2/scara/scara_ws/install/scara_path_controller:/home/eia/repo/rbi_2025_2/scara/scara_ws/install/scara_mujoco:/home/eia/repo/rbi_2025_2/scara/scara_ws/install/scara_ik_solver:/home/eia/repo/rbi_2025_2/scara/scara_ws/install/premade_path_publisher:/opt/ros/humble /usr/bin/cmake /home/eia/repo/rbi_2025_2/scara/scara_ws/src/scara_real_description -DAMENT_CMAKE_SYMLINK_INSTALL=1 -DCMAKE_INSTALL_PREFIX=/home/eia/repo/rbi_2025_2/scara/scara_ws/install/scara_real_description
[0.153s] -- The C compiler identification is GNU 11.4.0
[0.253s] -- The CXX compiler identification is GNU 11.4.0
[0.276s] -- Detecting C compiler ABI info
[0.396s] -- Detecting C compiler ABI info - done
[0.409s] -- Check for working C compiler: /usr/bin/cc - skipped
[0.410s] -- Detecting C compile features
[0.412s] -- Detecting C compile features - done
[0.415s] -- Detecting CXX compiler ABI info
[0.519s] -- Detecting CXX compiler ABI info - done
[0.530s] -- Check for working CXX compiler: /usr/bin/c++ - skipped
[0.531s] -- Detecting CXX compile features
[0.531s] -- Detecting CXX compile features - done
[0.535s] -- Found ament_cmake: 1.3.12 (/opt/ros/humble/share/ament_cmake/cmake)
[0.745s] -- Found Python3: /usr/bin/python3 (found version "3.10.12") found components: Interpreter 
[0.839s] -- Override CMake install command with custom implementation using symlinks instead of copying resources
[1.073s] -- Configuring done
[1.075s] -- Generating done
[1.077s] -- Build files have been written to: /home/eia/repo/rbi_2025_2/scara/scara_ws/build/scara_real_description
[1.081s] Invoked command in '/home/eia/repo/rbi_2025_2/scara/scara_ws/build/scara_real_description' returned '0': CMAKE_PREFIX_PATH=${CMAKE_PREFIX_PATH}:/home/eia/repo/rbi_2025_2/scara/scara_ws/install/scara_mujoco_python_sim:/home/eia/repo/rbi_2025_2/scara/scara_ws/install/scara_tf_generator:/home/eia/repo/rbi_2025_2/scara/scara_ws/install/scara_path_generator:/home/eia/repo/rbi_2025_2/scara/scara_ws/install/scara_path_controller:/home/eia/repo/rbi_2025_2/scara/scara_ws/install/scara_mujoco:/home/eia/repo/rbi_2025_2/scara/scara_ws/install/scara_ik_solver:/home/eia/repo/rbi_2025_2/scara/scara_ws/install/premade_path_publisher:/opt/ros/humble /usr/bin/cmake /home/eia/repo/rbi_2025_2/scara/scara_ws/src/scara_real_description -DAMENT_CMAKE_SYMLINK_INSTALL=1 -DCMAKE_INSTALL_PREFIX=/home/eia/repo/rbi_2025_2/scara/scara_ws/install/scara_real_description
[1.083s] Invoking command in '/home/eia/repo/rbi_2025_2/scara/scara_ws/build/scara_real_description': CMAKE_PREFIX_PATH=${CMAKE_PREFIX_PATH}:/home/eia/repo/rbi_2025_2/scara/scara_ws/install/scara_mujoco_python_sim:/home/eia/repo/rbi_2025_2/scara/scara_ws/install/scara_tf_generator:/home/eia/repo/rbi_2025_2/scara/scara_ws/install/scara_path_generator:/home/eia/repo/rbi_2025_2/scara/scara_ws/install/scara_path_controller:/home/eia/repo/rbi_2025_2/scara/scara_ws/install/scara_mujoco:/home/eia/repo/rbi_2025_2/scara/scara_ws/install/scara_ik_solver:/home/eia/repo/rbi_2025_2/scara/scara_ws/install/premade_path_publisher:/opt/ros/humble /usr/bin/cmake --build /home/eia/repo/rbi_2025_2/scara/scara_ws/build/scara_real_description -- -j12 -l12
[1.125s] Invoked command in '/home/eia/repo/rbi_2025_2/scara/scara_ws/build/scara_real_description' returned '0': CMAKE_PREFIX_PATH=${CMAKE_PREFIX_PATH}:/home/eia/repo/rbi_2025_2/scara/scara_ws/install/scara_mujoco_python_sim:/home/eia/repo/rbi_2025_2/scara/scara_ws/install/scara_tf_generator:/home/eia/repo/rbi_2025_2/scara/scara_ws/install/scara_path_generator:/home/eia/repo/rbi_2025_2/scara/scara_ws/install/scara_path_controller:/home/eia/repo/rbi_2025_2/scara/scara_ws/install/scara_mujoco:/home/eia/repo/rbi_2025_2/scara/scara_ws/install/scara_ik_solver:/home/eia/repo/rbi_2025_2/scara/scara_ws/install/premade_path_publisher:/opt/ros/humble /usr/bin/cmake --build /home/eia/repo/rbi_2025_2/scara/scara_ws/build/scara_real_description -- -j12 -l12
[1.127s] Invoking command in '/home/eia/repo/rbi_2025_2/scara/scara_ws/build/scara_real_description': CMAKE_PREFIX_PATH=${CMAKE_PREFIX_PATH}:/home/eia/repo/rbi_2025_2/scara/scara_ws/install/scara_mujoco_python_sim:/home/eia/repo/rbi_2025_2/scara/scara_ws/install/scara_tf_generator:/home/eia/repo/rbi_2025_2/scara/scara_ws/install/scara_path_generator:/home/eia/repo/rbi_2025_2/scara/scara_ws/install/scara_path_controller:/home/eia/repo/rbi_2025_2/scara/scara_ws/install/scara_mujoco:/home/eia/repo/rbi_2025_2/scara/scara_ws/install/scara_ik_solver:/home/eia/repo/rbi_2025_2/scara/scara_ws/install/premade_path_publisher:/opt/ros/humble /usr/bin/cmake --install /home/eia/repo/rbi_2025_2/scara/scara_ws/build/scara_real_description
[1.142s] -- Install configuration: ""
[1.142s] -- Execute custom install script
[1.142s] -- Symlinking: /home/eia/repo/rbi_2025_2/scara/scara_ws/install/scara_real_description/share/scara_real_description//urdf/common_properties.xacro
[1.172s] -- Symlinking: /home/eia/repo/rbi_2025_2/scara/scara_ws/install/scara_real_description/share/scara_real_description//urdf/scara.urdf.xacro
[1.200s] -- Symlinking: /home/eia/repo/rbi_2025_2/scara/scara_ws/install/scara_real_description/share/scara_real_description//urdf/scara_description.xacro
[1.227s] -- Symlinking: /home/eia/repo/rbi_2025_2/scara/scara_ws/install/scara_real_description/share/scara_real_description//launch/display.launch.xml
[1.253s] -- Symlinking: /home/eia/repo/rbi_2025_2/scara/scara_ws/install/scara_real_description/share/ament_index/resource_index/package_run_dependencies/scara_real_description
[1.266s] -- Symlinking: /home/eia/repo/rbi_2025_2/scara/scara_ws/install/scara_real_description/share/ament_index/resource_index/parent_prefix_path/scara_real_description
[1.281s] -- Symlinking: /home/eia/repo/rbi_2025_2/scara/scara_ws/install/scara_real_description/share/scara_real_description/environment/ament_prefix_path.sh
[1.308s] -- Symlinking: /home/eia/repo/rbi_2025_2/scara/scara_ws/install/scara_real_description/share/scara_real_description/environment/ament_prefix_path.dsv
[1.317s] -- Symlinking: /home/eia/repo/rbi_2025_2/scara/scara_ws/install/scara_real_description/share/scara_real_description/environment/path.sh
[1.327s] -- Symlinking: /home/eia/repo/rbi_2025_2/scara/scara_ws/install/scara_real_description/share/scara_real_description/environment/path.dsv
[1.336s] -- Symlinking: /home/eia/repo/rbi_2025_2/scara/scara_ws/install/scara_real_description/share/scara_real_description/local_setup.bash
[1.345s] -- Symlinking: /home/eia/repo/rbi_2025_2/scara/scara_ws/install/scara_real_description/share/scara_real_description/local_setup.sh
[1.353s] -- Symlinking: /home/eia/repo/rbi_2025_2/scara/scara_ws/install/scara_real_description/share/scara_real_description/local_setup.zsh
[1.362s] -- Symlinking: /home/eia/repo/rbi_2025_2/scara/scara_ws/install/scara_real_description/share/scara_real_description/local_setup.dsv
[1.371s] -- Symlinking: /home/eia/repo/rbi_2025_2/scara/scara_ws/install/scara_real_description/share/scara_real_description/package.dsv
[1.379s] -- Symlinking: /home/eia/repo/rbi_2025_2/scara/scara_ws/install/scara_real_description/share/ament_index/resource_index/packages/scara_real_description
[1.388s] -- Symlinking: /home/eia/repo/rbi_2025_2/scara/scara_ws/install/scara_real_description/share/scara_real_description/cmake/scara_real_descriptionConfig.cmake
[1.397s] -- Symlinking: /home/eia/repo/rbi_2025_2/scara/scara_ws/install/scara_real_description/share/scara_real_description/cmake/scara_real_descriptionConfig-version.cmake
[1.406s] -- Symlinking: /home/eia/repo/rbi_2025_2/scara/scara_ws/install/scara_real_description/share/scara_real_description/package.xml
[1.417s] Invoked command in '/home/eia/repo/rbi_2025_2/scara/scara_ws/build/scara_real_description' returned '0': CMAKE_PREFIX_PATH=${CMAKE_PREFIX_PATH}:/home/eia/repo/rbi_2025_2/scara/scara_ws/install/scara_mujoco_python_sim:/home/eia/repo/rbi_2025_2/scara/scara_ws/install/scara_tf_generator:/home/eia/repo/rbi_2025_2/scara/scara_ws/install/scara_path_generator:/home/eia/repo/rbi_2025_2/scara/scara_ws/install/scara_path_controller:/home/eia/repo/rbi_2025_2/scara/scara_ws/install/scara_mujoco:/home/eia/repo/rbi_2025_2/scara/scara_ws/install/scara_ik_solver:/home/eia/repo/rbi_2025_2/scara/scara_ws/install/premade_path_publisher:/opt/ros/humble /usr/bin/cmake --install /home/eia/repo/rbi_2025_2/scara/scara_ws/build/scara_real_description
