[0.503s] Invoking command in '/scara_ws/build/scara_mujoco_description': CMAKE_PREFIX_PATH=${CMAKE_PREFIX_PATH}:/scara_ws/install/scara_mujoco:/scara_ws/install/scara_ik_solver:/opt/ros/humble /usr/bin/cmake --build /scara_ws/build/scara_mujoco_description -- -j12 -l12
[0.592s] Invoked command in '/scara_ws/build/scara_mujoco_description' returned '0': CMAKE_PREFIX_PATH=${CMAKE_PREFIX_PATH}:/scara_ws/install/scara_mujoco:/scara_ws/install/scara_ik_solver:/opt/ros/humble /usr/bin/cmake --build /scara_ws/build/scara_mujoco_description -- -j12 -l12
[0.594s] Invoking command in '/scara_ws/build/scara_mujoco_description': CMAKE_PREFIX_PATH=${CMAKE_PREFIX_PATH}:/scara_ws/install/scara_mujoco:/scara_ws/install/scara_ik_solver:/opt/ros/humble /usr/bin/cmake --install /scara_ws/build/scara_mujoco_description
[0.601s] -- Install configuration: ""
[0.602s] -- Up-to-date: /scara_ws/install/scara_mujoco_description/share/scara_mujoco_description//urdf
[0.602s] -- Up-to-date: /scara_ws/install/scara_mujoco_description/share/scara_mujoco_description//urdf/scara_description.urdf.xacro
[0.602s] -- Up-to-date: /scara_ws/install/scara_mujoco_description/share/scara_mujoco_description//urdf/common_properties.xacro
[0.602s] -- Up-to-date: /scara_ws/install/scara_mujoco_description/share/scara_mujoco_description//launch
[0.602s] -- Up-to-date: /scara_ws/install/scara_mujoco_description/share/scara_mujoco_description//launch/display.launch.xml
[0.602s] -- Up-to-date: /scara_ws/install/scara_mujoco_description/share/scara_mujoco_description//rviz
[0.602s] -- Up-to-date: /scara_ws/install/scara_mujoco_description/share/ament_index/resource_index/package_run_dependencies/scara_mujoco_description
[0.603s] -- Up-to-date: /scara_ws/install/scara_mujoco_description/share/ament_index/resource_index/parent_prefix_path/scara_mujoco_description
[0.603s] -- Up-to-date: /scara_ws/install/scara_mujoco_description/share/scara_mujoco_description/environment/ament_prefix_path.sh
[0.603s] -- Up-to-date: /scara_ws/install/scara_mujoco_description/share/scara_mujoco_description/environment/ament_prefix_path.dsv
[0.603s] -- Up-to-date: /scara_ws/install/scara_mujoco_description/share/scara_mujoco_description/environment/path.sh
[0.603s] -- Up-to-date: /scara_ws/install/scara_mujoco_description/share/scara_mujoco_description/environment/path.dsv
[0.603s] -- Up-to-date: /scara_ws/install/scara_mujoco_description/share/scara_mujoco_description/local_setup.bash
[0.603s] -- Up-to-date: /scara_ws/install/scara_mujoco_description/share/scara_mujoco_description/local_setup.sh
[0.603s] -- Up-to-date: /scara_ws/install/scara_mujoco_description/share/scara_mujoco_description/local_setup.zsh
[0.603s] -- Up-to-date: /scara_ws/install/scara_mujoco_description/share/scara_mujoco_description/local_setup.dsv
[0.603s] -- Installing: /scara_ws/install/scara_mujoco_description/share/scara_mujoco_description/package.dsv
[0.603s] -- Up-to-date: /scara_ws/install/scara_mujoco_description/share/ament_index/resource_index/packages/scara_mujoco_description
[0.604s] -- Up-to-date: /scara_ws/install/scara_mujoco_description/share/scara_mujoco_description/cmake/scara_mujoco_descriptionConfig.cmake
[0.604s] -- Up-to-date: /scara_ws/install/scara_mujoco_description/share/scara_mujoco_description/cmake/scara_mujoco_descriptionConfig-version.cmake
[0.604s] -- Up-to-date: /scara_ws/install/scara_mujoco_description/share/scara_mujoco_description/package.xml
[0.618s] Invoked command in '/scara_ws/build/scara_mujoco_description' returned '0': CMAKE_PREFIX_PATH=${CMAKE_PREFIX_PATH}:/scara_ws/install/scara_mujoco:/scara_ws/install/scara_ik_solver:/opt/ros/humble /usr/bin/cmake --install /scara_ws/build/scara_mujoco_description
